here
Namespace(config_path='./config/train_config.yml', s3_bucket='movematch', prefix='CatsVsDogsDataset')
CatsVsDogsDataset/Cat/10328.jpg
(497, 358, 3)
RESIZED:  torch.Size([3, 50, 50])
CatsVsDogsDataset/Cat/105.jpg
(175, 215, 3)
RESIZED:  torch.Size([3, 50, 50])
CatsVsDogsDataset/Cat/10308.jpg
(201, 200, 3)
RESIZED:  torch.Size([3, 50, 50])
CatsVsDogsDataset/Cat/10782.jpg
(448, 424, 3)
RESIZED:  torch.Size([3, 50, 50])
CatsVsDogsDataset/Cat/10549.jpg
(341, 450, 3)
RESIZED:  torch.Size([3, 50, 50])
CatsVsDogsDataset/Cat/10597.jpg
(375, 500, 3)
RESIZED:  torch.Size([3, 50, 50])
CatsVsDogsDataset/Cat/10094.jpg
(216, 288, 3)
RESIZED:  torch.Size([3, 50, 50])
CatsVsDogsDataset/Cat/10762.jpg
(347, 480, 3)
RESIZED:  torch.Size([3, 50, 50])
CatsVsDogsDataset/Cat/0.jpg
(375, 500, 3)
RESIZED:  torch.Size([3, 50, 50])
CatsVsDogsDataset/Cat/10707.jpg
(374, 500, 3)
RESIZED:  torch.Size([3, 50, 50])
CatsVsDogsDataset/Cat/10204.jpg
(240, 320, 3)
RESIZED:  torch.Size([3, 50, 50])
CatsVsDogsDataset/Cat/10180.jpg
(473, 500, 3)
RESIZED:  torch.Size([3, 50, 50])
CatsVsDogsDataset/Cat/10463.jpg
(481, 500, 3)
RESIZED:  torch.Size([3, 50, 50])
CatsVsDogsDataset/Cat/10586.jpg
(149, 192, 3)
RESIZED:  torch.Size([3, 50, 50])
CatsVsDogsDataset/Cat/10374.jpg
(500, 388, 3)
RESIZED:  torch.Size([3, 50, 50])
CatsVsDogsDataset/Cat/10.jpg
(500, 489, 3)
RESIZED:  torch.Size([3, 50, 50])
CatsVsDogsDataset/Cat/10887.jpg
(500, 367, 3)
RESIZED:  torch.Size([3, 50, 50])
CatsVsDogsDataset/Cat/10081.jpg
(334, 500, 3)
RESIZED:  torch.Size([3, 50, 50])
CatsVsDogsDataset/Cat/1010.jpg
(375, 500, 3)
RESIZED:  torch.Size([3, 50, 50])
CatsVsDogsDataset/Cat/10471.jpg
(150, 200, 3)
RESIZED:  torch.Size([3, 50, 50])
CatsVsDogsDataset/Cat/10162.jpg
(470, 260, 3)
RESIZED:  torch.Size([3, 50, 50])
CatsVsDogsDataset/Cat/10479.jpg
(282, 372, 3)
RESIZED:  torch.Size([3, 50, 50])
CatsVsDogsDataset/Cat/10855.jpg
(353, 318, 3)
RESIZED:  torch.Size([3, 50, 50])
CatsVsDogsDataset/Cat/10099.jpg
(375, 500, 3)
RESIZED:  torch.Size([3, 50, 50])
CatsVsDogsDataset/Cat/10587.jpg
(364, 500, 3)
RESIZED:  torch.Size([3, 50, 50])
CatsVsDogsDataset/Cat/10561.jpg
(409, 500, 3)
RESIZED:  torch.Size([3, 50, 50])
CatsVsDogsDataset/Cat/10530.jpg
(224, 182, 3)
RESIZED:  torch.Size([3, 50, 50])
CatsVsDogsDataset/Cat/1068.jpg
(399, 407, 3)
RESIZED:  torch.Size([3, 50, 50])
CatsVsDogsDataset/Cat/10625.jpg
(375, 500, 3)
RESIZED:  torch.Size([3, 50, 50])
CatsVsDogsDataset/Cat/10009.jpg
(500, 473, 3)
RESIZED:  torch.Size([3, 50, 50])
CatsVsDogsDataset/Cat/10345.jpg
(213, 365, 3)
RESIZED:  torch.Size([3, 50, 50])
CatsVsDogsDataset/Cat/10809.jpg
(110, 100, 3)
RESIZED:  torch.Size([3, 50, 50])
tensor([[[[0.2784, 0.7255, 0.9333,  ..., 0.1647, 0.1373, 0.1725],
          [0.2902, 0.7608, 0.9020,  ..., 0.1333, 0.1098, 0.1412],
          [0.3412, 0.8000, 0.8549,  ..., 0.1255, 0.1020, 0.1333],
          ...,
          [0.1569, 0.1922, 0.1608,  ..., 0.0980, 0.2863, 0.2549],
          [0.1961, 0.2275, 0.2078,  ..., 0.2000, 0.2863, 0.2627],
          [0.2392, 0.2392, 0.2000,  ..., 0.2314, 0.2784, 0.2157]],

         [[0.2667, 0.6902, 0.9333,  ..., 0.2275, 0.2039, 0.2275],
          [0.2745, 0.7216, 0.9020,  ..., 0.2000, 0.1765, 0.2039],
          [0.3255, 0.7569, 0.8510,  ..., 0.1922, 0.1765, 0.2039],
          ...,
          [0.2118, 0.2510, 0.2392,  ..., 0.1529, 0.3765, 0.3176],
          [0.2275, 0.2627, 0.2588,  ..., 0.2627, 0.3725, 0.3137],
          [0.2627, 0.2667, 0.2431,  ..., 0.3059, 0.3451, 0.2510]],

         [[0.2863, 0.7137, 0.9294,  ..., 0.2941, 0.2706, 0.2902],
          [0.2941, 0.7412, 0.8941,  ..., 0.2706, 0.2471, 0.2706],
          [0.3412, 0.7804, 0.8431,  ..., 0.2706, 0.2471, 0.2745],
          ...,
          [0.2549, 0.2980, 0.2902,  ..., 0.2078, 0.5020, 0.3961],
          [0.2510, 0.2980, 0.2980,  ..., 0.3451, 0.4941, 0.3686],
          [0.2706, 0.2941, 0.2784,  ..., 0.4000, 0.4549, 0.2941]]],


        [[[0.3569, 0.4039, 0.4039,  ..., 0.9804, 0.9294, 0.9294],
          [0.3608, 0.4078, 0.4078,  ..., 0.9765, 0.9294, 0.9333],
          [0.3608, 0.4078, 0.4078,  ..., 0.9765, 0.9373, 0.9373],
          ...,
          [0.0275, 0.0275, 0.0784,  ..., 0.0745, 0.1373, 0.2039],
          [0.0353, 0.0353, 0.1020,  ..., 0.1137, 0.1451, 0.1882],
          [0.0275, 0.0627, 0.0784,  ..., 0.1333, 0.1412, 0.1569]],

         [[0.4118, 0.4510, 0.4588,  ..., 0.9922, 0.9490, 0.9529],
          [0.4157, 0.4549, 0.4627,  ..., 0.9882, 0.9529, 0.9569],
          [0.4157, 0.4588, 0.4627,  ..., 0.9882, 0.9569, 0.9608],
          ...,
          [0.0745, 0.0667, 0.1333,  ..., 0.4980, 0.6275, 0.7490],
          [0.1020, 0.1098, 0.2000,  ..., 0.6196, 0.6745, 0.7333],
          [0.1451, 0.2000, 0.2431,  ..., 0.6824, 0.7020, 0.7176]],

         [[0.4431, 0.4745, 0.4784,  ..., 0.9922, 0.9451, 0.9490],
          [0.4471, 0.4784, 0.4824,  ..., 0.9882, 0.9490, 0.9529],
          [0.4471, 0.4824, 0.4863,  ..., 0.9882, 0.9529, 0.9569],
          ...,
          [0.1922, 0.1804, 0.2392,  ..., 0.6667, 0.7804, 0.8824],
          [0.2392, 0.2510, 0.3373,  ..., 0.7686, 0.8196, 0.8706],
          [0.2902, 0.3529, 0.3843,  ..., 0.8275, 0.8431, 0.8549]]],


        [[[0.6314, 0.6353, 0.6314,  ..., 0.3569, 0.3333, 0.3216],
          [0.6000, 0.5961, 0.5882,  ..., 0.3647, 0.3451, 0.3255],
          [0.3255, 0.3255, 0.3020,  ..., 0.3804, 0.3608, 0.3412],
          ...,
          [0.3412, 0.3529, 0.3529,  ..., 0.4157, 0.4275, 0.4353],
          [0.3569, 0.3608, 0.3608,  ..., 0.4353, 0.4353, 0.4431],
          [0.3647, 0.3765, 0.3647,  ..., 0.4235, 0.4314, 0.4353]],

         [[0.6275, 0.6314, 0.6275,  ..., 0.4980, 0.5020, 0.5137],
          [0.6039, 0.5961, 0.5922,  ..., 0.5059, 0.5137, 0.5176],
          [0.3294, 0.3294, 0.3098,  ..., 0.5216, 0.5255, 0.5333],
          ...,
          [0.3882, 0.4000, 0.4000,  ..., 0.4784, 0.4863, 0.4941],
          [0.4039, 0.4078, 0.4078,  ..., 0.4980, 0.4941, 0.5020],
          [0.4118, 0.4235, 0.4118,  ..., 0.4902, 0.4980, 0.5059]],

         [[0.5922, 0.5922, 0.5882,  ..., 0.6314, 0.6275, 0.6471],
          [0.5804, 0.5725, 0.5647,  ..., 0.6392, 0.6392, 0.6510],
          [0.3294, 0.3294, 0.3059,  ..., 0.6549, 0.6549, 0.6667],
          ...,
          [0.4353, 0.4471, 0.4471,  ..., 0.5569, 0.5608, 0.5647],
          [0.4510, 0.4549, 0.4549,  ..., 0.5725, 0.5647, 0.5686],
          [0.4588, 0.4706, 0.4588,  ..., 0.5608, 0.5647, 0.5725]]],


        ...,


        [[[0.6157, 0.6196, 0.6157,  ..., 0.5412, 0.5412, 0.5412],
          [0.6078, 0.6118, 0.6118,  ..., 0.5608, 0.5569, 0.5529],
          [0.6039, 0.6078, 0.6078,  ..., 0.5647, 0.5608, 0.5608],
          ...,
          [0.2118, 0.0980, 0.1647,  ..., 0.2784, 0.3059, 0.2980],
          [0.2078, 0.0980, 0.1333,  ..., 0.2196, 0.2549, 0.2745],
          [0.2000, 0.1020, 0.1216,  ..., 0.1765, 0.2275, 0.2549]],

         [[0.7961, 0.8000, 0.8078,  ..., 0.7804, 0.7765, 0.7725],
          [0.7882, 0.7961, 0.8039,  ..., 0.7882, 0.7882, 0.7843],
          [0.7882, 0.7922, 0.8000,  ..., 0.7961, 0.7922, 0.7922],
          ...,
          [0.3569, 0.2157, 0.2784,  ..., 0.5412, 0.4902, 0.4471],
          [0.3490, 0.2235, 0.2510,  ..., 0.5216, 0.5098, 0.4667],
          [0.3412, 0.2314, 0.2392,  ..., 0.5059, 0.5176, 0.4980]],

         [[0.8392, 0.8431, 0.8471,  ..., 0.8196, 0.8157, 0.8118],
          [0.8275, 0.8353, 0.8431,  ..., 0.8275, 0.8275, 0.8235],
          [0.8196, 0.8275, 0.8392,  ..., 0.8353, 0.8314, 0.8314],
          ...,
          [0.4392, 0.3373, 0.3882,  ..., 0.6314, 0.5451, 0.4784],
          [0.4314, 0.3529, 0.3725,  ..., 0.6314, 0.5961, 0.5255],
          [0.4235, 0.3608, 0.3686,  ..., 0.6235, 0.6196, 0.5804]]],


        [[[0.6000, 0.5569, 0.5098,  ..., 0.5608, 0.5882, 0.6000],
          [0.5843, 0.5647, 0.5412,  ..., 0.5412, 0.5451, 0.5765],
          [0.5804, 0.5608, 0.5725,  ..., 0.5843, 0.5686, 0.5569],
          ...,
          [0.6039, 0.5608, 0.5765,  ..., 0.6588, 0.6471, 0.6196],
          [0.5608, 0.5608, 0.5725,  ..., 0.6471, 0.6392, 0.6235],
          [0.4863, 0.5451, 0.5451,  ..., 0.6275, 0.5961, 0.6235]],

         [[0.6118, 0.5686, 0.5373,  ..., 0.6196, 0.6549, 0.6706],
          [0.5961, 0.5765, 0.5725,  ..., 0.5804, 0.5961, 0.6275],
          [0.5922, 0.5725, 0.6000,  ..., 0.5961, 0.5922, 0.5843],
          ...,
          [0.5647, 0.5529, 0.5843,  ..., 0.6588, 0.6549, 0.6353],
          [0.5333, 0.5608, 0.5882,  ..., 0.6588, 0.6510, 0.6431],
          [0.4941, 0.5686, 0.5843,  ..., 0.6549, 0.6275, 0.6588]],

         [[0.6941, 0.6510, 0.6157,  ..., 0.6549, 0.7020, 0.7216],
          [0.6784, 0.6588, 0.6510,  ..., 0.6196, 0.6431, 0.6824],
          [0.6745, 0.6549, 0.6784,  ..., 0.6431, 0.6471, 0.6431],
          ...,
          [0.6314, 0.6157, 0.6314,  ..., 0.6824, 0.6745, 0.6549],
          [0.6039, 0.6196, 0.6353,  ..., 0.6745, 0.6706, 0.6627],
          [0.5725, 0.6157, 0.6314,  ..., 0.6627, 0.6353, 0.6745]]],


        [[[0.2941, 0.2980, 0.2980,  ..., 0.7059, 0.7098, 0.7098],
          [0.3176, 0.3059, 0.2941,  ..., 0.6941, 0.7020, 0.7020],
          [0.3176, 0.3020, 0.2863,  ..., 0.7255, 0.7216, 0.7176],
          ...,
          [0.2157, 0.5373, 0.6314,  ..., 0.5725, 0.5804, 0.5725],
          [0.0667, 0.3569, 0.6078,  ..., 0.5686, 0.5686, 0.5686],
          [0.0235, 0.2039, 0.5255,  ..., 0.5686, 0.5725, 0.5765]],

         [[0.2392, 0.2431, 0.2392,  ..., 0.7804, 0.7804, 0.7804],
          [0.2431, 0.2431, 0.2392,  ..., 0.7647, 0.7725, 0.7725],
          [0.2392, 0.2392, 0.2392,  ..., 0.7961, 0.7922, 0.7922],
          ...,
          [0.2902, 0.6196, 0.7294,  ..., 0.6902, 0.6902, 0.6784],
          [0.1216, 0.4275, 0.6980,  ..., 0.6941, 0.6980, 0.6980],
          [0.0667, 0.2627, 0.6157,  ..., 0.6941, 0.6980, 0.6980]],

         [[0.1490, 0.1569, 0.1647,  ..., 0.7843, 0.7804, 0.7765],
          [0.1647, 0.1608, 0.1647,  ..., 0.7725, 0.7725, 0.7686],
          [0.1686, 0.1647, 0.1529,  ..., 0.8000, 0.7922, 0.7882],
          ...,
          [0.2980, 0.6275, 0.7373,  ..., 0.6902, 0.6863, 0.6784],
          [0.1216, 0.4314, 0.7059,  ..., 0.6941, 0.6941, 0.6941],
          [0.0627, 0.2706, 0.6235,  ..., 0.7020, 0.6980, 0.6941]]]])
CatsVsDogsDataset/Cat/10590.jpg
(261, 150, 3)
RESIZED:  torch.Size([3, 50, 50])
CatsVsDogsDataset/Cat/10228.jpg
(251, 320, 3)
RESIZED:  torch.Size([3, 50, 50])
CatsVsDogsDataset/Cat/10472.jpg
(358, 300, 3)
RESIZED:  torch.Size([3, 50, 50])
CatsVsDogsDataset/Cat/10128.jpg
(391, 500, 3)
RESIZED:  torch.Size([3, 50, 50])
CatsVsDogsDataset/Cat/10110.jpg
(448, 286, 3)
RESIZED:  torch.Size([3, 50, 50])
CatsVsDogsDataset/Cat/10395.jpg
(334, 180, 3)
RESIZED:  torch.Size([3, 50, 50])
CatsVsDogsDataset/Cat/10879.jpg
(375, 500, 3)
RESIZED:  torch.Size([3, 50, 50])
CatsVsDogsDataset/Cat/10434.jpg
(265, 500, 3)
RESIZED:  torch.Size([3, 50, 50])
CatsVsDogsDataset/Cat/10311.jpg
(491, 500, 3)
RESIZED:  torch.Size([3, 50, 50])
CatsVsDogsDataset/Cat/10531.jpg
(333, 500, 3)
RESIZED:  torch.Size([3, 50, 50])
CatsVsDogsDataset/Cat/10218.jpg
(333, 500, 3)
RESIZED:  torch.Size([3, 50, 50])
CatsVsDogsDataset/Cat/10606.jpg
(500, 375, 3)
RESIZED:  torch.Size([3, 50, 50])
CatsVsDogsDataset/Cat/10419.jpg
(497, 500, 3)
RESIZED:  torch.Size([3, 50, 50])
CatsVsDogsDataset/Cat/10864.jpg
(377, 378, 3)
RESIZED:  torch.Size([3, 50, 50])
CatsVsDogsDataset/Cat/10318.jpg
(263, 500, 3)
RESIZED:  torch.Size([3, 50, 50])
CatsVsDogsDataset/Cat/10559.jpg
(375, 500, 3)
RESIZED:  torch.Size([3, 50, 50])
CatsVsDogsDataset/Cat/10706.jpg
(270, 311, 3)
RESIZED:  torch.Size([3, 50, 50])
CatsVsDogsDataset/Cat/10161.jpg
(349, 500, 3)
RESIZED:  torch.Size([3, 50, 50])
CatsVsDogsDataset/Cat/10581.jpg
(324, 350, 3)
RESIZED:  torch.Size([3, 50, 50])
CatsVsDogsDataset/Cat/10569.jpg
(375, 500, 3)
RESIZED:  torch.Size([3, 50, 50])
CatsVsDogsDataset/Cat/10577.jpg
(500, 434, 3)
RESIZED:  torch.Size([3, 50, 50])
CatsVsDogsDataset/Cat/1048.jpg
(500, 351, 3)
RESIZED:  torch.Size([3, 50, 50])
CatsVsDogsDataset/Cat/10634.jpg
(500, 457, 3)
RESIZED:  torch.Size([3, 50, 50])
CatsVsDogsDataset/Cat/10279.jpg
(388, 404, 3)
RESIZED:  torch.Size([3, 50, 50])
CatsVsDogsDataset/Cat/10317.jpg
(200, 150, 3)
RESIZED:  torch.Size([3, 50, 50])
CatsVsDogsDataset/Cat/10400.jpg
(500, 375, 3)
RESIZED:  torch.Size([3, 50, 50])
CatsVsDogsDataset/Cat/10729.jpg
(375, 500, 3)
RESIZED:  torch.Size([3, 50, 50])
CatsVsDogsDataset/Cat/10257.jpg
(375, 500, 3)
RESIZED:  torch.Size([3, 50, 50])
CatsVsDogsDataset/Cat/10857.jpg
(148, 196, 3)
RESIZED:  torch.Size([3, 50, 50])
CatsVsDogsDataset/Cat/1017.jpg
(241, 238, 3)
RESIZED:  torch.Size([3, 50, 50])
CatsVsDogsDataset/Cat/10247.jpg
(500, 375, 3)
RESIZED:  torch.Size([3, 50, 50])
CatsVsDogsDataset/Cat/10315.jpg
(262, 350, 3)
RESIZED:  torch.Size([3, 50, 50])
tensor([[[0.2745, 0.2588, 0.2706,  ..., 0.2627, 0.2588, 0.2588],
         [0.2431, 0.2627, 0.2745,  ..., 0.1686, 0.1647, 0.1686],
         [0.3020, 0.3020, 0.3020,  ..., 0.2431, 0.2353, 0.2353],
         ...,
         [0.2941, 0.2824, 0.3137,  ..., 0.3098, 0.2471, 0.3020],
         [0.2784, 0.3216, 0.3059,  ..., 0.3529, 0.2706, 0.3098],
         [0.3020, 0.3255, 0.3098,  ..., 0.3333, 0.2980, 0.2941]],

        [[0.4078, 0.3922, 0.4078,  ..., 0.3569, 0.3490, 0.3451],
         [0.4196, 0.4353, 0.4431,  ..., 0.2627, 0.2549, 0.2588],
         [0.4784, 0.4706, 0.4627,  ..., 0.3608, 0.3608, 0.3608],
         ...,
         [0.4078, 0.4196, 0.4667,  ..., 0.4157, 0.3373, 0.3882],
         [0.3961, 0.4667, 0.4706,  ..., 0.4588, 0.3608, 0.3961],
         [0.4510, 0.4902, 0.4471,  ..., 0.4549, 0.3922, 0.3804]],

        [[0.4667, 0.4588, 0.4824,  ..., 0.4078, 0.4000, 0.3961],
         [0.5020, 0.5176, 0.5333,  ..., 0.3294, 0.3216, 0.3255],
         [0.5608, 0.5569, 0.5490,  ..., 0.4392, 0.4392, 0.4353],
         ...,
         [0.5647, 0.5765, 0.6275,  ..., 0.5765, 0.4784, 0.5255],
         [0.5608, 0.6353, 0.6314,  ..., 0.6235, 0.5020, 0.5333],
         [0.6039, 0.6510, 0.6196,  ..., 0.6157, 0.5294, 0.5176]]])
CatsVsDogsDataset/Cat/10416.jpg
(375, 500, 3)
RESIZED:  torch.Size([3, 50, 50])
CatsVsDogsDataset/Cat/10707.jpg
(374, 500, 3)
RESIZED:  torch.Size([3, 50, 50])
CatsVsDogsDataset/Cat/10715.jpg
(382, 500, 3)
RESIZED:  torch.Size([3, 50, 50])
CatsVsDogsDataset/Cat/10556.jpg
(375, 500, 3)
RESIZED:  torch.Size([3, 50, 50])
CatsVsDogsDataset/Cat/10376.jpg
(335, 500, 3)
RESIZED:  torch.Size([3, 50, 50])
CatsVsDogsDataset/Cat/10673.jpg
(240, 320, 3)
RESIZED:  torch.Size([3, 50, 50])
CatsVsDogsDataset/Cat/104.jpg
(400, 253, 3)
RESIZED:  torch.Size([3, 50, 50])
CatsVsDogsDataset/Cat/10808.jpg
(333, 500, 3)
RESIZED:  torch.Size([3, 50, 50])
CatsVsDogsDataset/Cat/10022.jpg
(449, 500, 3)
RESIZED:  torch.Size([3, 50, 50])
CatsVsDogsDataset/Cat/100.jpg
(500, 403, 3)
RESIZED:  torch.Size([3, 50, 50])
CatsVsDogsDataset/Cat/10280.jpg
(383, 500, 3)
RESIZED:  torch.Size([3, 50, 50])
CatsVsDogsDataset/Cat/10801.jpg
(330, 440, 3)
RESIZED:  torch.Size([3, 50, 50])
CatsVsDogsDataset/Cat/10510.jpg
(246, 329, 3)
RESIZED:  torch.Size([3, 50, 50])
CatsVsDogsDataset/Cat/10704.jpg
(375, 500, 3)
RESIZED:  torch.Size([3, 50, 50])
CatsVsDogsDataset/Cat/10460.jpg
(334, 500, 3)
RESIZED:  torch.Size([3, 50, 50])
CatsVsDogsDataset/Cat/1006.jpg
(375, 500, 3)
RESIZED:  torch.Size([3, 50, 50])
CatsVsDogsDataset/Cat/10067.jpg
(388, 427, 3)
RESIZED:  torch.Size([3, 50, 50])
CatsVsDogsDataset/Cat/10019.jpg
(301, 247, 3)
RESIZED:  torch.Size([3, 50, 50])
CatsVsDogsDataset/Cat/10154.jpg
(421, 285, 3)
RESIZED:  torch.Size([3, 50, 50])
CatsVsDogsDataset/Cat/10774.jpg
(375, 500, 3)
RESIZED:  torch.Size([3, 50, 50])
CatsVsDogsDataset/Cat/10557.jpg
(500, 257, 3)
RESIZED:  torch.Size([3, 50, 50])
CatsVsDogsDataset/Cat/10111.jpg
(375, 500, 3)
RESIZED:  torch.Size([3, 50, 50])
CatsVsDogsDataset/Cat/10823.jpg
(375, 500, 3)
RESIZED:  torch.Size([3, 50, 50])
CatsVsDogsDataset/Cat/10690.jpg
(315, 500, 3)
RESIZED:  torch.Size([3, 50, 50])
CatsVsDogsDataset/Cat/10725.jpg
(304, 500, 3)
RESIZED:  torch.Size([3, 50, 50])
CatsVsDogsDataset/Cat/10374.jpg
(500, 388, 3)
RESIZED:  torch.Size([3, 50, 50])
CatsVsDogsDataset/Cat/10836.jpg
(371, 500, 3)
RESIZED:  torch.Size([3, 50, 50])
CatsVsDogsDataset/Cat/10063.jpg
(500, 375, 3)
RESIZED:  torch.Size([3, 50, 50])
CatsVsDogsDataset/Cat/10873.jpg
(375, 500, 3)
RESIZED:  torch.Size([3, 50, 50])
CatsVsDogsDataset/Cat/10722.jpg
(183, 239, 3)
RESIZED:  torch.Size([3, 50, 50])
CatsVsDogsDataset/Cat/10533.jpg
(400, 400, 3)
RESIZED:  torch.Size([3, 50, 50])
CatsVsDogsDataset/Cat/10029.jpg
(500, 386, 3)
RESIZED:  torch.Size([3, 50, 50])
tensor([[[0.4196, 0.4784, 0.7451,  ..., 0.1529, 0.1490, 0.1490],
         [0.4275, 0.4941, 0.7569,  ..., 0.1569, 0.1569, 0.1529],
         [0.4431, 0.5098, 0.7647,  ..., 0.1647, 0.1412, 0.1059],
         ...,
         [0.7059, 0.7098, 0.7216,  ..., 0.2157, 0.2157, 0.2118],
         [0.6510, 0.6627, 0.6745,  ..., 0.2431, 0.2235, 0.2118],
         [0.6314, 0.6471, 0.6627,  ..., 0.2980, 0.2353, 0.1961]],

        [[0.4392, 0.4980, 0.7608,  ..., 0.1725, 0.1686, 0.1686],
         [0.4471, 0.5137, 0.7686,  ..., 0.1765, 0.1765, 0.1725],
         [0.4627, 0.5255, 0.7765,  ..., 0.1843, 0.1608, 0.1255],
         ...,
         [0.7098, 0.7176, 0.7294,  ..., 0.2235, 0.2118, 0.2039],
         [0.6549, 0.6706, 0.6863,  ..., 0.2235, 0.2118, 0.2000],
         [0.6392, 0.6588, 0.6745,  ..., 0.2314, 0.2078, 0.1804]],

        [[0.4431, 0.5059, 0.7686,  ..., 0.1686, 0.1647, 0.1647],
         [0.4510, 0.5216, 0.7804,  ..., 0.1725, 0.1725, 0.1686],
         [0.4588, 0.5294, 0.7765,  ..., 0.1804, 0.1569, 0.1216],
         ...,
         [0.6941, 0.7020, 0.7216,  ..., 0.2431, 0.2392, 0.2314],
         [0.6431, 0.6588, 0.6824,  ..., 0.2784, 0.2549, 0.2392],
         [0.6314, 0.6510, 0.6667,  ..., 0.2980, 0.2510, 0.2118]]])
CatsVsDogsDataset/Cat/10447.jpg
(483, 500, 3)
RESIZED:  torch.Size([3, 50, 50])
CatsVsDogsDataset/Cat/10414.jpg
(375, 500, 3)
RESIZED:  torch.Size([3, 50, 50])
CatsVsDogsDataset/Cat/10189.jpg
(375, 500, 3)
RESIZED:  torch.Size([3, 50, 50])
CatsVsDogsDataset/Cat/10188.jpg
(226, 300, 3)
RESIZED:  torch.Size([3, 50, 50])
CatsVsDogsDataset/Cat/10368.jpg
(166, 221, 3)
RESIZED:  torch.Size([3, 50, 50])
CatsVsDogsDataset/Cat/10804.jpg
(300, 400, 3)
RESIZED:  torch.Size([3, 50, 50])
CatsVsDogsDataset/Cat/10769.jpg
(500, 375, 3)
RESIZED:  torch.Size([3, 50, 50])
CatsVsDogsDataset/Cat/10021.jpg
(418, 423, 3)
RESIZED:  torch.Size([3, 50, 50])
CatsVsDogsDataset/Cat/10563.jpg
(240, 320, 3)
RESIZED:  torch.Size([3, 50, 50])
CatsVsDogsDataset/Cat/10699.jpg
(236, 229, 3)
RESIZED:  torch.Size([3, 50, 50])
CatsVsDogsDataset/Cat/10182.jpg
(500, 374, 3)
RESIZED:  torch.Size([3, 50, 50])
CatsVsDogsDataset/Cat/1004.jpg
(375, 500, 3)
RESIZED:  torch.Size([3, 50, 50])
CatsVsDogsDataset/Cat/10711.jpg
(365, 429, 3)
RESIZED:  torch.Size([3, 50, 50])
CatsVsDogsDataset/Cat/10692.jpg
(240, 320, 3)
RESIZED:  torch.Size([3, 50, 50])
CatsVsDogsDataset/Cat/1025.jpg
(375, 500, 3)
RESIZED:  torch.Size([3, 50, 50])
CatsVsDogsDataset/Cat/10546.jpg
(375, 500, 3)
RESIZED:  torch.Size([3, 50, 50])
CatsVsDogsDataset/Cat/10369.jpg
(185, 178, 3)
RESIZED:  torch.Size([3, 50, 50])
CatsVsDogsDataset/Cat/10482.jpg
(500, 462, 3)
RESIZED:  torch.Size([3, 50, 50])
CatsVsDogsDataset/Cat/10151.jpg
(375, 500, 3)
RESIZED:  torch.Size([3, 50, 50])
CatsVsDogsDataset/Cat/10197.jpg
(200, 125, 3)
RESIZED:  torch.Size([3, 50, 50])
CatsVsDogsDataset/Cat/1011.jpg
(274, 500, 3)
RESIZED:  torch.Size([3, 50, 50])
CatsVsDogsDataset/Cat/10124.jpg
(338, 450, 3)
RESIZED:  torch.Size([3, 50, 50])
CatsVsDogsDataset/Cat/10404.jpg
