here
Namespace(config_path='./config/train_config.yml', s3_bucket='movematch', prefix='CatsVsDogsDataset')
CatsVsDogsDataset/Cat/10097.jpg
{'ResponseMetadata': {'RequestId': 'T582FRH4BS6VV7D7', 'HostId': 'vVl5xuMztzo/bB+2pPqc/1sZ8SUaBQTPa8N/7cffZheMZ8x9hhjeaDwG6VOxvBgTT4Vq9TwMM1Y=', 'HTTPStatusCode': 200, 'HTTPHeaders': {'x-amz-id-2': 'vVl5xuMztzo/bB+2pPqc/1sZ8SUaBQTPa8N/7cffZheMZ8x9hhjeaDwG6VOxvBgTT4Vq9TwMM1Y=', 'x-amz-request-id': 'T582FRH4BS6VV7D7', 'date': 'Fri, 23 Dec 2022 17:58:23 GMT', 'last-modified': 'Wed, 21 Dec 2022 04:59:21 GMT', 'etag': '"6b7e00a104e8b83f6b95a1b40fcae185"', 'accept-ranges': 'bytes', 'content-type': 'image/jpeg', 'server': 'AmazonS3', 'content-length': '24525'}, 'RetryAttempts': 0}, 'AcceptRanges': 'bytes', 'LastModified': datetime.datetime(2022, 12, 21, 4, 59, 21, tzinfo=tzutc()), 'ContentLength': 24525, 'ETag': '"6b7e00a104e8b83f6b95a1b40fcae185"', 'ContentType': 'image/jpeg', 'Metadata': {}, 'Body': <botocore.response.StreamingBody object at 0x7fb7337a9ee0>}
(412, 368, 3)
RESIZED:  torch.Size([3, 50, 50])
CatsVsDogsDataset/Cat/10679.jpg
{'ResponseMetadata': {'RequestId': 'T585ZAXG8X5FCQAS', 'HostId': 'YHQgATxaj57dbgsxls8cVDqvqm8twZJQbxe/phNpr4/B+2xrmiElyw+VAX28RxIEpOcR/EWmE3Y=', 'HTTPStatusCode': 200, 'HTTPHeaders': {'x-amz-id-2': 'YHQgATxaj57dbgsxls8cVDqvqm8twZJQbxe/phNpr4/B+2xrmiElyw+VAX28RxIEpOcR/EWmE3Y=', 'x-amz-request-id': 'T585ZAXG8X5FCQAS', 'date': 'Fri, 23 Dec 2022 17:58:23 GMT', 'last-modified': 'Wed, 21 Dec 2022 04:48:12 GMT', 'etag': '"1740530bacc720e566ccebe87e7d1329"', 'accept-ranges': 'bytes', 'content-type': 'image/jpeg', 'server': 'AmazonS3', 'content-length': '15496'}, 'RetryAttempts': 0}, 'AcceptRanges': 'bytes', 'LastModified': datetime.datetime(2022, 12, 21, 4, 48, 12, tzinfo=tzutc()), 'ContentLength': 15496, 'ETag': '"1740530bacc720e566ccebe87e7d1329"', 'ContentType': 'image/jpeg', 'Metadata': {}, 'Body': <botocore.response.StreamingBody object at 0x7fb73340f550>}
(375, 500, 3)
RESIZED:  torch.Size([3, 50, 50])
CatsVsDogsDataset/Cat/10597.jpg
{'ResponseMetadata': {'RequestId': 'T58EH4GZ98MEYPFX', 'HostId': 'te2ve9jmJfHu9O2T/ZXTxkm5uWq7uRxSoTJoAoPydgP4idhrXyPQmAwnNI7u8KmSzR/rCKeUBTg=', 'HTTPStatusCode': 200, 'HTTPHeaders': {'x-amz-id-2': 'te2ve9jmJfHu9O2T/ZXTxkm5uWq7uRxSoTJoAoPydgP4idhrXyPQmAwnNI7u8KmSzR/rCKeUBTg=', 'x-amz-request-id': 'T58EH4GZ98MEYPFX', 'date': 'Fri, 23 Dec 2022 17:58:23 GMT', 'last-modified': 'Wed, 21 Dec 2022 05:43:21 GMT', 'etag': '"76d298777e66f9aeae3f56b148eb5092"', 'accept-ranges': 'bytes', 'content-type': 'image/jpeg', 'server': 'AmazonS3', 'content-length': '18772'}, 'RetryAttempts': 0}, 'AcceptRanges': 'bytes', 'LastModified': datetime.datetime(2022, 12, 21, 5, 43, 21, tzinfo=tzutc()), 'ContentLength': 18772, 'ETag': '"76d298777e66f9aeae3f56b148eb5092"', 'ContentType': 'image/jpeg', 'Metadata': {}, 'Body': <botocore.response.StreamingBody object at 0x7fb73340f610>}
(375, 500, 3)
RESIZED:  torch.Size([3, 50, 50])
CatsVsDogsDataset/Cat/10710.jpg
{'ResponseMetadata': {'RequestId': 'T583M44HZBBNSR8X', 'HostId': 'f/VqgoE1aTwqkbY1LVYFQVm/ZC2xRiH+IpAJ9cFxO/fDJP5cX+hqSzJ5Zstq2Aq+wNags/QwxR8=', 'HTTPStatusCode': 200, 'HTTPHeaders': {'x-amz-id-2': 'f/VqgoE1aTwqkbY1LVYFQVm/ZC2xRiH+IpAJ9cFxO/fDJP5cX+hqSzJ5Zstq2Aq+wNags/QwxR8=', 'x-amz-request-id': 'T583M44HZBBNSR8X', 'date': 'Fri, 23 Dec 2022 17:58:23 GMT', 'last-modified': 'Wed, 21 Dec 2022 06:12:35 GMT', 'etag': '"cc7b0cca5a983fe3302b2b963625b491"', 'accept-ranges': 'bytes', 'content-type': 'image/jpeg', 'server': 'AmazonS3', 'content-length': '25720'}, 'RetryAttempts': 0}, 'AcceptRanges': 'bytes', 'LastModified': datetime.datetime(2022, 12, 21, 6, 12, 35, tzinfo=tzutc()), 'ContentLength': 25720, 'ETag': '"cc7b0cca5a983fe3302b2b963625b491"', 'ContentType': 'image/jpeg', 'Metadata': {}, 'Body': <botocore.response.StreamingBody object at 0x7fb73340f520>}
(375, 500, 3)
RESIZED:  torch.Size([3, 50, 50])
CatsVsDogsDataset/Cat/1012.jpg
{'ResponseMetadata': {'RequestId': 'T5871C1GD9PTA7JB', 'HostId': 'k8e2QBICOCSr7nn/ligJ0hDLhQ2V7JDVK7sI+AuX2z0YTGIDRhbHJl4t+dnuRZgikUPrz8Ji2xI=', 'HTTPStatusCode': 200, 'HTTPHeaders': {'x-amz-id-2': 'k8e2QBICOCSr7nn/ligJ0hDLhQ2V7JDVK7sI+AuX2z0YTGIDRhbHJl4t+dnuRZgikUPrz8Ji2xI=', 'x-amz-request-id': 'T5871C1GD9PTA7JB', 'date': 'Fri, 23 Dec 2022 17:58:23 GMT', 'last-modified': 'Wed, 21 Dec 2022 06:21:26 GMT', 'etag': '"f4ba1ff83a250b286f81b9c0893752d2"', 'accept-ranges': 'bytes', 'content-type': 'image/jpeg', 'server': 'AmazonS3', 'content-length': '42771'}, 'RetryAttempts': 0}, 'AcceptRanges': 'bytes', 'LastModified': datetime.datetime(2022, 12, 21, 6, 21, 26, tzinfo=tzutc()), 'ContentLength': 42771, 'ETag': '"f4ba1ff83a250b286f81b9c0893752d2"', 'ContentType': 'image/jpeg', 'Metadata': {}, 'Body': <botocore.response.StreamingBody object at 0x7fb73340f1f0>}
(375, 500, 3)
RESIZED:  torch.Size([3, 50, 50])
CatsVsDogsDataset/Cat/10372.jpg
{'ResponseMetadata': {'RequestId': 'T581GAGFM4Q8QHSV', 'HostId': 'GYbppKbgv1UbkWam65URlBUPIHbsJCumlLtPegRcq2kFe8nDRNB4G9KThxwhqXWRHFdSZtbQZjg=', 'HTTPStatusCode': 200, 'HTTPHeaders': {'x-amz-id-2': 'GYbppKbgv1UbkWam65URlBUPIHbsJCumlLtPegRcq2kFe8nDRNB4G9KThxwhqXWRHFdSZtbQZjg=', 'x-amz-request-id': 'T581GAGFM4Q8QHSV', 'date': 'Fri, 23 Dec 2022 17:58:23 GMT', 'last-modified': 'Wed, 21 Dec 2022 06:05:40 GMT', 'etag': '"516970ebfb4801cefbdec76b14bbbb05"', 'accept-ranges': 'bytes', 'content-type': 'image/jpeg', 'server': 'AmazonS3', 'content-length': '18000'}, 'RetryAttempts': 0}, 'AcceptRanges': 'bytes', 'LastModified': datetime.datetime(2022, 12, 21, 6, 5, 40, tzinfo=tzutc()), 'ContentLength': 18000, 'ETag': '"516970ebfb4801cefbdec76b14bbbb05"', 'ContentType': 'image/jpeg', 'Metadata': {}, 'Body': <botocore.response.StreamingBody object at 0x7fb73340f5e0>}
(240, 320, 3)
RESIZED:  torch.Size([3, 50, 50])
CatsVsDogsDataset/Cat/10712.jpg
{'ResponseMetadata': {'RequestId': 'T587ZA5QEP4EA1EY', 'HostId': '2MQcpIRmP78TpOGEIYmD5KjPK791va1oAKhJNyuh+1gKisMRFdbDT/so68kcb965x5nA2iHxwfk=', 'HTTPStatusCode': 200, 'HTTPHeaders': {'x-amz-id-2': '2MQcpIRmP78TpOGEIYmD5KjPK791va1oAKhJNyuh+1gKisMRFdbDT/so68kcb965x5nA2iHxwfk=', 'x-amz-request-id': 'T587ZA5QEP4EA1EY', 'date': 'Fri, 23 Dec 2022 17:58:23 GMT', 'last-modified': 'Wed, 21 Dec 2022 06:21:33 GMT', 'etag': '"b050591056a44345f683aa80e904a9c4"', 'accept-ranges': 'bytes', 'content-type': 'image/jpeg', 'server': 'AmazonS3', 'content-length': '18533'}, 'RetryAttempts': 0}, 'AcceptRanges': 'bytes', 'LastModified': datetime.datetime(2022, 12, 21, 6, 21, 33, tzinfo=tzutc()), 'ContentLength': 18533, 'ETag': '"b050591056a44345f683aa80e904a9c4"', 'ContentType': 'image/jpeg', 'Metadata': {}, 'Body': <botocore.response.StreamingBody object at 0x7fb73340f670>}
(282, 500, 3)
RESIZED:  torch.Size([3, 50, 50])
CatsVsDogsDataset/Cat/10047.jpg
{'ResponseMetadata': {'RequestId': 'T586VXVRS6V4ZH0T', 'HostId': 'lTlc4n1CGHIoDdAWnWrGUqbHHGvvJ9FUlgB4ZhyDC1k2m0CKryHHwOkYXt+oGjnkQGUjV9X1mzE=', 'HTTPStatusCode': 200, 'HTTPHeaders': {'x-amz-id-2': 'lTlc4n1CGHIoDdAWnWrGUqbHHGvvJ9FUlgB4ZhyDC1k2m0CKryHHwOkYXt+oGjnkQGUjV9X1mzE=', 'x-amz-request-id': 'T586VXVRS6V4ZH0T', 'date': 'Fri, 23 Dec 2022 17:58:23 GMT', 'last-modified': 'Wed, 21 Dec 2022 05:15:18 GMT', 'etag': '"a77f694579566f822dc9ef38f129243e"', 'accept-ranges': 'bytes', 'content-type': 'image/jpeg', 'server': 'AmazonS3', 'content-length': '26962'}, 'RetryAttempts': 0}, 'AcceptRanges': 'bytes', 'LastModified': datetime.datetime(2022, 12, 21, 5, 15, 18, tzinfo=tzutc()), 'ContentLength': 26962, 'ETag': '"a77f694579566f822dc9ef38f129243e"', 'ContentType': 'image/jpeg', 'Metadata': {}, 'Body': <botocore.response.StreamingBody object at 0x7fb73340f730>}
(500, 452, 3)
RESIZED:  torch.Size([3, 50, 50])
CatsVsDogsDataset/Cat/1073.jpg
{'ResponseMetadata': {'RequestId': 'T582S2TW3MC9QEED', 'HostId': 'vRV2EzgTCj9ml6crYS1YyyPamCZHtD9ShrH/2pU7oR1SEJqVTg4MakNmgoUyWjQtgCwfQXJLtOk=', 'HTTPStatusCode': 200, 'HTTPHeaders': {'x-amz-id-2': 'vRV2EzgTCj9ml6crYS1YyyPamCZHtD9ShrH/2pU7oR1SEJqVTg4MakNmgoUyWjQtgCwfQXJLtOk=', 'x-amz-request-id': 'T582S2TW3MC9QEED', 'date': 'Fri, 23 Dec 2022 17:58:23 GMT', 'last-modified': 'Wed, 21 Dec 2022 05:48:38 GMT', 'etag': '"d626f58a17a822fa9d1b3690370705ae"', 'accept-ranges': 'bytes', 'content-type': 'image/jpeg', 'server': 'AmazonS3', 'content-length': '79247'}, 'RetryAttempts': 0}, 'AcceptRanges': 'bytes', 'LastModified': datetime.datetime(2022, 12, 21, 5, 48, 38, tzinfo=tzutc()), 'ContentLength': 79247, 'ETag': '"d626f58a17a822fa9d1b3690370705ae"', 'ContentType': 'image/jpeg', 'Metadata': {}, 'Body': <botocore.response.StreamingBody object at 0x7fb73340f7f0>}
(250, 200, 3)
RESIZED:  torch.Size([3, 50, 50])
CatsVsDogsDataset/Cat/10134.jpg
{'ResponseMetadata': {'RequestId': 'T580FQSM39FHDKBB', 'HostId': 'ka7EzAJ3BeCy0Ifme/Xbdr4GkeBtRK7VW3f+5MvnfXCW7sadwclse/AYSwjdfes3/VUARcM7ulA=', 'HTTPStatusCode': 200, 'HTTPHeaders': {'x-amz-id-2': 'ka7EzAJ3BeCy0Ifme/Xbdr4GkeBtRK7VW3f+5MvnfXCW7sadwclse/AYSwjdfes3/VUARcM7ulA=', 'x-amz-request-id': 'T580FQSM39FHDKBB', 'date': 'Fri, 23 Dec 2022 17:58:23 GMT', 'last-modified': 'Wed, 21 Dec 2022 04:58:08 GMT', 'etag': '"03c565ef7d3a8522a466cfc3a8b0e70c"', 'accept-ranges': 'bytes', 'content-type': 'image/jpeg', 'server': 'AmazonS3', 'content-length': '18642'}, 'RetryAttempts': 0}, 'AcceptRanges': 'bytes', 'LastModified': datetime.datetime(2022, 12, 21, 4, 58, 8, tzinfo=tzutc()), 'ContentLength': 18642, 'ETag': '"03c565ef7d3a8522a466cfc3a8b0e70c"', 'ContentType': 'image/jpeg', 'Metadata': {}, 'Body': <botocore.response.StreamingBody object at 0x7fb73340f8b0>}
(375, 500, 3)
RESIZED:  torch.Size([3, 50, 50])
CatsVsDogsDataset/Cat/10088.jpg
{'ResponseMetadata': {'RequestId': 'T58BGX0MZBW4Y9YR', 'HostId': 'Rki3CDZznmFPajQoRPY7i15/7sVd4THxRBr7SVm+XaFjqln+Wq6qwDSPBonTJZYway4CNj2xymg=', 'HTTPStatusCode': 200, 'HTTPHeaders': {'x-amz-id-2': 'Rki3CDZznmFPajQoRPY7i15/7sVd4THxRBr7SVm+XaFjqln+Wq6qwDSPBonTJZYway4CNj2xymg=', 'x-amz-request-id': 'T58BGX0MZBW4Y9YR', 'date': 'Fri, 23 Dec 2022 17:58:23 GMT', 'last-modified': 'Wed, 21 Dec 2022 06:14:57 GMT', 'etag': '"494296361166a0afd5afec4dd75cf997"', 'accept-ranges': 'bytes', 'content-type': 'image/jpeg', 'server': 'AmazonS3', 'content-length': '30606'}, 'RetryAttempts': 0}, 'AcceptRanges': 'bytes', 'LastModified': datetime.datetime(2022, 12, 21, 6, 14, 57, tzinfo=tzutc()), 'ContentLength': 30606, 'ETag': '"494296361166a0afd5afec4dd75cf997"', 'ContentType': 'image/jpeg', 'Metadata': {}, 'Body': <botocore.response.StreamingBody object at 0x7fb73340fbe0>}
(500, 374, 3)
RESIZED:  torch.Size([3, 50, 50])
CatsVsDogsDataset/Cat/1014.jpg
{'ResponseMetadata': {'RequestId': 'T58BV8DAQ561RZMV', 'HostId': '2sOHM8Q2kiwO0qvJ31i/7I3GZtwxDSwXSIJUMgE3zuf0ZlGCAcmgs063fIia0WlQIR8F2bO+5E4=', 'HTTPStatusCode': 200, 'HTTPHeaders': {'x-amz-id-2': '2sOHM8Q2kiwO0qvJ31i/7I3GZtwxDSwXSIJUMgE3zuf0ZlGCAcmgs063fIia0WlQIR8F2bO+5E4=', 'x-amz-request-id': 'T58BV8DAQ561RZMV', 'date': 'Fri, 23 Dec 2022 17:58:23 GMT', 'last-modified': 'Wed, 21 Dec 2022 06:51:21 GMT', 'etag': '"94a3e6e2d1b17abfd16dd1cc53ebd50e"', 'accept-ranges': 'bytes', 'content-type': 'image/jpeg', 'server': 'AmazonS3', 'content-length': '19168'}, 'RetryAttempts': 0}, 'AcceptRanges': 'bytes', 'LastModified': datetime.datetime(2022, 12, 21, 6, 51, 21, tzinfo=tzutc()), 'ContentLength': 19168, 'ETag': '"94a3e6e2d1b17abfd16dd1cc53ebd50e"', 'ContentType': 'image/jpeg', 'Metadata': {}, 'Body': <botocore.response.StreamingBody object at 0x7fb73340fa30>}
(336, 344, 3)
RESIZED:  torch.Size([3, 50, 50])
CatsVsDogsDataset/Cat/10177.jpg
{'ResponseMetadata': {'RequestId': 'T588A9CFK30WE9AJ', 'HostId': 'jmaUxvrMiBNAkIAzvbFUj9jfrgrx6VBhYoqg4ehC4P34HXwf0cM2ynwRDJRLI5Ar1czlhsRQLjk=', 'HTTPStatusCode': 200, 'HTTPHeaders': {'x-amz-id-2': 'jmaUxvrMiBNAkIAzvbFUj9jfrgrx6VBhYoqg4ehC4P34HXwf0cM2ynwRDJRLI5Ar1czlhsRQLjk=', 'x-amz-request-id': 'T588A9CFK30WE9AJ', 'date': 'Fri, 23 Dec 2022 17:58:23 GMT', 'last-modified': 'Wed, 21 Dec 2022 05:57:59 GMT', 'etag': '"e6ce051eb83ebde472d55983f79966ba"', 'accept-ranges': 'bytes', 'content-type': 'image/jpeg', 'server': 'AmazonS3', 'content-length': '32973'}, 'RetryAttempts': 0}, 'AcceptRanges': 'bytes', 'LastModified': datetime.datetime(2022, 12, 21, 5, 57, 59, tzinfo=tzutc()), 'ContentLength': 32973, 'ETag': '"e6ce051eb83ebde472d55983f79966ba"', 'ContentType': 'image/jpeg', 'Metadata': {}, 'Body': <botocore.response.StreamingBody object at 0x7fb73340fa60>}
(477, 500, 3)
RESIZED:  torch.Size([3, 50, 50])
CatsVsDogsDataset/Cat/1082.jpg
{'ResponseMetadata': {'RequestId': 'T588BY7REBN67EK2', 'HostId': 'XRauHBMVE006yvBA2XsbVqSinIfkV1qVWlwcEPHZ/mYmvol4JRbIOE+1qy8XC2KM4vLwCG4kHrU=', 'HTTPStatusCode': 200, 'HTTPHeaders': {'x-amz-id-2': 'XRauHBMVE006yvBA2XsbVqSinIfkV1qVWlwcEPHZ/mYmvol4JRbIOE+1qy8XC2KM4vLwCG4kHrU=', 'x-amz-request-id': 'T588BY7REBN67EK2', 'date': 'Fri, 23 Dec 2022 17:58:23 GMT', 'last-modified': 'Wed, 21 Dec 2022 05:34:16 GMT', 'etag': '"3d80f2e48423f0d495956d8b63f0b240"', 'accept-ranges': 'bytes', 'content-type': 'image/jpeg', 'server': 'AmazonS3', 'content-length': '20843'}, 'RetryAttempts': 0}, 'AcceptRanges': 'bytes', 'LastModified': datetime.datetime(2022, 12, 21, 5, 34, 16, tzinfo=tzutc()), 'ContentLength': 20843, 'ETag': '"3d80f2e48423f0d495956d8b63f0b240"', 'ContentType': 'image/jpeg', 'Metadata': {}, 'Body': <botocore.response.StreamingBody object at 0x7fb73340fc10>}
(500, 333, 3)
RESIZED:  torch.Size([3, 50, 50])
CatsVsDogsDataset/Cat/10733.jpg
{'ResponseMetadata': {'RequestId': 'T5844K3AQA8NQZ7E', 'HostId': 'UW4D9sD+0wNTKpRC2gCSiSe+7wzv+j/jFE6sDbpIdnB5KC9ZRsmNPmIg/pMGFY7sQmz2dHFTsuw=', 'HTTPStatusCode': 200, 'HTTPHeaders': {'x-amz-id-2': 'UW4D9sD+0wNTKpRC2gCSiSe+7wzv+j/jFE6sDbpIdnB5KC9ZRsmNPmIg/pMGFY7sQmz2dHFTsuw=', 'x-amz-request-id': 'T5844K3AQA8NQZ7E', 'date': 'Fri, 23 Dec 2022 17:58:23 GMT', 'last-modified': 'Wed, 21 Dec 2022 05:01:57 GMT', 'etag': '"840b76146e9858d522ba5afb085136f9"', 'accept-ranges': 'bytes', 'content-type': 'image/jpeg', 'server': 'AmazonS3', 'content-length': '42562'}, 'RetryAttempts': 0}, 'AcceptRanges': 'bytes', 'LastModified': datetime.datetime(2022, 12, 21, 5, 1, 57, tzinfo=tzutc()), 'ContentLength': 42562, 'ETag': '"840b76146e9858d522ba5afb085136f9"', 'ContentType': 'image/jpeg', 'Metadata': {}, 'Body': <botocore.response.StreamingBody object at 0x7fb73340f5e0>}
(400, 316, 3)
RESIZED:  torch.Size([3, 50, 50])
CatsVsDogsDataset/Cat/10501.jpg
{'ResponseMetadata': {'RequestId': 'QH5BC8SPG099NA4C', 'HostId': 'ay5IBxdgDF+ri09vX828TUvnEtbaCaxq8GZGP8uCAejzXG5fhHp2pbV/OkRWl+adGGtDOnGPbdY=', 'HTTPStatusCode': 200, 'HTTPHeaders': {'x-amz-id-2': 'ay5IBxdgDF+ri09vX828TUvnEtbaCaxq8GZGP8uCAejzXG5fhHp2pbV/OkRWl+adGGtDOnGPbdY=', 'x-amz-request-id': 'QH5BC8SPG099NA4C', 'date': 'Fri, 23 Dec 2022 17:58:24 GMT', 'last-modified': 'Wed, 21 Dec 2022 06:27:20 GMT', 'etag': '"c1c4c40ad67b3390f68509fbeccaf59d"', 'accept-ranges': 'bytes', 'content-type': 'image/jpeg', 'server': 'AmazonS3', 'content-length': '57855'}, 'RetryAttempts': 0}, 'AcceptRanges': 'bytes', 'LastModified': datetime.datetime(2022, 12, 21, 6, 27, 20, tzinfo=tzutc()), 'ContentLength': 57855, 'ETag': '"c1c4c40ad67b3390f68509fbeccaf59d"', 'ContentType': 'image/jpeg', 'Metadata': {}, 'Body': <botocore.response.StreamingBody object at 0x7fb73340f340>}
