here
Namespace(config_path='./config/train_config.yml', s3_bucket='movematch', prefix='CatsVsDogsDataset')
CatsVsDogsDataset/Cat/108.jpg
(332, 500, 3)
RESIZED:  torch.Size([3, 50, 50])
CatsVsDogsDataset/Cat/10494.jpg
(388, 500, 3)
RESIZED:  torch.Size([3, 50, 50])
CatsVsDogsDataset/Cat/10197.jpg
(200, 125, 3)
RESIZED:  torch.Size([3, 50, 50])
CatsVsDogsDataset/Cat/1005.jpg
(334, 500, 3)
RESIZED:  torch.Size([3, 50, 50])
CatsVsDogsDataset/Cat/10004.jpg
(240, 320, 3)
RESIZED:  torch.Size([3, 50, 50])
CatsVsDogsDataset/Cat/10821.jpg
(300, 294, 3)
RESIZED:  torch.Size([3, 50, 50])
CatsVsDogsDataset/Cat/10372.jpg
(240, 320, 3)
RESIZED:  torch.Size([3, 50, 50])
CatsVsDogsDataset/Cat/10589.jpg
(424, 500, 3)
RESIZED:  torch.Size([3, 50, 50])
CatsVsDogsDataset/Cat/10723.jpg
(500, 451, 3)
RESIZED:  torch.Size([3, 50, 50])
CatsVsDogsDataset/Cat/10772.jpg
(200, 150, 3)
RESIZED:  torch.Size([3, 50, 50])
CatsVsDogsDataset/Cat/10764.jpg
(375, 500, 3)
RESIZED:  torch.Size([3, 50, 50])
CatsVsDogsDataset/Cat/10080.jpg
(347, 500, 3)
RESIZED:  torch.Size([3, 50, 50])
CatsVsDogsDataset/Cat/10800.jpg
(260, 340, 3)
RESIZED:  torch.Size([3, 50, 50])
CatsVsDogsDataset/Cat/1020.jpg
(360, 272, 3)
RESIZED:  torch.Size([3, 50, 50])
CatsVsDogsDataset/Cat/10241.jpg
(440, 500, 3)
RESIZED:  torch.Size([3, 50, 50])
CatsVsDogsDataset/Cat/10019.jpg
(301, 247, 3)
RESIZED:  torch.Size([3, 50, 50])
CatsVsDogsDataset/Cat/10329.jpg
(500, 466, 3)
RESIZED:  torch.Size([3, 50, 50])
CatsVsDogsDataset/Cat/10530.jpg
(224, 182, 3)
RESIZED:  torch.Size([3, 50, 50])
CatsVsDogsDataset/Cat/10451.jpg
(264, 350, 3)
RESIZED:  torch.Size([3, 50, 50])
CatsVsDogsDataset/Cat/10196.jpg
(471, 500, 3)
RESIZED:  torch.Size([3, 50, 50])
CatsVsDogsDataset/Cat/10771.jpg
(375, 500, 3)
RESIZED:  torch.Size([3, 50, 50])
CatsVsDogsDataset/Cat/10825.jpg
(375, 500, 3)
RESIZED:  torch.Size([3, 50, 50])
CatsVsDogsDataset/Cat/1022.jpg
(473, 500, 3)
RESIZED:  torch.Size([3, 50, 50])
CatsVsDogsDataset/Cat/10327.jpg
(250, 250, 3)
RESIZED:  torch.Size([3, 50, 50])
CatsVsDogsDataset/Cat/10696.jpg
(172, 288, 3)
RESIZED:  torch.Size([3, 50, 50])
CatsVsDogsDataset/Cat/10527.jpg
(375, 500, 3)
RESIZED:  torch.Size([3, 50, 50])
CatsVsDogsDataset/Cat/10472.jpg
(358, 300, 3)
RESIZED:  torch.Size([3, 50, 50])
CatsVsDogsDataset/Cat/1041.jpg
(465, 483, 3)
RESIZED:  torch.Size([3, 50, 50])
CatsVsDogsDataset/Cat/10706.jpg
(270, 311, 3)
RESIZED:  torch.Size([3, 50, 50])
CatsVsDogsDataset/Cat/10290.jpg
(500, 448, 3)
RESIZED:  torch.Size([3, 50, 50])
CatsVsDogsDataset/Cat/10806.jpg
(358, 500, 3)
RESIZED:  torch.Size([3, 50, 50])
CatsVsDogsDataset/Cat/10083.jpg
(375, 500, 3)
RESIZED:  torch.Size([3, 50, 50])
tensor([[[[0.1412, 0.1490, 0.1529,  ..., 0.3725, 0.5294, 0.6157],
          [0.1569, 0.1608, 0.1608,  ..., 0.3922, 0.5490, 0.6118],
          [0.1333, 0.1373, 0.1451,  ..., 0.4196, 0.5725, 0.6078],
          ...,
          [0.2196, 0.3176, 0.2667,  ..., 0.5647, 0.4627, 0.1333],
          [0.1608, 0.2392, 0.1922,  ..., 0.5529, 0.4118, 0.1294],
          [0.1569, 0.2039, 0.1647,  ..., 0.5333, 0.3725, 0.1412]],

         [[0.1686, 0.1765, 0.1804,  ..., 0.3647, 0.5294, 0.6196],
          [0.1843, 0.1882, 0.1882,  ..., 0.3843, 0.5490, 0.6118],
          [0.1608, 0.1608, 0.1725,  ..., 0.4157, 0.5765, 0.6078],
          ...,
          [0.2353, 0.3373, 0.2784,  ..., 0.5804, 0.4706, 0.1765],
          [0.1765, 0.2549, 0.2078,  ..., 0.5569, 0.4196, 0.1686],
          [0.1843, 0.2235, 0.1804,  ..., 0.5373, 0.3843, 0.1765]],

         [[0.1569, 0.1647, 0.1686,  ..., 0.3176, 0.4706, 0.5765],
          [0.1725, 0.1765, 0.1765,  ..., 0.3373, 0.4941, 0.5686],
          [0.1529, 0.1569, 0.1647,  ..., 0.3608, 0.5255, 0.5608],
          ...,
          [0.2157, 0.3176, 0.2471,  ..., 0.5569, 0.4431, 0.1686],
          [0.1569, 0.2353, 0.1843,  ..., 0.5333, 0.3961, 0.1647],
          [0.1843, 0.2078, 0.1608,  ..., 0.5176, 0.3686, 0.1725]]],


        [[[0.1686, 0.1725, 0.1725,  ..., 0.1608, 0.1647, 0.1765],
          [0.1804, 0.1843, 0.1882,  ..., 0.1882, 0.1804, 0.1804],
          [0.1765, 0.1804, 0.1804,  ..., 0.1961, 0.2118, 0.2118],
          ...,
          [0.2392, 0.2392, 0.2353,  ..., 0.1922, 0.1922, 0.1961],
          [0.2431, 0.2471, 0.2431,  ..., 0.1961, 0.1882, 0.1882],
          [0.2392, 0.2431, 0.2353,  ..., 0.1961, 0.1882, 0.1882]],

         [[0.2157, 0.2196, 0.2196,  ..., 0.1686, 0.1686, 0.1765],
          [0.2275, 0.2314, 0.2314,  ..., 0.1961, 0.1882, 0.1843],
          [0.2235, 0.2196, 0.2157,  ..., 0.2118, 0.2196, 0.2118],
          ...,
          [0.2706, 0.2706, 0.2667,  ..., 0.2392, 0.2392, 0.2392],
          [0.2706, 0.2745, 0.2706,  ..., 0.2431, 0.2353, 0.2353],
          [0.2745, 0.2745, 0.2706,  ..., 0.2392, 0.2353, 0.2353]],

         [[0.2627, 0.2667, 0.2667,  ..., 0.1725, 0.1804, 0.1882],
          [0.2745, 0.2784, 0.2784,  ..., 0.2000, 0.1882, 0.1882],
          [0.2745, 0.2667, 0.2667,  ..., 0.2118, 0.2196, 0.2118],
          ...,
          [0.3451, 0.3451, 0.3451,  ..., 0.3098, 0.3098, 0.3098],
          [0.3451, 0.3490, 0.3451,  ..., 0.3137, 0.3059, 0.3059],
          [0.3451, 0.3451, 0.3412,  ..., 0.3137, 0.3059, 0.3059]]],


        [[[0.8078, 0.8078, 0.8078,  ..., 0.4745, 0.4078, 0.4078],
          [0.7098, 0.7059, 0.6980,  ..., 0.5059, 0.5059, 0.5373],
          [0.4588, 0.4549, 0.4510,  ..., 0.6627, 0.6980, 0.7294],
          ...,
          [0.5294, 0.5412, 0.5373,  ..., 0.5137, 0.5020, 0.5098],
          [0.5098, 0.5176, 0.5098,  ..., 0.5294, 0.5255, 0.5216],
          [0.4902, 0.4863, 0.4863,  ..., 0.5333, 0.5137, 0.5098]],

         [[0.8235, 0.8235, 0.8235,  ..., 0.5255, 0.4784, 0.4902],
          [0.7529, 0.7490, 0.7412,  ..., 0.5569, 0.5647, 0.6000],
          [0.5608, 0.5569, 0.5529,  ..., 0.6824, 0.7137, 0.7412],
          ...,
          [0.5922, 0.6039, 0.6000,  ..., 0.5529, 0.5412, 0.5490],
          [0.5804, 0.5804, 0.5647,  ..., 0.5686, 0.5647, 0.5647],
          [0.5608, 0.5451, 0.5412,  ..., 0.5765, 0.5569, 0.5490]],

         [[0.8314, 0.8314, 0.8314,  ..., 0.5922, 0.5647, 0.5961],
          [0.8000, 0.7961, 0.7882,  ..., 0.6157, 0.6275, 0.6745],
          [0.6863, 0.6824, 0.6784,  ..., 0.6980, 0.7255, 0.7490],
          ...,
          [0.6588, 0.6706, 0.6667,  ..., 0.6196, 0.6078, 0.6157],
          [0.6510, 0.6549, 0.6392,  ..., 0.6353, 0.6314, 0.6275],
          [0.6275, 0.6196, 0.6157,  ..., 0.6392, 0.6196, 0.6157]]],


        ...,


        [[[0.7647, 0.7529, 0.7529,  ..., 0.6039, 0.6000, 0.5725],
          [0.7686, 0.7608, 0.7529,  ..., 0.6078, 0.5843, 0.5373],
          [0.7608, 0.7490, 0.7255,  ..., 0.5961, 0.5451, 0.3843],
          ...,
          [0.5961, 0.6902, 0.7294,  ..., 0.1255, 0.2000, 0.2157],
          [0.6941, 0.7373, 0.7569,  ..., 0.0824, 0.1804, 0.2118],
          [0.7412, 0.7569, 0.7725,  ..., 0.0902, 0.1843, 0.2353]],

         [[0.8471, 0.8353, 0.8353,  ..., 0.6627, 0.6588, 0.6314],
          [0.8510, 0.8431, 0.8353,  ..., 0.6627, 0.6431, 0.5961],
          [0.8431, 0.8314, 0.8078,  ..., 0.6549, 0.6039, 0.4431],
          ...,
          [0.6588, 0.7608, 0.8078,  ..., 0.1490, 0.2314, 0.2588],
          [0.7608, 0.8118, 0.8314,  ..., 0.1059, 0.2314, 0.2824],
          [0.8118, 0.8314, 0.8510,  ..., 0.1176, 0.2510, 0.3255]],

         [[0.8510, 0.8392, 0.8392,  ..., 0.6706, 0.6667, 0.6392],
          [0.8549, 0.8471, 0.8392,  ..., 0.6745, 0.6549, 0.6196],
          [0.8471, 0.8353, 0.8118,  ..., 0.6667, 0.6275, 0.5373],
          ...,
          [0.6706, 0.7765, 0.8118,  ..., 0.2196, 0.4078, 0.4863],
          [0.7686, 0.8157, 0.8353,  ..., 0.1529, 0.4353, 0.5216],
          [0.8118, 0.8314, 0.8549,  ..., 0.1569, 0.4706, 0.5882]]],


        [[[0.2118, 0.3020, 0.2824,  ..., 0.5255, 0.5333, 0.5333],
          [0.1725, 0.2902, 0.2706,  ..., 0.5294, 0.5255, 0.5333],
          [0.1373, 0.2235, 0.3020,  ..., 0.5294, 0.5255, 0.5333],
          ...,
          [0.5569, 0.5569, 0.5569,  ..., 0.2353, 0.3020, 0.3059],
          [0.5529, 0.5529, 0.5647,  ..., 0.3020, 0.3373, 0.2510],
          [0.5529, 0.5569, 0.5647,  ..., 0.3373, 0.2941, 0.2392]],

         [[0.2275, 0.3137, 0.3020,  ..., 0.5490, 0.5608, 0.5608],
          [0.1961, 0.3059, 0.2902,  ..., 0.5529, 0.5529, 0.5608],
          [0.1765, 0.2471, 0.3176,  ..., 0.5529, 0.5529, 0.5608],
          ...,
          [0.5686, 0.5725, 0.5725,  ..., 0.3529, 0.4235, 0.4392],
          [0.5647, 0.5686, 0.5804,  ..., 0.4157, 0.4510, 0.4000],
          [0.5647, 0.5725, 0.5843,  ..., 0.4549, 0.4196, 0.3922]],

         [[0.2745, 0.3451, 0.3216,  ..., 0.5686, 0.5725, 0.5765],
          [0.2549, 0.3412, 0.3098,  ..., 0.5725, 0.5647, 0.5725],
          [0.2353, 0.2863, 0.3412,  ..., 0.5804, 0.5647, 0.5725],
          ...,
          [0.5843, 0.5882, 0.5922,  ..., 0.5686, 0.6510, 0.6745],
          [0.5804, 0.5843, 0.6000,  ..., 0.6588, 0.6863, 0.6235],
          [0.5804, 0.5843, 0.6000,  ..., 0.6941, 0.6510, 0.6157]]],


        [[[0.0627, 0.0667, 0.0667,  ..., 0.0471, 0.0392, 0.0314],
          [0.0706, 0.0706, 0.0706,  ..., 0.0431, 0.0471, 0.0471],
          [0.0745, 0.0667, 0.0745,  ..., 0.0549, 0.0627, 0.0588],
          ...,
          [0.5451, 0.5569, 0.5647,  ..., 0.6745, 0.6784, 0.6784],
          [0.5333, 0.5608, 0.5686,  ..., 0.6353, 0.6235, 0.6353],
          [0.5020, 0.5725, 0.5765,  ..., 0.6353, 0.6510, 0.6588]],

         [[0.0784, 0.0863, 0.0863,  ..., 0.0588, 0.0510, 0.0510],
          [0.0863, 0.0863, 0.0824,  ..., 0.0510, 0.0667, 0.0745],
          [0.0824, 0.0784, 0.0784,  ..., 0.0667, 0.0863, 0.0824],
          ...,
          [0.5804, 0.6039, 0.6196,  ..., 0.7098, 0.7176, 0.7137],
          [0.5529, 0.6118, 0.6235,  ..., 0.6706, 0.6549, 0.6667],
          [0.5216, 0.6196, 0.6314,  ..., 0.6706, 0.6863, 0.6902]],

         [[0.5451, 0.5412, 0.5412,  ..., 0.0980, 0.0902, 0.0784],
          [0.5529, 0.5490, 0.5569,  ..., 0.0980, 0.1137, 0.1176],
          [0.5686, 0.5529, 0.5647,  ..., 0.1176, 0.1451, 0.1412],
          ...,
          [0.6157, 0.6471, 0.6667,  ..., 0.7608, 0.7686, 0.7686],
          [0.5882, 0.6549, 0.6706,  ..., 0.7333, 0.7176, 0.7294],
          [0.5412, 0.6549, 0.6745,  ..., 0.7373, 0.7529, 0.7529]]]])
CatsVsDogsDataset/Cat/10722.jpg
(183, 239, 3)
RESIZED:  torch.Size([3, 50, 50])
CatsVsDogsDataset/Cat/1052.jpg
(360, 400, 3)
RESIZED:  torch.Size([3, 50, 50])
CatsVsDogsDataset/Cat/10532.jpg
(225, 150, 3)
RESIZED:  torch.Size([3, 50, 50])
CatsVsDogsDataset/Cat/10572.jpg
(375, 500, 3)
RESIZED:  torch.Size([3, 50, 50])
CatsVsDogsDataset/Cat/10540.jpg
(188, 250, 3)
RESIZED:  torch.Size([3, 50, 50])
CatsVsDogsDataset/Cat/10836.jpg
(371, 500, 3)
RESIZED:  torch.Size([3, 50, 50])
CatsVsDogsDataset/Cat/10022.jpg
(449, 500, 3)
RESIZED:  torch.Size([3, 50, 50])
CatsVsDogsDataset/Cat/10101.jpg
(407, 500, 3)
RESIZED:  torch.Size([3, 50, 50])
CatsVsDogsDataset/Cat/10216.jpg
(336, 353, 3)
RESIZED:  torch.Size([3, 50, 50])
CatsVsDogsDataset/Cat/10742.jpg
(294, 294, 3)
RESIZED:  torch.Size([3, 50, 50])
CatsVsDogsDataset/Cat/10262.jpg
(500, 478, 3)
RESIZED:  torch.Size([3, 50, 50])
CatsVsDogsDataset/Cat/10014.jpg
(500, 373, 3)
RESIZED:  torch.Size([3, 50, 50])
CatsVsDogsDataset/Cat/10003.jpg
(375, 500, 3)
RESIZED:  torch.Size([3, 50, 50])
CatsVsDogsDataset/Cat/10603.jpg
(420, 500, 3)
RESIZED:  torch.Size([3, 50, 50])
CatsVsDogsDataset/Cat/10893.jpg
(75, 100, 3)
RESIZED:  torch.Size([3, 50, 50])
CatsVsDogsDataset/Cat/10635.jpg
(449, 350, 3)
RESIZED:  torch.Size([3, 50, 50])
CatsVsDogsDataset/Cat/1074.jpg
(327, 335, 3)
RESIZED:  torch.Size([3, 50, 50])
CatsVsDogsDataset/Cat/10266.jpg
(500, 474, 3)
RESIZED:  torch.Size([3, 50, 50])
CatsVsDogsDataset/Cat/10069.jpg
(391, 500, 3)
RESIZED:  torch.Size([3, 50, 50])
CatsVsDogsDataset/Cat/105.jpg
(175, 215, 3)
RESIZED:  torch.Size([3, 50, 50])
CatsVsDogsDataset/Cat/10745.jpg
(389, 500, 3)
RESIZED:  torch.Size([3, 50, 50])
CatsVsDogsDataset/Cat/1036.jpg
(375, 500, 3)
RESIZED:  torch.Size([3, 50, 50])
CatsVsDogsDataset/Cat/10648.jpg
(375, 500, 3)
RESIZED:  torch.Size([3, 50, 50])
CatsVsDogsDataset/Cat/10438.jpg
(240, 320, 3)
RESIZED:  torch.Size([3, 50, 50])
CatsVsDogsDataset/Cat/10048.jpg
(385, 385, 3)
RESIZED:  torch.Size([3, 50, 50])
CatsVsDogsDataset/Cat/10559.jpg
(375, 500, 3)
RESIZED:  torch.Size([3, 50, 50])
CatsVsDogsDataset/Cat/100.jpg
(500, 403, 3)
RESIZED:  torch.Size([3, 50, 50])
CatsVsDogsDataset/Cat/1072.jpg
(442, 420, 3)
RESIZED:  torch.Size([3, 50, 50])
CatsVsDogsDataset/Cat/10218.jpg
(333, 500, 3)
RESIZED:  torch.Size([3, 50, 50])
CatsVsDogsDataset/Cat/10442.jpg
(375, 500, 3)
RESIZED:  torch.Size([3, 50, 50])
CatsVsDogsDataset/Cat/107.jpg
(350, 500, 3)
RESIZED:  torch.Size([3, 50, 50])
CatsVsDogsDataset/Cat/1046.jpg
(375, 500, 3)
RESIZED:  torch.Size([3, 50, 50])
tensor([[[1.0000, 1.0000, 1.0000,  ..., 1.0000, 1.0000, 1.0000],
         [1.0000, 1.0000, 1.0000,  ..., 1.0000, 1.0000, 1.0000],
         [1.0000, 1.0000, 1.0000,  ..., 1.0000, 1.0000, 1.0000],
         ...,
         [0.5137, 0.5059, 0.4627,  ..., 0.5608, 0.5529, 0.5569],
         [0.4941, 0.4902, 0.5020,  ..., 0.5765, 0.5608, 0.5765],
         [0.4706, 0.5098, 0.5137,  ..., 0.6039, 0.5843, 0.5922]],

        [[1.0000, 1.0000, 1.0000,  ..., 1.0000, 1.0000, 1.0000],
         [1.0000, 1.0000, 1.0000,  ..., 1.0000, 1.0000, 1.0000],
         [1.0000, 1.0000, 1.0000,  ..., 1.0000, 1.0000, 1.0000],
         ...,
         [0.5804, 0.5647, 0.5176,  ..., 0.5765, 0.5765, 0.5725],
         [0.5647, 0.5529, 0.5608,  ..., 0.5961, 0.5804, 0.5961],
         [0.5490, 0.5804, 0.5882,  ..., 0.6235, 0.6039, 0.6118]],

        [[1.0000, 1.0000, 1.0000,  ..., 1.0000, 1.0000, 1.0000],
         [1.0000, 1.0000, 1.0000,  ..., 1.0000, 1.0000, 1.0000],
         [1.0000, 1.0000, 1.0000,  ..., 1.0000, 1.0000, 1.0000],
         ...,
         [0.5961, 0.5922, 0.5412,  ..., 0.5686, 0.5647, 0.5647],
         [0.5843, 0.5765, 0.5804,  ..., 0.5882, 0.5725, 0.5882],
         [0.5686, 0.6000, 0.6078,  ..., 0.6157, 0.5961, 0.6039]]])
CatsVsDogsDataset/Cat/10379.jpg
(375, 500, 3)
RESIZED:  torch.Size([3, 50, 50])
CatsVsDogsDataset/Cat/10652.jpg
(375, 500, 3)
RESIZED:  torch.Size([3, 50, 50])
CatsVsDogsDataset/Cat/10499.jpg
(375, 500, 3)
RESIZED:  torch.Size([3, 50, 50])
CatsVsDogsDataset/Cat/10157.jpg
(240, 320, 3)
RESIZED:  torch.Size([3, 50, 50])
CatsVsDogsDataset/Cat/10554.jpg
(375, 500, 3)
RESIZED:  torch.Size([3, 50, 50])
CatsVsDogsDataset/Cat/10810.jpg
(375, 500, 3)
RESIZED:  torch.Size([3, 50, 50])
CatsVsDogsDataset/Cat/10645.jpg
(225, 300, 3)
RESIZED:  torch.Size([3, 50, 50])
CatsVsDogsDataset/Cat/10296.jpg
(375, 500, 3)
RESIZED:  torch.Size([3, 50, 50])
CatsVsDogsDataset/Cat/10555.jpg
(333, 500, 3)
RESIZED:  torch.Size([3, 50, 50])
CatsVsDogsDataset/Cat/10585.jpg
(375, 500, 3)
RESIZED:  torch.Size([3, 50, 50])
CatsVsDogsDataset/Cat/10394.jpg
(288, 432, 3)
RESIZED:  torch.Size([3, 50, 50])
CatsVsDogsDataset/Cat/10693.jpg
(214, 210, 3)
RESIZED:  torch.Size([3, 50, 50])
CatsVsDogsDataset/Cat/10472.jpg
(358, 300, 3)
RESIZED:  torch.Size([3, 50, 50])
CatsVsDogsDataset/Cat/10412.jpg
(381, 361, 3)
RESIZED:  torch.Size([3, 50, 50])
CatsVsDogsDataset/Cat/10397.jpg
(375, 500, 3)
RESIZED:  torch.Size([3, 50, 50])
CatsVsDogsDataset/Cat/10547.jpg
(369, 500, 3)
RESIZED:  torch.Size([3, 50, 50])
CatsVsDogsDataset/Cat/10829.jpg
(375, 500, 3)
RESIZED:  torch.Size([3, 50, 50])
CatsVsDogsDataset/Cat/10073.jpg
(479, 498, 3)
RESIZED:  torch.Size([3, 50, 50])
CatsVsDogsDataset/Cat/10477.jpg
(400, 463, 3)
RESIZED:  torch.Size([3, 50, 50])
CatsVsDogsDataset/Cat/10497.jpg
(396, 404, 3)
RESIZED:  torch.Size([3, 50, 50])
CatsVsDogsDataset/Cat/10883.jpg
(314, 426, 3)
RESIZED:  torch.Size([3, 50, 50])
CatsVsDogsDataset/Cat/10579.jpg
(377, 500, 3)
RESIZED:  torch.Size([3, 50, 50])
CatsVsDogsDataset/Cat/10019.jpg
(301, 247, 3)
RESIZED:  torch.Size([3, 50, 50])
CatsVsDogsDataset/Cat/10106.jpg
(375, 500, 3)
RESIZED:  torch.Size([3, 50, 50])
CatsVsDogsDataset/Cat/10894.jpg
(375, 500, 3)
RESIZED:  torch.Size([3, 50, 50])
CatsVsDogsDataset/Cat/10879.jpg
(375, 500, 3)
RESIZED:  torch.Size([3, 50, 50])
CatsVsDogsDataset/Cat/10104.jpg
(375, 500, 3)
RESIZED:  torch.Size([3, 50, 50])
CatsVsDogsDataset/Cat/1077.jpg
(375, 500, 3)
RESIZED:  torch.Size([3, 50, 50])
CatsVsDogsDataset/Cat/10496.jpg
(500, 500, 3)
RESIZED:  torch.Size([3, 50, 50])
CatsVsDogsDataset/Cat/10730.jpg
(320, 203, 3)
RESIZED:  torch.Size([3, 50, 50])
CatsVsDogsDataset/Cat/10088.jpg
(500, 374, 3)
RESIZED:  torch.Size([3, 50, 50])
CatsVsDogsDataset/Cat/10381.jpg
(496, 500, 3)
RESIZED:  torch.Size([3, 50, 50])
tensor([[[0.1529, 0.1765, 0.1765,  ..., 0.2902, 0.2824, 0.2667],
         [0.1529, 0.1765, 0.1765,  ..., 0.2980, 0.3020, 0.2941],
         [0.1569, 0.1765, 0.1804,  ..., 0.3059, 0.3137, 0.3059],
         ...,
         [0.0627, 0.1098, 0.2863,  ..., 0.4196, 0.4157, 0.4196],
         [0.0549, 0.0941, 0.2627,  ..., 0.4196, 0.4157, 0.4157],
         [0.0510, 0.0941, 0.2549,  ..., 0.4235, 0.3961, 0.3961]],

        [[0.2784, 0.3490, 0.3647,  ..., 0.4549, 0.4549, 0.4275],
         [0.2784, 0.3529, 0.3647,  ..., 0.4588, 0.4706, 0.4588],
         [0.2745, 0.3529, 0.3686,  ..., 0.4745, 0.4824, 0.4784],
         ...,
         [0.0745, 0.1373, 0.3922,  ..., 0.5490, 0.5451, 0.5490],
         [0.0667, 0.1176, 0.3686,  ..., 0.5529, 0.5451, 0.5412],
         [0.0627, 0.1137, 0.3529,  ..., 0.5569, 0.5333, 0.5176]],

        [[0.4039, 0.5020, 0.5216,  ..., 0.5686, 0.5686, 0.5451],
         [0.4000, 0.5059, 0.5216,  ..., 0.5882, 0.5961, 0.5843],
         [0.3922, 0.5059, 0.5176,  ..., 0.6039, 0.6118, 0.6039],
         ...,
         [0.0667, 0.1333, 0.4353,  ..., 0.6510, 0.6471, 0.6510],
         [0.0588, 0.1176, 0.4157,  ..., 0.6510, 0.6471, 0.6392],
         [0.0549, 0.1098, 0.3961,  ..., 0.6471, 0.6235, 0.6039]]])
CatsVsDogsDataset/Cat/10360.jpg
(276, 416, 3)
RESIZED:  torch.Size([3, 50, 50])
CatsVsDogsDataset/Cat/10726.jpg
(375, 500, 3)
RESIZED:  torch.Size([3, 50, 50])
CatsVsDogsDataset/Cat/10131.jpg
(375, 500, 3)
RESIZED:  torch.Size([3, 50, 50])
CatsVsDogsDataset/Cat/10133.jpg
(262, 350, 3)
RESIZED:  torch.Size([3, 50, 50])
CatsVsDogsDataset/Cat/10781.jpg
(375, 375, 3)
RESIZED:  torch.Size([3, 50, 50])
CatsVsDogsDataset/Cat/1057.jpg
(500, 375, 3)
RESIZED:  torch.Size([3, 50, 50])
CatsVsDogsDataset/Cat/10686.jpg
(438, 450, 3)
RESIZED:  torch.Size([3, 50, 50])
CatsVsDogsDataset/Cat/10813.jpg
(417, 423, 3)
RESIZED:  torch.Size([3, 50, 50])
CatsVsDogsDataset/Cat/10858.jpg
(500, 375, 3)
RESIZED:  torch.Size([3, 50, 50])
CatsVsDogsDataset/Cat/10085.jpg
(406, 500, 3)
RESIZED:  torch.Size([3, 50, 50])
CatsVsDogsDataset/Cat/10122.jpg
(198, 185, 3)
RESIZED:  torch.Size([3, 50, 50])
CatsVsDogsDataset/Cat/10666.jpg
(500, 489, 3)
RESIZED:  torch.Size([3, 50, 50])
CatsVsDogsDataset/Cat/10823.jpg
(375, 500, 3)
RESIZED:  torch.Size([3, 50, 50])
CatsVsDogsDataset/Cat/10788.jpg
(500, 359, 3)
RESIZED:  torch.Size([3, 50, 50])
CatsVsDogsDataset/Cat/10058.jpg
(462, 500, 3)
RESIZED:  torch.Size([3, 50, 50])
CatsVsDogsDataset/Cat/10406.jpg
(270, 360, 3)
RESIZED:  torch.Size([3, 50, 50])
CatsVsDogsDataset/Cat/1018.jpg
(375, 500, 3)
RESIZED:  torch.Size([3, 50, 50])
CatsVsDogsDataset/Cat/10743.jpg
(245, 417, 3)
RESIZED:  torch.Size([3, 50, 50])
CatsVsDogsDataset/Cat/10658.jpg
(375, 500, 3)
RESIZED:  torch.Size([3, 50, 50])
CatsVsDogsDataset/Cat/10123.jpg
(441, 241, 3)
RESIZED:  torch.Size([3, 50, 50])
CatsVsDogsDataset/Cat/10498.jpg
(400, 300, 3)
RESIZED:  torch.Size([3, 50, 50])
CatsVsDogsDataset/Cat/10861.jpg
(370, 500, 3)
RESIZED:  torch.Size([3, 50, 50])
CatsVsDogsDataset/Cat/10847.jpg
(197, 256, 3)
RESIZED:  torch.Size([3, 50, 50])
CatsVsDogsDataset/Cat/10256.jpg
(375, 500, 3)
RESIZED:  torch.Size([3, 50, 50])
CatsVsDogsDataset/Cat/10093.jpg
(375, 500, 3)
RESIZED:  torch.Size([3, 50, 50])
CatsVsDogsDataset/Cat/10673.jpg
(240, 320, 3)
RESIZED:  torch.Size([3, 50, 50])
CatsVsDogsDataset/Cat/10759.jpg
(125, 167, 3)
RESIZED:  torch.Size([3, 50, 50])
CatsVsDogsDataset/Cat/108.jpg
(332, 500, 3)
RESIZED:  torch.Size([3, 50, 50])
CatsVsDogsDataset/Cat/10220.jpg
(300, 400, 3)
RESIZED:  torch.Size([3, 50, 50])
CatsVsDogsDataset/Cat/10207.jpg
(195, 250, 3)
RESIZED:  torch.Size([3, 50, 50])
CatsVsDogsDataset/Cat/10649.jpg
(375, 500, 3)
RESIZED:  torch.Size([3, 50, 50])
CatsVsDogsDataset/Cat/10828.jpg
(375, 500, 3)
RESIZED:  torch.Size([3, 50, 50])
tensor([[[0.0980, 0.1020, 0.1020,  ..., 0.1529, 0.0863, 0.0745],
         [0.0941, 0.0941, 0.1020,  ..., 0.1333, 0.0863, 0.0784],
         [0.0941, 0.1020, 0.0980,  ..., 0.1059, 0.0824, 0.0784],
         ...,
         [0.3843, 0.2078, 0.1294,  ..., 0.4549, 0.4549, 0.4549],
         [0.4118, 0.3686, 0.3255,  ..., 0.3961, 0.3961, 0.4196],
         [0.4196, 0.4078, 0.4078,  ..., 0.3647, 0.3647, 0.4392]],

        [[0.1882, 0.1765, 0.1765,  ..., 0.2118, 0.1529, 0.1451],
         [0.1843, 0.1804, 0.1765,  ..., 0.1882, 0.1451, 0.1451],
         [0.1882, 0.1961, 0.1804,  ..., 0.1608, 0.1451, 0.1451],
         ...,
         [0.3922, 0.2157, 0.1294,  ..., 0.4667, 0.4627, 0.4667],
         [0.4235, 0.3804, 0.3333,  ..., 0.3843, 0.3922, 0.4157],
         [0.4314, 0.4275, 0.4196,  ..., 0.3569, 0.3647, 0.4353]],

        [[0.4235, 0.4118, 0.4039,  ..., 0.3765, 0.3608, 0.3569],
         [0.4235, 0.4157, 0.4078,  ..., 0.3608, 0.3569, 0.3569],
         [0.4235, 0.4314, 0.4196,  ..., 0.3333, 0.3529, 0.3529],
         ...,
         [0.4118, 0.2588, 0.1647,  ..., 0.4941, 0.4902, 0.4902],
         [0.4431, 0.4118, 0.3451,  ..., 0.4196, 0.4235, 0.4392],
         [0.4549, 0.4392, 0.4275,  ..., 0.3961, 0.4157, 0.4902]]])
CatsVsDogsDataset/Cat/10330.jpg
(375, 500, 3)
RESIZED:  torch.Size([3, 50, 50])
CatsVsDogsDataset/Cat/10059.jpg
(395, 432, 3)
RESIZED:  torch.Size([3, 50, 50])
CatsVsDogsDataset/Cat/10845.jpg
(400, 402, 3)
RESIZED:  torch.Size([3, 50, 50])
CatsVsDogsDataset/Cat/10359.jpg
(375, 500, 3)
RESIZED:  torch.Size([3, 50, 50])
CatsVsDogsDataset/Cat/10668.jpg
(375, 500, 3)
RESIZED:  torch.Size([3, 50, 50])
CatsVsDogsDataset/Cat/10775.jpg
(375, 500, 3)
RESIZED:  torch.Size([3, 50, 50])
CatsVsDogsDataset/Cat/10748.jpg
(194, 99, 3)
RESIZED:  torch.Size([3, 50, 50])
CatsVsDogsDataset/Cat/10214.jpg
(245, 500, 3)
RESIZED:  torch.Size([3, 50, 50])
CatsVsDogsDataset/Cat/10642.jpg
(350, 383, 3)
RESIZED:  torch.Size([3, 50, 50])
CatsVsDogsDataset/Cat/10026.jpg
(492, 400, 3)
RESIZED:  torch.Size([3, 50, 50])
CatsVsDogsDataset/Cat/10709.jpg
(339, 500, 3)
RESIZED:  torch.Size([3, 50, 50])
CatsVsDogsDataset/Cat/10110.jpg
(448, 286, 3)
RESIZED:  torch.Size([3, 50, 50])
CatsVsDogsDataset/Cat/10531.jpg
(333, 500, 3)
RESIZED:  torch.Size([3, 50, 50])
CatsVsDogsDataset/Cat/10776.jpg
(345, 413, 3)
RESIZED:  torch.Size([3, 50, 50])
CatsVsDogsDataset/Cat/10470.jpg
(299, 500, 3)
RESIZED:  torch.Size([3, 50, 50])
CatsVsDogsDataset/Cat/10818.jpg
(482, 500, 3)
RESIZED:  torch.Size([3, 50, 50])
CatsVsDogsDataset/Cat/10318.jpg
(263, 500, 3)
RESIZED:  torch.Size([3, 50, 50])
CatsVsDogsDataset/Cat/10837.jpg
(452, 500, 3)
RESIZED:  torch.Size([3, 50, 50])
CatsVsDogsDataset/Cat/10702.jpg
(375, 500, 3)
RESIZED:  torch.Size([3, 50, 50])
CatsVsDogsDataset/Cat/10799.jpg
(500, 405, 3)
RESIZED:  torch.Size([3, 50, 50])
CatsVsDogsDataset/Cat/10221.jpg
(336, 500, 3)
RESIZED:  torch.Size([3, 50, 50])
CatsVsDogsDataset/Cat/10612.jpg
(201, 300, 3)
RESIZED:  torch.Size([3, 50, 50])
CatsVsDogsDataset/Cat/10582.jpg
(240, 240, 3)
RESIZED:  torch.Size([3, 50, 50])
CatsVsDogsDataset/Cat/10141.jpg
(500, 468, 3)
RESIZED:  torch.Size([3, 50, 50])
CatsVsDogsDataset/Cat/10366.jpg
(375, 500, 3)
RESIZED:  torch.Size([3, 50, 50])
CatsVsDogsDataset/Cat/102.jpg
(343, 350, 3)
RESIZED:  torch.Size([3, 50, 50])
CatsVsDogsDataset/Cat/1023.jpg
(315, 350, 3)
RESIZED:  torch.Size([3, 50, 50])
CatsVsDogsDataset/Cat/10413.jpg
(375, 500, 3)
RESIZED:  torch.Size([3, 50, 50])
CatsVsDogsDataset/Cat/10001.jpg
(375, 500, 3)
RESIZED:  torch.Size([3, 50, 50])
CatsVsDogsDataset/Cat/10011.jpg
(448, 358, 3)
RESIZED:  torch.Size([3, 50, 50])
CatsVsDogsDataset/Cat/10038.jpg
(300, 300, 3)
RESIZED:  torch.Size([3, 50, 50])
CatsVsDogsDataset/Cat/10219.jpg
(300, 400, 3)
RESIZED:  torch.Size([3, 50, 50])
tensor([[[0.3725, 0.2314, 0.2745,  ..., 0.1098, 0.0902, 0.2667],
         [0.3882, 0.2471, 0.2863,  ..., 0.2078, 0.1882, 0.3176],
         [0.3725, 0.2275, 0.2824,  ..., 0.2784, 0.3020, 0.3843],
         ...,
         [0.1216, 0.1451, 0.1647,  ..., 0.1098, 0.2353, 0.3294],
         [0.1216, 0.1412, 0.1608,  ..., 0.1176, 0.2235, 0.2392],
         [0.1216, 0.1373, 0.1569,  ..., 0.1333, 0.1412, 0.1804]],

        [[0.3255, 0.1843, 0.2471,  ..., 0.1608, 0.1255, 0.2902],
         [0.3412, 0.2000, 0.2588,  ..., 0.2510, 0.2314, 0.3333],
         [0.3294, 0.1882, 0.2471,  ..., 0.2588, 0.2863, 0.3725],
         ...,
         [0.0392, 0.0549, 0.0588,  ..., 0.1176, 0.2471, 0.3490],
         [0.0431, 0.0471, 0.0510,  ..., 0.1294, 0.2353, 0.2510],
         [0.0431, 0.0471, 0.0588,  ..., 0.1373, 0.1490, 0.1922]],

        [[0.3176, 0.1843, 0.2549,  ..., 0.2157, 0.1961, 0.3098],
         [0.3373, 0.2000, 0.2627,  ..., 0.2784, 0.2784, 0.3373],
         [0.3216, 0.1765, 0.2431,  ..., 0.2549, 0.2824, 0.3451],
         ...,
         [0.6235, 0.6667, 0.7255,  ..., 0.1373, 0.2588, 0.3569],
         [0.6235, 0.6784, 0.7373,  ..., 0.1490, 0.2549, 0.2745],
         [0.6235, 0.6784, 0.7216,  ..., 0.1725, 0.1765, 0.2196]]])
CatsVsDogsDataset/Cat/10049.jpg
(422, 232, 3)
RESIZED:  torch.Size([3, 50, 50])
CatsVsDogsDataset/Cat/1004.jpg
(375, 500, 3)
RESIZED:  torch.Size([3, 50, 50])
CatsVsDogsDataset/Cat/10766.jpg
(262, 350, 3)
RESIZED:  torch.Size([3, 50, 50])
CatsVsDogsDataset/Cat/1027.jpg
(396, 438, 3)
RESIZED:  torch.Size([3, 50, 50])
CatsVsDogsDataset/Cat/10661.jpg
(362, 308, 3)
RESIZED:  torch.Size([3, 50, 50])
CatsVsDogsDataset/Cat/10425.jpg
(500, 363, 3)
RESIZED:  torch.Size([3, 50, 50])
CatsVsDogsDataset/Cat/10768.jpg
(486, 500, 3)
RESIZED:  torch.Size([3, 50, 50])
CatsVsDogsDataset/Cat/10161.jpg
(349, 500, 3)
RESIZED:  torch.Size([3, 50, 50])
CatsVsDogsDataset/Cat/1056.jpg
(375, 500, 3)
RESIZED:  torch.Size([3, 50, 50])
CatsVsDogsDataset/Cat/10165.jpg
(266, 343, 3)
RESIZED:  torch.Size([3, 50, 50])
CatsVsDogsDataset/Cat/10422.jpg
(500, 400, 3)
RESIZED:  torch.Size([3, 50, 50])
CatsVsDogsDataset/Cat/10238.jpg
(104, 140, 3)
RESIZED:  torch.Size([3, 50, 50])
CatsVsDogsDataset/Cat/10586.jpg
(149, 192, 3)
RESIZED:  torch.Size([3, 50, 50])
CatsVsDogsDataset/Cat/10682.jpg
(383, 500, 3)
RESIZED:  torch.Size([3, 50, 50])
CatsVsDogsDataset/Cat/10155.jpg
(375, 500, 3)
RESIZED:  torch.Size([3, 50, 50])
CatsVsDogsDataset/Cat/10168.jpg
(375, 500, 3)
RESIZED:  torch.Size([3, 50, 50])
CatsVsDogsDataset/Cat/10139.jpg
(369, 282, 3)
RESIZED:  torch.Size([3, 50, 50])
CatsVsDogsDataset/Cat/10882.jpg
(250, 250, 3)
RESIZED:  torch.Size([3, 50, 50])
CatsVsDogsDataset/Cat/10621.jpg
(500, 375, 3)
RESIZED:  torch.Size([3, 50, 50])
CatsVsDogsDataset/Cat/10420.jpg
(331, 312, 3)
RESIZED:  torch.Size([3, 50, 50])
CatsVsDogsDataset/Cat/10246.jpg
(375, 500, 3)
RESIZED:  torch.Size([3, 50, 50])
CatsVsDogsDataset/Cat/10224.jpg
(320, 320, 3)
RESIZED:  torch.Size([3, 50, 50])
CatsVsDogsDataset/Cat/10527.jpg
(375, 500, 3)
RESIZED:  torch.Size([3, 50, 50])
CatsVsDogsDataset/Cat/106.jpg
(375, 400, 3)
RESIZED:  torch.Size([3, 50, 50])
CatsVsDogsDataset/Cat/10601.jpg
(500, 332, 3)
RESIZED:  torch.Size([3, 50, 50])
CatsVsDogsDataset/Cat/10205.jpg
(375, 500, 3)
RESIZED:  torch.Size([3, 50, 50])
CatsVsDogsDataset/Cat/10560.jpg
(465, 500, 3)
RESIZED:  torch.Size([3, 50, 50])
CatsVsDogsDataset/Cat/10255.jpg
(500, 403, 3)
RESIZED:  torch.Size([3, 50, 50])
CatsVsDogsDataset/Cat/10705.jpg
(500, 466, 3)
RESIZED:  torch.Size([3, 50, 50])
CatsVsDogsDataset/Cat/10277.jpg
(75, 56, 3)
RESIZED:  torch.Size([3, 50, 50])
CatsVsDogsDataset/Cat/10016.jpg
(198, 180, 3)
RESIZED:  torch.Size([3, 50, 50])
CatsVsDogsDataset/Cat/10025.jpg
(252, 153, 3)
RESIZED:  torch.Size([3, 50, 50])
tensor([[[0.8039, 0.8039, 0.8039,  ..., 0.8667, 0.8667, 0.8667],
         [0.8078, 0.8039, 0.8000,  ..., 0.8706, 0.8667, 0.8667],
         [0.8039, 0.8039, 0.8000,  ..., 0.8667, 0.8667, 0.8667],
         ...,
         [0.2314, 0.2275, 0.2235,  ..., 0.2431, 0.2431, 0.2431],
         [0.2275, 0.2275, 0.2235,  ..., 0.2353, 0.2431, 0.2471],
         [0.2275, 0.2235, 0.2235,  ..., 0.2353, 0.2392, 0.2431]],

        [[0.8275, 0.8275, 0.8275,  ..., 0.8863, 0.8863, 0.8863],
         [0.8314, 0.8275, 0.8235,  ..., 0.8902, 0.8863, 0.8863],
         [0.8275, 0.8275, 0.8235,  ..., 0.8863, 0.8863, 0.8863],
         ...,
         [0.2510, 0.2471, 0.2431,  ..., 0.2392, 0.2353, 0.2353],
         [0.2471, 0.2471, 0.2431,  ..., 0.2275, 0.2314, 0.2353],
         [0.2392, 0.2392, 0.2353,  ..., 0.2353, 0.2353, 0.2353]],

        [[0.8235, 0.8235, 0.8235,  ..., 0.8902, 0.8902, 0.8902],
         [0.8275, 0.8235, 0.8196,  ..., 0.8941, 0.8902, 0.8902],
         [0.8235, 0.8235, 0.8196,  ..., 0.8902, 0.8902, 0.8902],
         ...,
         [0.2471, 0.2431, 0.2392,  ..., 0.2000, 0.2039, 0.2039],
         [0.2431, 0.2431, 0.2392,  ..., 0.2039, 0.2078, 0.2118],
         [0.2392, 0.2392, 0.2353,  ..., 0.2118, 0.2196, 0.2196]]])
CatsVsDogsDataset/Cat/1076.jpg
(225, 300, 3)
RESIZED:  torch.Size([3, 50, 50])
CatsVsDogsDataset/Cat/10677.jpg
(375, 500, 3)
RESIZED:  torch.Size([3, 50, 50])
CatsVsDogsDataset/Cat/10096.jpg
(375, 500, 3)
RESIZED:  torch.Size([3, 50, 50])
CatsVsDogsDataset/Cat/10592.jpg
(371, 500, 3)
RESIZED:  torch.Size([3, 50, 50])
CatsVsDogsDataset/Cat/10719.jpg
(375, 500, 3)
RESIZED:  torch.Size([3, 50, 50])
CatsVsDogsDataset/Cat/10685.jpg
(270, 189, 3)
RESIZED:  torch.Size([3, 50, 50])
CatsVsDogsDataset/Cat/10888.jpg
(375, 500, 3)
RESIZED:  torch.Size([3, 50, 50])
CatsVsDogsDataset/Cat/1005.jpg
(334, 500, 3)
RESIZED:  torch.Size([3, 50, 50])
CatsVsDogsDataset/Cat/10350.jpg
(399, 500, 3)
RESIZED:  torch.Size([3, 50, 50])
CatsVsDogsDataset/Cat/10335.jpg
(93, 169, 3)
RESIZED:  torch.Size([3, 50, 50])
CatsVsDogsDataset/Cat/10305.jpg
(500, 384, 3)
RESIZED:  torch.Size([3, 50, 50])
CatsVsDogsDataset/Cat/10210.jpg
(282, 500, 3)
RESIZED:  torch.Size([3, 50, 50])
CatsVsDogsDataset/Cat/10741.jpg
(332, 500, 3)
RESIZED:  torch.Size([3, 50, 50])
CatsVsDogsDataset/Cat/1035.jpg
(375, 500, 3)
RESIZED:  torch.Size([3, 50, 50])
CatsVsDogsDataset/Cat/10600.jpg
(300, 400, 3)
RESIZED:  torch.Size([3, 50, 50])
CatsVsDogsDataset/Cat/10640.jpg
(294, 400, 3)
RESIZED:  torch.Size([3, 50, 50])
CatsVsDogsDataset/Cat/1065.jpg
(374, 500, 3)
RESIZED:  torch.Size([3, 50, 50])
CatsVsDogsDataset/Cat/10573.jpg
(226, 276, 3)
RESIZED:  torch.Size([3, 50, 50])
CatsVsDogsDataset/Cat/10553.jpg
(375, 500, 3)
RESIZED:  torch.Size([3, 50, 50])
CatsVsDogsDataset/Cat/10678.jpg
(314, 233, 3)
RESIZED:  torch.Size([3, 50, 50])
CatsVsDogsDataset/Cat/10464.jpg
(453, 500, 3)
RESIZED:  torch.Size([3, 50, 50])
CatsVsDogsDataset/Cat/10427.jpg
(375, 500, 3)
RESIZED:  torch.Size([3, 50, 50])
CatsVsDogsDataset/Cat/10317.jpg
(200, 150, 3)
RESIZED:  torch.Size([3, 50, 50])
CatsVsDogsDataset/Cat/10045.jpg
(375, 500, 3)
RESIZED:  torch.Size([3, 50, 50])
CatsVsDogsDataset/Cat/10129.jpg
(240, 320, 3)
RESIZED:  torch.Size([3, 50, 50])
CatsVsDogsDataset/Cat/10042.jpg
(480, 320, 3)
RESIZED:  torch.Size([3, 50, 50])
CatsVsDogsDataset/Cat/10377.jpg
(163, 180, 3)
RESIZED:  torch.Size([3, 50, 50])
CatsVsDogsDataset/Cat/10871.jpg
(375, 500, 3)
RESIZED:  torch.Size([3, 50, 50])
CatsVsDogsDataset/Cat/10407.jpg
(375, 500, 3)
RESIZED:  torch.Size([3, 50, 50])
CatsVsDogsDataset/Cat/10484.jpg
(288, 432, 3)
RESIZED:  torch.Size([3, 50, 50])
CatsVsDogsDataset/Cat/10010.jpg
(386, 500, 3)
RESIZED:  torch.Size([3, 50, 50])
CatsVsDogsDataset/Cat/10309.jpg
(272, 500, 3)
RESIZED:  torch.Size([3, 50, 50])
tensor([[[0.3451, 0.3294, 0.3294,  ..., 0.1137, 0.1137, 0.1098],
         [0.3490, 0.3373, 0.3412,  ..., 0.1137, 0.1137, 0.1176],
         [0.3451, 0.3412, 0.3451,  ..., 0.1137, 0.1255, 0.1216],
         ...,
         [0.1137, 0.1294, 0.1216,  ..., 0.2039, 0.2275, 0.2510],
         [0.1216, 0.1412, 0.1373,  ..., 0.2000, 0.2588, 0.2549],
         [0.1216, 0.1373, 0.1373,  ..., 0.1647, 0.2549, 0.2588]],

        [[0.5373, 0.5098, 0.4745,  ..., 0.1608, 0.1647, 0.1647],
         [0.5412, 0.5176, 0.5098,  ..., 0.1608, 0.1686, 0.1725],
         [0.5373, 0.5216, 0.5137,  ..., 0.1608, 0.1765, 0.1765],
         ...,
         [0.1647, 0.1843, 0.1882,  ..., 0.2549, 0.3098, 0.3608],
         [0.1725, 0.2039, 0.2157,  ..., 0.2471, 0.3490, 0.3765],
         [0.1765, 0.2039, 0.2235,  ..., 0.2118, 0.3490, 0.3843]],

        [[0.7098, 0.6824, 0.6353,  ..., 0.4353, 0.4275, 0.4235],
         [0.7137, 0.6902, 0.6863,  ..., 0.4353, 0.4314, 0.4314],
         [0.7059, 0.6941, 0.6863,  ..., 0.4314, 0.4392, 0.4353],
         ...,
         [0.1961, 0.2314, 0.2431,  ..., 0.2784, 0.3490, 0.4275],
         [0.2314, 0.2706, 0.2941,  ..., 0.2627, 0.3922, 0.4510],
         [0.2471, 0.2824, 0.3137,  ..., 0.2196, 0.4000, 0.4627]]])
CatsVsDogsDataset/Cat/10660.jpg
(500, 332, 3)
RESIZED:  torch.Size([3, 50, 50])
CatsVsDogsDataset/Cat/10711.jpg
(365, 429, 3)
RESIZED:  torch.Size([3, 50, 50])
CatsVsDogsDataset/Cat/1073.jpg
(250, 200, 3)
RESIZED:  torch.Size([3, 50, 50])
CatsVsDogsDataset/Cat/10071.jpg
(302, 500, 3)
RESIZED:  torch.Size([3, 50, 50])
CatsVsDogsDataset/Cat/10368.jpg
(166, 221, 3)
RESIZED:  torch.Size([3, 50, 50])
CatsVsDogsDataset/Cat/10274.jpg
(161, 240, 3)
RESIZED:  torch.Size([3, 50, 50])
CatsVsDogsDataset/Cat/10692.jpg
(240, 320, 3)
RESIZED:  torch.Size([3, 50, 50])
CatsVsDogsDataset/Cat/10426.jpg
(375, 500, 3)
RESIZED:  torch.Size([3, 50, 50])
CatsVsDogsDataset/Cat/10310.jpg
(375, 500, 3)
RESIZED:  torch.Size([3, 50, 50])
CatsVsDogsDataset/Cat/10875.jpg
(500, 418, 3)
RESIZED:  torch.Size([3, 50, 50])
CatsVsDogsDataset/Cat/10030.jpg
(463, 500, 3)
RESIZED:  torch.Size([3, 50, 50])
CatsVsDogsDataset/Cat/10005.jpg
(177, 320, 3)
RESIZED:  torch.Size([3, 50, 50])
CatsVsDogsDataset/Cat/10264.jpg
(315, 500, 3)
RESIZED:  torch.Size([3, 50, 50])
CatsVsDogsDataset/Cat/1078.jpg
(375, 500, 3)
RESIZED:  torch.Size([3, 50, 50])
CatsVsDogsDataset/Cat/10152.jpg
(375, 500, 3)
RESIZED:  torch.Size([3, 50, 50])
CatsVsDogsDataset/Cat/10322.jpg
(352, 300, 3)
RESIZED:  torch.Size([3, 50, 50])
CatsVsDogsDataset/Cat/10734.jpg
(326, 358, 3)
RESIZED:  torch.Size([3, 50, 50])
CatsVsDogsDataset/Cat/1044.jpg
(375, 500, 3)
RESIZED:  torch.Size([3, 50, 50])
CatsVsDogsDataset/Cat/10084.jpg
(500, 468, 3)
RESIZED:  torch.Size([3, 50, 50])
CatsVsDogsDataset/Cat/10186.jpg
(164, 200, 3)
RESIZED:  torch.Size([3, 50, 50])
CatsVsDogsDataset/Cat/10460.jpg
(334, 500, 3)
RESIZED:  torch.Size([3, 50, 50])
CatsVsDogsDataset/Cat/10783.jpg
(225, 300, 3)
RESIZED:  torch.Size([3, 50, 50])
CatsVsDogsDataset/Cat/10611.jpg
(375, 500, 3)
RESIZED:  torch.Size([3, 50, 50])
CatsVsDogsDataset/Cat/1033.jpg
(448, 336, 3)
RESIZED:  torch.Size([3, 50, 50])
CatsVsDogsDataset/Cat/10145.jpg
(376, 500, 3)
RESIZED:  torch.Size([3, 50, 50])
CatsVsDogsDataset/Cat/10281.jpg
(180, 200, 3)
RESIZED:  torch.Size([3, 50, 50])
CatsVsDogsDataset/Cat/10895.jpg
(375, 500, 3)
RESIZED:  torch.Size([3, 50, 50])
CatsVsDogsDataset/Cat/10170.jpg
(289, 300, 3)
RESIZED:  torch.Size([3, 50, 50])
CatsVsDogsDataset/Cat/10340.jpg
(138, 200, 3)
RESIZED:  torch.Size([3, 50, 50])
CatsVsDogsDataset/Cat/10008.jpg
(375, 500, 3)
RESIZED:  torch.Size([3, 50, 50])
CatsVsDogsDataset/Cat/10769.jpg
(500, 375, 3)
RESIZED:  torch.Size([3, 50, 50])
CatsVsDogsDataset/Cat/10755.jpg
(448, 432, 3)
RESIZED:  torch.Size([3, 50, 50])
tensor([[[0.5882, 0.7098, 0.7098,  ..., 0.2627, 0.3294, 0.5451],
         [0.6118, 0.7137, 0.7137,  ..., 0.3176, 0.5608, 0.7373],
         [0.6431, 0.7176, 0.7137,  ..., 0.4039, 0.6275, 0.7529],
         ...,
         [0.4941, 0.4588, 0.4353,  ..., 0.0784, 0.3176, 0.5804],
         [0.4784, 0.4902, 0.4706,  ..., 0.2627, 0.5569, 0.6745],
         [0.3922, 0.4078, 0.4392,  ..., 0.5373, 0.6000, 0.6000]],

        [[0.6392, 0.7412, 0.7529,  ..., 0.3725, 0.4431, 0.6510],
         [0.6588, 0.7490, 0.7608,  ..., 0.4392, 0.6784, 0.8431],
         [0.6863, 0.7608, 0.7647,  ..., 0.5412, 0.7529, 0.8549],
         ...,
         [0.6275, 0.5882, 0.5569,  ..., 0.0824, 0.3176, 0.5804],
         [0.6196, 0.6314, 0.6118,  ..., 0.2667, 0.5608, 0.6706],
         [0.5137, 0.5216, 0.5529,  ..., 0.5490, 0.6118, 0.6157]],

        [[0.6706, 0.7686, 0.7804,  ..., 0.4157, 0.4863, 0.6980],
         [0.6941, 0.7725, 0.7843,  ..., 0.4941, 0.7490, 0.9059],
         [0.7255, 0.7765, 0.7843,  ..., 0.6118, 0.8353, 0.9176],
         ...,
         [0.7294, 0.6784, 0.6353,  ..., 0.0667, 0.2941, 0.5608],
         [0.7176, 0.7294, 0.7059,  ..., 0.2549, 0.5451, 0.6588],
         [0.6157, 0.6157, 0.6471,  ..., 0.5490, 0.6118, 0.6118]]])
CatsVsDogsDataset/Cat/10576.jpg
(398, 500, 3)
RESIZED:  torch.Size([3, 50, 50])
CatsVsDogsDataset/Cat/10806.jpg
(358, 500, 3)
RESIZED:  torch.Size([3, 50, 50])
CatsVsDogsDataset/Cat/10178.jpg
(366, 500, 3)
RESIZED:  torch.Size([3, 50, 50])
CatsVsDogsDataset/Cat/10765.jpg
(317, 500, 3)
RESIZED:  torch.Size([3, 50, 50])
CatsVsDogsDataset/Cat/10489.jpg
(334, 500, 3)
RESIZED:  torch.Size([3, 50, 50])
CatsVsDogsDataset/Cat/10447.jpg
(483, 500, 3)
RESIZED:  torch.Size([3, 50, 50])
CatsVsDogsDataset/Cat/10708.jpg
(406, 500, 3)
RESIZED:  torch.Size([3, 50, 50])
CatsVsDogsDataset/Cat/10517.jpg
(326, 500, 3)
RESIZED:  torch.Size([3, 50, 50])
CatsVsDogsDataset/Cat/1021.jpg
(500, 358, 3)
RESIZED:  torch.Size([3, 50, 50])
CatsVsDogsDataset/Cat/10099.jpg
(375, 500, 3)
RESIZED:  torch.Size([3, 50, 50])
CatsVsDogsDataset/Cat/10436.jpg
(375, 500, 3)
RESIZED:  torch.Size([3, 50, 50])
CatsVsDogsDataset/Cat/10481.jpg
(416, 500, 3)
RESIZED:  torch.Size([3, 50, 50])
CatsVsDogsDataset/Cat/1007.jpg
(375, 500, 3)
RESIZED:  torch.Size([3, 50, 50])
CatsVsDogsDataset/Cat/10694.jpg
(423, 356, 3)
RESIZED:  torch.Size([3, 50, 50])
CatsVsDogsDataset/Cat/10421.jpg
(375, 500, 3)
RESIZED:  torch.Size([3, 50, 50])
CatsVsDogsDataset/Cat/10111.jpg
(375, 500, 3)
RESIZED:  torch.Size([3, 50, 50])
CatsVsDogsDataset/Cat/10526.jpg
(126, 150, 3)
RESIZED:  torch.Size([3, 50, 50])
CatsVsDogsDataset/Cat/10408.jpg
(375, 500, 3)
RESIZED:  torch.Size([3, 50, 50])
CatsVsDogsDataset/Cat/10826.jpg
(454, 500, 3)
RESIZED:  torch.Size([3, 50, 50])
CatsVsDogsDataset/Cat/10631.jpg
(500, 408, 3)
RESIZED:  torch.Size([3, 50, 50])
CatsVsDogsDataset/Cat/1058.jpg
(342, 284, 3)
RESIZED:  torch.Size([3, 50, 50])
CatsVsDogsDataset/Cat/10328.jpg
(497, 358, 3)
RESIZED:  torch.Size([3, 50, 50])
CatsVsDogsDataset/Cat/10423.jpg
(500, 262, 3)
RESIZED:  torch.Size([3, 50, 50])
CatsVsDogsDataset/Cat/10478.jpg
(375, 476, 3)
RESIZED:  torch.Size([3, 50, 50])
CatsVsDogsDataset/Cat/10802.jpg
(500, 353, 3)
RESIZED:  torch.Size([3, 50, 50])
CatsVsDogsDataset/Cat/10562.jpg
(375, 500, 3)
RESIZED:  torch.Size([3, 50, 50])
CatsVsDogsDataset/Cat/10191.jpg
(312, 468, 3)
RESIZED:  torch.Size([3, 50, 50])
CatsVsDogsDataset/Cat/10565.jpg
(375, 500, 3)
RESIZED:  torch.Size([3, 50, 50])
CatsVsDogsDataset/Cat/10795.jpg
(451, 500, 3)
RESIZED:  torch.Size([3, 50, 50])
CatsVsDogsDataset/Cat/1055.jpg
(375, 500, 3)
RESIZED:  torch.Size([3, 50, 50])
CatsVsDogsDataset/Cat/10375.jpg
(396, 500, 3)
RESIZED:  torch.Size([3, 50, 50])
CatsVsDogsDataset/Cat/10009.jpg
(500, 473, 3)
RESIZED:  torch.Size([3, 50, 50])
tensor([[[0.4157, 0.4353, 0.4314,  ..., 0.0510, 0.0510, 0.0510],
         [0.4118, 0.4314, 0.4706,  ..., 0.0510, 0.0510, 0.0510],
         [0.4039, 0.4235, 0.4941,  ..., 0.0627, 0.0549, 0.0549],
         ...,
         [0.1961, 0.1725, 0.1647,  ..., 0.2510, 0.2627, 0.2549],
         [0.2235, 0.2039, 0.2275,  ..., 0.2588, 0.2549, 0.2667],
         [0.2745, 0.2392, 0.2902,  ..., 0.2549, 0.2549, 0.2627]],

        [[0.4353, 0.4549, 0.4549,  ..., 0.0510, 0.0510, 0.0510],
         [0.4314, 0.4471, 0.4902,  ..., 0.0510, 0.0510, 0.0510],
         [0.4275, 0.4471, 0.5137,  ..., 0.0627, 0.0549, 0.0549],
         ...,
         [0.2549, 0.2314, 0.2314,  ..., 0.3608, 0.3725, 0.3647],
         [0.3137, 0.2941, 0.3216,  ..., 0.3608, 0.3569, 0.3686],
         [0.3765, 0.3412, 0.3961,  ..., 0.3529, 0.3529, 0.3647]],

        [[0.4706, 0.4902, 0.4784,  ..., 0.0510, 0.0510, 0.0510],
         [0.4667, 0.4902, 0.5255,  ..., 0.0510, 0.0510, 0.0510],
         [0.4627, 0.4824, 0.5490,  ..., 0.0627, 0.0549, 0.0549],
         ...,
         [0.3294, 0.3020, 0.2745,  ..., 0.5216, 0.5333, 0.5255],
         [0.3843, 0.3608, 0.3765,  ..., 0.5255, 0.5216, 0.5333],
         [0.4431, 0.4039, 0.4549,  ..., 0.5176, 0.5176, 0.5255]]])
CatsVsDogsDataset/Cat/10744.jpg
(333, 500, 3)
RESIZED:  torch.Size([3, 50, 50])
CatsVsDogsDataset/Cat/10114.jpg
(500, 302, 3)
RESIZED:  torch.Size([3, 50, 50])
CatsVsDogsDataset/Cat/1064.jpg
(159, 240, 3)
RESIZED:  torch.Size([3, 50, 50])
CatsVsDogsDataset/Cat/10035.jpg
(391, 357, 3)
RESIZED:  torch.Size([3, 50, 50])
CatsVsDogsDataset/Cat/10429.jpg
(432, 400, 3)
RESIZED:  torch.Size([3, 50, 50])
CatsVsDogsDataset/Cat/10500.jpg
(375, 500, 3)
RESIZED:  torch.Size([3, 50, 50])
CatsVsDogsDataset/Cat/10054.jpg
(391, 499, 3)
RESIZED:  torch.Size([3, 50, 50])
CatsVsDogsDataset/Cat/10725.jpg
(304, 500, 3)
RESIZED:  torch.Size([3, 50, 50])
CatsVsDogsDataset/Cat/10197.jpg
(200, 125, 3)
RESIZED:  torch.Size([3, 50, 50])
CatsVsDogsDataset/Cat/10495.jpg
(344, 500, 3)
RESIZED:  torch.Size([3, 50, 50])
CatsVsDogsDataset/Cat/10683.jpg
(500, 310, 3)
RESIZED:  torch.Size([3, 50, 50])
CatsVsDogsDataset/Cat/10240.jpg
(375, 500, 3)
RESIZED:  torch.Size([3, 50, 50])
CatsVsDogsDataset/Cat/10204.jpg
(240, 320, 3)
RESIZED:  torch.Size([3, 50, 50])
CatsVsDogsDataset/Cat/10443.jpg
(293, 500, 3)
RESIZED:  torch.Size([3, 50, 50])
CatsVsDogsDataset/Cat/10416.jpg
(375, 500, 3)
RESIZED:  torch.Size([3, 50, 50])
CatsVsDogsDataset/Cat/10080.jpg
(347, 500, 3)
RESIZED:  torch.Size([3, 50, 50])
CatsVsDogsDataset/Cat/10067.jpg
(388, 427, 3)
RESIZED:  torch.Size([3, 50, 50])
CatsVsDogsDataset/Cat/1031.jpg
(375, 500, 3)
RESIZED:  torch.Size([3, 50, 50])
CatsVsDogsDataset/Cat/10082.jpg
(375, 500, 3)
RESIZED:  torch.Size([3, 50, 50])
CatsVsDogsDataset/Cat/10492.jpg
(300, 500, 3)
RESIZED:  torch.Size([3, 50, 50])
CatsVsDogsDataset/Cat/10760.jpg
(239, 216, 3)
RESIZED:  torch.Size([3, 50, 50])
CatsVsDogsDataset/Cat/1020.jpg
(360, 272, 3)
RESIZED:  torch.Size([3, 50, 50])
CatsVsDogsDataset/Cat/10754.jpg
(220, 500, 3)
RESIZED:  torch.Size([3, 50, 50])
CatsVsDogsDataset/Cat/10236.jpg
(375, 500, 3)
RESIZED:  torch.Size([3, 50, 50])
CatsVsDogsDataset/Cat/10268.jpg
(374, 500, 3)
RESIZED:  torch.Size([3, 50, 50])
CatsVsDogsDataset/Cat/1041.jpg
(465, 483, 3)
RESIZED:  torch.Size([3, 50, 50])
CatsVsDogsDataset/Cat/10523.jpg
(400, 342, 3)
RESIZED:  torch.Size([3, 50, 50])
CatsVsDogsDataset/Cat/10520.jpg
(200, 185, 3)
RESIZED:  torch.Size([3, 50, 50])
CatsVsDogsDataset/Cat/1069.jpg
(226, 280, 3)
RESIZED:  torch.Size([3, 50, 50])
CatsVsDogsDataset/Cat/10896.jpg
(370, 500, 3)
RESIZED:  torch.Size([3, 50, 50])
CatsVsDogsDataset/Cat/10297.jpg
(348, 372, 3)
RESIZED:  torch.Size([3, 50, 50])
CatsVsDogsDataset/Cat/10034.jpg
(391, 500, 3)
RESIZED:  torch.Size([3, 50, 50])
tensor([[[0.0902, 0.0863, 0.0392,  ..., 0.0588, 0.0784, 0.1373],
         [0.0863, 0.0824, 0.0431,  ..., 0.0549, 0.0902, 0.1451],
         [0.0784, 0.0706, 0.0471,  ..., 0.0549, 0.1020, 0.1333],
         ...,
         [0.2980, 0.3137, 0.3216,  ..., 0.2431, 0.2863, 0.2941],
         [0.2824, 0.2784, 0.2706,  ..., 0.3294, 0.3725, 0.3922],
         [0.2471, 0.2588, 0.2667,  ..., 0.4314, 0.4314, 0.4588]],

        [[0.0941, 0.0784, 0.0392,  ..., 0.0941, 0.1137, 0.1882],
         [0.1020, 0.0863, 0.0549,  ..., 0.0941, 0.1373, 0.2000],
         [0.0941, 0.0824, 0.0627,  ..., 0.1020, 0.1490, 0.1843],
         ...,
         [0.4157, 0.4431, 0.4431,  ..., 0.2784, 0.3216, 0.3333],
         [0.4078, 0.3961, 0.3882,  ..., 0.3804, 0.4392, 0.4627],
         [0.3647, 0.3686, 0.3843,  ..., 0.5216, 0.5294, 0.5569]],

        [[0.2196, 0.2235, 0.1294,  ..., 0.0980, 0.1255, 0.2000],
         [0.2314, 0.2510, 0.1804,  ..., 0.1137, 0.1608, 0.2235],
         [0.2235, 0.2549, 0.2235,  ..., 0.1255, 0.1804, 0.2196],
         ...,
         [0.5020, 0.5373, 0.5412,  ..., 0.3137, 0.3569, 0.3725],
         [0.4941, 0.4784, 0.4706,  ..., 0.4392, 0.5020, 0.5255],
         [0.4314, 0.4353, 0.4627,  ..., 0.5961, 0.6039, 0.6314]]])
CatsVsDogsDataset/Cat/10431.jpg
(500, 333, 3)
RESIZED:  torch.Size([3, 50, 50])
CatsVsDogsDataset/Cat/10892.jpg
(375, 500, 3)
RESIZED:  torch.Size([3, 50, 50])
CatsVsDogsDataset/Cat/10856.jpg
(375, 500, 3)
RESIZED:  torch.Size([3, 50, 50])
CatsVsDogsDataset/Cat/10647.jpg
(275, 388, 3)
RESIZED:  torch.Size([3, 50, 50])
CatsVsDogsDataset/Cat/10865.jpg
(480, 423, 3)
RESIZED:  torch.Size([3, 50, 50])
CatsVsDogsDataset/Cat/10433.jpg
(336, 353, 3)
RESIZED:  torch.Size([3, 50, 50])
CatsVsDogsDataset/Cat/10439.jpg
(266, 399, 3)
RESIZED:  torch.Size([3, 50, 50])
CatsVsDogsDataset/Cat/10160.jpg
(288, 384, 3)
RESIZED:  torch.Size([3, 50, 50])
CatsVsDogsDataset/Cat/10714.jpg
(375, 500, 3)
RESIZED:  torch.Size([3, 50, 50])
CatsVsDogsDataset/Cat/10303.jpg
(436, 500, 3)
RESIZED:  torch.Size([3, 50, 50])
CatsVsDogsDataset/Cat/10338.jpg
(500, 355, 3)
RESIZED:  torch.Size([3, 50, 50])
CatsVsDogsDataset/Cat/1000.jpg
(150, 150, 3)
RESIZED:  torch.Size([3, 50, 50])
CatsVsDogsDataset/Cat/10044.jpg
(274, 378, 3)
RESIZED:  torch.Size([3, 50, 50])
CatsVsDogsDataset/Cat/10675.jpg
(188, 141, 3)
RESIZED:  torch.Size([3, 50, 50])
CatsVsDogsDataset/Cat/10092.jpg
(268, 360, 3)
RESIZED:  torch.Size([3, 50, 50])
CatsVsDogsDataset/Cat/10758.jpg
(375, 500, 3)
RESIZED:  torch.Size([3, 50, 50])
CatsVsDogsDataset/Cat/1086.jpg
(436, 500, 3)
RESIZED:  torch.Size([3, 50, 50])
CatsVsDogsDataset/Cat/10081.jpg
(334, 500, 3)
RESIZED:  torch.Size([3, 50, 50])
CatsVsDogsDataset/Cat/10886.jpg
(500, 375, 3)
RESIZED:  torch.Size([3, 50, 50])
CatsVsDogsDataset/Cat/10787.jpg
(426, 500, 3)
RESIZED:  torch.Size([3, 50, 50])
CatsVsDogsDataset/Cat/10308.jpg
(201, 200, 3)
RESIZED:  torch.Size([3, 50, 50])
CatsVsDogsDataset/Cat/10315.jpg
(262, 350, 3)
RESIZED:  torch.Size([3, 50, 50])
CatsVsDogsDataset/Cat/1068.jpg
(399, 407, 3)
RESIZED:  torch.Size([3, 50, 50])
CatsVsDogsDataset/Cat/10362.jpg
(375, 500, 3)
RESIZED:  torch.Size([3, 50, 50])
CatsVsDogsDataset/Cat/10347.jpg
(375, 500, 3)
RESIZED:  torch.Size([3, 50, 50])
CatsVsDogsDataset/Cat/10164.jpg
(271, 240, 3)
RESIZED:  torch.Size([3, 50, 50])
CatsVsDogsDataset/Cat/10398.jpg
(270, 356, 3)
RESIZED:  torch.Size([3, 50, 50])
CatsVsDogsDataset/Cat/10749.jpg
(405, 500, 3)
RESIZED:  torch.Size([3, 50, 50])
CatsVsDogsDataset/Cat/10657.jpg
(240, 320, 3)
RESIZED:  torch.Size([3, 50, 50])
CatsVsDogsDataset/Cat/10112.jpg
(470, 300, 3)
RESIZED:  torch.Size([3, 50, 50])
CatsVsDogsDataset/Cat/10299.jpg
(239, 250, 3)
RESIZED:  torch.Size([3, 50, 50])
CatsVsDogsDataset/Cat/10346.jpg
(490, 500, 3)
RESIZED:  torch.Size([3, 50, 50])
tensor([[[0.1647, 0.1647, 0.1647,  ..., 0.2000, 0.2157, 0.2157],
         [0.1725, 0.1686, 0.1686,  ..., 0.3333, 0.3569, 0.3686],
         [0.1686, 0.1686, 0.1686,  ..., 0.4627, 0.4706, 0.4745],
         ...,
         [0.6431, 0.6510, 0.6510,  ..., 0.7725, 0.7647, 0.7647],
         [0.6431, 0.6510, 0.6588,  ..., 0.7843, 0.7765, 0.7765],
         [0.6824, 0.6863, 0.7059,  ..., 0.8000, 0.8039, 0.8118]],

        [[0.2157, 0.2157, 0.2118,  ..., 0.1490, 0.1373, 0.1412],
         [0.2235, 0.2196, 0.2157,  ..., 0.2902, 0.3098, 0.3255],
         [0.2196, 0.2196, 0.2196,  ..., 0.4392, 0.4471, 0.4510],
         ...,
         [0.6784, 0.6863, 0.6863,  ..., 0.8235, 0.8235, 0.8196],
         [0.6902, 0.6980, 0.7059,  ..., 0.8353, 0.8275, 0.8275],
         [0.7255, 0.7255, 0.7412,  ..., 0.8510, 0.8588, 0.8706]],

        [[0.2784, 0.2784, 0.2667,  ..., 0.0314, 0.0157, 0.0118],
         [0.2863, 0.2824, 0.2745,  ..., 0.2235, 0.2431, 0.2627],
         [0.2824, 0.2824, 0.2824,  ..., 0.3961, 0.4039, 0.4078],
         ...,
         [0.7176, 0.7255, 0.7333,  ..., 0.8392, 0.8392, 0.8353],
         [0.7255, 0.7333, 0.7412,  ..., 0.8627, 0.8588, 0.8588],
         [0.7647, 0.7647, 0.7765,  ..., 0.8824, 0.8863, 0.8980]]])
CatsVsDogsDataset/Cat/10185.jpg
(419, 500, 3)
RESIZED:  torch.Size([3, 50, 50])
CatsVsDogsDataset/Cat/10732.jpg
(299, 357, 3)
RESIZED:  torch.Size([3, 50, 50])
CatsVsDogsDataset/Cat/10881.jpg
(375, 500, 3)
RESIZED:  torch.Size([3, 50, 50])
CatsVsDogsDataset/Cat/10811.jpg
(271, 500, 3)
RESIZED:  torch.Size([3, 50, 50])
CatsVsDogsDataset/Cat/10740.jpg
(500, 357, 3)
RESIZED:  torch.Size([3, 50, 50])
CatsVsDogsDataset/Cat/10405.jpg
(375, 500, 3)
RESIZED:  torch.Size([3, 50, 50])
CatsVsDogsDataset/Cat/10581.jpg
(324, 350, 3)
RESIZED:  torch.Size([3, 50, 50])
CatsVsDogsDataset/Cat/10825.jpg
(375, 500, 3)
RESIZED:  torch.Size([3, 50, 50])
CatsVsDogsDataset/Cat/10851.jpg
(334, 500, 3)
RESIZED:  torch.Size([3, 50, 50])
CatsVsDogsDataset/Cat/10873.jpg
(375, 500, 3)
RESIZED:  torch.Size([3, 50, 50])
CatsVsDogsDataset/Cat/1089.jpg
(333, 500, 3)
RESIZED:  torch.Size([3, 50, 50])
CatsVsDogsDataset/Cat/10391.jpg
(262, 350, 3)
RESIZED:  torch.Size([3, 50, 50])
CatsVsDogsDataset/Cat/10334.jpg
(375, 500, 3)
RESIZED:  torch.Size([3, 50, 50])
CatsVsDogsDataset/Cat/10833.jpg
(375, 500, 3)
RESIZED:  torch.Size([3, 50, 50])
CatsVsDogsDataset/Cat/1050.jpg
(260, 429, 3)
RESIZED:  torch.Size([3, 50, 50])
CatsVsDogsDataset/Cat/10188.jpg
(226, 300, 3)
RESIZED:  torch.Size([3, 50, 50])
CatsVsDogsDataset/Cat/10182.jpg
(500, 374, 3)
RESIZED:  torch.Size([3, 50, 50])
CatsVsDogsDataset/Cat/1.jpg
(281, 300, 3)
RESIZED:  torch.Size([3, 50, 50])
CatsVsDogsDataset/Cat/10446.jpg
(426, 500, 3)
RESIZED:  torch.Size([3, 50, 50])
CatsVsDogsDataset/Cat/10620.jpg
(375, 500, 3)
RESIZED:  torch.Size([3, 50, 50])
CatsVsDogsDataset/Cat/10637.jpg
(375, 500, 3)
RESIZED:  torch.Size([3, 50, 50])
CatsVsDogsDataset/Cat/10718.jpg
(208, 359, 3)
RESIZED:  torch.Size([3, 50, 50])
CatsVsDogsDataset/Cat/10385.jpg
(386, 288, 3)
RESIZED:  torch.Size([3, 50, 50])
CatsVsDogsDataset/Cat/10201.jpg
(479, 320, 3)
RESIZED:  torch.Size([3, 50, 50])
CatsVsDogsDataset/Cat/10388.jpg
(230, 164, 3)
RESIZED:  torch.Size([3, 50, 50])
CatsVsDogsDataset/Cat/10354.jpg
(398, 372, 3)
RESIZED:  torch.Size([3, 50, 50])
CatsVsDogsDataset/Cat/10619.jpg
(458, 423, 3)
RESIZED:  torch.Size([3, 50, 50])
CatsVsDogsDataset/Cat/10490.jpg
(375, 500, 3)
RESIZED:  torch.Size([3, 50, 50])
CatsVsDogsDataset/Cat/10286.jpg
(208, 290, 3)
RESIZED:  torch.Size([3, 50, 50])
CatsVsDogsDataset/Cat/10259.jpg
(500, 465, 3)
RESIZED:  torch.Size([3, 50, 50])
CatsVsDogsDataset/Cat/10247.jpg
(500, 375, 3)
RESIZED:  torch.Size([3, 50, 50])
CatsVsDogsDataset/Cat/10130.jpg
(422, 500, 3)
RESIZED:  torch.Size([3, 50, 50])
tensor([[[0.1294, 0.1333, 0.1451,  ..., 0.2392, 0.2706, 0.5294],
         [0.1412, 0.1294, 0.1333,  ..., 0.2392, 0.4000, 0.4549],
         [0.1843, 0.1451, 0.1255,  ..., 0.3020, 0.5333, 0.3098],
         ...,
         [0.5412, 0.5373, 0.5333,  ..., 0.6588, 0.6275, 0.6235],
         [0.6000, 0.6000, 0.6000,  ..., 0.6745, 0.6588, 0.6549],
         [0.5686, 0.5765, 0.5765,  ..., 0.7804, 0.7725, 0.7647]],

        [[0.1373, 0.1412, 0.1529,  ..., 0.2706, 0.3176, 0.5765],
         [0.1529, 0.1373, 0.1412,  ..., 0.2745, 0.4588, 0.4784],
         [0.1961, 0.1569, 0.1333,  ..., 0.3569, 0.5804, 0.3255],
         ...,
         [0.5608, 0.5647, 0.5686,  ..., 0.6941, 0.6784, 0.6745],
         [0.6549, 0.6549, 0.6588,  ..., 0.7255, 0.7137, 0.7098],
         [0.6157, 0.6275, 0.6353,  ..., 0.8471, 0.8353, 0.8353]],

        [[0.1412, 0.1451, 0.1569,  ..., 0.2706, 0.3137, 0.5765],
         [0.1569, 0.1412, 0.1451,  ..., 0.2745, 0.4627, 0.4706],
         [0.2000, 0.1608, 0.1373,  ..., 0.3529, 0.5804, 0.3176],
         ...,
         [0.5569, 0.5608, 0.5608,  ..., 0.6824, 0.6627, 0.6588],
         [0.6549, 0.6549, 0.6549,  ..., 0.7137, 0.7020, 0.6980],
         [0.6039, 0.6196, 0.6275,  ..., 0.8275, 0.8157, 0.8078]]])
CatsVsDogsDataset/Cat/10291.jpg
(500, 428, 3)
RESIZED:  torch.Size([3, 50, 50])
CatsVsDogsDataset/Cat/10606.jpg
(500, 375, 3)
RESIZED:  torch.Size([3, 50, 50])
CatsVsDogsDataset/Cat/10021.jpg
(418, 423, 3)
RESIZED:  torch.Size([3, 50, 50])
CatsVsDogsDataset/Cat/10167.jpg
(375, 500, 3)
RESIZED:  torch.Size([3, 50, 50])
CatsVsDogsDataset/Cat/10737.jpg
(467, 480, 3)
RESIZED:  torch.Size([3, 50, 50])
CatsVsDogsDataset/Cat/10860.jpg
(458, 500, 3)
RESIZED:  torch.Size([3, 50, 50])
CatsVsDogsDataset/Cat/10535.jpg
(375, 500, 3)
RESIZED:  torch.Size([3, 50, 50])
CatsVsDogsDataset/Cat/10344.jpg
(500, 375, 3)
RESIZED:  torch.Size([3, 50, 50])
CatsVsDogsDataset/Cat/10704.jpg
(375, 500, 3)
RESIZED:  torch.Size([3, 50, 50])
CatsVsDogsDataset/Cat/10279.jpg
(388, 404, 3)
RESIZED:  torch.Size([3, 50, 50])
CatsVsDogsDataset/Cat/10552.jpg
(375, 500, 3)
RESIZED:  torch.Size([3, 50, 50])
CatsVsDogsDataset/Cat/10153.jpg
(500, 375, 3)
RESIZED:  torch.Size([3, 50, 50])
CatsVsDogsDataset/Cat/10032.jpg
(120, 160, 3)
RESIZED:  torch.Size([3, 50, 50])
CatsVsDogsDataset/Cat/10336.jpg
(387, 458, 3)
RESIZED:  torch.Size([3, 50, 50])
CatsVsDogsDataset/Cat/1015.jpg
(377, 500, 3)
RESIZED:  torch.Size([3, 50, 50])
CatsVsDogsDataset/Cat/10483.jpg
(375, 500, 3)
RESIZED:  torch.Size([3, 50, 50])
CatsVsDogsDataset/Cat/10154.jpg
(421, 285, 3)
RESIZED:  torch.Size([3, 50, 50])
CatsVsDogsDataset/Cat/10789.jpg
(500, 379, 3)
RESIZED:  torch.Size([3, 50, 50])
CatsVsDogsDataset/Cat/104.jpg
(400, 253, 3)
RESIZED:  torch.Size([3, 50, 50])
CatsVsDogsDataset/Cat/10017.jpg
(281, 500, 3)
RESIZED:  torch.Size([3, 50, 50])
CatsVsDogsDataset/Cat/10090.jpg
(375, 500, 3)
RESIZED:  torch.Size([3, 50, 50])
CatsVsDogsDataset/Cat/10459.jpg
(375, 500, 3)
RESIZED:  torch.Size([3, 50, 50])
CatsVsDogsDataset/Cat/10285.jpg
(187, 250, 3)
RESIZED:  torch.Size([3, 50, 50])
CatsVsDogsDataset/Cat/10885.jpg
(324, 340, 3)
RESIZED:  torch.Size([3, 50, 50])
CatsVsDogsDataset/Cat/10597.jpg
(375, 500, 3)
RESIZED:  torch.Size([3, 50, 50])
CatsVsDogsDataset/Cat/10306.jpg
(184, 216, 3)
RESIZED:  torch.Size([3, 50, 50])
CatsVsDogsDataset/Cat/10738.jpg
(308, 453, 3)
RESIZED:  torch.Size([3, 50, 50])
CatsVsDogsDataset/Cat/10390.jpg
(308, 409, 3)
RESIZED:  torch.Size([3, 50, 50])
CatsVsDogsDataset/Cat/1030.jpg
(375, 500, 3)
RESIZED:  torch.Size([3, 50, 50])
CatsVsDogsDataset/Cat/10516.jpg
(500, 500, 3)
RESIZED:  torch.Size([3, 50, 50])
CatsVsDogsDataset/Cat/10482.jpg
(500, 462, 3)
RESIZED:  torch.Size([3, 50, 50])
CatsVsDogsDataset/Cat/10479.jpg
(282, 372, 3)
RESIZED:  torch.Size([3, 50, 50])
tensor([[[0.6471, 0.5961, 0.5490,  ..., 0.3098, 0.3922, 0.3490],
         [0.5294, 0.5137, 0.4980,  ..., 0.3922, 0.4157, 0.4353],
         [0.5843, 0.5412, 0.4745,  ..., 0.3961, 0.4000, 0.3922],
         ...,
         [0.1882, 0.1765, 0.2039,  ..., 0.3804, 0.3490, 0.2706],
         [0.2863, 0.2196, 0.1882,  ..., 0.2667, 0.2902, 0.2510],
         [0.2588, 0.2510, 0.2078,  ..., 0.1216, 0.2353, 0.2510]],

        [[0.8431, 0.8157, 0.7804,  ..., 0.5608, 0.6235, 0.5804],
         [0.7059, 0.7059, 0.6941,  ..., 0.6157, 0.6510, 0.6745],
         [0.7725, 0.7608, 0.7098,  ..., 0.6275, 0.6353, 0.6314],
         ...,
         [0.2157, 0.1922, 0.2667,  ..., 0.3569, 0.3804, 0.2471],
         [0.3098, 0.2196, 0.2314,  ..., 0.2667, 0.2941, 0.2353],
         [0.2157, 0.2275, 0.2392,  ..., 0.1137, 0.2118, 0.2588]],

        [[0.9059, 0.8863, 0.8588,  ..., 0.6824, 0.7451, 0.7059],
         [0.7608, 0.7647, 0.7569,  ..., 0.7333, 0.7647, 0.7882],
         [0.8549, 0.8353, 0.7882,  ..., 0.7412, 0.7490, 0.7529],
         ...,
         [0.2314, 0.2039, 0.3098,  ..., 0.3765, 0.4275, 0.2706],
         [0.3255, 0.2275, 0.2627,  ..., 0.3137, 0.3294, 0.2627],
         [0.2314, 0.2353, 0.2706,  ..., 0.1608, 0.2431, 0.2980]]])
CatsVsDogsDataset/Cat/10202.jpg
(375, 500, 3)
RESIZED:  torch.Size([3, 50, 50])
CatsVsDogsDataset/Cat/10878.jpg
(396, 362, 3)
RESIZED:  torch.Size([3, 50, 50])
CatsVsDogsDataset/Cat/10814.jpg
(454, 346, 3)
RESIZED:  torch.Size([3, 50, 50])
CatsVsDogsDataset/Cat/10575.jpg
(500, 375, 3)
RESIZED:  torch.Size([3, 50, 50])
CatsVsDogsDataset/Cat/1060.jpg
(375, 500, 3)
RESIZED:  torch.Size([3, 50, 50])
CatsVsDogsDataset/Cat/10031.jpg
(375, 500, 3)
RESIZED:  torch.Size([3, 50, 50])
CatsVsDogsDataset/Cat/1067.jpg
(375, 500, 3)
RESIZED:  torch.Size([3, 50, 50])
CatsVsDogsDataset/Cat/10521.jpg
(377, 500, 3)
RESIZED:  torch.Size([3, 50, 50])
CatsVsDogsDataset/Cat/10723.jpg
(500, 451, 3)
RESIZED:  torch.Size([3, 50, 50])
CatsVsDogsDataset/Cat/10456.jpg
(436, 500, 3)
RESIZED:  torch.Size([3, 50, 50])
CatsVsDogsDataset/Cat/10060.jpg
(427, 500, 3)
RESIZED:  torch.Size([3, 50, 50])
CatsVsDogsDataset/Cat/10174.jpg
(375, 500, 3)
RESIZED:  torch.Size([3, 50, 50])
CatsVsDogsDataset/Cat/10374.jpg
(500, 388, 3)
RESIZED:  torch.Size([3, 50, 50])
CatsVsDogsDataset/Cat/10063.jpg
(500, 375, 3)
RESIZED:  torch.Size([3, 50, 50])
CatsVsDogsDataset/Cat/10233.jpg
(375, 500, 3)
RESIZED:  torch.Size([3, 50, 50])
CatsVsDogsDataset/Cat/10505.jpg
(500, 400, 3)
RESIZED:  torch.Size([3, 50, 50])
CatsVsDogsDataset/Cat/10557.jpg
(500, 257, 3)
RESIZED:  torch.Size([3, 50, 50])
CatsVsDogsDataset/Cat/10511.jpg
(500, 340, 3)
RESIZED:  torch.Size([3, 50, 50])
CatsVsDogsDataset/Cat/10273.jpg
(326, 351, 3)
RESIZED:  torch.Size([3, 50, 50])
CatsVsDogsDataset/Cat/10812.jpg
(355, 430, 3)
RESIZED:  torch.Size([3, 50, 50])
CatsVsDogsDataset/Cat/10513.jpg
(298, 500, 3)
RESIZED:  torch.Size([3, 50, 50])
CatsVsDogsDataset/Cat/10696.jpg
(172, 288, 3)
RESIZED:  torch.Size([3, 50, 50])
CatsVsDogsDataset/Cat/10485.jpg
(227, 285, 3)
RESIZED:  torch.Size([3, 50, 50])
CatsVsDogsDataset/Cat/10020.jpg
(424, 320, 3)
RESIZED:  torch.Size([3, 50, 50])
CatsVsDogsDataset/Cat/10424.jpg
(500, 375, 3)
RESIZED:  torch.Size([3, 50, 50])
CatsVsDogsDataset/Cat/10367.jpg
(500, 442, 3)
RESIZED:  torch.Size([3, 50, 50])
CatsVsDogsDataset/Cat/10091.jpg
(182, 141, 3)
RESIZED:  torch.Size([3, 50, 50])
CatsVsDogsDataset/Cat/10713.jpg
(438, 350, 3)
RESIZED:  torch.Size([3, 50, 50])
CatsVsDogsDataset/Cat/10435.jpg
(160, 144, 3)
RESIZED:  torch.Size([3, 50, 50])
CatsVsDogsDataset/Cat/10027.jpg
(333, 500, 3)
RESIZED:  torch.Size([3, 50, 50])
CatsVsDogsDataset/Cat/10378.jpg
(363, 500, 3)
RESIZED:  torch.Size([3, 50, 50])
CatsVsDogsDataset/Cat/10502.jpg
(150, 180, 3)
RESIZED:  torch.Size([3, 50, 50])
tensor([[[0.9922, 0.9922, 0.9922,  ..., 0.7647, 0.7216, 0.6824],
         [0.9922, 0.9922, 0.9922,  ..., 0.7804, 0.7373, 0.6980],
         [0.9922, 0.9922, 0.9922,  ..., 0.7961, 0.7529, 0.7137],
         ...,
         [0.3059, 0.2980, 0.3294,  ..., 0.2824, 0.2510, 0.2275],
         [0.2588, 0.2353, 0.2627,  ..., 0.2235, 0.2078, 0.1922],
         [0.2275, 0.2235, 0.2275,  ..., 0.2706, 0.2431, 0.1765]],

        [[0.9922, 0.9922, 0.9922,  ..., 0.7255, 0.6863, 0.6510],
         [0.9922, 0.9922, 0.9922,  ..., 0.7412, 0.7020, 0.6627],
         [0.9922, 0.9922, 0.9922,  ..., 0.7569, 0.7216, 0.6824],
         ...,
         [0.5686, 0.5333, 0.5882,  ..., 0.2745, 0.2510, 0.2275],
         [0.5059, 0.4745, 0.5137,  ..., 0.2235, 0.2118, 0.1961],
         [0.4510, 0.4706, 0.4667,  ..., 0.2824, 0.2510, 0.1882]],

        [[0.9922, 0.9922, 0.9922,  ..., 0.7725, 0.7373, 0.7020],
         [0.9922, 0.9922, 0.9922,  ..., 0.7882, 0.7529, 0.7137],
         [0.9922, 0.9922, 0.9922,  ..., 0.8039, 0.7647, 0.7255],
         ...,
         [0.7804, 0.7490, 0.8000,  ..., 0.5137, 0.4784, 0.4510],
         [0.7529, 0.7255, 0.7686,  ..., 0.3882, 0.3882, 0.3725],
         [0.7059, 0.7255, 0.7176,  ..., 0.3882, 0.3686, 0.2941]]])
CatsVsDogsDataset/Cat/10365.jpg
(224, 296, 3)
RESIZED:  torch.Size([3, 50, 50])
CatsVsDogsDataset/Cat/10764.jpg
(375, 500, 3)
RESIZED:  torch.Size([3, 50, 50])
CatsVsDogsDataset/Cat/0.jpg
(375, 500, 3)
RESIZED:  torch.Size([3, 50, 50])
CatsVsDogsDataset/Cat/10087.jpg
(300, 350, 3)
RESIZED:  torch.Size([3, 50, 50])
CatsVsDogsDataset/Cat/10337.jpg
(375, 500, 3)
RESIZED:  torch.Size([3, 50, 50])
CatsVsDogsDataset/Cat/10173.jpg
(310, 432, 3)
RESIZED:  torch.Size([3, 50, 50])
CatsVsDogsDataset/Cat/1038.jpg
(365, 500, 3)
RESIZED:  torch.Size([3, 50, 50])
CatsVsDogsDataset/Cat/1070.jpg
(375, 500, 3)
RESIZED:  torch.Size([3, 50, 50])
CatsVsDogsDataset/Cat/10544.jpg
(477, 482, 3)
RESIZED:  torch.Size([3, 50, 50])
CatsVsDogsDataset/Cat/10380.jpg
(375, 500, 3)
RESIZED:  torch.Size([3, 50, 50])
CatsVsDogsDataset/Cat/10124.jpg
(338, 450, 3)
RESIZED:  torch.Size([3, 50, 50])
CatsVsDogsDataset/Cat/10203.jpg
(258, 175, 3)
RESIZED:  torch.Size([3, 50, 50])
CatsVsDogsDataset/Cat/10283.jpg
(260, 500, 3)
RESIZED:  torch.Size([3, 50, 50])
CatsVsDogsDataset/Cat/10820.jpg
