here
Namespace(config_path='./config/train_config.yml', s3_bucket='movematch', prefix='CatsVsDogsDataset')
movematch
CatsVsDogsDataset
24991
CatsVsDogsDataset/Dog/12306.jpg
(400, 277, 3)
RESIZED:  torch.Size([3, 50, 50])
CatsVsDogsDataset/Dog/598.jpg
(500, 337, 3)
RESIZED:  torch.Size([3, 50, 50])
CatsVsDogsDataset/Dog/3011.jpg
(406, 345, 3)
RESIZED:  torch.Size([3, 50, 50])
CatsVsDogsDataset/Dog/711.jpg
(444, 455, 3)
RESIZED:  torch.Size([3, 50, 50])
CatsVsDogsDataset/Dog/9979.jpg
(403, 500, 3)
RESIZED:  torch.Size([3, 50, 50])
CatsVsDogsDataset/Cat/8826.jpg
(500, 333, 3)
RESIZED:  torch.Size([3, 50, 50])
CatsVsDogsDataset/Dog/5253.jpg
(262, 350, 3)
RESIZED:  torch.Size([3, 50, 50])
CatsVsDogsDataset/Dog/7108.jpg
(263, 197, 3)
RESIZED:  torch.Size([3, 50, 50])
CatsVsDogsDataset/Cat/4669.jpg
(333, 500, 3)
RESIZED:  torch.Size([3, 50, 50])
CatsVsDogsDataset/Cat/1287.jpg
(359, 480, 3)
RESIZED:  torch.Size([3, 50, 50])
CatsVsDogsDataset/Cat/11697.jpg
(375, 500, 3)
RESIZED:  torch.Size([3, 50, 50])
CatsVsDogsDataset/Cat/3389.jpg
(240, 320, 3)
RESIZED:  torch.Size([3, 50, 50])
CatsVsDogsDataset/Cat/8246.jpg
(375, 500, 3)
RESIZED:  torch.Size([3, 50, 50])
CatsVsDogsDataset/Cat/7236.jpg
(375, 500, 3)
RESIZED:  torch.Size([3, 50, 50])
CatsVsDogsDataset/Cat/6740.jpg
(320, 240, 3)
RESIZED:  torch.Size([3, 50, 50])
CatsVsDogsDataset/Dog/9391.jpg
(375, 500, 3)
RESIZED:  torch.Size([3, 50, 50])
CatsVsDogsDataset/Cat/1760.jpg
(287, 287, 3)
RESIZED:  torch.Size([3, 50, 50])
CatsVsDogsDataset/Dog/9177.jpg
(306, 319, 3)
RESIZED:  torch.Size([3, 50, 50])
CatsVsDogsDataset/Dog/6744.jpg
(478, 500, 3)
RESIZED:  torch.Size([3, 50, 50])
CatsVsDogsDataset/Dog/7285.jpg
(438, 500, 3)
RESIZED:  torch.Size([3, 50, 50])
CatsVsDogsDataset/Cat/8588.jpg
(436, 500, 3)
RESIZED:  torch.Size([3, 50, 50])
CatsVsDogsDataset/Cat/8488.jpg
(333, 500, 3)
RESIZED:  torch.Size([3, 50, 50])
CatsVsDogsDataset/Dog/9489.jpg
(500, 446, 3)
RESIZED:  torch.Size([3, 50, 50])
CatsVsDogsDataset/Cat/4680.jpg
(500, 336, 3)
RESIZED:  torch.Size([3, 50, 50])
CatsVsDogsDataset/Cat/10016.jpg
(198, 180, 3)
RESIZED:  torch.Size([3, 50, 50])
CatsVsDogsDataset/Dog/6616.jpg
(181, 127, 3)
RESIZED:  torch.Size([3, 50, 50])
CatsVsDogsDataset/Cat/1895.jpg
(336, 406, 3)
RESIZED:  torch.Size([3, 50, 50])
CatsVsDogsDataset/Dog/9756.jpg
(332, 500, 3)
RESIZED:  torch.Size([3, 50, 50])
CatsVsDogsDataset/Dog/3034.jpg
(210, 210, 3)
RESIZED:  torch.Size([3, 50, 50])
CatsVsDogsDataset/Dog/8992.jpg
(216, 288, 3)
RESIZED:  torch.Size([3, 50, 50])
CatsVsDogsDataset/Dog/4205.jpg
(375, 500, 3)
RESIZED:  torch.Size([3, 50, 50])
CatsVsDogsDataset/Cat/4916.jpg
(377, 500, 3)
RESIZED:  torch.Size([3, 50, 50])
CatsVsDogsDataset/Cat/12064.jpg
(398, 500, 3)
RESIZED:  torch.Size([3, 50, 50])
CatsVsDogsDataset/Cat/5909.jpg
(172, 216, 3)
RESIZED:  torch.Size([3, 50, 50])
CatsVsDogsDataset/Cat/705.jpg
(315, 400, 3)
RESIZED:  torch.Size([3, 50, 50])
CatsVsDogsDataset/Cat/9843.jpg
(432, 452, 3)
RESIZED:  torch.Size([3, 50, 50])
CatsVsDogsDataset/Cat/2469.jpg
(334, 500, 3)
RESIZED:  torch.Size([3, 50, 50])
CatsVsDogsDataset/Cat/1812.jpg
(329, 486, 3)
RESIZED:  torch.Size([3, 50, 50])
CatsVsDogsDataset/Cat/7955.jpg
(500, 375, 3)
RESIZED:  torch.Size([3, 50, 50])
CatsVsDogsDataset/Cat/3995.jpg
(375, 500, 3)
RESIZED:  torch.Size([3, 50, 50])
CatsVsDogsDataset/Dog/6374.jpg
(416, 342, 3)
RESIZED:  torch.Size([3, 50, 50])
CatsVsDogsDataset/Cat/11596.jpg
(375, 500, 3)
RESIZED:  torch.Size([3, 50, 50])
CatsVsDogsDataset/Cat/2398.jpg
(374, 500, 3)
RESIZED:  torch.Size([3, 50, 50])
CatsVsDogsDataset/Cat/7317.jpg
(112, 100, 3)
RESIZED:  torch.Size([3, 50, 50])
CatsVsDogsDataset/Cat/9941.jpg
(375, 500, 3)
RESIZED:  torch.Size([3, 50, 50])
CatsVsDogsDataset/Dog/2374.jpg
(172, 142, 3)
RESIZED:  torch.Size([3, 50, 50])
CatsVsDogsDataset/Dog/11207.jpg
(333, 500, 3)
RESIZED:  torch.Size([3, 50, 50])
CatsVsDogsDataset/Dog/1693.jpg
(500, 375, 3)
RESIZED:  torch.Size([3, 50, 50])
CatsVsDogsDataset/Dog/4577.jpg
(375, 500, 3)
RESIZED:  torch.Size([3, 50, 50])
CatsVsDogsDataset/Cat/8516.jpg
(500, 333, 3)
RESIZED:  torch.Size([3, 50, 50])
CatsVsDogsDataset/Dog/8401.jpg
(479, 435, 3)
RESIZED:  torch.Size([3, 50, 50])
CatsVsDogsDataset/Dog/11105.jpg
(338, 246, 3)
RESIZED:  torch.Size([3, 50, 50])
CatsVsDogsDataset/Cat/2642.jpg
(438, 453, 3)
RESIZED:  torch.Size([3, 50, 50])
CatsVsDogsDataset/Dog/6739.jpg
(338, 500, 3)
RESIZED:  torch.Size([3, 50, 50])
CatsVsDogsDataset/Cat/62.jpg
(378, 500, 3)
RESIZED:  torch.Size([3, 50, 50])
CatsVsDogsDataset/Cat/7091.jpg
(385, 500, 3)
RESIZED:  torch.Size([3, 50, 50])
CatsVsDogsDataset/Cat/1712.jpg
(240, 320, 3)
RESIZED:  torch.Size([3, 50, 50])
CatsVsDogsDataset/Cat/5751.jpg
(384, 500, 3)
RESIZED:  torch.Size([3, 50, 50])
CatsVsDogsDataset/Cat/1291.jpg
(443, 500, 3)
RESIZED:  torch.Size([3, 50, 50])
CatsVsDogsDataset/Cat/10073.jpg
(479, 498, 3)
RESIZED:  torch.Size([3, 50, 50])
CatsVsDogsDataset/Dog/11750.jpg
(500, 439, 3)
RESIZED:  torch.Size([3, 50, 50])
CatsVsDogsDataset/Dog/6054.jpg
(375, 500, 3)
RESIZED:  torch.Size([3, 50, 50])
CatsVsDogsDataset/Cat/9432.jpg
(176, 192, 3)
RESIZED:  torch.Size([3, 50, 50])
CatsVsDogsDataset/Dog/10084.jpg
(250, 250, 3)
RESIZED:  torch.Size([3, 50, 50])
CatsVsDogsDataset/Cat/1914.jpg
(256, 384, 3)
RESIZED:  torch.Size([3, 50, 50])
CatsVsDogsDataset/Dog/9824.jpg
(419, 500, 3)
RESIZED:  torch.Size([3, 50, 50])
CatsVsDogsDataset/Cat/4501.jpg
(316, 500, 3)
RESIZED:  torch.Size([3, 50, 50])
CatsVsDogsDataset/Cat/10710.jpg
(375, 500, 3)
RESIZED:  torch.Size([3, 50, 50])
CatsVsDogsDataset/Dog/4884.jpg
(375, 500, 3)
RESIZED:  torch.Size([3, 50, 50])
CatsVsDogsDataset/Dog/139.jpg
(353, 473, 3)
RESIZED:  torch.Size([3, 50, 50])
CatsVsDogsDataset/Dog/6531.jpg
(323, 305, 3)
RESIZED:  torch.Size([3, 50, 50])
CatsVsDogsDataset/Cat/7434.jpg
(388, 469, 3)
RESIZED:  torch.Size([3, 50, 50])
CatsVsDogsDataset/Dog/6368.jpg
(380, 500, 3)
RESIZED:  torch.Size([3, 50, 50])
CatsVsDogsDataset/Dog/12376.jpg
(375, 500, 3)
RESIZED:  torch.Size([3, 50, 50])
CatsVsDogsDataset/Dog/11512.jpg
(432, 496, 3)
RESIZED:  torch.Size([3, 50, 50])
CatsVsDogsDataset/Dog/7800.jpg
(384, 286, 3)
RESIZED:  torch.Size([3, 50, 50])
CatsVsDogsDataset/Cat/1192.jpg
(367, 500, 3)
RESIZED:  torch.Size([3, 50, 50])
CatsVsDogsDataset/Dog/1983.jpg
(413, 434, 3)
RESIZED:  torch.Size([3, 50, 50])
CatsVsDogsDataset/Cat/15.jpg
(353, 406, 3)
RESIZED:  torch.Size([3, 50, 50])
CatsVsDogsDataset/Dog/7907.jpg
(326, 489, 3)
RESIZED:  torch.Size([3, 50, 50])
CatsVsDogsDataset/Dog/10670.jpg
(375, 500, 3)
RESIZED:  torch.Size([3, 50, 50])
CatsVsDogsDataset/Dog/7050.jpg
(458, 384, 3)
RESIZED:  torch.Size([3, 50, 50])
CatsVsDogsDataset/Dog/2019.jpg
(295, 350, 3)
RESIZED:  torch.Size([3, 50, 50])
CatsVsDogsDataset/Dog/1159.jpg
(403, 500, 3)
RESIZED:  torch.Size([3, 50, 50])
CatsVsDogsDataset/Dog/1465.jpg
(482, 500, 3)
RESIZED:  torch.Size([3, 50, 50])
CatsVsDogsDataset/Dog/10372.jpg
(300, 250, 3)
RESIZED:  torch.Size([3, 50, 50])
CatsVsDogsDataset/Cat/8523.jpg
(500, 326, 3)
RESIZED:  torch.Size([3, 50, 50])
CatsVsDogsDataset/Dog/4729.jpg
(419, 353, 3)
RESIZED:  torch.Size([3, 50, 50])
CatsVsDogsDataset/Dog/6607.jpg
(500, 389, 3)
RESIZED:  torch.Size([3, 50, 50])
CatsVsDogsDataset/Cat/1430.jpg
(400, 320, 3)
RESIZED:  torch.Size([3, 50, 50])
CatsVsDogsDataset/Dog/333.jpg
(500, 472, 3)
RESIZED:  torch.Size([3, 50, 50])
CatsVsDogsDataset/Cat/7307.jpg
(500, 303, 3)
RESIZED:  torch.Size([3, 50, 50])
CatsVsDogsDataset/Dog/1675.jpg
(409, 307, 3)
RESIZED:  torch.Size([3, 50, 50])
CatsVsDogsDataset/Cat/3746.jpg
(375, 500, 3)
RESIZED:  torch.Size([3, 50, 50])
CatsVsDogsDataset/Cat/11488.jpg
(374, 500, 3)
RESIZED:  torch.Size([3, 50, 50])
CatsVsDogsDataset/Cat/117.jpg
(357, 391, 3)
RESIZED:  torch.Size([3, 50, 50])
CatsVsDogsDataset/Dog/6202.jpg
(437, 249, 3)
RESIZED:  torch.Size([3, 50, 50])
CatsVsDogsDataset/Cat/7983.jpg
(375, 500, 3)
RESIZED:  torch.Size([3, 50, 50])
CatsVsDogsDataset/Cat/5868.jpg
(375, 500, 3)
RESIZED:  torch.Size([3, 50, 50])
CatsVsDogsDataset/Dog/997.jpg
(181, 250, 3)
RESIZED:  torch.Size([3, 50, 50])
CatsVsDogsDataset/Cat/9601.jpg
(481, 500, 3)
RESIZED:  torch.Size([3, 50, 50])
CatsVsDogsDataset/Cat/7044.jpg
(375, 500, 3)
RESIZED:  torch.Size([3, 50, 50])
CatsVsDogsDataset/Cat/6400.jpg
(240, 320, 3)
RESIZED:  torch.Size([3, 50, 50])
CatsVsDogsDataset/Cat/3516.jpg
(375, 500, 3)
RESIZED:  torch.Size([3, 50, 50])
CatsVsDogsDataset/Dog/11249.jpg
(336, 500, 3)
RESIZED:  torch.Size([3, 50, 50])
CatsVsDogsDataset/Dog/1227.jpg
(294, 263, 3)
RESIZED:  torch.Size([3, 50, 50])
CatsVsDogsDataset/Cat/1699.jpg
(288, 195, 3)
RESIZED:  torch.Size([3, 50, 50])
CatsVsDogsDataset/Cat/6794.jpg
(375, 500, 3)
RESIZED:  torch.Size([3, 50, 50])
CatsVsDogsDataset/Cat/10551.jpg
(242, 320, 3)
RESIZED:  torch.Size([3, 50, 50])
CatsVsDogsDataset/Dog/4590.jpg
(500, 416, 3)
RESIZED:  torch.Size([3, 50, 50])
CatsVsDogsDataset/Dog/3602.jpg
(500, 364, 3)
RESIZED:  torch.Size([3, 50, 50])
CatsVsDogsDataset/Dog/351.jpg
(375, 500, 3)
RESIZED:  torch.Size([3, 50, 50])
CatsVsDogsDataset/Dog/3742.jpg
(500, 400, 3)
RESIZED:  torch.Size([3, 50, 50])
CatsVsDogsDataset/Dog/8124.jpg
(330, 306, 3)
RESIZED:  torch.Size([3, 50, 50])
CatsVsDogsDataset/Dog/5728.jpg
(264, 200, 3)
RESIZED:  torch.Size([3, 50, 50])
CatsVsDogsDataset/Dog/4731.jpg
(375, 500, 3)
RESIZED:  torch.Size([3, 50, 50])
CatsVsDogsDataset/Cat/6931.jpg
(415, 319, 3)
RESIZED:  torch.Size([3, 50, 50])
CatsVsDogsDataset/Dog/1125.jpg
(216, 287, 3)
RESIZED:  torch.Size([3, 50, 50])
CatsVsDogsDataset/Cat/8708.jpg
(233, 376, 3)
RESIZED:  torch.Size([3, 50, 50])
CatsVsDogsDataset/Cat/1447.jpg
(500, 436, 3)
RESIZED:  torch.Size([3, 50, 50])
CatsVsDogsDataset/Cat/6217.jpg
(262, 350, 3)
RESIZED:  torch.Size([3, 50, 50])
CatsVsDogsDataset/Cat/3708.jpg
(361, 496, 3)
RESIZED:  torch.Size([3, 50, 50])
CatsVsDogsDataset/Dog/1819.jpg
(232, 232, 3)
RESIZED:  torch.Size([3, 50, 50])
CatsVsDogsDataset/Dog/2162.jpg
(235, 314, 3)
RESIZED:  torch.Size([3, 50, 50])
CatsVsDogsDataset/Cat/4601.jpg
(375, 500, 3)
RESIZED:  torch.Size([3, 50, 50])
CatsVsDogsDataset/Dog/11539.jpg
(267, 400, 3)
RESIZED:  torch.Size([3, 50, 50])
CatsVsDogsDataset/Cat/2026.jpg
(339, 307, 3)
RESIZED:  torch.Size([3, 50, 50])
CatsVsDogsDataset/Dog/2191.jpg
(333, 500, 3)
RESIZED:  torch.Size([3, 50, 50])
CatsVsDogsDataset/Dog/5046.jpg
(364, 317, 3)
RESIZED:  torch.Size([3, 50, 50])
CatsVsDogsDataset/Cat/9135.jpg
(391, 500, 3)
RESIZED:  torch.Size([3, 50, 50])
CatsVsDogsDataset/Cat/1083.jpg
(468, 500, 3)
RESIZED:  torch.Size([3, 50, 50])
CatsVsDogsDataset/Cat/8517.jpg
(335, 500, 3)
RESIZED:  torch.Size([3, 50, 50])
CatsVsDogsDataset/Dog/6295.jpg
(320, 500, 3)
RESIZED:  torch.Size([3, 50, 50])
CatsVsDogsDataset/Cat/8406.jpg
(393, 500, 3)
RESIZED:  torch.Size([3, 50, 50])
CatsVsDogsDataset/Dog/5857.jpg
(500, 476, 3)
RESIZED:  torch.Size([3, 50, 50])
CatsVsDogsDataset/Dog/8450.jpg
(68, 87, 3)
RESIZED:  torch.Size([3, 50, 50])
CatsVsDogsDataset/Dog/8352.jpg
(500, 375, 3)
RESIZED:  torch.Size([3, 50, 50])
CatsVsDogsDataset/Dog/1921.jpg
(286, 242, 3)
RESIZED:  torch.Size([3, 50, 50])
CatsVsDogsDataset/Dog/6507.jpg
(188, 250, 3)
RESIZED:  torch.Size([3, 50, 50])
CatsVsDogsDataset/Cat/8581.jpg
(337, 500, 3)
RESIZED:  torch.Size([3, 50, 50])
CatsVsDogsDataset/Dog/2935.jpg
(500, 337, 3)
RESIZED:  torch.Size([3, 50, 50])
CatsVsDogsDataset/Cat/11560.jpg
(346, 500, 3)
RESIZED:  torch.Size([3, 50, 50])
CatsVsDogsDataset/Cat/7338.jpg
(500, 485, 3)
RESIZED:  torch.Size([3, 50, 50])
CatsVsDogsDataset/Cat/3959.jpg
(317, 315, 3)
RESIZED:  torch.Size([3, 50, 50])
CatsVsDogsDataset/Cat/2000.jpg
(500, 459, 3)
RESIZED:  torch.Size([3, 50, 50])
CatsVsDogsDataset/Cat/10517.jpg
(326, 500, 3)
RESIZED:  torch.Size([3, 50, 50])
CatsVsDogsDataset/Cat/4251.jpg
(454, 423, 3)
RESIZED:  torch.Size([3, 50, 50])
CatsVsDogsDataset/Cat/4070.jpg
(397, 500, 3)
RESIZED:  torch.Size([3, 50, 50])
CatsVsDogsDataset/Cat/536.jpg
(430, 500, 3)
RESIZED:  torch.Size([3, 50, 50])
CatsVsDogsDataset/Cat/8248.jpg
(482, 487, 3)
RESIZED:  torch.Size([3, 50, 50])
CatsVsDogsDataset/Dog/4201.jpg
(175, 192, 3)
RESIZED:  torch.Size([3, 50, 50])
CatsVsDogsDataset/Cat/5279.jpg
(310, 413, 3)
RESIZED:  torch.Size([3, 50, 50])
CatsVsDogsDataset/Cat/379.jpg
(240, 320, 3)
RESIZED:  torch.Size([3, 50, 50])
CatsVsDogsDataset/Cat/9470.jpg
(188, 250, 3)
RESIZED:  torch.Size([3, 50, 50])
CatsVsDogsDataset/Dog/11446.jpg
(500, 375, 3)
RESIZED:  torch.Size([3, 50, 50])
CatsVsDogsDataset/Dog/6335.jpg
(302, 360, 3)
RESIZED:  torch.Size([3, 50, 50])
CatsVsDogsDataset/Cat/261.jpg
(180, 181, 3)
RESIZED:  torch.Size([3, 50, 50])
CatsVsDogsDataset/Cat/3803.jpg
(375, 500, 3)
RESIZED:  torch.Size([3, 50, 50])
CatsVsDogsDataset/Cat/298.jpg
(500, 432, 3)
RESIZED:  torch.Size([3, 50, 50])
CatsVsDogsDataset/Dog/3772.jpg
(286, 320, 3)
RESIZED:  torch.Size([3, 50, 50])
CatsVsDogsDataset/Dog/620.jpg
(455, 300, 3)
RESIZED:  torch.Size([3, 50, 50])
CatsVsDogsDataset/Dog/9499.jpg
(500, 384, 3)
RESIZED:  torch.Size([3, 50, 50])
CatsVsDogsDataset/Cat/12086.jpg
(322, 373, 3)
RESIZED:  torch.Size([3, 50, 50])
CatsVsDogsDataset/Dog/3628.jpg
(500, 358, 3)
RESIZED:  torch.Size([3, 50, 50])
CatsVsDogsDataset/Cat/9525.jpg
(375, 500, 3)
RESIZED:  torch.Size([3, 50, 50])
CatsVsDogsDataset/Dog/9175.jpg
(417, 500, 3)
RESIZED:  torch.Size([3, 50, 50])
CatsVsDogsDataset/Dog/4047.jpg
(294, 292, 3)
RESIZED:  torch.Size([3, 50, 50])
CatsVsDogsDataset/Dog/4231.jpg
(426, 500, 3)
RESIZED:  torch.Size([3, 50, 50])
CatsVsDogsDataset/Dog/5818.jpg
(300, 400, 3)
RESIZED:  torch.Size([3, 50, 50])
CatsVsDogsDataset/Dog/3558.jpg
(184, 300, 3)
RESIZED:  torch.Size([3, 50, 50])
CatsVsDogsDataset/Cat/9288.jpg
(375, 500, 3)
RESIZED:  torch.Size([3, 50, 50])
CatsVsDogsDataset/Dog/1048.jpg
(375, 500, 3)
RESIZED:  torch.Size([3, 50, 50])
CatsVsDogsDataset/Dog/11546.jpg
(297, 500, 3)
RESIZED:  torch.Size([3, 50, 50])
CatsVsDogsDataset/Cat/6621.jpg
(309, 274, 3)
RESIZED:  torch.Size([3, 50, 50])
CatsVsDogsDataset/Dog/5500.jpg
(375, 500, 3)
RESIZED:  torch.Size([3, 50, 50])
CatsVsDogsDataset/Cat/7895.jpg
(486, 500, 3)
RESIZED:  torch.Size([3, 50, 50])
CatsVsDogsDataset/Cat/4901.jpg
(410, 444, 3)
RESIZED:  torch.Size([3, 50, 50])
CatsVsDogsDataset/Cat/5787.jpg
(170, 166, 3)
RESIZED:  torch.Size([3, 50, 50])
CatsVsDogsDataset/Dog/10668.jpg
(500, 375, 3)
RESIZED:  torch.Size([3, 50, 50])
CatsVsDogsDataset/Dog/8441.jpg
(375, 500, 3)
RESIZED:  torch.Size([3, 50, 50])
CatsVsDogsDataset/Dog/6860.jpg
(265, 288, 3)
RESIZED:  torch.Size([3, 50, 50])
CatsVsDogsDataset/Cat/4520.jpg
(371, 500, 3)
RESIZED:  torch.Size([3, 50, 50])
CatsVsDogsDataset/Cat/7741.jpg
(404, 350, 3)
RESIZED:  torch.Size([3, 50, 50])
CatsVsDogsDataset/Cat/1417.jpg
(375, 500, 3)
RESIZED:  torch.Size([3, 50, 50])
CatsVsDogsDataset/Cat/4924.jpg
(375, 500, 3)
RESIZED:  torch.Size([3, 50, 50])
CatsVsDogsDataset/Cat/4387.jpg
(500, 353, 3)
RESIZED:  torch.Size([3, 50, 50])
CatsVsDogsDataset/Cat/6255.jpg
(206, 237, 3)
RESIZED:  torch.Size([3, 50, 50])
CatsVsDogsDataset/Cat/4283.jpg
(210, 280, 3)
RESIZED:  torch.Size([3, 50, 50])
CatsVsDogsDataset/Dog/11610.jpg
(500, 462, 3)
RESIZED:  torch.Size([3, 50, 50])
CatsVsDogsDataset/Cat/1990.jpg
(375, 500, 3)
RESIZED:  torch.Size([3, 50, 50])
CatsVsDogsDataset/Cat/7414.jpg
(378, 500, 3)
RESIZED:  torch.Size([3, 50, 50])
CatsVsDogsDataset/Cat/10298.jpg
(243, 215, 3)
RESIZED:  torch.Size([3, 50, 50])
CatsVsDogsDataset/Cat/2780.jpg
(276, 320, 3)
RESIZED:  torch.Size([3, 50, 50])
CatsVsDogsDataset/Dog/1039.jpg
(500, 479, 3)
RESIZED:  torch.Size([3, 50, 50])
CatsVsDogsDataset/Dog/8123.jpg
(459, 500, 3)
RESIZED:  torch.Size([3, 50, 50])
CatsVsDogsDataset/Dog/6991.jpg
(500, 305, 3)
RESIZED:  torch.Size([3, 50, 50])
CatsVsDogsDataset/Cat/7180.jpg
(500, 398, 3)
RESIZED:  torch.Size([3, 50, 50])
CatsVsDogsDataset/Cat/12467.jpg
(375, 500, 3)
RESIZED:  torch.Size([3, 50, 50])
CatsVsDogsDataset/Cat/731.jpg
(393, 398, 3)
RESIZED:  torch.Size([3, 50, 50])
CatsVsDogsDataset/Dog/1897.jpg
(240, 320, 3)
RESIZED:  torch.Size([3, 50, 50])
CatsVsDogsDataset/Cat/12419.jpg
(375, 500, 3)
RESIZED:  torch.Size([3, 50, 50])
CatsVsDogsDataset/Cat/3089.jpg
(480, 319, 3)
RESIZED:  torch.Size([3, 50, 50])
CatsVsDogsDataset/Dog/6582.jpg
(500, 484, 3)
RESIZED:  torch.Size([3, 50, 50])
CatsVsDogsDataset/Cat/11698.jpg
(500, 375, 3)
RESIZED:  torch.Size([3, 50, 50])
CatsVsDogsDataset/Dog/10774.jpg
(375, 500, 3)
RESIZED:  torch.Size([3, 50, 50])
CatsVsDogsDataset/Dog/10570.jpg
(500, 294, 3)
RESIZED:  torch.Size([3, 50, 50])
CatsVsDogsDataset/Dog/2361.jpg
(375, 500, 3)
RESIZED:  torch.Size([3, 50, 50])
CatsVsDogsDataset/Cat/7628.jpg
(450, 301, 3)
RESIZED:  torch.Size([3, 50, 50])
CatsVsDogsDataset/Cat/12186.jpg
(468, 500, 3)
RESIZED:  torch.Size([3, 50, 50])
CatsVsDogsDataset/Cat/6075.jpg
(500, 483, 3)
RESIZED:  torch.Size([3, 50, 50])
CatsVsDogsDataset/Dog/3167.jpg
(448, 473, 3)
RESIZED:  torch.Size([3, 50, 50])
CatsVsDogsDataset/Dog/11134.jpg
(375, 500, 3)
RESIZED:  torch.Size([3, 50, 50])
CatsVsDogsDataset/Cat/8316.jpg
(262, 350, 3)
RESIZED:  torch.Size([3, 50, 50])
CatsVsDogsDataset/Dog/3038.jpg
(289, 384, 3)
RESIZED:  torch.Size([3, 50, 50])
CatsVsDogsDataset/Cat/10580.jpg
(338, 450, 3)
RESIZED:  torch.Size([3, 50, 50])
CatsVsDogsDataset/Cat/4346.jpg
(375, 500, 3)
RESIZED:  torch.Size([3, 50, 50])
CatsVsDogsDataset/Dog/9422.jpg
(375, 500, 3)
RESIZED:  torch.Size([3, 50, 50])
CatsVsDogsDataset/Dog/2088.jpg
(500, 448, 3)
RESIZED:  torch.Size([3, 50, 50])
CatsVsDogsDataset/Cat/2550.jpg
(150, 200, 3)
RESIZED:  torch.Size([3, 50, 50])
CatsVsDogsDataset/Cat/8351.jpg
(222, 222, 3)
RESIZED:  torch.Size([3, 50, 50])
CatsVsDogsDataset/Dog/3220.jpg
(242, 300, 3)
RESIZED:  torch.Size([3, 50, 50])
CatsVsDogsDataset/Dog/2365.jpg
(270, 377, 3)
RESIZED:  torch.Size([3, 50, 50])
CatsVsDogsDataset/Dog/9435.jpg
(377, 500, 3)
RESIZED:  torch.Size([3, 50, 50])
CatsVsDogsDataset/Cat/1294.jpg
(375, 500, 3)
RESIZED:  torch.Size([3, 50, 50])
CatsVsDogsDataset/Dog/7909.jpg
(472, 443, 3)
RESIZED:  torch.Size([3, 50, 50])
CatsVsDogsDataset/Dog/7057.jpg
(143, 150, 3)
RESIZED:  torch.Size([3, 50, 50])
CatsVsDogsDataset/Dog/9520.jpg
(375, 500, 3)
RESIZED:  torch.Size([3, 50, 50])
CatsVsDogsDataset/Dog/9549.jpg
(474, 500, 3)
RESIZED:  torch.Size([3, 50, 50])
CatsVsDogsDataset/Dog/8639.jpg
(375, 500, 3)
RESIZED:  torch.Size([3, 50, 50])
CatsVsDogsDataset/Dog/8314.jpg
(375, 500, 3)
RESIZED:  torch.Size([3, 50, 50])
CatsVsDogsDataset/Dog/1128.jpg
(368, 199, 3)
RESIZED:  torch.Size([3, 50, 50])
CatsVsDogsDataset/Cat/12356.jpg
(375, 500, 3)
RESIZED:  torch.Size([3, 50, 50])
CatsVsDogsDataset/Dog/10146.jpg
(375, 500, 3)
RESIZED:  torch.Size([3, 50, 50])
CatsVsDogsDataset/Cat/2971.jpg
(128, 100, 3)
RESIZED:  torch.Size([3, 50, 50])
CatsVsDogsDataset/Dog/1570.jpg
(268, 300, 3)
RESIZED:  torch.Size([3, 50, 50])
CatsVsDogsDataset/Cat/10827.jpg
(375, 500, 3)
RESIZED:  torch.Size([3, 50, 50])
CatsVsDogsDataset/Cat/6531.jpg
(196, 175, 3)
RESIZED:  torch.Size([3, 50, 50])
CatsVsDogsDataset/Dog/1248.jpg
(375, 500, 3)
RESIZED:  torch.Size([3, 50, 50])
CatsVsDogsDataset/Cat/4997.jpg
(375, 500, 3)
RESIZED:  torch.Size([3, 50, 50])
CatsVsDogsDataset/Cat/4431.jpg
(150, 200, 3)
RESIZED:  torch.Size([3, 50, 50])
CatsVsDogsDataset/Cat/8710.jpg
(342, 382, 3)
RESIZED:  torch.Size([3, 50, 50])
CatsVsDogsDataset/Cat/9958.jpg
(500, 490, 3)
RESIZED:  torch.Size([3, 50, 50])
CatsVsDogsDataset/Dog/3354.jpg
(152, 200, 3)
RESIZED:  torch.Size([3, 50, 50])
CatsVsDogsDataset/Dog/12351.jpg
(375, 500, 3)
RESIZED:  torch.Size([3, 50, 50])
CatsVsDogsDataset/Dog/2883.jpg
(300, 297, 3)
RESIZED:  torch.Size([3, 50, 50])
CatsVsDogsDataset/Dog/10925.jpg
(500, 375, 3)
RESIZED:  torch.Size([3, 50, 50])
CatsVsDogsDataset/Dog/6659.jpg
(398, 398, 3)
RESIZED:  torch.Size([3, 50, 50])
CatsVsDogsDataset/Cat/4613.jpg
(500, 343, 3)
RESIZED:  torch.Size([3, 50, 50])
CatsVsDogsDataset/Dog/4185.jpg
(250, 229, 3)
RESIZED:  torch.Size([3, 50, 50])
CatsVsDogsDataset/Cat/5153.jpg
(375, 500, 3)
RESIZED:  torch.Size([3, 50, 50])
CatsVsDogsDataset/Dog/1740.jpg
(211, 222, 3)
RESIZED:  torch.Size([3, 50, 50])
CatsVsDogsDataset/Dog/8871.jpg
(416, 436, 3)
RESIZED:  torch.Size([3, 50, 50])
CatsVsDogsDataset/Cat/3320.jpg
(225, 300, 3)
RESIZED:  torch.Size([3, 50, 50])
CatsVsDogsDataset/Dog/8136.jpg
(500, 463, 3)
RESIZED:  torch.Size([3, 50, 50])
CatsVsDogsDataset/Dog/6145.jpg
(408, 500, 3)
RESIZED:  torch.Size([3, 50, 50])
CatsVsDogsDataset/Dog/6077.jpg
(192, 188, 3)
RESIZED:  torch.Size([3, 50, 50])
CatsVsDogsDataset/Dog/10808.jpg
(397, 500, 3)
RESIZED:  torch.Size([3, 50, 50])
CatsVsDogsDataset/Dog/9749.jpg
(375, 500, 3)
RESIZED:  torch.Size([3, 50, 50])
CatsVsDogsDataset/Cat/10655.jpg
(469, 470, 3)
RESIZED:  torch.Size([3, 50, 50])
CatsVsDogsDataset/Dog/12018.jpg
(296, 288, 3)
RESIZED:  torch.Size([3, 50, 50])
CatsVsDogsDataset/Dog/11552.jpg
(250, 250, 3)
RESIZED:  torch.Size([3, 50, 50])
CatsVsDogsDataset/Cat/281.jpg
(375, 500, 3)
RESIZED:  torch.Size([3, 50, 50])
CatsVsDogsDataset/Dog/8394.jpg
(500, 396, 3)
RESIZED:  torch.Size([3, 50, 50])
CatsVsDogsDataset/Cat/8433.jpg
(375, 500, 3)
RESIZED:  torch.Size([3, 50, 50])
CatsVsDogsDataset/Dog/4149.jpg
(306, 409, 3)
RESIZED:  torch.Size([3, 50, 50])
CatsVsDogsDataset/Dog/7201.jpg
(126, 173, 3)
RESIZED:  torch.Size([3, 50, 50])
CatsVsDogsDataset/Cat/11065.jpg
(500, 375, 3)
RESIZED:  torch.Size([3, 50, 50])
CatsVsDogsDataset/Dog/6174.jpg
(336, 448, 3)
RESIZED:  torch.Size([3, 50, 50])
CatsVsDogsDataset/Dog/5375.jpg
(275, 500, 3)
RESIZED:  torch.Size([3, 50, 50])
CatsVsDogsDataset/Cat/7144.jpg
(225, 300, 3)
RESIZED:  torch.Size([3, 50, 50])
CatsVsDogsDataset/Cat/4025.jpg
(375, 500, 3)
RESIZED:  torch.Size([3, 50, 50])
CatsVsDogsDataset/Dog/9361.jpg
(375, 500, 3)
RESIZED:  torch.Size([3, 50, 50])
CatsVsDogsDataset/Dog/9943.jpg
(500, 335, 3)
RESIZED:  torch.Size([3, 50, 50])
CatsVsDogsDataset/Cat/11795.jpg
(500, 405, 3)
RESIZED:  torch.Size([3, 50, 50])
CatsVsDogsDataset/Dog/3926.jpg
(240, 320, 3)
RESIZED:  torch.Size([3, 50, 50])
CatsVsDogsDataset/Cat/12193.jpg
(400, 353, 3)
RESIZED:  torch.Size([3, 50, 50])
CatsVsDogsDataset/Dog/9849.jpg
(420, 252, 3)
RESIZED:  torch.Size([3, 50, 50])
CatsVsDogsDataset/Dog/4216.jpg
(500, 493, 3)
RESIZED:  torch.Size([3, 50, 50])
CatsVsDogsDataset/Dog/529.jpg
(400, 258, 3)
RESIZED:  torch.Size([3, 50, 50])
CatsVsDogsDataset/Cat/10263.jpg
(375, 500, 3)
RESIZED:  torch.Size([3, 50, 50])
CatsVsDogsDataset/Dog/2760.jpg
(308, 319, 3)
RESIZED:  torch.Size([3, 50, 50])
CatsVsDogsDataset/Dog/7111.jpg
(375, 500, 3)
RESIZED:  torch.Size([3, 50, 50])
CatsVsDogsDataset/Cat/1857.jpg
(375, 500, 3)
RESIZED:  torch.Size([3, 50, 50])
CatsVsDogsDataset/Cat/5907.jpg
(375, 500, 3)
RESIZED:  torch.Size([3, 50, 50])
CatsVsDogsDataset/Cat/394.jpg
(333, 500, 3)
RESIZED:  torch.Size([3, 50, 50])
CatsVsDogsDataset/Dog/5861.jpg
(402, 356, 3)
RESIZED:  torch.Size([3, 50, 50])
CatsVsDogsDataset/Dog/3946.jpg
(500, 357, 3)
RESIZED:  torch.Size([3, 50, 50])
CatsVsDogsDataset/Dog/8615.jpg
(140, 200, 3)
RESIZED:  torch.Size([3, 50, 50])
CatsVsDogsDataset/Dog/2822.jpg
(254, 500, 3)
RESIZED:  torch.Size([3, 50, 50])
CatsVsDogsDataset/Dog/10038.jpg
(476, 500, 3)
RESIZED:  torch.Size([3, 50, 50])
CatsVsDogsDataset/Dog/5882.jpg
(343, 500, 3)
RESIZED:  torch.Size([3, 50, 50])
CatsVsDogsDataset/Cat/12270.jpg
(479, 500, 3)
RESIZED:  torch.Size([3, 50, 50])
CatsVsDogsDataset/Cat/4579.jpg
(491, 500, 3)
RESIZED:  torch.Size([3, 50, 50])
CatsVsDogsDataset/Dog/10015.jpg
(356, 479, 3)
RESIZED:  torch.Size([3, 50, 50])
CatsVsDogsDataset/Cat/9687.jpg
(375, 500, 3)
RESIZED:  torch.Size([3, 50, 50])
CatsVsDogsDataset/Dog/10356.jpg
(375, 500, 3)
RESIZED:  torch.Size([3, 50, 50])
CatsVsDogsDataset/Dog/11370.jpg
(500, 380, 3)
RESIZED:  torch.Size([3, 50, 50])
CatsVsDogsDataset/Dog/807.jpg
(375, 500, 3)
RESIZED:  torch.Size([3, 50, 50])
CatsVsDogsDataset/Dog/11529.jpg
(240, 320, 3)
RESIZED:  torch.Size([3, 50, 50])
CatsVsDogsDataset/Dog/1656.jpg
(483, 500, 3)
RESIZED:  torch.Size([3, 50, 50])
CatsVsDogsDataset/Dog/4455.jpg
(467, 500, 3)
RESIZED:  torch.Size([3, 50, 50])
CatsVsDogsDataset/Cat/2396.jpg
(500, 368, 3)
RESIZED:  torch.Size([3, 50, 50])
CatsVsDogsDataset/Dog/8384.jpg
(469, 360, 3)
RESIZED:  torch.Size([3, 50, 50])
CatsVsDogsDataset/Dog/10073.jpg
(447, 500, 3)
RESIZED:  torch.Size([3, 50, 50])
CatsVsDogsDataset/Cat/4423.jpg
(378, 500, 3)
RESIZED:  torch.Size([3, 50, 50])
CatsVsDogsDataset/Cat/4641.jpg
(375, 500, 3)
RESIZED:  torch.Size([3, 50, 50])
CatsVsDogsDataset/Dog/5506.jpg
(194, 170, 3)
RESIZED:  torch.Size([3, 50, 50])
CatsVsDogsDataset/Cat/11115.jpg
(222, 250, 3)
RESIZED:  torch.Size([3, 50, 50])
CatsVsDogsDataset/Dog/7251.jpg
(279, 500, 3)
RESIZED:  torch.Size([3, 50, 50])
CatsVsDogsDataset/Dog/9193.jpg
(240, 320, 3)
RESIZED:  torch.Size([3, 50, 50])
CatsVsDogsDataset/Dog/3629.jpg
(375, 500, 3)
RESIZED:  torch.Size([3, 50, 50])
CatsVsDogsDataset/Cat/184.jpg
(475, 500, 3)
RESIZED:  torch.Size([3, 50, 50])
CatsVsDogsDataset/Cat/12243.jpg
(145, 423, 3)
RESIZED:  torch.Size([3, 50, 50])
CatsVsDogsDataset/Dog/2966.jpg
(434, 500, 3)
RESIZED:  torch.Size([3, 50, 50])
CatsVsDogsDataset/Dog/9287.jpg
(390, 260, 3)
RESIZED:  torch.Size([3, 50, 50])
CatsVsDogsDataset/Dog/5077.jpg
(329, 500, 3)
RESIZED:  torch.Size([3, 50, 50])
CatsVsDogsDataset/Cat/7773.jpg
(480, 494, 3)
RESIZED:  torch.Size([3, 50, 50])
CatsVsDogsDataset/Cat/8267.jpg
(360, 480, 3)
RESIZED:  torch.Size([3, 50, 50])
CatsVsDogsDataset/Cat/8264.jpg
(432, 256, 3)
RESIZED:  torch.Size([3, 50, 50])
CatsVsDogsDataset/Dog/7898.jpg
(375, 500, 3)
RESIZED:  torch.Size([3, 50, 50])
CatsVsDogsDataset/Dog/7808.jpg
(133, 200, 3)
RESIZED:  torch.Size([3, 50, 50])
CatsVsDogsDataset/Dog/8991.jpg
(375, 300, 3)
RESIZED:  torch.Size([3, 50, 50])
CatsVsDogsDataset/Dog/7215.jpg
(500, 399, 3)
RESIZED:  torch.Size([3, 50, 50])
CatsVsDogsDataset/Dog/4080.jpg
(500, 352, 3)
RESIZED:  torch.Size([3, 50, 50])
CatsVsDogsDataset/Dog/3879.jpg
(375, 500, 3)
RESIZED:  torch.Size([3, 50, 50])
CatsVsDogsDataset/Dog/12064.jpg
(375, 500, 3)
RESIZED:  torch.Size([3, 50, 50])
CatsVsDogsDataset/Cat/8254.jpg
(410, 500, 3)
RESIZED:  torch.Size([3, 50, 50])
CatsVsDogsDataset/Cat/6743.jpg
(330, 495, 3)
RESIZED:  torch.Size([3, 50, 50])
CatsVsDogsDataset/Dog/7566.jpg
(164, 180, 3)
RESIZED:  torch.Size([3, 50, 50])
CatsVsDogsDataset/Cat/9726.jpg
(447, 500, 3)
RESIZED:  torch.Size([3, 50, 50])
CatsVsDogsDataset/Cat/11195.jpg
(294, 500, 3)
RESIZED:  torch.Size([3, 50, 50])
CatsVsDogsDataset/Dog/3135.jpg
(500, 228, 3)
RESIZED:  torch.Size([3, 50, 50])
CatsVsDogsDataset/Cat/2118.jpg
(329, 500, 3)
RESIZED:  torch.Size([3, 50, 50])
CatsVsDogsDataset/Cat/5254.jpg
(170, 194, 3)
RESIZED:  torch.Size([3, 50, 50])
CatsVsDogsDataset/Cat/8943.jpg
(464, 500, 3)
RESIZED:  torch.Size([3, 50, 50])
CatsVsDogsDataset/Cat/3416.jpg
(500, 417, 3)
RESIZED:  torch.Size([3, 50, 50])
CatsVsDogsDataset/Cat/5437.jpg
(338, 500, 3)
RESIZED:  torch.Size([3, 50, 50])
CatsVsDogsDataset/Cat/808.jpg
(375, 500, 3)
RESIZED:  torch.Size([3, 50, 50])
CatsVsDogsDataset/Dog/1152.jpg
(491, 364, 3)
RESIZED:  torch.Size([3, 50, 50])
CatsVsDogsDataset/Cat/8196.jpg
(375, 500, 3)
RESIZED:  torch.Size([3, 50, 50])
CatsVsDogsDataset/Cat/11175.jpg
(375, 500, 3)
RESIZED:  torch.Size([3, 50, 50])
CatsVsDogsDataset/Cat/10734.jpg
(326, 358, 3)
RESIZED:  torch.Size([3, 50, 50])
CatsVsDogsDataset/Cat/6437.jpg
(375, 500, 3)
RESIZED:  torch.Size([3, 50, 50])
CatsVsDogsDataset/Cat/7458.jpg
(375, 500, 3)
RESIZED:  torch.Size([3, 50, 50])
CatsVsDogsDataset/Cat/7757.jpg
(360, 500, 3)
RESIZED:  torch.Size([3, 50, 50])
CatsVsDogsDataset/Dog/8467.jpg
(375, 500, 3)
RESIZED:  torch.Size([3, 50, 50])
CatsVsDogsDataset/Cat/10258.jpg
(375, 500, 3)
RESIZED:  torch.Size([3, 50, 50])
CatsVsDogsDataset/Cat/8679.jpg
(375, 500, 3)
RESIZED:  torch.Size([3, 50, 50])
CatsVsDogsDataset/Cat/6680.jpg
(181, 225, 3)
RESIZED:  torch.Size([3, 50, 50])
CatsVsDogsDataset/Dog/9270.jpg
(500, 437, 3)
RESIZED:  torch.Size([3, 50, 50])
CatsVsDogsDataset/Dog/3147.jpg
(50, 69, 3)
RESIZED:  torch.Size([3, 50, 50])
CatsVsDogsDataset/Dog/6076.jpg
(375, 500, 3)
RESIZED:  torch.Size([3, 50, 50])
CatsVsDogsDataset/Cat/1646.jpg
(345, 500, 3)
RESIZED:  torch.Size([3, 50, 50])
CatsVsDogsDataset/Cat/8372.jpg
(497, 500, 3)
RESIZED:  torch.Size([3, 50, 50])
CatsVsDogsDataset/Cat/7932.jpg
(382, 500, 3)
RESIZED:  torch.Size([3, 50, 50])
CatsVsDogsDataset/Dog/3644.jpg
(406, 500, 3)
RESIZED:  torch.Size([3, 50, 50])
CatsVsDogsDataset/Dog/608.jpg
(251, 373, 3)
RESIZED:  torch.Size([3, 50, 50])
CatsVsDogsDataset/Cat/11019.jpg
(500, 500, 3)
RESIZED:  torch.Size([3, 50, 50])
CatsVsDogsDataset/Cat/9912.jpg
(362, 386, 3)
RESIZED:  torch.Size([3, 50, 50])
CatsVsDogsDataset/Cat/9930.jpg
(360, 206, 3)
RESIZED:  torch.Size([3, 50, 50])
CatsVsDogsDataset/Dog/9802.jpg
(396, 500, 3)
RESIZED:  torch.Size([3, 50, 50])
CatsVsDogsDataset/Dog/3745.jpg
(500, 348, 3)
RESIZED:  torch.Size([3, 50, 50])
CatsVsDogsDataset/Cat/6186.jpg
(374, 500, 3)
RESIZED:  torch.Size([3, 50, 50])
CatsVsDogsDataset/Cat/995.jpg
(186, 267, 3)
RESIZED:  torch.Size([3, 50, 50])
CatsVsDogsDataset/Cat/5092.jpg
(477, 480, 3)
RESIZED:  torch.Size([3, 50, 50])
CatsVsDogsDataset/Dog/9982.jpg
(500, 375, 3)
RESIZED:  torch.Size([3, 50, 50])
CatsVsDogsDataset/Cat/4117.jpg
(500, 375, 3)
RESIZED:  torch.Size([3, 50, 50])
CatsVsDogsDataset/Dog/189.jpg
(327, 431, 3)
RESIZED:  torch.Size([3, 50, 50])
CatsVsDogsDataset/Dog/9724.jpg
(375, 500, 3)
RESIZED:  torch.Size([3, 50, 50])
CatsVsDogsDataset/Cat/8324.jpg
(150, 200, 3)
RESIZED:  torch.Size([3, 50, 50])
CatsVsDogsDataset/Dog/1992.jpg
(375, 500, 3)
RESIZED:  torch.Size([3, 50, 50])
CatsVsDogsDataset/Cat/2309.jpg
(263, 434, 3)
RESIZED:  torch.Size([3, 50, 50])
CatsVsDogsDataset/Cat/8023.jpg
(500, 432, 3)
RESIZED:  torch.Size([3, 50, 50])
CatsVsDogsDataset/Dog/5703.jpg
(300, 350, 3)
RESIZED:  torch.Size([3, 50, 50])
CatsVsDogsDataset/Dog/6088.jpg
(400, 296, 3)
RESIZED:  torch.Size([3, 50, 50])
CatsVsDogsDataset/Cat/8236.jpg
(375, 500, 3)
RESIZED:  torch.Size([3, 50, 50])
CatsVsDogsDataset/Cat/9848.jpg
(188, 126, 3)
RESIZED:  torch.Size([3, 50, 50])
CatsVsDogsDataset/Cat/10012.jpg
(167, 250, 3)
RESIZED:  torch.Size([3, 50, 50])
CatsVsDogsDataset/Dog/2411.jpg
(375, 500, 3)
RESIZED:  torch.Size([3, 50, 50])
CatsVsDogsDataset/Dog/1162.jpg
(245, 320, 3)
RESIZED:  torch.Size([3, 50, 50])
CatsVsDogsDataset/Dog/11677.jpg
(500, 471, 3)
RESIZED:  torch.Size([3, 50, 50])
CatsVsDogsDataset/Cat/2992.jpg
(479, 500, 3)
RESIZED:  torch.Size([3, 50, 50])
CatsVsDogsDataset/Dog/1662.jpg
(231, 288, 3)
RESIZED:  torch.Size([3, 50, 50])
CatsVsDogsDataset/Dog/197.jpg
(422, 500, 3)
RESIZED:  torch.Size([3, 50, 50])
CatsVsDogsDataset/Dog/7816.jpg
(214, 325, 3)
RESIZED:  torch.Size([3, 50, 50])
CatsVsDogsDataset/Dog/589.jpg
(415, 500, 3)
RESIZED:  torch.Size([3, 50, 50])
CatsVsDogsDataset/Cat/2184.jpg
(375, 500, 3)
RESIZED:  torch.Size([3, 50, 50])
CatsVsDogsDataset/Cat/11760.jpg
(368, 480, 3)
RESIZED:  torch.Size([3, 50, 50])
CatsVsDogsDataset/Cat/10177.jpg
(477, 500, 3)
RESIZED:  torch.Size([3, 50, 50])
CatsVsDogsDataset/Cat/8778.jpg
(434, 500, 3)
RESIZED:  torch.Size([3, 50, 50])
CatsVsDogsDataset/Cat/2146.jpg
(381, 500, 3)
RESIZED:  torch.Size([3, 50, 50])
CatsVsDogsDataset/Dog/10544.jpg
(288, 336, 3)
RESIZED:  torch.Size([3, 50, 50])
CatsVsDogsDataset/Cat/11749.jpg
(326, 500, 3)
RESIZED:  torch.Size([3, 50, 50])
CatsVsDogsDataset/Cat/10682.jpg
(383, 500, 3)
RESIZED:  torch.Size([3, 50, 50])
CatsVsDogsDataset/Dog/1709.jpg
(500, 333, 3)
RESIZED:  torch.Size([3, 50, 50])
CatsVsDogsDataset/Cat/5990.jpg
(250, 250, 3)
RESIZED:  torch.Size([3, 50, 50])
CatsVsDogsDataset/Cat/9495.jpg
(292, 325, 3)
RESIZED:  torch.Size([3, 50, 50])
CatsVsDogsDataset/Dog/8820.jpg
(418, 500, 3)
RESIZED:  torch.Size([3, 50, 50])
CatsVsDogsDataset/Cat/3259.jpg
(500, 450, 3)
RESIZED:  torch.Size([3, 50, 50])
CatsVsDogsDataset/Cat/349.jpg
(400, 345, 3)
RESIZED:  torch.Size([3, 50, 50])
CatsVsDogsDataset/Cat/5412.jpg
(243, 300, 3)
RESIZED:  torch.Size([3, 50, 50])
CatsVsDogsDataset/Cat/9147.jpg
(375, 500, 3)
RESIZED:  torch.Size([3, 50, 50])
CatsVsDogsDataset/Dog/7210.jpg
(375, 500, 3)
RESIZED:  torch.Size([3, 50, 50])
CatsVsDogsDataset/Dog/2492.jpg
(375, 500, 3)
RESIZED:  torch.Size([3, 50, 50])
CatsVsDogsDataset/Cat/6649.jpg
(240, 320, 3)
RESIZED:  torch.Size([3, 50, 50])
CatsVsDogsDataset/Cat/6846.jpg
(375, 500, 3)
RESIZED:  torch.Size([3, 50, 50])
CatsVsDogsDataset/Cat/8472.jpg
(265, 300, 3)
RESIZED:  torch.Size([3, 50, 50])
CatsVsDogsDataset/Dog/8480.jpg
(180, 240, 3)
RESIZED:  torch.Size([3, 50, 50])
CatsVsDogsDataset/Cat/3108.jpg
(273, 414, 3)
RESIZED:  torch.Size([3, 50, 50])
CatsVsDogsDataset/Dog/3806.jpg
(300, 400, 3)
RESIZED:  torch.Size([3, 50, 50])
CatsVsDogsDataset/Cat/4632.jpg
(335, 447, 3)
RESIZED:  torch.Size([3, 50, 50])
CatsVsDogsDataset/Cat/1440.jpg
(240, 320, 3)
RESIZED:  torch.Size([3, 50, 50])
CatsVsDogsDataset/Dog/10279.jpg
(459, 480, 3)
RESIZED:  torch.Size([3, 50, 50])
CatsVsDogsDataset/Dog/4739.jpg
(261, 360, 3)
RESIZED:  torch.Size([3, 50, 50])
CatsVsDogsDataset/Dog/3056.jpg
(500, 485, 3)
RESIZED:  torch.Size([3, 50, 50])
CatsVsDogsDataset/Cat/8669.jpg
(375, 500, 3)
RESIZED:  torch.Size([3, 50, 50])
CatsVsDogsDataset/Cat/8993.jpg
(431, 500, 3)
RESIZED:  torch.Size([3, 50, 50])
CatsVsDogsDataset/Dog/4952.jpg
(333, 500, 3)
RESIZED:  torch.Size([3, 50, 50])
CatsVsDogsDataset/Dog/772.jpg
(160, 120, 3)
RESIZED:  torch.Size([3, 50, 50])
CatsVsDogsDataset/Dog/3724.jpg
(375, 500, 3)
RESIZED:  torch.Size([3, 50, 50])
CatsVsDogsDataset/Cat/2605.jpg
(375, 500, 3)
RESIZED:  torch.Size([3, 50, 50])
CatsVsDogsDataset/Cat/9092.jpg
(500, 475, 3)
RESIZED:  torch.Size([3, 50, 50])
CatsVsDogsDataset/Dog/11669.jpg
(500, 500, 3)
RESIZED:  torch.Size([3, 50, 50])
CatsVsDogsDataset/Dog/12238.jpg
(375, 500, 3)
RESIZED:  torch.Size([3, 50, 50])
CatsVsDogsDataset/Dog/8315.jpg
(107, 160, 3)
RESIZED:  torch.Size([3, 50, 50])
CatsVsDogsDataset/Cat/8706.jpg
(417, 500, 3)
RESIZED:  torch.Size([3, 50, 50])
CatsVsDogsDataset/Dog/12496.jpg
(375, 500, 3)
RESIZED:  torch.Size([3, 50, 50])
CatsVsDogsDataset/Dog/7255.jpg
(500, 273, 3)
RESIZED:  torch.Size([3, 50, 50])
CatsVsDogsDataset/Dog/140.jpg
(266, 500, 3)
RESIZED:  torch.Size([3, 50, 50])
CatsVsDogsDataset/Dog/1271.jpg
(332, 500, 3)
RESIZED:  torch.Size([3, 50, 50])
CatsVsDogsDataset/Cat/8309.jpg
(375, 500, 3)
RESIZED:  torch.Size([3, 50, 50])
CatsVsDogsDataset/Cat/10627.jpg
(375, 500, 3)
RESIZED:  torch.Size([3, 50, 50])
CatsVsDogsDataset/Dog/8555.jpg
(213, 158, 3)
RESIZED:  torch.Size([3, 50, 50])
CatsVsDogsDataset/Cat/2427.jpg
(332, 500, 3)
RESIZED:  torch.Size([3, 50, 50])
CatsVsDogsDataset/Cat/9599.jpg
(240, 253, 3)
RESIZED:  torch.Size([3, 50, 50])
CatsVsDogsDataset/Cat/11232.jpg
(280, 350, 3)
RESIZED:  torch.Size([3, 50, 50])
CatsVsDogsDataset/Cat/6291.jpg
(306, 280, 3)
RESIZED:  torch.Size([3, 50, 50])
CatsVsDogsDataset/Dog/8758.jpg
(405, 400, 3)
RESIZED:  torch.Size([3, 50, 50])
CatsVsDogsDataset/Cat/2760.jpg
(284, 400, 3)
RESIZED:  torch.Size([3, 50, 50])
CatsVsDogsDataset/Cat/8017.jpg
(208, 200, 3)
RESIZED:  torch.Size([3, 50, 50])
CatsVsDogsDataset/Cat/2267.jpg
(344, 500, 3)
RESIZED:  torch.Size([3, 50, 50])
CatsVsDogsDataset/Dog/12387.jpg
(500, 422, 3)
RESIZED:  torch.Size([3, 50, 50])
CatsVsDogsDataset/Dog/5974.jpg
(384, 500, 3)
RESIZED:  torch.Size([3, 50, 50])
CatsVsDogsDataset/Cat/451.jpg
(500, 379, 3)
RESIZED:  torch.Size([3, 50, 50])
CatsVsDogsDataset/Dog/3713.jpg
(403, 500, 3)
RESIZED:  torch.Size([3, 50, 50])
CatsVsDogsDataset/Cat/1287.jpg
(359, 480, 3)
RESIZED:  torch.Size([3, 50, 50])
CatsVsDogsDataset/Dog/12196.jpg
(292, 464, 3)
RESIZED:  torch.Size([3, 50, 50])
CatsVsDogsDataset/Dog/11823.jpg
(375, 331, 3)
RESIZED:  torch.Size([3, 50, 50])
CatsVsDogsDataset/Cat/11308.jpg
(500, 403, 3)
RESIZED:  torch.Size([3, 50, 50])
CatsVsDogsDataset/Dog/6624.jpg
(250, 350, 3)
RESIZED:  torch.Size([3, 50, 50])
CatsVsDogsDataset/Dog/10265.jpg
(286, 255, 3)
RESIZED:  torch.Size([3, 50, 50])
CatsVsDogsDataset/Cat/7513.jpg
(300, 257, 3)
RESIZED:  torch.Size([3, 50, 50])
CatsVsDogsDataset/Cat/7698.jpg
(336, 448, 3)
RESIZED:  torch.Size([3, 50, 50])
CatsVsDogsDataset/Dog/10046.jpg
(333, 500, 3)
RESIZED:  torch.Size([3, 50, 50])
CatsVsDogsDataset/Cat/6096.jpg
(375, 500, 3)
RESIZED:  torch.Size([3, 50, 50])
CatsVsDogsDataset/Dog/7164.jpg
(375, 500, 3)
RESIZED:  torch.Size([3, 50, 50])
CatsVsDogsDataset/Dog/5601.jpg
(438, 500, 3)
RESIZED:  torch.Size([3, 50, 50])
CatsVsDogsDataset/Dog/5281.jpg
(500, 424, 3)
RESIZED:  torch.Size([3, 50, 50])
CatsVsDogsDataset/Cat/2162.jpg
(262, 350, 3)
RESIZED:  torch.Size([3, 50, 50])
CatsVsDogsDataset/Dog/4069.jpg
(260, 340, 3)
RESIZED:  torch.Size([3, 50, 50])
CatsVsDogsDataset/Dog/2553.jpg
(383, 424, 3)
RESIZED:  torch.Size([3, 50, 50])
CatsVsDogsDataset/Cat/2232.jpg
(500, 402, 3)
RESIZED:  torch.Size([3, 50, 50])
CatsVsDogsDataset/Cat/2658.jpg
(500, 373, 3)
RESIZED:  torch.Size([3, 50, 50])
CatsVsDogsDataset/Cat/3055.jpg
(500, 459, 3)
RESIZED:  torch.Size([3, 50, 50])
CatsVsDogsDataset/Dog/1008.jpg
(333, 500, 3)
RESIZED:  torch.Size([3, 50, 50])
CatsVsDogsDataset/Dog/192.jpg
(270, 320, 3)
RESIZED:  torch.Size([3, 50, 50])
CatsVsDogsDataset/Dog/6323.jpg
(154, 180, 3)
RESIZED:  torch.Size([3, 50, 50])
CatsVsDogsDataset/Cat/6438.jpg
(480, 360, 3)
RESIZED:  torch.Size([3, 50, 50])
CatsVsDogsDataset/Cat/10182.jpg
(500, 374, 3)
RESIZED:  torch.Size([3, 50, 50])
CatsVsDogsDataset/Cat/3587.jpg
(375, 500, 3)
RESIZED:  torch.Size([3, 50, 50])
CatsVsDogsDataset/Dog/5738.jpg
(375, 500, 3)
RESIZED:  torch.Size([3, 50, 50])
CatsVsDogsDataset/Cat/10133.jpg
(262, 350, 3)
RESIZED:  torch.Size([3, 50, 50])
CatsVsDogsDataset/Dog/5147.jpg
(375, 500, 3)
RESIZED:  torch.Size([3, 50, 50])
CatsVsDogsDataset/Dog/5772.jpg
(389, 266, 3)
RESIZED:  torch.Size([3, 50, 50])
CatsVsDogsDataset/Cat/8895.jpg
(375, 500, 3)
RESIZED:  torch.Size([3, 50, 50])
CatsVsDogsDataset/Dog/1862.jpg
(300, 266, 3)
RESIZED:  torch.Size([3, 50, 50])
CatsVsDogsDataset/Cat/9882.jpg
(476, 500, 3)
RESIZED:  torch.Size([3, 50, 50])
CatsVsDogsDataset/Dog/843.jpg
(374, 500, 3)
RESIZED:  torch.Size([3, 50, 50])
CatsVsDogsDataset/Dog/755.jpg
(262, 350, 3)
RESIZED:  torch.Size([3, 50, 50])
CatsVsDogsDataset/Cat/712.jpg
(500, 202, 3)
RESIZED:  torch.Size([3, 50, 50])
CatsVsDogsDataset/Cat/168.jpg
(252, 250, 3)
RESIZED:  torch.Size([3, 50, 50])
CatsVsDogsDataset/Cat/10160.jpg
(288, 384, 3)
RESIZED:  torch.Size([3, 50, 50])
CatsVsDogsDataset/Cat/7110.jpg
(235, 159, 3)
RESIZED:  torch.Size([3, 50, 50])
CatsVsDogsDataset/Cat/10425.jpg
(500, 363, 3)
RESIZED:  torch.Size([3, 50, 50])
CatsVsDogsDataset/Cat/7025.jpg
(251, 500, 3)
RESIZED:  torch.Size([3, 50, 50])
CatsVsDogsDataset/Cat/6068.jpg
(375, 500, 3)
RESIZED:  torch.Size([3, 50, 50])
CatsVsDogsDataset/Cat/6116.jpg
(232, 247, 3)
RESIZED:  torch.Size([3, 50, 50])
CatsVsDogsDataset/Dog/3951.jpg
(287, 432, 3)
RESIZED:  torch.Size([3, 50, 50])
CatsVsDogsDataset/Cat/10124.jpg
(338, 450, 3)
RESIZED:  torch.Size([3, 50, 50])
CatsVsDogsDataset/Cat/11784.jpg
(457, 500, 3)
RESIZED:  torch.Size([3, 50, 50])
CatsVsDogsDataset/Dog/10959.jpg
(375, 500, 3)
RESIZED:  torch.Size([3, 50, 50])
CatsVsDogsDataset/Cat/12120.jpg
(500, 433, 3)
RESIZED:  torch.Size([3, 50, 50])
CatsVsDogsDataset/Dog/5561.jpg
(464, 500, 3)
RESIZED:  torch.Size([3, 50, 50])
CatsVsDogsDataset/Cat/4816.jpg
(427, 380, 3)
RESIZED:  torch.Size([3, 50, 50])
CatsVsDogsDataset/Dog/10682.jpg
(353, 300, 3)
RESIZED:  torch.Size([3, 50, 50])
CatsVsDogsDataset/Cat/7278.jpg
(448, 500, 3)
RESIZED:  torch.Size([3, 50, 50])
CatsVsDogsDataset/Dog/10868.jpg
(470, 500, 3)
RESIZED:  torch.Size([3, 50, 50])
CatsVsDogsDataset/Dog/3859.jpg
(366, 273, 3)
RESIZED:  torch.Size([3, 50, 50])
CatsVsDogsDataset/Dog/9098.jpg
(375, 500, 3)
RESIZED:  torch.Size([3, 50, 50])
CatsVsDogsDataset/Cat/132.jpg
(336, 500, 3)
RESIZED:  torch.Size([3, 50, 50])
CatsVsDogsDataset/Dog/4822.jpg
(375, 500, 3)
RESIZED:  torch.Size([3, 50, 50])
CatsVsDogsDataset/Cat/9531.jpg
(332, 500, 3)
RESIZED:  torch.Size([3, 50, 50])
CatsVsDogsDataset/Dog/11758.jpg
(333, 500, 3)
RESIZED:  torch.Size([3, 50, 50])
CatsVsDogsDataset/Dog/8149.jpg
(367, 311, 3)
RESIZED:  torch.Size([3, 50, 50])
CatsVsDogsDataset/Cat/9683.jpg
(384, 466, 3)
RESIZED:  torch.Size([3, 50, 50])
CatsVsDogsDataset/Cat/4121.jpg
(478, 500, 3)
RESIZED:  torch.Size([3, 50, 50])
CatsVsDogsDataset/Cat/3763.jpg
(200, 150, 3)
RESIZED:  torch.Size([3, 50, 50])
CatsVsDogsDataset/Cat/7020.jpg
(375, 500, 3)
RESIZED:  torch.Size([3, 50, 50])
CatsVsDogsDataset/Cat/9921.jpg
(333, 386, 3)
RESIZED:  torch.Size([3, 50, 50])
CatsVsDogsDataset/Dog/10877.jpg
(237, 299, 3)
RESIZED:  torch.Size([3, 50, 50])
CatsVsDogsDataset/Dog/2598.jpg
(485, 500, 3)
RESIZED:  torch.Size([3, 50, 50])
CatsVsDogsDataset/Cat/9637.jpg
(394, 500, 3)
RESIZED:  torch.Size([3, 50, 50])
CatsVsDogsDataset/Cat/4555.jpg
(250, 226, 3)
RESIZED:  torch.Size([3, 50, 50])
CatsVsDogsDataset/Cat/285.jpg
(500, 436, 3)
RESIZED:  torch.Size([3, 50, 50])
CatsVsDogsDataset/Cat/8601.jpg
(226, 276, 3)
RESIZED:  torch.Size([3, 50, 50])
CatsVsDogsDataset/Dog/8369.jpg
(332, 500, 3)
RESIZED:  torch.Size([3, 50, 50])
CatsVsDogsDataset/Cat/239.jpg
(336, 500, 3)
RESIZED:  torch.Size([3, 50, 50])
CatsVsDogsDataset/Cat/7490.jpg
(375, 500, 3)
RESIZED:  torch.Size([3, 50, 50])
CatsVsDogsDataset/Dog/5937.jpg
(350, 350, 3)
RESIZED:  torch.Size([3, 50, 50])
CatsVsDogsDataset/Cat/2259.jpg
(355, 411, 3)
RESIZED:  torch.Size([3, 50, 50])
CatsVsDogsDataset/Cat/9733.jpg
(500, 365, 3)
RESIZED:  torch.Size([3, 50, 50])
CatsVsDogsDataset/Dog/2401.jpg
(498, 500, 3)
RESIZED:  torch.Size([3, 50, 50])
CatsVsDogsDataset/Cat/9266.jpg
(250, 250, 3)
RESIZED:  torch.Size([3, 50, 50])
CatsVsDogsDataset/Dog/8414.jpg
(500, 305, 3)
RESIZED:  torch.Size([3, 50, 50])
CatsVsDogsDataset/Dog/5192.jpg
(400, 500, 3)
RESIZED:  torch.Size([3, 50, 50])
CatsVsDogsDataset/Cat/3979.jpg
(500, 439, 3)
RESIZED:  torch.Size([3, 50, 50])
CatsVsDogsDataset/Dog/1329.jpg
(375, 500, 3)
RESIZED:  torch.Size([3, 50, 50])
CatsVsDogsDataset/Dog/10866.jpg
(399, 400, 3)
RESIZED:  torch.Size([3, 50, 50])
CatsVsDogsDataset/Cat/5570.jpg
(330, 500, 3)
RESIZED:  torch.Size([3, 50, 50])
CatsVsDogsDataset/Dog/9347.jpg
(375, 500, 3)
RESIZED:  torch.Size([3, 50, 50])
CatsVsDogsDataset/Cat/11328.jpg
(300, 470, 3)
RESIZED:  torch.Size([3, 50, 50])
CatsVsDogsDataset/Cat/2948.jpg
(375, 500, 3)
RESIZED:  torch.Size([3, 50, 50])
CatsVsDogsDataset/Dog/1185.jpg
(500, 375, 3)
RESIZED:  torch.Size([3, 50, 50])
CatsVsDogsDataset/Cat/11393.jpg
(450, 415, 3)
RESIZED:  torch.Size([3, 50, 50])
CatsVsDogsDataset/Dog/8970.jpg
(300, 299, 3)
RESIZED:  torch.Size([3, 50, 50])
CatsVsDogsDataset/Dog/6303.jpg
(200, 191, 3)
RESIZED:  torch.Size([3, 50, 50])
CatsVsDogsDataset/Cat/12118.jpg
(375, 500, 3)
RESIZED:  torch.Size([3, 50, 50])
CatsVsDogsDataset/Dog/862.jpg
(500, 342, 3)
RESIZED:  torch.Size([3, 50, 50])
CatsVsDogsDataset/Dog/5045.jpg
(108, 125, 3)
RESIZED:  torch.Size([3, 50, 50])
CatsVsDogsDataset/Dog/10763.jpg
(419, 449, 3)
RESIZED:  torch.Size([3, 50, 50])
CatsVsDogsDataset/Dog/11807.jpg
(491, 442, 3)
RESIZED:  torch.Size([3, 50, 50])
CatsVsDogsDataset/Dog/7692.jpg
(174, 300, 3)
RESIZED:  torch.Size([3, 50, 50])
CatsVsDogsDataset/Dog/2044.jpg
(404, 500, 3)
RESIZED:  torch.Size([3, 50, 50])
CatsVsDogsDataset/Dog/11017.jpg
(180, 240, 3)
RESIZED:  torch.Size([3, 50, 50])
CatsVsDogsDataset/Dog/1195.jpg
(432, 354, 3)
RESIZED:  torch.Size([3, 50, 50])
CatsVsDogsDataset/Dog/8499.jpg
(500, 499, 3)
RESIZED:  torch.Size([3, 50, 50])
CatsVsDogsDataset/Dog/6453.jpg
(500, 354, 3)
RESIZED:  torch.Size([3, 50, 50])
CatsVsDogsDataset/Dog/7847.jpg
(300, 187, 3)
RESIZED:  torch.Size([3, 50, 50])
CatsVsDogsDataset/Cat/11908.jpg
(500, 379, 3)
RESIZED:  torch.Size([3, 50, 50])
CatsVsDogsDataset/Dog/9661.jpg
(327, 432, 3)
RESIZED:  torch.Size([3, 50, 50])
CatsVsDogsDataset/Dog/1081.jpg
(270, 245, 3)
RESIZED:  torch.Size([3, 50, 50])
CatsVsDogsDataset/Cat/2236.jpg
(500, 314, 3)
RESIZED:  torch.Size([3, 50, 50])
CatsVsDogsDataset/Cat/4653.jpg
(375, 500, 3)
RESIZED:  torch.Size([3, 50, 50])
CatsVsDogsDataset/Cat/11577.jpg
(313, 223, 3)
RESIZED:  torch.Size([3, 50, 50])
CatsVsDogsDataset/Dog/5504.jpg
(200, 200, 3)
RESIZED:  torch.Size([3, 50, 50])
CatsVsDogsDataset/Dog/12008.jpg
(399, 500, 3)
RESIZED:  torch.Size([3, 50, 50])
CatsVsDogsDataset/Dog/7954.jpg
(488, 500, 3)
RESIZED:  torch.Size([3, 50, 50])
CatsVsDogsDataset/Dog/2866.jpg
(247, 141, 3)
RESIZED:  torch.Size([3, 50, 50])
CatsVsDogsDataset/Dog/9344.jpg
(375, 500, 3)
RESIZED:  torch.Size([3, 50, 50])
CatsVsDogsDataset/Dog/5244.jpg
(400, 300, 3)
RESIZED:  torch.Size([3, 50, 50])
CatsVsDogsDataset/Dog/4166.jpg
(350, 253, 3)
RESIZED:  torch.Size([3, 50, 50])
CatsVsDogsDataset/Cat/3101.jpg
(500, 375, 3)
RESIZED:  torch.Size([3, 50, 50])
CatsVsDogsDataset/Cat/5780.jpg
(144, 92, 3)
RESIZED:  torch.Size([3, 50, 50])
CatsVsDogsDataset/Dog/11762.jpg
(500, 489, 3)
RESIZED:  torch.Size([3, 50, 50])
CatsVsDogsDataset/Dog/6198.jpg
(270, 326, 3)
RESIZED:  torch.Size([3, 50, 50])
CatsVsDogsDataset/Dog/11768.jpg
(375, 500, 3)
RESIZED:  torch.Size([3, 50, 50])
CatsVsDogsDataset/Cat/4531.jpg
(175, 330, 3)
RESIZED:  torch.Size([3, 50, 50])
CatsVsDogsDataset/Cat/4338.jpg
(123, 200, 3)
RESIZED:  torch.Size([3, 50, 50])
CatsVsDogsDataset/Cat/10800.jpg
(260, 340, 3)
RESIZED:  torch.Size([3, 50, 50])
CatsVsDogsDataset/Dog/335.jpg
(270, 247, 3)
RESIZED:  torch.Size([3, 50, 50])
CatsVsDogsDataset/Cat/7404.jpg
(500, 492, 3)
RESIZED:  torch.Size([3, 50, 50])
CatsVsDogsDataset/Dog/112.jpg
(375, 500, 3)
RESIZED:  torch.Size([3, 50, 50])
CatsVsDogsDataset/Dog/9343.jpg
(375, 500, 3)
RESIZED:  torch.Size([3, 50, 50])
CatsVsDogsDataset/Cat/5734.jpg
(375, 500, 3)
RESIZED:  torch.Size([3, 50, 50])
CatsVsDogsDataset/Cat/2921.jpg
(240, 320, 3)
RESIZED:  torch.Size([3, 50, 50])
CatsVsDogsDataset/Cat/4094.jpg
(159, 185, 3)
RESIZED:  torch.Size([3, 50, 50])
CatsVsDogsDataset/Dog/7290.jpg
(452, 350, 3)
RESIZED:  torch.Size([3, 50, 50])
CatsVsDogsDataset/Dog/8927.jpg
(362, 500, 3)
RESIZED:  torch.Size([3, 50, 50])
CatsVsDogsDataset/Cat/5001.jpg
(384, 499, 3)
RESIZED:  torch.Size([3, 50, 50])
CatsVsDogsDataset/Cat/11968.jpg
(218, 500, 3)
RESIZED:  torch.Size([3, 50, 50])
CatsVsDogsDataset/Cat/7650.jpg
(366, 500, 3)
RESIZED:  torch.Size([3, 50, 50])
CatsVsDogsDataset/Cat/1044.jpg
(375, 500, 3)
RESIZED:  torch.Size([3, 50, 50])
CatsVsDogsDataset/Dog/12429.jpg
(285, 201, 3)
RESIZED:  torch.Size([3, 50, 50])
CatsVsDogsDataset/Dog/1182.jpg
(500, 377, 3)
RESIZED:  torch.Size([3, 50, 50])
CatsVsDogsDataset/Dog/1296.jpg
(375, 500, 3)
RESIZED:  torch.Size([3, 50, 50])
CatsVsDogsDataset/Cat/9946.jpg
(376, 336, 3)
RESIZED:  torch.Size([3, 50, 50])
CatsVsDogsDataset/Cat/1668.jpg
(292, 448, 3)
RESIZED:  torch.Size([3, 50, 50])
CatsVsDogsDataset/Cat/11446.jpg
(500, 464, 3)
RESIZED:  torch.Size([3, 50, 50])
CatsVsDogsDataset/Dog/3388.jpg
(428, 380, 3)
RESIZED:  torch.Size([3, 50, 50])
CatsVsDogsDataset/Dog/5608.jpg
(392, 257, 3)
RESIZED:  torch.Size([3, 50, 50])
CatsVsDogsDataset/Dog/6190.jpg
(250, 375, 3)
RESIZED:  torch.Size([3, 50, 50])
CatsVsDogsDataset/Dog/11626.jpg
(400, 305, 3)
RESIZED:  torch.Size([3, 50, 50])
CatsVsDogsDataset/Cat/8373.jpg
(153, 320, 3)
RESIZED:  torch.Size([3, 50, 50])
CatsVsDogsDataset/Dog/11081.jpg
(288, 276, 3)
RESIZED:  torch.Size([3, 50, 50])
CatsVsDogsDataset/Cat/5845.jpg
(374, 500, 3)
RESIZED:  torch.Size([3, 50, 50])
CatsVsDogsDataset/Cat/8469.jpg
(185, 178, 3)
RESIZED:  torch.Size([3, 50, 50])
CatsVsDogsDataset/Dog/6750.jpg
(462, 500, 3)
RESIZED:  torch.Size([3, 50, 50])
CatsVsDogsDataset/Cat/4106.jpg
(375, 500, 3)
RESIZED:  torch.Size([3, 50, 50])
CatsVsDogsDataset/Dog/11493.jpg
(409, 249, 3)
RESIZED:  torch.Size([3, 50, 50])
CatsVsDogsDataset/Cat/10716.jpg
(375, 500, 3)
RESIZED:  torch.Size([3, 50, 50])
CatsVsDogsDataset/Dog/4563.jpg
(321, 500, 3)
RESIZED:  torch.Size([3, 50, 50])
CatsVsDogsDataset/Cat/558.jpg
(223, 407, 3)
RESIZED:  torch.Size([3, 50, 50])
CatsVsDogsDataset/Cat/1150.jpg
(200, 300, 3)
RESIZED:  torch.Size([3, 50, 50])
CatsVsDogsDataset/Cat/8597.jpg
(375, 500, 3)
RESIZED:  torch.Size([3, 50, 50])
CatsVsDogsDataset/Cat/2058.jpg
(500, 500, 3)
RESIZED:  torch.Size([3, 50, 50])
CatsVsDogsDataset/Cat/10950.jpg
(415, 350, 3)
RESIZED:  torch.Size([3, 50, 50])
CatsVsDogsDataset/Cat/1343.jpg
(200, 250, 3)
RESIZED:  torch.Size([3, 50, 50])
CatsVsDogsDataset/Cat/5669.jpg
(360, 295, 3)
RESIZED:  torch.Size([3, 50, 50])
CatsVsDogsDataset/Dog/10524.jpg
(375, 500, 3)
RESIZED:  torch.Size([3, 50, 50])
CatsVsDogsDataset/Cat/7590.jpg
(376, 500, 3)
RESIZED:  torch.Size([3, 50, 50])
CatsVsDogsDataset/Dog/11699.jpg
(395, 389, 3)
RESIZED:  torch.Size([3, 50, 50])
CatsVsDogsDataset/Cat/5299.jpg
(397, 500, 3)
RESIZED:  torch.Size([3, 50, 50])
CatsVsDogsDataset/Dog/6625.jpg
(324, 185, 3)
RESIZED:  torch.Size([3, 50, 50])
CatsVsDogsDataset/Dog/7932.jpg
(168, 156, 3)
RESIZED:  torch.Size([3, 50, 50])
CatsVsDogsDataset/Cat/8011.jpg
(400, 399, 3)
RESIZED:  torch.Size([3, 50, 50])
CatsVsDogsDataset/Dog/4212.jpg
(500, 500, 3)
RESIZED:  torch.Size([3, 50, 50])
CatsVsDogsDataset/Dog/8250.jpg
(308, 350, 3)
RESIZED:  torch.Size([3, 50, 50])
CatsVsDogsDataset/Dog/5478.jpg
(435, 500, 3)
RESIZED:  torch.Size([3, 50, 50])
CatsVsDogsDataset/Cat/7625.jpg
(375, 500, 3)
RESIZED:  torch.Size([3, 50, 50])
CatsVsDogsDataset/Cat/9874.jpg
(320, 274, 3)
RESIZED:  torch.Size([3, 50, 50])
CatsVsDogsDataset/Cat/5826.jpg
(300, 273, 3)
RESIZED:  torch.Size([3, 50, 50])
CatsVsDogsDataset/Cat/9519.jpg
(288, 277, 3)
RESIZED:  torch.Size([3, 50, 50])
CatsVsDogsDataset/Cat/505.jpg
(227, 500, 3)
RESIZED:  torch.Size([3, 50, 50])
CatsVsDogsDataset/Cat/2076.jpg
(271, 310, 3)
RESIZED:  torch.Size([3, 50, 50])
CatsVsDogsDataset/Cat/3503.jpg
(180, 240, 3)
RESIZED:  torch.Size([3, 50, 50])
CatsVsDogsDataset/Cat/6192.jpg
(238, 140, 3)
RESIZED:  torch.Size([3, 50, 50])
CatsVsDogsDataset/Cat/1027.jpg
(396, 438, 3)
RESIZED:  torch.Size([3, 50, 50])
CatsVsDogsDataset/Cat/1899.jpg
(450, 433, 3)
RESIZED:  torch.Size([3, 50, 50])
CatsVsDogsDataset/Cat/3799.jpg
(324, 155, 3)
RESIZED:  torch.Size([3, 50, 50])
CatsVsDogsDataset/Cat/6110.jpg
(262, 350, 3)
RESIZED:  torch.Size([3, 50, 50])
CatsVsDogsDataset/Dog/4100.jpg
(500, 376, 3)
RESIZED:  torch.Size([3, 50, 50])
CatsVsDogsDataset/Dog/8076.jpg
(500, 317, 3)
RESIZED:  torch.Size([3, 50, 50])
CatsVsDogsDataset/Dog/2163.jpg
(500, 416, 3)
RESIZED:  torch.Size([3, 50, 50])
CatsVsDogsDataset/Dog/3462.jpg
(370, 308, 3)
RESIZED:  torch.Size([3, 50, 50])
CatsVsDogsDataset/Cat/5201.jpg
(187, 250, 3)
RESIZED:  torch.Size([3, 50, 50])
CatsVsDogsDataset/Cat/1593.jpg
(500, 332, 3)
RESIZED:  torch.Size([3, 50, 50])
CatsVsDogsDataset/Dog/4027.jpg
(404, 350, 3)
RESIZED:  torch.Size([3, 50, 50])
CatsVsDogsDataset/Cat/3702.jpg
(375, 500, 3)
RESIZED:  torch.Size([3, 50, 50])
CatsVsDogsDataset/Dog/5035.jpg
(500, 333, 3)
RESIZED:  torch.Size([3, 50, 50])
CatsVsDogsDataset/Cat/266.jpg
(375, 500, 3)
RESIZED:  torch.Size([3, 50, 50])
CatsVsDogsDataset/Dog/538.jpg
(397, 500, 3)
RESIZED:  torch.Size([3, 50, 50])
CatsVsDogsDataset/Cat/6069.jpg
(395, 450, 3)
RESIZED:  torch.Size([3, 50, 50])
CatsVsDogsDataset/Dog/9833.jpg
(278, 400, 3)
RESIZED:  torch.Size([3, 50, 50])
CatsVsDogsDataset/Dog/5110.jpg
(334, 500, 3)
RESIZED:  torch.Size([3, 50, 50])
CatsVsDogsDataset/Dog/9191.jpg
(280, 350, 3)
RESIZED:  torch.Size([3, 50, 50])
CatsVsDogsDataset/Dog/9235.jpg
(336, 364, 3)
RESIZED:  torch.Size([3, 50, 50])
CatsVsDogsDataset/Cat/5393.jpg
(225, 300, 3)
RESIZED:  torch.Size([3, 50, 50])
CatsVsDogsDataset/Cat/1947.jpg
(343, 500, 3)
RESIZED:  torch.Size([3, 50, 50])
CatsVsDogsDataset/Cat/9480.jpg
(335, 500, 3)
RESIZED:  torch.Size([3, 50, 50])
CatsVsDogsDataset/Dog/8651.jpg
(375, 500, 3)
RESIZED:  torch.Size([3, 50, 50])
CatsVsDogsDataset/Cat/6022.jpg
(375, 500, 3)
RESIZED:  torch.Size([3, 50, 50])
CatsVsDogsDataset/Cat/3242.jpg
(375, 500, 3)
RESIZED:  torch.Size([3, 50, 50])
CatsVsDogsDataset/Dog/150.jpg
(435, 500, 3)
RESIZED:  torch.Size([3, 50, 50])
CatsVsDogsDataset/Dog/11201.jpg
(500, 467, 3)
RESIZED:  torch.Size([3, 50, 50])
CatsVsDogsDataset/Cat/5248.jpg
(375, 500, 3)
RESIZED:  torch.Size([3, 50, 50])
CatsVsDogsDataset/Cat/5855.jpg
(500, 332, 3)
RESIZED:  torch.Size([3, 50, 50])
CatsVsDogsDataset/Cat/3510.jpg
(375, 500, 3)
RESIZED:  torch.Size([3, 50, 50])
CatsVsDogsDataset/Dog/7175.jpg
(500, 435, 3)
RESIZED:  torch.Size([3, 50, 50])
CatsVsDogsDataset/Cat/12269.jpg
(296, 202, 3)
RESIZED:  torch.Size([3, 50, 50])
CatsVsDogsDataset/Dog/11457.jpg
(125, 125, 3)
RESIZED:  torch.Size([3, 50, 50])
CatsVsDogsDataset/Dog/4589.jpg
(375, 500, 3)
RESIZED:  torch.Size([3, 50, 50])
CatsVsDogsDataset/Dog/5569.jpg
(345, 284, 3)
RESIZED:  torch.Size([3, 50, 50])
CatsVsDogsDataset/Dog/1394.jpg
(200, 156, 3)
RESIZED:  torch.Size([3, 50, 50])
CatsVsDogsDataset/Dog/3799.jpg
(300, 224, 3)
RESIZED:  torch.Size([3, 50, 50])
CatsVsDogsDataset/Cat/2986.jpg
(318, 488, 3)
RESIZED:  torch.Size([3, 50, 50])
CatsVsDogsDataset/Dog/6462.jpg
(267, 350, 3)
RESIZED:  torch.Size([3, 50, 50])
CatsVsDogsDataset/Dog/1448.jpg
(375, 500, 3)
RESIZED:  torch.Size([3, 50, 50])
CatsVsDogsDataset/Dog/7759.jpg
(337, 450, 3)
RESIZED:  torch.Size([3, 50, 50])
CatsVsDogsDataset/Dog/1038.jpg
(375, 500, 3)
RESIZED:  torch.Size([3, 50, 50])
CatsVsDogsDataset/Cat/5949.jpg
(375, 500, 3)
RESIZED:  torch.Size([3, 50, 50])
CatsVsDogsDataset/Cat/11743.jpg
(375, 500, 3)
RESIZED:  torch.Size([3, 50, 50])
CatsVsDogsDataset/Dog/10386.jpg
(375, 500, 3)
RESIZED:  torch.Size([3, 50, 50])
CatsVsDogsDataset/Dog/5177.jpg
(304, 379, 3)
RESIZED:  torch.Size([3, 50, 50])
CatsVsDogsDataset/Cat/9597.jpg
(300, 350, 3)
RESIZED:  torch.Size([3, 50, 50])
CatsVsDogsDataset/Cat/8803.jpg
(451, 456, 3)
RESIZED:  torch.Size([3, 50, 50])
CatsVsDogsDataset/Cat/9927.jpg
(188, 139, 3)
RESIZED:  torch.Size([3, 50, 50])
CatsVsDogsDataset/Cat/12310.jpg
(200, 198, 3)
RESIZED:  torch.Size([3, 50, 50])
CatsVsDogsDataset/Cat/10963.jpg
(464, 500, 3)
RESIZED:  torch.Size([3, 50, 50])
CatsVsDogsDataset/Dog/8454.jpg
(300, 400, 3)
RESIZED:  torch.Size([3, 50, 50])
CatsVsDogsDataset/Dog/8891.jpg
(375, 500, 3)
RESIZED:  torch.Size([3, 50, 50])
CatsVsDogsDataset/Cat/290.jpg
(440, 500, 3)
RESIZED:  torch.Size([3, 50, 50])
CatsVsDogsDataset/Cat/1598.jpg
(384, 427, 3)
RESIZED:  torch.Size([3, 50, 50])
CatsVsDogsDataset/Dog/12329.jpg
(261, 396, 3)
RESIZED:  torch.Size([3, 50, 50])
CatsVsDogsDataset/Dog/7778.jpg
(252, 122, 3)
RESIZED:  torch.Size([3, 50, 50])
CatsVsDogsDataset/Dog/9293.jpg
(250, 288, 3)
RESIZED:  torch.Size([3, 50, 50])
CatsVsDogsDataset/Cat/3366.jpg
(375, 500, 3)
RESIZED:  torch.Size([3, 50, 50])
CatsVsDogsDataset/Dog/6961.jpg
(477, 480, 3)
RESIZED:  torch.Size([3, 50, 50])
CatsVsDogsDataset/Dog/9096.jpg
(500, 337, 3)
RESIZED:  torch.Size([3, 50, 50])
CatsVsDogsDataset/Cat/2101.jpg
(480, 369, 3)
RESIZED:  torch.Size([3, 50, 50])
CatsVsDogsDataset/Cat/2434.jpg
(318, 500, 3)
RESIZED:  torch.Size([3, 50, 50])
CatsVsDogsDataset/Dog/8264.jpg
(262, 415, 3)
RESIZED:  torch.Size([3, 50, 50])
CatsVsDogsDataset/Cat/10310.jpg
(375, 500, 3)
RESIZED:  torch.Size([3, 50, 50])
CatsVsDogsDataset/Dog/10009.jpg
(333, 500, 3)
RESIZED:  torch.Size([3, 50, 50])
CatsVsDogsDataset/Dog/10884.jpg
(375, 500, 3)
RESIZED:  torch.Size([3, 50, 50])
CatsVsDogsDataset/Cat/8177.jpg
(375, 500, 3)
RESIZED:  torch.Size([3, 50, 50])
CatsVsDogsDataset/Dog/2859.jpg
(375, 500, 3)
RESIZED:  torch.Size([3, 50, 50])
CatsVsDogsDataset/Cat/370.jpg
(496, 500, 3)
RESIZED:  torch.Size([3, 50, 50])
CatsVsDogsDataset/Cat/2263.jpg
(225, 200, 3)
RESIZED:  torch.Size([3, 50, 50])
CatsVsDogsDataset/Cat/1846.jpg
(375, 500, 3)
RESIZED:  torch.Size([3, 50, 50])
CatsVsDogsDataset/Cat/2998.jpg
(349, 500, 3)
RESIZED:  torch.Size([3, 50, 50])
CatsVsDogsDataset/Dog/11520.jpg
(375, 500, 3)
RESIZED:  torch.Size([3, 50, 50])
CatsVsDogsDataset/Dog/2911.jpg
(500, 282, 3)
RESIZED:  torch.Size([3, 50, 50])
CatsVsDogsDataset/Cat/6520.jpg
(500, 450, 3)
RESIZED:  torch.Size([3, 50, 50])
CatsVsDogsDataset/Dog/9670.jpg
(150, 200, 3)
RESIZED:  torch.Size([3, 50, 50])
CatsVsDogsDataset/Dog/1433.jpg
(500, 400, 3)
RESIZED:  torch.Size([3, 50, 50])
CatsVsDogsDataset/Dog/2803.jpg
(240, 320, 3)
RESIZED:  torch.Size([3, 50, 50])
CatsVsDogsDataset/Dog/6919.jpg
(213, 141, 3)
RESIZED:  torch.Size([3, 50, 50])
CatsVsDogsDataset/Dog/3440.jpg
(360, 281, 3)
RESIZED:  torch.Size([3, 50, 50])
CatsVsDogsDataset/Dog/5558.jpg
(400, 400, 3)
RESIZED:  torch.Size([3, 50, 50])
CatsVsDogsDataset/Dog/12421.jpg
(364, 205, 3)
RESIZED:  torch.Size([3, 50, 50])
CatsVsDogsDataset/Dog/11083.jpg
(192, 256, 3)
RESIZED:  torch.Size([3, 50, 50])
CatsVsDogsDataset/Dog/10653.jpg
(325, 244, 3)
RESIZED:  torch.Size([3, 50, 50])
CatsVsDogsDataset/Dog/6087.jpg
(375, 500, 3)
RESIZED:  torch.Size([3, 50, 50])
CatsVsDogsDataset/Dog/4135.jpg
(375, 500, 3)
RESIZED:  torch.Size([3, 50, 50])
CatsVsDogsDataset/Cat/10917.jpg
(485, 500, 3)
RESIZED:  torch.Size([3, 50, 50])
CatsVsDogsDataset/Dog/4034.jpg
(221, 136, 3)
RESIZED:  torch.Size([3, 50, 50])
CatsVsDogsDataset/Dog/155.jpg
(393, 367, 3)
RESIZED:  torch.Size([3, 50, 50])
CatsVsDogsDataset/Cat/10676.jpg
(375, 500, 3)
RESIZED:  torch.Size([3, 50, 50])
CatsVsDogsDataset/Dog/8333.jpg
(383, 395, 3)
RESIZED:  torch.Size([3, 50, 50])
CatsVsDogsDataset/Cat/9408.jpg
(149, 170, 3)
RESIZED:  torch.Size([3, 50, 50])
CatsVsDogsDataset/Dog/9288.jpg
(94, 60, 3)
RESIZED:  torch.Size([3, 50, 50])
CatsVsDogsDataset/Cat/531.jpg
(451, 353, 3)
RESIZED:  torch.Size([3, 50, 50])
CatsVsDogsDataset/Dog/595.jpg
(375, 500, 3)
RESIZED:  torch.Size([3, 50, 50])
CatsVsDogsDataset/Cat/1072.jpg
(442, 420, 3)
RESIZED:  torch.Size([3, 50, 50])
CatsVsDogsDataset/Dog/7612.jpg
(311, 374, 3)
RESIZED:  torch.Size([3, 50, 50])
CatsVsDogsDataset/Dog/6704.jpg
(322, 279, 3)
RESIZED:  torch.Size([3, 50, 50])
CatsVsDogsDataset/Dog/10517.jpg
(375, 500, 3)
RESIZED:  torch.Size([3, 50, 50])
CatsVsDogsDataset/Cat/12438.jpg
(421, 495, 3)
RESIZED:  torch.Size([3, 50, 50])
CatsVsDogsDataset/Dog/5984.jpg
(187, 250, 3)
RESIZED:  torch.Size([3, 50, 50])
CatsVsDogsDataset/Dog/3750.jpg
(360, 480, 3)
RESIZED:  torch.Size([3, 50, 50])
CatsVsDogsDataset/Cat/11429.jpg
(500, 465, 3)
RESIZED:  torch.Size([3, 50, 50])
CatsVsDogsDataset/Dog/2265.jpg
(290, 350, 3)
RESIZED:  torch.Size([3, 50, 50])
CatsVsDogsDataset/Dog/11899.jpg
(320, 240, 3)
RESIZED:  torch.Size([3, 50, 50])
CatsVsDogsDataset/Dog/6366.jpg
(400, 355, 3)
RESIZED:  torch.Size([3, 50, 50])
CatsVsDogsDataset/Cat/1081.jpg
(375, 500, 3)
RESIZED:  torch.Size([3, 50, 50])
CatsVsDogsDataset/Dog/2880.jpg
(375, 500, 3)
RESIZED:  torch.Size([3, 50, 50])
CatsVsDogsDataset/Dog/8791.jpg
(285, 380, 3)
RESIZED:  torch.Size([3, 50, 50])
CatsVsDogsDataset/Dog/5765.jpg
(375, 500, 3)
RESIZED:  torch.Size([3, 50, 50])
CatsVsDogsDataset/Dog/12391.jpg
(431, 500, 3)
RESIZED:  torch.Size([3, 50, 50])
CatsVsDogsDataset/Cat/7023.jpg
(371, 500, 3)
RESIZED:  torch.Size([3, 50, 50])
CatsVsDogsDataset/Dog/11853.jpg
