here
Namespace(config_path='./config/train_config.yml', s3_bucket='movematch', prefix='CatsVsDogsDataset')
CatsVsDogsDataset/Cat/10046.jpg
RESIZED:  torch.Size([3, 50, 50])
CatsVsDogsDataset/Cat/10067.jpg
RESIZED:  torch.Size([3, 50, 50])
CatsVsDogsDataset/Cat/10169.jpg
RESIZED:  torch.Size([3, 50, 50])
CatsVsDogsDataset/Cat/10569.jpg
RESIZED:  torch.Size([3, 50, 50])
CatsVsDogsDataset/Cat/10051.jpg
RESIZED:  torch.Size([3, 50, 50])
CatsVsDogsDataset/Cat/10218.jpg
RESIZED:  torch.Size([3, 50, 50])
CatsVsDogsDataset/Cat/1050.jpg
RESIZED:  torch.Size([3, 50, 50])
CatsVsDogsDataset/Cat/10020.jpg
RESIZED:  torch.Size([3, 50, 50])
CatsVsDogsDataset/Cat/10240.jpg
RESIZED:  torch.Size([3, 50, 50])
CatsVsDogsDataset/Cat/10167.jpg
RESIZED:  torch.Size([3, 50, 50])
CatsVsDogsDataset/Cat/10277.jpg
RESIZED:  torch.Size([3, 50, 50])
CatsVsDogsDataset/Cat/10070.jpg
RESIZED:  torch.Size([3, 50, 50])
CatsVsDogsDataset/Cat/10558.jpg
RESIZED:  torch.Size([3, 50, 50])
CatsVsDogsDataset/Cat/10580.jpg
RESIZED:  torch.Size([3, 50, 50])
CatsVsDogsDataset/Cat/10205.jpg
RESIZED:  torch.Size([3, 50, 50])
CatsVsDogsDataset/Cat/10724.jpg
RESIZED:  torch.Size([3, 50, 50])
CatsVsDogsDataset/Cat/10842.jpg
RESIZED:  torch.Size([3, 50, 50])
CatsVsDogsDataset/Cat/10553.jpg
RESIZED:  torch.Size([3, 50, 50])
CatsVsDogsDataset/Cat/10378.jpg
RESIZED:  torch.Size([3, 50, 50])
CatsVsDogsDataset/Cat/10431.jpg
RESIZED:  torch.Size([3, 50, 50])
CatsVsDogsDataset/Cat/10505.jpg
RESIZED:  torch.Size([3, 50, 50])
CatsVsDogsDataset/Cat/10462.jpg
RESIZED:  torch.Size([3, 50, 50])
CatsVsDogsDataset/Cat/10113.jpg
RESIZED:  torch.Size([3, 50, 50])
CatsVsDogsDataset/Cat/10178.jpg
RESIZED:  torch.Size([3, 50, 50])
CatsVsDogsDataset/Cat/10561.jpg
RESIZED:  torch.Size([3, 50, 50])
CatsVsDogsDataset/Cat/10071.jpg
RESIZED:  torch.Size([3, 50, 50])
CatsVsDogsDataset/Cat/10655.jpg
RESIZED:  torch.Size([3, 50, 50])
CatsVsDogsDataset/Cat/10745.jpg
RESIZED:  torch.Size([3, 50, 50])
CatsVsDogsDataset/Cat/10015.jpg
RESIZED:  torch.Size([3, 50, 50])
CatsVsDogsDataset/Cat/10710.jpg
RESIZED:  torch.Size([3, 50, 50])
CatsVsDogsDataset/Cat/10699.jpg
RESIZED:  torch.Size([3, 50, 50])
CatsVsDogsDataset/Cat/10537.jpg
RESIZED:  torch.Size([3, 50, 50])
tensor([[[[0.0549, 0.0549, 0.0549,  ..., 0.0627, 0.0588, 0.0627],
          [0.0588, 0.0588, 0.0549,  ..., 0.0627, 0.0627, 0.0706],
          [0.0588, 0.0588, 0.0588,  ..., 0.0784, 0.0627, 0.0588],
          ...,
          [0.4510, 0.4235, 0.4275,  ..., 0.8980, 0.9059, 0.8941],
          [0.4863, 0.4902, 0.5098,  ..., 0.9098, 0.9137, 0.9059],
          [0.4902, 0.5529, 0.5490,  ..., 0.9020, 0.9098, 0.8941]],

         [[0.0706, 0.0706, 0.0745,  ..., 0.0706, 0.0667, 0.0667],
          [0.0745, 0.0745, 0.0745,  ..., 0.0706, 0.0667, 0.0706],
          [0.0745, 0.0784, 0.0784,  ..., 0.0863, 0.0706, 0.0627],
          ...,
          [0.3882, 0.3490, 0.4157,  ..., 0.9176, 0.9216, 0.9137],
          [0.3765, 0.3882, 0.4863,  ..., 0.9255, 0.9294, 0.9216],
          [0.3804, 0.4941, 0.5294,  ..., 0.9216, 0.9216, 0.9098]],

         [[0.0824, 0.0784, 0.0824,  ..., 0.0706, 0.0667, 0.0667],
          [0.0784, 0.0784, 0.0824,  ..., 0.0706, 0.0706, 0.0706],
          [0.0784, 0.0824, 0.0824,  ..., 0.0902, 0.0745, 0.0627],
          ...,
          [0.3490, 0.3059, 0.4000,  ..., 0.9294, 0.9333, 0.9255],
          [0.3059, 0.3294, 0.4510,  ..., 0.9373, 0.9412, 0.9333],
          [0.3137, 0.4549, 0.5020,  ..., 0.9333, 0.9373, 0.9294]]],


        [[[0.0980, 0.1294, 0.1804,  ..., 0.3451, 0.2275, 0.1804],
          [0.1412, 0.1725, 0.2000,  ..., 0.3294, 0.2235, 0.1765],
          [0.1373, 0.1843, 0.1765,  ..., 0.3059, 0.2196, 0.1843],
          ...,
          [0.0784, 0.0824, 0.1373,  ..., 0.1529, 0.1765, 0.0863],
          [0.1098, 0.0902, 0.1020,  ..., 0.1137, 0.1882, 0.0627],
          [0.1255, 0.1176, 0.1020,  ..., 0.0588, 0.1961, 0.0627]],

         [[0.1137, 0.1647, 0.2118,  ..., 0.2510, 0.0824, 0.0627],
          [0.1765, 0.2039, 0.2314,  ..., 0.2392, 0.0667, 0.0627],
          [0.1882, 0.2157, 0.2157,  ..., 0.2078, 0.0667, 0.0824],
          ...,
          [0.1020, 0.0980, 0.1529,  ..., 0.1294, 0.1961, 0.0980],
          [0.1294, 0.1176, 0.1294,  ..., 0.1098, 0.2000, 0.0706],
          [0.1333, 0.1490, 0.1373,  ..., 0.0510, 0.1765, 0.0667]],

         [[0.1490, 0.1882, 0.2235,  ..., 0.3020, 0.3176, 0.2745],
          [0.1843, 0.2392, 0.2510,  ..., 0.3059, 0.3137, 0.2745],
          [0.2078, 0.2510, 0.2314,  ..., 0.3137, 0.3294, 0.2745],
          ...,
          [0.0863, 0.0902, 0.1333,  ..., 0.0824, 0.1608, 0.0941],
          [0.1137, 0.1059, 0.1176,  ..., 0.0667, 0.1686, 0.0471],
          [0.1176, 0.1255, 0.1098,  ..., 0.0275, 0.1412, 0.0510]]],


        [[[0.3098, 0.3137, 0.4039,  ..., 0.5961, 0.5804, 0.6627],
          [0.3176, 0.3922, 0.3843,  ..., 0.6039, 0.5843, 0.7020],
          [0.3412, 0.4157, 0.4196,  ..., 0.6314, 0.6275, 0.5765],
          ...,
          [0.2902, 0.3608, 0.5255,  ..., 0.4392, 0.3804, 0.2784],
          [0.3569, 0.4157, 0.4235,  ..., 0.3529, 0.3020, 0.3176],
          [0.3059, 0.3412, 0.3255,  ..., 0.2980, 0.3490, 0.4078]],

         [[0.2941, 0.2980, 0.3765,  ..., 0.5804, 0.5922, 0.6824],
          [0.3020, 0.3569, 0.3569,  ..., 0.6000, 0.6078, 0.7137],
          [0.3255, 0.3922, 0.3882,  ..., 0.6431, 0.6471, 0.5765],
          ...,
          [0.2902, 0.3333, 0.4510,  ..., 0.4627, 0.4157, 0.3451],
          [0.3098, 0.3843, 0.4353,  ..., 0.4039, 0.3922, 0.4314],
          [0.3882, 0.4667, 0.4667,  ..., 0.3961, 0.4627, 0.4941]],

         [[0.2784, 0.2824, 0.3569,  ..., 0.5686, 0.6118, 0.7059],
          [0.2863, 0.3412, 0.3412,  ..., 0.6000, 0.6275, 0.7412],
          [0.3059, 0.3686, 0.3686,  ..., 0.6510, 0.6667, 0.5922],
          ...,
          [0.3412, 0.3333, 0.4118,  ..., 0.4549, 0.4314, 0.4000],
          [0.2784, 0.3255, 0.3686,  ..., 0.4353, 0.4510, 0.5020],
          [0.3176, 0.3686, 0.3686,  ..., 0.4667, 0.5373, 0.5490]]],


        ...,


        [[[0.5843, 0.5255, 0.4980,  ..., 0.0941, 0.0235, 0.0157],
          [0.5569, 0.5137, 0.4824,  ..., 0.0745, 0.0275, 0.0314],
          [0.5451, 0.5059, 0.4706,  ..., 0.0902, 0.0824, 0.1255],
          ...,
          [0.7765, 0.7333, 0.7059,  ..., 0.2392, 0.2353, 0.2353],
          [0.7725, 0.7765, 0.7333,  ..., 0.2314, 0.2353, 0.2314],
          [0.7686, 0.7451, 0.7608,  ..., 0.2314, 0.2275, 0.2275]],

         [[0.5569, 0.5137, 0.4824,  ..., 0.0941, 0.0314, 0.0235],
          [0.5333, 0.4980, 0.4667,  ..., 0.0706, 0.0392, 0.0392],
          [0.5216, 0.4863, 0.4549,  ..., 0.1020, 0.1176, 0.1647],
          ...,
          [0.7725, 0.7333, 0.7059,  ..., 0.2549, 0.2510, 0.2510],
          [0.7725, 0.7765, 0.7333,  ..., 0.2510, 0.2549, 0.2510],
          [0.7686, 0.7412, 0.7608,  ..., 0.2471, 0.2588, 0.2549]],

         [[0.5647, 0.5255, 0.5020,  ..., 0.0980, 0.0314, 0.0275],
          [0.5412, 0.5137, 0.4863,  ..., 0.0745, 0.0392, 0.0471],
          [0.5333, 0.5020, 0.4745,  ..., 0.1176, 0.1412, 0.2039],
          ...,
          [0.8275, 0.7882, 0.7608,  ..., 0.2980, 0.2941, 0.2941],
          [0.8275, 0.8314, 0.7882,  ..., 0.2902, 0.2980, 0.2941],
          [0.8275, 0.8000, 0.8157,  ..., 0.2902, 0.2980, 0.2941]]],


        [[[0.0157, 0.0157, 0.0157,  ..., 0.0157, 0.0157, 0.0196],
          [0.0157, 0.0157, 0.0157,  ..., 0.0196, 0.0235, 0.0235],
          [0.0157, 0.0157, 0.0157,  ..., 0.0314, 0.0314, 0.0275],
          ...,
          [0.2078, 0.1647, 0.2706,  ..., 0.1922, 0.1843, 0.1765],
          [0.1961, 0.1725, 0.2471,  ..., 0.1882, 0.1843, 0.1804],
          [0.1765, 0.1725, 0.2392,  ..., 0.1922, 0.1961, 0.1882]],

         [[0.0235, 0.0235, 0.0235,  ..., 0.0235, 0.0235, 0.0275],
          [0.0235, 0.0235, 0.0235,  ..., 0.0275, 0.0314, 0.0314],
          [0.0235, 0.0235, 0.0235,  ..., 0.0392, 0.0392, 0.0353],
          ...,
          [0.2392, 0.2118, 0.2902,  ..., 0.1922, 0.1922, 0.1843],
          [0.2431, 0.2235, 0.2824,  ..., 0.1882, 0.1922, 0.1882],
          [0.2275, 0.2275, 0.2745,  ..., 0.2039, 0.2000, 0.1922]],

         [[0.0235, 0.0235, 0.0235,  ..., 0.0235, 0.0235, 0.0275],
          [0.0235, 0.0235, 0.0235,  ..., 0.0275, 0.0314, 0.0314],
          [0.0235, 0.0235, 0.0235,  ..., 0.0392, 0.0392, 0.0353],
          ...,
          [0.3137, 0.2902, 0.3608,  ..., 0.1961, 0.1882, 0.1843],
          [0.3373, 0.3137, 0.3608,  ..., 0.1922, 0.1922, 0.1882],
          [0.3333, 0.3176, 0.3647,  ..., 0.2039, 0.2000, 0.1922]]],


        [[[0.6275, 0.5373, 0.7686,  ..., 0.4627, 0.5647, 0.5098],
          [0.4745, 0.4627, 0.7412,  ..., 0.5176, 0.5882, 0.5608],
          [0.3725, 0.4118, 0.7294,  ..., 0.5843, 0.6157, 0.5725],
          ...,
          [0.9451, 0.9412, 0.9373,  ..., 0.4392, 0.4549, 0.5137],
          [0.9490, 0.9490, 0.9412,  ..., 0.2392, 0.3882, 0.4588],
          [0.9412, 0.9216, 0.8588,  ..., 0.0510, 0.2588, 0.3922]],

         [[0.5529, 0.4824, 0.7412,  ..., 0.4392, 0.5255, 0.4667],
          [0.4431, 0.4510, 0.7216,  ..., 0.5137, 0.5686, 0.5294],
          [0.3647, 0.4196, 0.7098,  ..., 0.5765, 0.5961, 0.5412],
          ...,
          [0.9255, 0.9216, 0.9176,  ..., 0.4157, 0.4196, 0.4549],
          [0.9255, 0.9255, 0.9137,  ..., 0.2275, 0.3647, 0.4196],
          [0.9176, 0.8863, 0.8235,  ..., 0.0471, 0.2510, 0.3686]],

         [[0.4314, 0.3843, 0.6902,  ..., 0.4706, 0.5569, 0.4824],
          [0.3569, 0.3569, 0.6706,  ..., 0.4902, 0.5373, 0.4941],
          [0.2863, 0.3333, 0.6627,  ..., 0.5451, 0.5569, 0.5059],
          ...,
          [0.9216, 0.9176, 0.9098,  ..., 0.4549, 0.4902, 0.5412],
          [0.9255, 0.9294, 0.9216,  ..., 0.2392, 0.4039, 0.4745],
          [0.9255, 0.9098, 0.8784,  ..., 0.0510, 0.2824, 0.4157]]]])
CatsVsDogsDataset/Cat/10651.jpg
RESIZED:  torch.Size([3, 50, 50])
CatsVsDogsDataset/Cat/10603.jpg
RESIZED:  torch.Size([3, 50, 50])
CatsVsDogsDataset/Cat/1001.jpg
RESIZED:  torch.Size([3, 50, 50])
CatsVsDogsDataset/Cat/10762.jpg
RESIZED:  torch.Size([3, 50, 50])
CatsVsDogsDataset/Cat/10479.jpg
RESIZED:  torch.Size([3, 50, 50])
CatsVsDogsDataset/Cat/10307.jpg
RESIZED:  torch.Size([3, 50, 50])
CatsVsDogsDataset/Cat/10790.jpg
RESIZED:  torch.Size([3, 50, 50])
CatsVsDogsDataset/Cat/105.jpg
RESIZED:  torch.Size([3, 50, 50])
CatsVsDogsDataset/Cat/10563.jpg
RESIZED:  torch.Size([3, 50, 50])
CatsVsDogsDataset/Cat/10401.jpg
RESIZED:  torch.Size([3, 50, 50])
CatsVsDogsDataset/Cat/10115.jpg
RESIZED:  torch.Size([3, 50, 50])
CatsVsDogsDataset/Cat/10043.jpg
RESIZED:  torch.Size([3, 50, 50])
CatsVsDogsDataset/Cat/10137.jpg
RESIZED:  torch.Size([3, 50, 50])
CatsVsDogsDataset/Cat/10458.jpg
RESIZED:  torch.Size([3, 50, 50])
CatsVsDogsDataset/Cat/10281.jpg
RESIZED:  torch.Size([3, 50, 50])
CatsVsDogsDataset/Cat/10411.jpg
RESIZED:  torch.Size([3, 50, 50])
CatsVsDogsDataset/Cat/10367.jpg
RESIZED:  torch.Size([3, 50, 50])
CatsVsDogsDataset/Cat/10119.jpg
RESIZED:  torch.Size([3, 50, 50])
CatsVsDogsDataset/Cat/10048.jpg
RESIZED:  torch.Size([3, 50, 50])
CatsVsDogsDataset/Cat/104.jpg
RESIZED:  torch.Size([3, 50, 50])
CatsVsDogsDataset/Cat/10387.jpg
RESIZED:  torch.Size([3, 50, 50])
CatsVsDogsDataset/Cat/1014.jpg
RESIZED:  torch.Size([3, 50, 50])
CatsVsDogsDataset/Cat/10680.jpg
RESIZED:  torch.Size([3, 50, 50])
CatsVsDogsDataset/Cat/10424.jpg
RESIZED:  torch.Size([3, 50, 50])
CatsVsDogsDataset/Cat/10386.jpg
RESIZED:  torch.Size([3, 50, 50])
CatsVsDogsDataset/Cat/10731.jpg
RESIZED:  torch.Size([3, 50, 50])
CatsVsDogsDataset/Cat/10109.jpg
RESIZED:  torch.Size([3, 50, 50])
CatsVsDogsDataset/Cat/10841.jpg
RESIZED:  torch.Size([3, 50, 50])
CatsVsDogsDataset/Cat/10804.jpg
RESIZED:  torch.Size([3, 50, 50])
CatsVsDogsDataset/Cat/1040.jpg
RESIZED:  torch.Size([3, 50, 50])
CatsVsDogsDataset/Cat/1018.jpg
RESIZED:  torch.Size([3, 50, 50])
CatsVsDogsDataset/Cat/10788.jpg
RESIZED:  torch.Size([3, 50, 50])
tensor([[[0.6941, 0.6902, 0.7137,  ..., 0.3216, 0.3412, 0.3216],
         [0.6000, 0.5765, 0.6000,  ..., 0.3373, 0.3490, 0.3373],
         [0.5961, 0.5765, 0.5569,  ..., 0.4275, 0.4431, 0.4157],
         ...,
         [0.4824, 0.4863, 0.5255,  ..., 0.4353, 0.4510, 0.4588],
         [0.5529, 0.5176, 0.5451,  ..., 0.4863, 0.4941, 0.5608],
         [0.4706, 0.5137, 0.5255,  ..., 0.5059, 0.4667, 0.4471]],

        [[0.6941, 0.7098, 0.7333,  ..., 0.3333, 0.3333, 0.3176],
         [0.6157, 0.5961, 0.6039,  ..., 0.3725, 0.3843, 0.3765],
         [0.6353, 0.6118, 0.5725,  ..., 0.5216, 0.5569, 0.5843],
         ...,
         [0.3922, 0.3961, 0.4078,  ..., 0.4353, 0.4706, 0.5137],
         [0.4784, 0.4196, 0.4235,  ..., 0.4902, 0.5216, 0.6314],
         [0.3882, 0.4039, 0.4118,  ..., 0.5608, 0.5373, 0.5294]],

        [[0.6941, 0.7137, 0.7451,  ..., 0.2510, 0.2588, 0.2392],
         [0.6118, 0.5961, 0.6118,  ..., 0.2863, 0.3216, 0.3059],
         [0.6275, 0.6118, 0.5725,  ..., 0.4706, 0.5255, 0.5294],
         ...,
         [0.3255, 0.3333, 0.3216,  ..., 0.4196, 0.4627, 0.5020],
         [0.4314, 0.3529, 0.3451,  ..., 0.4784, 0.5176, 0.6275],
         [0.3373, 0.3294, 0.3373,  ..., 0.5490, 0.5294, 0.5216]]])
CatsVsDogsDataset/Cat/10372.jpg
RESIZED:  torch.Size([3, 50, 50])
CatsVsDogsDataset/Cat/10512.jpg
RESIZED:  torch.Size([3, 50, 50])
CatsVsDogsDataset/Cat/10696.jpg
RESIZED:  torch.Size([3, 50, 50])
CatsVsDogsDataset/Cat/10274.jpg
RESIZED:  torch.Size([3, 50, 50])
CatsVsDogsDataset/Cat/10722.jpg
RESIZED:  torch.Size([3, 50, 50])
CatsVsDogsDataset/Cat/1044.jpg
RESIZED:  torch.Size([3, 50, 50])
CatsVsDogsDataset/Cat/10350.jpg
RESIZED:  torch.Size([3, 50, 50])
CatsVsDogsDataset/Cat/10305.jpg
RESIZED:  torch.Size([3, 50, 50])
CatsVsDogsDataset/Cat/10510.jpg
RESIZED:  torch.Size([3, 50, 50])
CatsVsDogsDataset/Cat/10303.jpg
RESIZED:  torch.Size([3, 50, 50])
CatsVsDogsDataset/Cat/10849.jpg
RESIZED:  torch.Size([3, 50, 50])
CatsVsDogsDataset/Cat/10089.jpg
RESIZED:  torch.Size([3, 50, 50])
CatsVsDogsDataset/Cat/10559.jpg
RESIZED:  torch.Size([3, 50, 50])
CatsVsDogsDataset/Cat/10829.jpg
RESIZED:  torch.Size([3, 50, 50])
CatsVsDogsDataset/Cat/10689.jpg
RESIZED:  torch.Size([3, 50, 50])
CatsVsDogsDataset/Cat/10397.jpg
RESIZED:  torch.Size([3, 50, 50])
CatsVsDogsDataset/Cat/1080.jpg
RESIZED:  torch.Size([3, 50, 50])
CatsVsDogsDataset/Cat/10502.jpg
RESIZED:  torch.Size([3, 50, 50])
CatsVsDogsDataset/Cat/10083.jpg
RESIZED:  torch.Size([3, 50, 50])
CatsVsDogsDataset/Cat/10377.jpg
RESIZED:  torch.Size([3, 50, 50])
CatsVsDogsDataset/Cat/10068.jpg
RESIZED:  torch.Size([3, 50, 50])
CatsVsDogsDataset/Cat/10548.jpg
RESIZED:  torch.Size([3, 50, 50])
CatsVsDogsDataset/Cat/10524.jpg
RESIZED:  torch.Size([3, 50, 50])
CatsVsDogsDataset/Cat/10266.jpg
RESIZED:  torch.Size([3, 50, 50])
CatsVsDogsDataset/Cat/10134.jpg
RESIZED:  torch.Size([3, 50, 50])
CatsVsDogsDataset/Cat/10213.jpg
RESIZED:  torch.Size([3, 50, 50])
CatsVsDogsDataset/Cat/10100.jpg
RESIZED:  torch.Size([3, 50, 50])
CatsVsDogsDataset/Cat/10707.jpg
RESIZED:  torch.Size([3, 50, 50])
CatsVsDogsDataset/Cat/10735.jpg
RESIZED:  torch.Size([3, 50, 50])
CatsVsDogsDataset/Cat/1028.jpg
RESIZED:  torch.Size([3, 50, 50])
CatsVsDogsDataset/Cat/10393.jpg
RESIZED:  torch.Size([3, 50, 50])
CatsVsDogsDataset/Cat/10771.jpg
RESIZED:  torch.Size([3, 50, 50])
tensor([[[0.4863, 0.5176, 0.5647,  ..., 0.3647, 0.3725, 0.3451],
         [0.4510, 0.4471, 0.4980,  ..., 0.3608, 0.3843, 0.3686],
         [0.4824, 0.3804, 0.5176,  ..., 0.3255, 0.3255, 0.2824],
         ...,
         [0.3608, 0.3843, 0.3647,  ..., 0.4863, 0.3569, 0.2980],
         [0.3804, 0.4118, 0.3922,  ..., 0.5451, 0.5020, 0.4510],
         [0.4118, 0.4314, 0.4392,  ..., 0.5216, 0.5294, 0.5294]],

        [[0.5647, 0.6000, 0.6196,  ..., 0.3686, 0.3804, 0.3529],
         [0.5020, 0.4980, 0.5255,  ..., 0.3686, 0.3922, 0.3765],
         [0.5255, 0.4275, 0.5451,  ..., 0.3333, 0.3333, 0.2902],
         ...,
         [0.4078, 0.4314, 0.4118,  ..., 0.4392, 0.3059, 0.2471],
         [0.3882, 0.4196, 0.4118,  ..., 0.5098, 0.4667, 0.4196],
         [0.4000, 0.4196, 0.4235,  ..., 0.4941, 0.5059, 0.5059]],

        [[0.6549, 0.6863, 0.7137,  ..., 0.3725, 0.3804, 0.3529],
         [0.5529, 0.5490, 0.5804,  ..., 0.3725, 0.3922, 0.3765],
         [0.5725, 0.4706, 0.5961,  ..., 0.3333, 0.3333, 0.2902],
         ...,
         [0.4549, 0.4784, 0.4588,  ..., 0.4471, 0.3137, 0.2549],
         [0.4431, 0.4745, 0.4745,  ..., 0.4784, 0.4353, 0.3882],
         [0.4588, 0.4784, 0.4627,  ..., 0.4431, 0.4549, 0.4549]]])
CatsVsDogsDataset/Cat/10850.jpg
RESIZED:  torch.Size([3, 50, 50])
CatsVsDogsDataset/Cat/10015.jpg
RESIZED:  torch.Size([3, 50, 50])
CatsVsDogsDataset/Cat/1034.jpg
RESIZED:  torch.Size([3, 50, 50])
CatsVsDogsDataset/Cat/10228.jpg
RESIZED:  torch.Size([3, 50, 50])
CatsVsDogsDataset/Cat/10184.jpg
RESIZED:  torch.Size([3, 50, 50])
CatsVsDogsDataset/Cat/10720.jpg
RESIZED:  torch.Size([3, 50, 50])
CatsVsDogsDataset/Cat/10750.jpg
RESIZED:  torch.Size([3, 50, 50])
CatsVsDogsDataset/Cat/10723.jpg
RESIZED:  torch.Size([3, 50, 50])
CatsVsDogsDataset/Cat/10742.jpg
RESIZED:  torch.Size([3, 50, 50])
CatsVsDogsDataset/Cat/10895.jpg
RESIZED:  torch.Size([3, 50, 50])
CatsVsDogsDataset/Cat/10807.jpg
RESIZED:  torch.Size([3, 50, 50])
CatsVsDogsDataset/Cat/10843.jpg
RESIZED:  torch.Size([3, 50, 50])
CatsVsDogsDataset/Cat/10812.jpg
RESIZED:  torch.Size([3, 50, 50])
CatsVsDogsDataset/Cat/10051.jpg
RESIZED:  torch.Size([3, 50, 50])
CatsVsDogsDataset/Cat/10405.jpg
RESIZED:  torch.Size([3, 50, 50])
CatsVsDogsDataset/Cat/10686.jpg
RESIZED:  torch.Size([3, 50, 50])
CatsVsDogsDataset/Cat/10422.jpg
RESIZED:  torch.Size([3, 50, 50])
CatsVsDogsDataset/Cat/10143.jpg
RESIZED:  torch.Size([3, 50, 50])
CatsVsDogsDataset/Cat/10218.jpg
RESIZED:  torch.Size([3, 50, 50])
CatsVsDogsDataset/Cat/10630.jpg
RESIZED:  torch.Size([3, 50, 50])
CatsVsDogsDataset/Cat/10050.jpg
RESIZED:  torch.Size([3, 50, 50])
CatsVsDogsDataset/Cat/10469.jpg
RESIZED:  torch.Size([3, 50, 50])
CatsVsDogsDataset/Cat/10520.jpg
RESIZED:  torch.Size([3, 50, 50])
CatsVsDogsDataset/Cat/10268.jpg
RESIZED:  torch.Size([3, 50, 50])
CatsVsDogsDataset/Cat/10784.jpg
RESIZED:  torch.Size([3, 50, 50])
CatsVsDogsDataset/Cat/10590.jpg
RESIZED:  torch.Size([3, 50, 50])
CatsVsDogsDataset/Cat/10832.jpg
RESIZED:  torch.Size([3, 50, 50])
CatsVsDogsDataset/Cat/10087.jpg
RESIZED:  torch.Size([3, 50, 50])
CatsVsDogsDataset/Cat/10857.jpg
RESIZED:  torch.Size([3, 50, 50])
CatsVsDogsDataset/Cat/10360.jpg
RESIZED:  torch.Size([3, 50, 50])
CatsVsDogsDataset/Cat/10231.jpg
RESIZED:  torch.Size([3, 50, 50])
CatsVsDogsDataset/Cat/10709.jpg
RESIZED:  torch.Size([3, 50, 50])
tensor([[[0.6471, 0.6471, 0.6431,  ..., 0.2510, 0.0941, 0.0667],
         [0.7020, 0.7059, 0.7059,  ..., 0.3490, 0.1373, 0.0980],
         [0.5412, 0.5490, 0.6000,  ..., 0.3490, 0.1569, 0.0941],
         ...,
         [0.0863, 0.1059, 0.2078,  ..., 0.5608, 0.5961, 0.6196],
         [0.0941, 0.1569, 0.3059,  ..., 0.6157, 0.6078, 0.6000],
         [0.1647, 0.2706, 0.4000,  ..., 0.6118, 0.6118, 0.6353]],

        [[0.7686, 0.7686, 0.7686,  ..., 0.3059, 0.1922, 0.1686],
         [0.7843, 0.7843, 0.7882,  ..., 0.3961, 0.2353, 0.2196],
         [0.5961, 0.6118, 0.6588,  ..., 0.3882, 0.2314, 0.1961],
         ...,
         [0.0627, 0.0980, 0.2157,  ..., 0.5373, 0.5647, 0.5804],
         [0.0784, 0.1686, 0.3451,  ..., 0.5882, 0.5725, 0.5569],
         [0.1765, 0.3294, 0.4627,  ..., 0.5647, 0.5608, 0.5882]],

        [[0.8157, 0.8157, 0.8157,  ..., 0.3608, 0.2667, 0.2235],
         [0.8196, 0.8196, 0.8275,  ..., 0.4353, 0.3098, 0.2863],
         [0.5843, 0.6000, 0.6627,  ..., 0.4157, 0.2941, 0.2784],
         ...,
         [0.0745, 0.1059, 0.2275,  ..., 0.4000, 0.4392, 0.4745],
         [0.1020, 0.1961, 0.3765,  ..., 0.4706, 0.4431, 0.4118],
         [0.2196, 0.4000, 0.5020,  ..., 0.4157, 0.4196, 0.4549]]])
CatsVsDogsDataset/Cat/10721.jpg
RESIZED:  torch.Size([3, 50, 50])
CatsVsDogsDataset/Cat/10294.jpg
RESIZED:  torch.Size([3, 50, 50])
CatsVsDogsDataset/Cat/10208.jpg
RESIZED:  torch.Size([3, 50, 50])
CatsVsDogsDataset/Cat/1089.jpg
RESIZED:  torch.Size([3, 50, 50])
CatsVsDogsDataset/Cat/10047.jpg
RESIZED:  torch.Size([3, 50, 50])
CatsVsDogsDataset/Cat/10885.jpg
RESIZED:  torch.Size([3, 50, 50])
CatsVsDogsDataset/Cat/1084.jpg
RESIZED:  torch.Size([3, 50, 50])
CatsVsDogsDataset/Cat/10560.jpg
RESIZED:  torch.Size([3, 50, 50])
CatsVsDogsDataset/Cat/10112.jpg
RESIZED:  torch.Size([3, 50, 50])
CatsVsDogsDataset/Cat/10402.jpg
RESIZED:  torch.Size([3, 50, 50])
CatsVsDogsDataset/Cat/10701.jpg
RESIZED:  torch.Size([3, 50, 50])
CatsVsDogsDataset/Cat/10805.jpg
RESIZED:  torch.Size([3, 50, 50])
CatsVsDogsDataset/Cat/10420.jpg
RESIZED:  torch.Size([3, 50, 50])
CatsVsDogsDataset/Cat/10059.jpg
RESIZED:  torch.Size([3, 50, 50])
CatsVsDogsDataset/Cat/10607.jpg
RESIZED:  torch.Size([3, 50, 50])
CatsVsDogsDataset/Cat/1011.jpg
RESIZED:  torch.Size([3, 50, 50])
CatsVsDogsDataset/Cat/10764.jpg
RESIZED:  torch.Size([3, 50, 50])
CatsVsDogsDataset/Cat/10599.jpg
RESIZED:  torch.Size([3, 50, 50])
CatsVsDogsDataset/Cat/10682.jpg
RESIZED:  torch.Size([3, 50, 50])
CatsVsDogsDataset/Cat/10118.jpg
RESIZED:  torch.Size([3, 50, 50])
CatsVsDogsDataset/Cat/10627.jpg
RESIZED:  torch.Size([3, 50, 50])
CatsVsDogsDataset/Cat/10264.jpg
RESIZED:  torch.Size([3, 50, 50])
CatsVsDogsDataset/Cat/10883.jpg
RESIZED:  torch.Size([3, 50, 50])
CatsVsDogsDataset/Cat/10700.jpg
RESIZED:  torch.Size([3, 50, 50])
CatsVsDogsDataset/Cat/10063.jpg
RESIZED:  torch.Size([3, 50, 50])
CatsVsDogsDataset/Cat/10120.jpg
RESIZED:  torch.Size([3, 50, 50])
CatsVsDogsDataset/Cat/10793.jpg
RESIZED:  torch.Size([3, 50, 50])
CatsVsDogsDataset/Cat/10029.jpg
RESIZED:  torch.Size([3, 50, 50])
CatsVsDogsDataset/Cat/10632.jpg
RESIZED:  torch.Size([3, 50, 50])
CatsVsDogsDataset/Cat/10537.jpg
RESIZED:  torch.Size([3, 50, 50])
CatsVsDogsDataset/Cat/10888.jpg
RESIZED:  torch.Size([3, 50, 50])
CatsVsDogsDataset/Cat/10323.jpg
RESIZED:  torch.Size([3, 50, 50])
tensor([[[0.2863, 0.2784, 0.2784,  ..., 0.2941, 0.2980, 0.3059],
         [0.2863, 0.2784, 0.2784,  ..., 0.2980, 0.2980, 0.3059],
         [0.2784, 0.2745, 0.2706,  ..., 0.2980, 0.2941, 0.3020],
         ...,
         [0.6000, 0.6039, 0.6118,  ..., 0.4471, 0.4549, 0.4627],
         [0.5137, 0.5137, 0.5137,  ..., 0.4118, 0.3922, 0.3804],
         [0.4824, 0.4902, 0.4941,  ..., 0.5020, 0.4863, 0.4706]],

        [[0.2863, 0.2784, 0.2784,  ..., 0.3137, 0.3176, 0.3255],
         [0.2863, 0.2784, 0.2784,  ..., 0.3176, 0.3176, 0.3255],
         [0.2784, 0.2745, 0.2745,  ..., 0.3176, 0.3137, 0.3216],
         ...,
         [0.6118, 0.6157, 0.6235,  ..., 0.4314, 0.4431, 0.4510],
         [0.5176, 0.5176, 0.5176,  ..., 0.4039, 0.3804, 0.3686],
         [0.4784, 0.4824, 0.4863,  ..., 0.4980, 0.4745, 0.4588]],

        [[0.2863, 0.2784, 0.2784,  ..., 0.3098, 0.3137, 0.3216],
         [0.2863, 0.2784, 0.2784,  ..., 0.3137, 0.3137, 0.3216],
         [0.2784, 0.2745, 0.2745,  ..., 0.3137, 0.3098, 0.3176],
         ...,
         [0.6118, 0.6157, 0.6235,  ..., 0.4196, 0.4275, 0.4353],
         [0.5020, 0.5020, 0.5020,  ..., 0.3882, 0.3647, 0.3529],
         [0.4471, 0.4549, 0.4588,  ..., 0.4824, 0.4588, 0.4431]]])
CatsVsDogsDataset/Cat/10205.jpg
RESIZED:  torch.Size([3, 50, 50])
CatsVsDogsDataset/Cat/10382.jpg
RESIZED:  torch.Size([3, 50, 50])
CatsVsDogsDataset/Cat/10640.jpg
RESIZED:  torch.Size([3, 50, 50])
CatsVsDogsDataset/Cat/1024.jpg
RESIZED:  torch.Size([3, 50, 50])
CatsVsDogsDataset/Cat/10392.jpg
RESIZED:  torch.Size([3, 50, 50])
CatsVsDogsDataset/Cat/10169.jpg
RESIZED:  torch.Size([3, 50, 50])
CatsVsDogsDataset/Cat/10139.jpg
RESIZED:  torch.Size([3, 50, 50])
CatsVsDogsDataset/Cat/10436.jpg
RESIZED:  torch.Size([3, 50, 50])
CatsVsDogsDataset/Cat/10293.jpg
RESIZED:  torch.Size([3, 50, 50])
CatsVsDogsDataset/Cat/1010.jpg
RESIZED:  torch.Size([3, 50, 50])
CatsVsDogsDataset/Cat/10693.jpg
RESIZED:  torch.Size([3, 50, 50])
CatsVsDogsDataset/Cat/10019.jpg
RESIZED:  torch.Size([3, 50, 50])
CatsVsDogsDataset/Cat/10859.jpg
RESIZED:  torch.Size([3, 50, 50])
CatsVsDogsDataset/Cat/10122.jpg
RESIZED:  torch.Size([3, 50, 50])
CatsVsDogsDataset/Cat/10882.jpg
RESIZED:  torch.Size([3, 50, 50])
CatsVsDogsDataset/Cat/10065.jpg
RESIZED:  torch.Size([3, 50, 50])
CatsVsDogsDataset/Cat/10522.jpg
RESIZED:  torch.Size([3, 50, 50])
CatsVsDogsDataset/Cat/10431.jpg
RESIZED:  torch.Size([3, 50, 50])
CatsVsDogsDataset/Cat/10708.jpg
RESIZED:  torch.Size([3, 50, 50])
CatsVsDogsDataset/Cat/10806.jpg
RESIZED:  torch.Size([3, 50, 50])
CatsVsDogsDataset/Cat/10052.jpg
RESIZED:  torch.Size([3, 50, 50])
CatsVsDogsDataset/Cat/10451.jpg
RESIZED:  torch.Size([3, 50, 50])
CatsVsDogsDataset/Cat/10235.jpg
RESIZED:  torch.Size([3, 50, 50])
CatsVsDogsDataset/Cat/10534.jpg
RESIZED:  torch.Size([3, 50, 50])
CatsVsDogsDataset/Cat/10460.jpg
RESIZED:  torch.Size([3, 50, 50])
CatsVsDogsDataset/Cat/10454.jpg
RESIZED:  torch.Size([3, 50, 50])
CatsVsDogsDataset/Cat/10175.jpg
RESIZED:  torch.Size([3, 50, 50])
CatsVsDogsDataset/Cat/10233.jpg
RESIZED:  torch.Size([3, 50, 50])
CatsVsDogsDataset/Cat/10794.jpg
RESIZED:  torch.Size([3, 50, 50])
CatsVsDogsDataset/Cat/1006.jpg
RESIZED:  torch.Size([3, 50, 50])
CatsVsDogsDataset/Cat/10198.jpg
RESIZED:  torch.Size([3, 50, 50])
CatsVsDogsDataset/Cat/10504.jpg
RESIZED:  torch.Size([3, 50, 50])
tensor([[[0.2353, 0.2431, 0.2510,  ..., 0.1216, 0.0902, 0.0235],
         [0.2353, 0.2392, 0.2510,  ..., 0.1294, 0.0667, 0.0157],
         [0.2353, 0.2431, 0.2471,  ..., 0.1373, 0.0667, 0.0314],
         ...,
         [0.6078, 0.5765, 0.4824,  ..., 0.6784, 0.6000, 0.6000],
         [0.6039, 0.5647, 0.5882,  ..., 0.7961, 0.7804, 0.7490],
         [0.5686, 0.4902, 0.6314,  ..., 0.8118, 0.7608, 0.6235]],

        [[0.2431, 0.2510, 0.2588,  ..., 0.1451, 0.1098, 0.0157],
         [0.2431, 0.2471, 0.2588,  ..., 0.1490, 0.0706, 0.0000],
         [0.2431, 0.2510, 0.2549,  ..., 0.1490, 0.0667, 0.0196],
         ...,
         [0.5725, 0.5529, 0.4627,  ..., 0.6235, 0.5569, 0.5608],
         [0.5686, 0.5333, 0.5529,  ..., 0.7294, 0.7098, 0.6784],
         [0.5373, 0.4745, 0.5961,  ..., 0.7333, 0.6824, 0.5529]],

        [[0.2863, 0.2941, 0.3020,  ..., 0.1843, 0.1294, 0.0235],
         [0.2863, 0.2902, 0.3020,  ..., 0.1843, 0.0941, 0.0078],
         [0.2863, 0.2941, 0.2980,  ..., 0.2039, 0.0902, 0.0314],
         ...,
         [0.5608, 0.5412, 0.4588,  ..., 0.6039, 0.5333, 0.5255],
         [0.5569, 0.5255, 0.5490,  ..., 0.6980, 0.6824, 0.6627],
         [0.5294, 0.4627, 0.5804,  ..., 0.6902, 0.6431, 0.5255]]])
CatsVsDogsDataset/Cat/10391.jpg
RESIZED:  torch.Size([3, 50, 50])
CatsVsDogsDataset/Cat/10403.jpg
RESIZED:  torch.Size([3, 50, 50])
CatsVsDogsDataset/Cat/10173.jpg
RESIZED:  torch.Size([3, 50, 50])
CatsVsDogsDataset/Cat/10852.jpg
RESIZED:  torch.Size([3, 50, 50])
CatsVsDogsDataset/Cat/10352.jpg
RESIZED:  torch.Size([3, 50, 50])
CatsVsDogsDataset/Cat/10370.jpg
RESIZED:  torch.Size([3, 50, 50])
CatsVsDogsDataset/Cat/10079.jpg
RESIZED:  torch.Size([3, 50, 50])
CatsVsDogsDataset/Cat/10306.jpg
RESIZED:  torch.Size([3, 50, 50])
CatsVsDogsDataset/Cat/1053.jpg
RESIZED:  torch.Size([3, 50, 50])
CatsVsDogsDataset/Cat/10363.jpg
RESIZED:  torch.Size([3, 50, 50])
CatsVsDogsDataset/Cat/1086.jpg
RESIZED:  torch.Size([3, 50, 50])
CatsVsDogsDataset/Cat/10622.jpg
RESIZED:  torch.Size([3, 50, 50])
CatsVsDogsDataset/Cat/10896.jpg
RESIZED:  torch.Size([3, 50, 50])
CatsVsDogsDataset/Cat/10416.jpg
RESIZED:  torch.Size([3, 50, 50])
CatsVsDogsDataset/Cat/10437.jpg
RESIZED:  torch.Size([3, 50, 50])
CatsVsDogsDataset/Cat/10192.jpg
RESIZED:  torch.Size([3, 50, 50])
CatsVsDogsDataset/Cat/10075.jpg
RESIZED:  torch.Size([3, 50, 50])
CatsVsDogsDataset/Cat/10706.jpg
RESIZED:  torch.Size([3, 50, 50])
CatsVsDogsDataset/Cat/10729.jpg
RESIZED:  torch.Size([3, 50, 50])
CatsVsDogsDataset/Cat/10726.jpg
RESIZED:  torch.Size([3, 50, 50])
CatsVsDogsDataset/Cat/10108.jpg
RESIZED:  torch.Size([3, 50, 50])
CatsVsDogsDataset/Cat/10581.jpg
RESIZED:  torch.Size([3, 50, 50])
CatsVsDogsDataset/Cat/10188.jpg
RESIZED:  torch.Size([3, 50, 50])
CatsVsDogsDataset/Cat/10128.jpg
RESIZED:  torch.Size([3, 50, 50])
CatsVsDogsDataset/Cat/10030.jpg
RESIZED:  torch.Size([3, 50, 50])
CatsVsDogsDataset/Cat/10645.jpg
RESIZED:  torch.Size([3, 50, 50])
CatsVsDogsDataset/Cat/10714.jpg
RESIZED:  torch.Size([3, 50, 50])
CatsVsDogsDataset/Cat/10685.jpg
RESIZED:  torch.Size([3, 50, 50])
CatsVsDogsDataset/Cat/10278.jpg
RESIZED:  torch.Size([3, 50, 50])
CatsVsDogsDataset/Cat/10131.jpg
RESIZED:  torch.Size([3, 50, 50])
CatsVsDogsDataset/Cat/10746.jpg
RESIZED:  torch.Size([3, 50, 50])
CatsVsDogsDataset/Cat/10530.jpg
RESIZED:  torch.Size([3, 50, 50])
tensor([[[0.6784, 0.6863, 0.6784,  ..., 0.3020, 0.3020, 0.3020],
         [0.6706, 0.6745, 0.6784,  ..., 0.2941, 0.2980, 0.2980],
         [0.6706, 0.6745, 0.6784,  ..., 0.2902, 0.2902, 0.3020],
         ...,
         [0.6706, 0.6784, 0.6745,  ..., 0.8941, 0.9294, 0.9294],
         [0.6824, 0.7059, 0.7059,  ..., 0.8980, 0.9176, 0.9216],
         [0.6980, 0.7020, 0.7137,  ..., 0.8824, 0.8941, 0.8980]],

        [[0.6196, 0.6392, 0.6314,  ..., 0.2824, 0.2863, 0.2863],
         [0.6196, 0.6314, 0.6314,  ..., 0.2784, 0.2863, 0.2824],
         [0.6196, 0.6353, 0.6392,  ..., 0.2784, 0.2745, 0.2863],
         ...,
         [0.6196, 0.6314, 0.6314,  ..., 0.8941, 0.9216, 0.9216],
         [0.6314, 0.6510, 0.6549,  ..., 0.9137, 0.9216, 0.9137],
         [0.6471, 0.6431, 0.6588,  ..., 0.8980, 0.9020, 0.8941]],

        [[0.5490, 0.5647, 0.5608,  ..., 0.2549, 0.2627, 0.2627],
         [0.5451, 0.5569, 0.5569,  ..., 0.2588, 0.2627, 0.2627],
         [0.5490, 0.5608, 0.5686,  ..., 0.2588, 0.2588, 0.2588],
         ...,
         [0.5647, 0.5804, 0.5765,  ..., 0.8902, 0.9176, 0.9137],
         [0.5765, 0.5961, 0.5961,  ..., 0.9098, 0.9176, 0.9098],
         [0.5922, 0.5882, 0.6039,  ..., 0.8941, 0.8941, 0.8902]]])
CatsVsDogsDataset/Cat/10267.jpg
RESIZED:  torch.Size([3, 50, 50])
CatsVsDogsDataset/Cat/10592.jpg
RESIZED:  torch.Size([3, 50, 50])
CatsVsDogsDataset/Cat/10725.jpg
RESIZED:  torch.Size([3, 50, 50])
CatsVsDogsDataset/Cat/10752.jpg
RESIZED:  torch.Size([3, 50, 50])
CatsVsDogsDataset/Cat/1029.jpg
RESIZED:  torch.Size([3, 50, 50])
CatsVsDogsDataset/Cat/10270.jpg
RESIZED:  torch.Size([3, 50, 50])
CatsVsDogsDataset/Cat/10855.jpg
RESIZED:  torch.Size([3, 50, 50])
CatsVsDogsDataset/Cat/10699.jpg
RESIZED:  torch.Size([3, 50, 50])
CatsVsDogsDataset/Cat/10407.jpg
RESIZED:  torch.Size([3, 50, 50])
CatsVsDogsDataset/Cat/10255.jpg
RESIZED:  torch.Size([3, 50, 50])
CatsVsDogsDataset/Cat/10782.jpg
RESIZED:  torch.Size([3, 50, 50])
CatsVsDogsDataset/Cat/10517.jpg
RESIZED:  torch.Size([3, 50, 50])
CatsVsDogsDataset/Cat/1037.jpg
RESIZED:  torch.Size([3, 50, 50])
CatsVsDogsDataset/Cat/10291.jpg
RESIZED:  torch.Size([3, 50, 50])
CatsVsDogsDataset/Cat/10341.jpg
RESIZED:  torch.Size([3, 50, 50])
CatsVsDogsDataset/Cat/10409.jpg
RESIZED:  torch.Size([3, 50, 50])
CatsVsDogsDataset/Cat/10476.jpg
RESIZED:  torch.Size([3, 50, 50])
CatsVsDogsDataset/Cat/10856.jpg
RESIZED:  torch.Size([3, 50, 50])
CatsVsDogsDataset/Cat/10158.jpg
RESIZED:  torch.Size([3, 50, 50])
CatsVsDogsDataset/Cat/10781.jpg
RESIZED:  torch.Size([3, 50, 50])
CatsVsDogsDataset/Cat/10425.jpg
RESIZED:  torch.Size([3, 50, 50])
CatsVsDogsDataset/Cat/10650.jpg
RESIZED:  torch.Size([3, 50, 50])
CatsVsDogsDataset/Cat/10415.jpg
RESIZED:  torch.Size([3, 50, 50])
CatsVsDogsDataset/Cat/10041.jpg
RESIZED:  torch.Size([3, 50, 50])
CatsVsDogsDataset/Cat/10463.jpg
RESIZED:  torch.Size([3, 50, 50])
CatsVsDogsDataset/Cat/10615.jpg
RESIZED:  torch.Size([3, 50, 50])
CatsVsDogsDataset/Cat/10546.jpg
RESIZED:  torch.Size([3, 50, 50])
CatsVsDogsDataset/Cat/10674.jpg
RESIZED:  torch.Size([3, 50, 50])
CatsVsDogsDataset/Cat/10081.jpg
RESIZED:  torch.Size([3, 50, 50])
CatsVsDogsDataset/Cat/10878.jpg
RESIZED:  torch.Size([3, 50, 50])
CatsVsDogsDataset/Cat/10786.jpg
RESIZED:  torch.Size([3, 50, 50])
CatsVsDogsDataset/Cat/10347.jpg
RESIZED:  torch.Size([3, 50, 50])
tensor([[[0.3608, 0.3765, 0.4000,  ..., 0.6392, 0.6000, 0.6078],
         [0.3569, 0.3765, 0.3961,  ..., 0.6392, 0.6000, 0.6039],
         [0.3373, 0.3686, 0.4000,  ..., 0.6392, 0.6039, 0.6078],
         ...,
         [0.1765, 0.2549, 0.0863,  ..., 0.4196, 0.3922, 0.3882],
         [0.1294, 0.2549, 0.1255,  ..., 0.4118, 0.3725, 0.3725],
         [0.0980, 0.2235, 0.1529,  ..., 0.4039, 0.3765, 0.3686]],

        [[0.3216, 0.3412, 0.3686,  ..., 0.5843, 0.5569, 0.5647],
         [0.3294, 0.3569, 0.3882,  ..., 0.5843, 0.5608, 0.5569],
         [0.3294, 0.3647, 0.4000,  ..., 0.5961, 0.5647, 0.5569],
         ...,
         [0.1804, 0.3059, 0.1373,  ..., 0.4784, 0.4627, 0.4510],
         [0.1412, 0.3059, 0.1725,  ..., 0.4784, 0.4431, 0.4314],
         [0.1098, 0.2784, 0.2118,  ..., 0.4667, 0.4353, 0.4235]],

        [[0.3725, 0.4000, 0.4196,  ..., 0.6392, 0.6078, 0.6157],
         [0.3804, 0.4157, 0.4392,  ..., 0.6392, 0.6118, 0.6078],
         [0.3765, 0.4118, 0.4471,  ..., 0.6471, 0.6157, 0.6118],
         ...,
         [0.1843, 0.3098, 0.1373,  ..., 0.5255, 0.4980, 0.4824],
         [0.1412, 0.3098, 0.1725,  ..., 0.5216, 0.4784, 0.4667],
         [0.1098, 0.2824, 0.2078,  ..., 0.4980, 0.4667, 0.4627]]])
CatsVsDogsDataset/Cat/10864.jpg
RESIZED:  torch.Size([3, 50, 50])
CatsVsDogsDataset/Cat/10271.jpg
RESIZED:  torch.Size([3, 50, 50])
CatsVsDogsDataset/Cat/10349.jpg
RESIZED:  torch.Size([3, 50, 50])
CatsVsDogsDataset/Cat/10216.jpg
RESIZED:  torch.Size([3, 50, 50])
CatsVsDogsDataset/Cat/10000.jpg
RESIZED:  torch.Size([3, 50, 50])
CatsVsDogsDataset/Cat/10518.jpg
RESIZED:  torch.Size([3, 50, 50])
CatsVsDogsDataset/Cat/10628.jpg
RESIZED:  torch.Size([3, 50, 50])
CatsVsDogsDataset/Cat/10072.jpg
RESIZED:  torch.Size([3, 50, 50])
CatsVsDogsDataset/Cat/10028.jpg
RESIZED:  torch.Size([3, 50, 50])
CatsVsDogsDataset/Cat/1051.jpg
RESIZED:  torch.Size([3, 50, 50])
CatsVsDogsDataset/Cat/10326.jpg
RESIZED:  torch.Size([3, 50, 50])
CatsVsDogsDataset/Cat/10042.jpg
RESIZED:  torch.Size([3, 50, 50])
CatsVsDogsDataset/Cat/10727.jpg
RESIZED:  torch.Size([3, 50, 50])
CatsVsDogsDataset/Cat/10094.jpg
RESIZED:  torch.Size([3, 50, 50])
CatsVsDogsDataset/Cat/10574.jpg
RESIZED:  torch.Size([3, 50, 50])
CatsVsDogsDataset/Cat/10601.jpg
RESIZED:  torch.Size([3, 50, 50])
CatsVsDogsDataset/Cat/10338.jpg
RESIZED:  torch.Size([3, 50, 50])
CatsVsDogsDataset/Cat/10348.jpg
RESIZED:  torch.Size([3, 50, 50])
CatsVsDogsDataset/Cat/10113.jpg
RESIZED:  torch.Size([3, 50, 50])
CatsVsDogsDataset/Cat/10542.jpg
RESIZED:  torch.Size([3, 50, 50])
CatsVsDogsDataset/Cat/10866.jpg
RESIZED:  torch.Size([3, 50, 50])
CatsVsDogsDataset/Cat/10450.jpg
RESIZED:  torch.Size([3, 50, 50])
CatsVsDogsDataset/Cat/10854.jpg
RESIZED:  torch.Size([3, 50, 50])
CatsVsDogsDataset/Cat/10654.jpg
RESIZED:  torch.Size([3, 50, 50])
CatsVsDogsDataset/Cat/10170.jpg
RESIZED:  torch.Size([3, 50, 50])
CatsVsDogsDataset/Cat/10661.jpg
RESIZED:  torch.Size([3, 50, 50])
CatsVsDogsDataset/Cat/10343.jpg
RESIZED:  torch.Size([3, 50, 50])
CatsVsDogsDataset/Cat/10165.jpg
RESIZED:  torch.Size([3, 50, 50])
CatsVsDogsDataset/Cat/1004.jpg
RESIZED:  torch.Size([3, 50, 50])
CatsVsDogsDataset/Cat/10328.jpg
RESIZED:  torch.Size([3, 50, 50])
CatsVsDogsDataset/Cat/1017.jpg
RESIZED:  torch.Size([3, 50, 50])
CatsVsDogsDataset/Cat/10379.jpg
RESIZED:  torch.Size([3, 50, 50])
tensor([[[0.6392, 0.6157, 0.6157,  ..., 0.1647, 0.1373, 0.1333],
         [0.6275, 0.6118, 0.6275,  ..., 0.4157, 0.1490, 0.1373],
         [0.6078, 0.6118, 0.6196,  ..., 0.5176, 0.1647, 0.1373],
         ...,
         [0.6706, 0.7137, 0.7176,  ..., 0.7176, 0.7098, 0.7059],
         [0.6196, 0.6784, 0.7176,  ..., 0.7216, 0.6902, 0.6863],
         [0.6118, 0.6549, 0.6863,  ..., 0.7255, 0.7020, 0.6784]],

        [[0.4039, 0.3961, 0.3922,  ..., 0.1412, 0.1176, 0.1137],
         [0.3961, 0.3922, 0.3922,  ..., 0.3804, 0.1294, 0.1216],
         [0.3961, 0.3961, 0.3922,  ..., 0.4980, 0.1412, 0.1216],
         ...,
         [0.7059, 0.7373, 0.7451,  ..., 0.6275, 0.6235, 0.6235],
         [0.6784, 0.7137, 0.7412,  ..., 0.6314, 0.6196, 0.6196],
         [0.6667, 0.6980, 0.7216,  ..., 0.6471, 0.6235, 0.6157]],

        [[0.6000, 0.5882, 0.5922,  ..., 0.1569, 0.1216, 0.1176],
         [0.6000, 0.5882, 0.5922,  ..., 0.4118, 0.1255, 0.1176],
         [0.6039, 0.5922, 0.5882,  ..., 0.5098, 0.1412, 0.1176],
         ...,
         [0.7569, 0.7843, 0.7882,  ..., 0.5686, 0.5725, 0.5608],
         [0.7333, 0.7647, 0.7961,  ..., 0.5765, 0.5647, 0.5529],
         [0.7216, 0.7529, 0.7725,  ..., 0.5882, 0.5569, 0.5333]]])
CatsVsDogsDataset/Cat/10577.jpg
RESIZED:  torch.Size([3, 50, 50])
CatsVsDogsDataset/Cat/10521.jpg
RESIZED:  torch.Size([3, 50, 50])
CatsVsDogsDataset/Cat/10462.jpg
RESIZED:  torch.Size([3, 50, 50])
CatsVsDogsDataset/Cat/10541.jpg
RESIZED:  torch.Size([3, 50, 50])
CatsVsDogsDataset/Cat/10426.jpg
RESIZED:  torch.Size([3, 50, 50])
CatsVsDogsDataset/Cat/10711.jpg
RESIZED:  torch.Size([3, 50, 50])
CatsVsDogsDataset/Cat/10251.jpg
RESIZED:  torch.Size([3, 50, 50])
CatsVsDogsDataset/Cat/10161.jpg
RESIZED:  torch.Size([3, 50, 50])
CatsVsDogsDataset/Cat/10078.jpg
RESIZED:  torch.Size([3, 50, 50])
CatsVsDogsDataset/Cat/10527.jpg
RESIZED:  torch.Size([3, 50, 50])
CatsVsDogsDataset/Cat/10226.jpg
RESIZED:  torch.Size([3, 50, 50])
CatsVsDogsDataset/Cat/10893.jpg
RESIZED:  torch.Size([3, 50, 50])
CatsVsDogsDataset/Cat/10868.jpg
RESIZED:  torch.Size([3, 50, 50])
CatsVsDogsDataset/Cat/103.jpg
RESIZED:  torch.Size([3, 50, 50])
CatsVsDogsDataset/Cat/10678.jpg
RESIZED:  torch.Size([3, 50, 50])
CatsVsDogsDataset/Cat/10388.jpg
RESIZED:  torch.Size([3, 50, 50])
CatsVsDogsDataset/Cat/10639.jpg
RESIZED:  torch.Size([3, 50, 50])
CatsVsDogsDataset/Cat/10077.jpg
RESIZED:  torch.Size([3, 50, 50])
CatsVsDogsDataset/Cat/10666.jpg
RESIZED:  torch.Size([3, 50, 50])
CatsVsDogsDataset/Cat/10497.jpg
RESIZED:  torch.Size([3, 50, 50])
CatsVsDogsDataset/Cat/10321.jpg
RESIZED:  torch.Size([3, 50, 50])
CatsVsDogsDataset/Cat/10248.jpg
RESIZED:  torch.Size([3, 50, 50])
CatsVsDogsDataset/Cat/10365.jpg
RESIZED:  torch.Size([3, 50, 50])
CatsVsDogsDataset/Cat/10791.jpg
RESIZED:  torch.Size([3, 50, 50])
CatsVsDogsDataset/Cat/10244.jpg
RESIZED:  torch.Size([3, 50, 50])
CatsVsDogsDataset/Cat/10368.jpg
RESIZED:  torch.Size([3, 50, 50])
CatsVsDogsDataset/Cat/10509.jpg
RESIZED:  torch.Size([3, 50, 50])
CatsVsDogsDataset/Cat/10770.jpg
RESIZED:  torch.Size([3, 50, 50])
CatsVsDogsDataset/Cat/10434.jpg
RESIZED:  torch.Size([3, 50, 50])
CatsVsDogsDataset/Cat/10058.jpg
RESIZED:  torch.Size([3, 50, 50])
CatsVsDogsDataset/Cat/10656.jpg
RESIZED:  torch.Size([3, 50, 50])
CatsVsDogsDataset/Cat/10229.jpg
RESIZED:  torch.Size([3, 50, 50])
tensor([[[0.1020, 0.1137, 0.1216,  ..., 0.3412, 0.3373, 0.3176],
         [0.0980, 0.1098, 0.1216,  ..., 0.3255, 0.3176, 0.3059],
         [0.0902, 0.1020, 0.1137,  ..., 0.3098, 0.3020, 0.2941],
         ...,
         [0.7451, 0.8157, 0.8275,  ..., 0.4235, 0.4235, 0.4196],
         [0.8235, 0.8549, 0.9098,  ..., 0.4471, 0.4392, 0.4314],
         [0.8157, 0.8941, 0.9333,  ..., 0.4980, 0.4941, 0.4941]],

        [[0.0902, 0.1020, 0.1098,  ..., 0.3451, 0.3412, 0.3176],
         [0.0902, 0.1020, 0.1098,  ..., 0.3137, 0.3059, 0.2902],
         [0.0863, 0.0941, 0.1020,  ..., 0.2941, 0.2863, 0.2784],
         ...,
         [0.6902, 0.7490, 0.7529,  ..., 0.4471, 0.4431, 0.4392],
         [0.7529, 0.7804, 0.8353,  ..., 0.4627, 0.4549, 0.4471],
         [0.7373, 0.8157, 0.8549,  ..., 0.5098, 0.5059, 0.5020]],

        [[0.0706, 0.0824, 0.0941,  ..., 0.3216, 0.3176, 0.2941],
         [0.0706, 0.0824, 0.0941,  ..., 0.2902, 0.2824, 0.2706],
         [0.0706, 0.0784, 0.0863,  ..., 0.2745, 0.2667, 0.2588],
         ...,
         [0.6549, 0.7059, 0.7176,  ..., 0.4275, 0.4235, 0.4196],
         [0.7176, 0.7451, 0.8078,  ..., 0.4392, 0.4314, 0.4275],
         [0.7216, 0.7961, 0.8392,  ..., 0.4863, 0.4824, 0.4824]]])
CatsVsDogsDataset/Cat/10023.jpg
RESIZED:  torch.Size([3, 50, 50])
CatsVsDogsDataset/Cat/10772.jpg
RESIZED:  torch.Size([3, 50, 50])
CatsVsDogsDataset/Cat/10414.jpg
RESIZED:  torch.Size([3, 50, 50])
CatsVsDogsDataset/Cat/10340.jpg
RESIZED:  torch.Size([3, 50, 50])
CatsVsDogsDataset/Cat/10262.jpg
RESIZED:  torch.Size([3, 50, 50])
CatsVsDogsDataset/Cat/10840.jpg
RESIZED:  torch.Size([3, 50, 50])
CatsVsDogsDataset/Cat/10010.jpg
RESIZED:  torch.Size([3, 50, 50])
CatsVsDogsDataset/Cat/1045.jpg
RESIZED:  torch.Size([3, 50, 50])
CatsVsDogsDataset/Cat/10295.jpg
RESIZED:  torch.Size([3, 50, 50])
CatsVsDogsDataset/Cat/10247.jpg
RESIZED:  torch.Size([3, 50, 50])
CatsVsDogsDataset/Cat/10344.jpg
RESIZED:  torch.Size([3, 50, 50])
CatsVsDogsDataset/Cat/10185.jpg
RESIZED:  torch.Size([3, 50, 50])
CatsVsDogsDataset/Cat/1062.jpg
RESIZED:  torch.Size([3, 50, 50])
CatsVsDogsDataset/Cat/10695.jpg
RESIZED:  torch.Size([3, 50, 50])
CatsVsDogsDataset/Cat/1076.jpg
RESIZED:  torch.Size([3, 50, 50])
CatsVsDogsDataset/Cat/10265.jpg
RESIZED:  torch.Size([3, 50, 50])
CatsVsDogsDataset/Cat/10353.jpg
RESIZED:  torch.Size([3, 50, 50])
CatsVsDogsDataset/Cat/10166.jpg
RESIZED:  torch.Size([3, 50, 50])
CatsVsDogsDataset/Cat/10017.jpg
RESIZED:  torch.Size([3, 50, 50])
CatsVsDogsDataset/Cat/10847.jpg
RESIZED:  torch.Size([3, 50, 50])
CatsVsDogsDataset/Cat/10332.jpg
RESIZED:  torch.Size([3, 50, 50])
CatsVsDogsDataset/Cat/10172.jpg
RESIZED:  torch.Size([3, 50, 50])
CatsVsDogsDataset/Cat/1025.jpg
RESIZED:  torch.Size([3, 50, 50])
CatsVsDogsDataset/Cat/10308.jpg
RESIZED:  torch.Size([3, 50, 50])
CatsVsDogsDataset/Cat/10580.jpg
RESIZED:  torch.Size([3, 50, 50])
CatsVsDogsDataset/Cat/1059.jpg
RESIZED:  torch.Size([3, 50, 50])
CatsVsDogsDataset/Cat/10668.jpg
RESIZED:  torch.Size([3, 50, 50])
CatsVsDogsDataset/Cat/10803.jpg
RESIZED:  torch.Size([3, 50, 50])
CatsVsDogsDataset/Cat/10190.jpg
RESIZED:  torch.Size([3, 50, 50])
CatsVsDogsDataset/Cat/10286.jpg
RESIZED:  torch.Size([3, 50, 50])
CatsVsDogsDataset/Cat/10608.jpg
RESIZED:  torch.Size([3, 50, 50])
CatsVsDogsDataset/Cat/1072.jpg
RESIZED:  torch.Size([3, 50, 50])
tensor([[[0.1961, 0.2980, 0.3098,  ..., 0.0196, 0.0196, 0.0196],
         [0.1137, 0.2941, 0.3333,  ..., 0.0235, 0.0196, 0.0196],
         [0.0667, 0.2431, 0.3412,  ..., 0.0235, 0.0235, 0.0196],
         ...,
         [0.0353, 0.0353, 0.0353,  ..., 0.5137, 0.5137, 0.5137],
         [0.0392, 0.0392, 0.0392,  ..., 0.5059, 0.5020, 0.5020],
         [0.0392, 0.0392, 0.0392,  ..., 0.4980, 0.5020, 0.4941]],

        [[0.2118, 0.3294, 0.3490,  ..., 0.0275, 0.0275, 0.0275],
         [0.1255, 0.3137, 0.3686,  ..., 0.0314, 0.0275, 0.0275],
         [0.0745, 0.2588, 0.3725,  ..., 0.0314, 0.0314, 0.0275],
         ...,
         [0.0431, 0.0431, 0.0431,  ..., 0.5647, 0.5608, 0.5608],
         [0.0471, 0.0471, 0.0471,  ..., 0.5569, 0.5529, 0.5529],
         [0.0471, 0.0471, 0.0471,  ..., 0.5490, 0.5529, 0.5451]],

        [[0.2471, 0.3961, 0.4196,  ..., 0.0275, 0.0275, 0.0275],
         [0.1490, 0.3725, 0.4392,  ..., 0.0314, 0.0275, 0.0275],
         [0.0941, 0.3059, 0.4392,  ..., 0.0314, 0.0314, 0.0275],
         ...,
         [0.0471, 0.0471, 0.0471,  ..., 0.5961, 0.5922, 0.5922],
         [0.0510, 0.0510, 0.0510,  ..., 0.5882, 0.5843, 0.5843],
         [0.0510, 0.0510, 0.0510,  ..., 0.5804, 0.5843, 0.5765]]])
CatsVsDogsDataset/Cat/10310.jpg
RESIZED:  torch.Size([3, 50, 50])
CatsVsDogsDataset/Cat/1082.jpg
RESIZED:  torch.Size([3, 50, 50])
CatsVsDogsDataset/Cat/10289.jpg
RESIZED:  torch.Size([3, 50, 50])
CatsVsDogsDataset/Cat/10236.jpg
RESIZED:  torch.Size([3, 50, 50])
CatsVsDogsDataset/Cat/1041.jpg
RESIZED:  torch.Size([3, 50, 50])
CatsVsDogsDataset/Cat/1075.jpg
RESIZED:  torch.Size([3, 50, 50])
CatsVsDogsDataset/Cat/1056.jpg
RESIZED:  torch.Size([3, 50, 50])
CatsVsDogsDataset/Cat/10325.jpg
RESIZED:  torch.Size([3, 50, 50])
CatsVsDogsDataset/Cat/10732.jpg
RESIZED:  torch.Size([3, 50, 50])
CatsVsDogsDataset/Cat/10705.jpg
RESIZED:  torch.Size([3, 50, 50])
CatsVsDogsDataset/Cat/10351.jpg
RESIZED:  torch.Size([3, 50, 50])
CatsVsDogsDataset/Cat/1030.jpg
RESIZED:  torch.Size([3, 50, 50])
CatsVsDogsDataset/Cat/10698.jpg
RESIZED:  torch.Size([3, 50, 50])
CatsVsDogsDataset/Cat/10035.jpg
RESIZED:  torch.Size([3, 50, 50])
CatsVsDogsDataset/Cat/10171.jpg
RESIZED:  torch.Size([3, 50, 50])
CatsVsDogsDataset/Cat/10160.jpg
RESIZED:  torch.Size([3, 50, 50])
CatsVsDogsDataset/Cat/10697.jpg
RESIZED:  torch.Size([3, 50, 50])
CatsVsDogsDataset/Cat/10774.jpg
RESIZED:  torch.Size([3, 50, 50])
CatsVsDogsDataset/Cat/10178.jpg
RESIZED:  torch.Size([3, 50, 50])
CatsVsDogsDataset/Cat/10557.jpg
RESIZED:  torch.Size([3, 50, 50])
CatsVsDogsDataset/Cat/10025.jpg
RESIZED:  torch.Size([3, 50, 50])
CatsVsDogsDataset/Cat/10394.jpg
RESIZED:  torch.Size([3, 50, 50])
CatsVsDogsDataset/Cat/10820.jpg
