here
Namespace(config_path='./config/train_config.yml', s3_bucket='movematch', prefix='CatsVsDogsDataset')
CatsVsDogsDataset/Cat/1055.jpg
RESIZED:  torch.Size([3, 50, 50])
CatsVsDogsDataset/Cat/10858.jpg
RESIZED:  torch.Size([3, 50, 50])
CatsVsDogsDataset/Cat/10493.jpg
RESIZED:  torch.Size([3, 50, 50])
CatsVsDogsDataset/Cat/10215.jpg
RESIZED:  torch.Size([3, 50, 50])
CatsVsDogsDataset/Cat/1025.jpg
RESIZED:  torch.Size([3, 50, 50])
CatsVsDogsDataset/Cat/10087.jpg
RESIZED:  torch.Size([3, 50, 50])
CatsVsDogsDataset/Cat/10033.jpg
RESIZED:  torch.Size([3, 50, 50])
CatsVsDogsDataset/Cat/1076.jpg
RESIZED:  torch.Size([3, 50, 50])
CatsVsDogsDataset/Cat/10074.jpg
RESIZED:  torch.Size([3, 50, 50])
CatsVsDogsDataset/Cat/10767.jpg
RESIZED:  torch.Size([3, 50, 50])
CatsVsDogsDataset/Cat/10563.jpg
RESIZED:  torch.Size([3, 50, 50])
CatsVsDogsDataset/Cat/10720.jpg
RESIZED:  torch.Size([3, 50, 50])
CatsVsDogsDataset/Cat/10144.jpg
RESIZED:  torch.Size([3, 50, 50])
CatsVsDogsDataset/Cat/1068.jpg
RESIZED:  torch.Size([3, 50, 50])
CatsVsDogsDataset/Cat/10354.jpg
RESIZED:  torch.Size([3, 50, 50])
CatsVsDogsDataset/Cat/10156.jpg
RESIZED:  torch.Size([3, 50, 50])
CatsVsDogsDataset/Cat/10343.jpg
RESIZED:  torch.Size([3, 50, 50])
CatsVsDogsDataset/Cat/10544.jpg
RESIZED:  torch.Size([3, 50, 50])
CatsVsDogsDataset/Cat/10119.jpg
RESIZED:  torch.Size([3, 50, 50])
CatsVsDogsDataset/Cat/10680.jpg
RESIZED:  torch.Size([3, 50, 50])
CatsVsDogsDataset/Cat/10734.jpg
RESIZED:  torch.Size([3, 50, 50])
CatsVsDogsDataset/Cat/10873.jpg
RESIZED:  torch.Size([3, 50, 50])
CatsVsDogsDataset/Cat/10201.jpg
RESIZED:  torch.Size([3, 50, 50])
CatsVsDogsDataset/Cat/10536.jpg
RESIZED:  torch.Size([3, 50, 50])
CatsVsDogsDataset/Cat/10324.jpg
RESIZED:  torch.Size([3, 50, 50])
CatsVsDogsDataset/Cat/10391.jpg
RESIZED:  torch.Size([3, 50, 50])
CatsVsDogsDataset/Cat/10255.jpg
RESIZED:  torch.Size([3, 50, 50])
CatsVsDogsDataset/Cat/10322.jpg
RESIZED:  torch.Size([3, 50, 50])
CatsVsDogsDataset/Cat/1075.jpg
RESIZED:  torch.Size([3, 50, 50])
CatsVsDogsDataset/Cat/1006.jpg
RESIZED:  torch.Size([3, 50, 50])
CatsVsDogsDataset/Cat/10355.jpg
RESIZED:  torch.Size([3, 50, 50])
CatsVsDogsDataset/Cat/10718.jpg
RESIZED:  torch.Size([3, 50, 50])
CatsVsDogsDataset/Cat/10503.jpg
RESIZED:  torch.Size([3, 50, 50])
CatsVsDogsDataset/Cat/10641.jpg
RESIZED:  torch.Size([3, 50, 50])
CatsVsDogsDataset/Cat/10109.jpg
RESIZED:  torch.Size([3, 50, 50])
CatsVsDogsDataset/Cat/10491.jpg
RESIZED:  torch.Size([3, 50, 50])
CatsVsDogsDataset/Cat/1072.jpg
RESIZED:  torch.Size([3, 50, 50])
CatsVsDogsDataset/Cat/10733.jpg
RESIZED:  torch.Size([3, 50, 50])
CatsVsDogsDataset/Cat/10291.jpg
RESIZED:  torch.Size([3, 50, 50])
CatsVsDogsDataset/Cat/10396.jpg
RESIZED:  torch.Size([3, 50, 50])
CatsVsDogsDataset/Cat/10678.jpg
RESIZED:  torch.Size([3, 50, 50])
CatsVsDogsDataset/Cat/10680.jpg
RESIZED:  torch.Size([3, 50, 50])
CatsVsDogsDataset/Cat/10127.jpg
RESIZED:  torch.Size([3, 50, 50])
CatsVsDogsDataset/Cat/10882.jpg
RESIZED:  torch.Size([3, 50, 50])
CatsVsDogsDataset/Cat/10831.jpg
RESIZED:  torch.Size([3, 50, 50])
CatsVsDogsDataset/Cat/10315.jpg
RESIZED:  torch.Size([3, 50, 50])
CatsVsDogsDataset/Cat/10100.jpg
RESIZED:  torch.Size([3, 50, 50])
CatsVsDogsDataset/Cat/10390.jpg
RESIZED:  torch.Size([3, 50, 50])
CatsVsDogsDataset/Cat/10007.jpg
RESIZED:  torch.Size([3, 50, 50])
CatsVsDogsDataset/Cat/10813.jpg
RESIZED:  torch.Size([3, 50, 50])
CatsVsDogsDataset/Cat/10063.jpg
RESIZED:  torch.Size([3, 50, 50])
CatsVsDogsDataset/Cat/10006.jpg
RESIZED:  torch.Size([3, 50, 50])
CatsVsDogsDataset/Cat/1042.jpg
RESIZED:  torch.Size([3, 50, 50])
CatsVsDogsDataset/Cat/10613.jpg
RESIZED:  torch.Size([3, 50, 50])
CatsVsDogsDataset/Cat/10548.jpg
RESIZED:  torch.Size([3, 50, 50])
CatsVsDogsDataset/Cat/1033.jpg
RESIZED:  torch.Size([3, 50, 50])
CatsVsDogsDataset/Cat/10679.jpg
RESIZED:  torch.Size([3, 50, 50])
CatsVsDogsDataset/Cat/10262.jpg
RESIZED:  torch.Size([3, 50, 50])
CatsVsDogsDataset/Cat/10323.jpg
RESIZED:  torch.Size([3, 50, 50])
CatsVsDogsDataset/Cat/10147.jpg
RESIZED:  torch.Size([3, 50, 50])
CatsVsDogsDataset/Cat/10205.jpg
RESIZED:  torch.Size([3, 50, 50])
CatsVsDogsDataset/Cat/10318.jpg
RESIZED:  torch.Size([3, 50, 50])
CatsVsDogsDataset/Cat/10867.jpg
RESIZED:  torch.Size([3, 50, 50])
CatsVsDogsDataset/Cat/10308.jpg
RESIZED:  torch.Size([3, 50, 50])
tensor([[[0.2588, 0.2627, 0.2667,  ..., 0.1608, 0.1569, 0.1529],
         [0.2667, 0.2706, 0.2745,  ..., 0.1686, 0.1647, 0.1569],
         [0.2745, 0.2784, 0.2824,  ..., 0.1765, 0.1725, 0.1647],
         ...,
         [0.4667, 0.4588, 0.4706,  ..., 0.3412, 0.3255, 0.3255],
         [0.4588, 0.4510, 0.4706,  ..., 0.3451, 0.3333, 0.3137],
         [0.4392, 0.4510, 0.4824,  ..., 0.3412, 0.3373, 0.3176]],

        [[0.2706, 0.2745, 0.2745,  ..., 0.1725, 0.1686, 0.1647],
         [0.2784, 0.2824, 0.2824,  ..., 0.1804, 0.1765, 0.1686],
         [0.2863, 0.2902, 0.2941,  ..., 0.1882, 0.1843, 0.1765],
         ...,
         [0.3255, 0.3176, 0.3373,  ..., 0.2392, 0.2275, 0.2314],
         [0.3255, 0.3176, 0.3373,  ..., 0.2431, 0.2314, 0.2118],
         [0.3059, 0.3176, 0.3490,  ..., 0.2392, 0.2392, 0.2196]],

        [[0.3020, 0.3059, 0.3137,  ..., 0.2039, 0.2000, 0.1961],
         [0.3098, 0.3137, 0.3216,  ..., 0.2118, 0.2078, 0.2000],
         [0.3176, 0.3216, 0.3255,  ..., 0.2235, 0.2157, 0.2078],
         ...,
         [0.5882, 0.5804, 0.5882,  ..., 0.4627, 0.4392, 0.4353],
         [0.5843, 0.5686, 0.5882,  ..., 0.4549, 0.4314, 0.4196],
         [0.5608, 0.5647, 0.6000,  ..., 0.4510, 0.4392, 0.4235]]])
CatsVsDogsDataset/Cat/10497.jpg
RESIZED:  torch.Size([3, 50, 50])
CatsVsDogsDataset/Cat/10292.jpg
RESIZED:  torch.Size([3, 50, 50])
CatsVsDogsDataset/Cat/10309.jpg
RESIZED:  torch.Size([3, 50, 50])
CatsVsDogsDataset/Cat/10625.jpg
RESIZED:  torch.Size([3, 50, 50])
CatsVsDogsDataset/Cat/10212.jpg
RESIZED:  torch.Size([3, 50, 50])
CatsVsDogsDataset/Cat/10167.jpg
RESIZED:  torch.Size([3, 50, 50])
CatsVsDogsDataset/Cat/10652.jpg
RESIZED:  torch.Size([3, 50, 50])
CatsVsDogsDataset/Cat/1071.jpg
RESIZED:  torch.Size([3, 50, 50])
CatsVsDogsDataset/Cat/10626.jpg
RESIZED:  torch.Size([3, 50, 50])
CatsVsDogsDataset/Cat/10446.jpg
RESIZED:  torch.Size([3, 50, 50])
CatsVsDogsDataset/Cat/10298.jpg
RESIZED:  torch.Size([3, 50, 50])
CatsVsDogsDataset/Cat/10170.jpg
RESIZED:  torch.Size([3, 50, 50])
CatsVsDogsDataset/Cat/10887.jpg
RESIZED:  torch.Size([3, 50, 50])
CatsVsDogsDataset/Cat/10637.jpg
RESIZED:  torch.Size([3, 50, 50])
CatsVsDogsDataset/Cat/10312.jpg
RESIZED:  torch.Size([3, 50, 50])
CatsVsDogsDataset/Cat/10182.jpg
RESIZED:  torch.Size([3, 50, 50])
CatsVsDogsDataset/Cat/10173.jpg
RESIZED:  torch.Size([3, 50, 50])
CatsVsDogsDataset/Cat/10560.jpg
RESIZED:  torch.Size([3, 50, 50])
CatsVsDogsDataset/Cat/1069.jpg
RESIZED:  torch.Size([3, 50, 50])
CatsVsDogsDataset/Cat/10508.jpg
RESIZED:  torch.Size([3, 50, 50])
CatsVsDogsDataset/Cat/10259.jpg
RESIZED:  torch.Size([3, 50, 50])
CatsVsDogsDataset/Cat/1087.jpg
RESIZED:  torch.Size([3, 50, 50])
CatsVsDogsDataset/Cat/1.jpg
RESIZED:  torch.Size([3, 50, 50])
CatsVsDogsDataset/Cat/10749.jpg
RESIZED:  torch.Size([3, 50, 50])
CatsVsDogsDataset/Cat/10594.jpg
RESIZED:  torch.Size([3, 50, 50])
CatsVsDogsDataset/Cat/10866.jpg
RESIZED:  torch.Size([3, 50, 50])
CatsVsDogsDataset/Cat/10636.jpg
RESIZED:  torch.Size([3, 50, 50])
CatsVsDogsDataset/Cat/1020.jpg
RESIZED:  torch.Size([3, 50, 50])
CatsVsDogsDataset/Cat/1073.jpg
RESIZED:  torch.Size([3, 50, 50])
CatsVsDogsDataset/Cat/1085.jpg
RESIZED:  torch.Size([3, 50, 50])
CatsVsDogsDataset/Cat/10022.jpg
RESIZED:  torch.Size([3, 50, 50])
CatsVsDogsDataset/Cat/10478.jpg
RESIZED:  torch.Size([3, 50, 50])
tensor([[[0.1176, 0.1137, 0.1216,  ..., 0.5059, 0.5647, 0.5765],
         [0.1255, 0.1294, 0.1333,  ..., 0.5216, 0.5294, 0.5608],
         [0.1255, 0.1333, 0.1294,  ..., 0.5294, 0.5098, 0.5294],
         ...,
         [0.8039, 0.8078, 0.8118,  ..., 0.2588, 0.2784, 0.3098],
         [0.8078, 0.8078, 0.8157,  ..., 0.2902, 0.2863, 0.3373],
         [0.8078, 0.8196, 0.8392,  ..., 0.2784, 0.2627, 0.3176]],

        [[0.1569, 0.1529, 0.1529,  ..., 0.5294, 0.5843, 0.5961],
         [0.1647, 0.1647, 0.1647,  ..., 0.5373, 0.5490, 0.5804],
         [0.1569, 0.1608, 0.1608,  ..., 0.5569, 0.5294, 0.5451],
         ...,
         [0.7686, 0.7725, 0.7765,  ..., 0.3059, 0.3176, 0.3490],
         [0.7725, 0.7765, 0.7882,  ..., 0.3294, 0.3176, 0.3686],
         [0.7725, 0.7843, 0.8039,  ..., 0.3137, 0.2902, 0.3451]],

        [[0.1569, 0.1569, 0.1569,  ..., 0.5294, 0.5882, 0.6000],
         [0.1608, 0.1647, 0.1647,  ..., 0.5490, 0.5529, 0.5843],
         [0.1529, 0.1686, 0.1608,  ..., 0.5686, 0.5333, 0.5451],
         ...,
         [0.7529, 0.7569, 0.7608,  ..., 0.4627, 0.4627, 0.4784],
         [0.7529, 0.7608, 0.7647,  ..., 0.4824, 0.4667, 0.4863],
         [0.7569, 0.7686, 0.7843,  ..., 0.4745, 0.4627, 0.4784]]])
CatsVsDogsDataset/Cat/10534.jpg
RESIZED:  torch.Size([3, 50, 50])
CatsVsDogsDataset/Cat/10115.jpg
RESIZED:  torch.Size([3, 50, 50])
CatsVsDogsDataset/Cat/10719.jpg
RESIZED:  torch.Size([3, 50, 50])
CatsVsDogsDataset/Cat/10092.jpg
RESIZED:  torch.Size([3, 50, 50])
CatsVsDogsDataset/Cat/10245.jpg
RESIZED:  torch.Size([3, 50, 50])
CatsVsDogsDataset/Cat/1079.jpg
RESIZED:  torch.Size([3, 50, 50])
CatsVsDogsDataset/Cat/10320.jpg
RESIZED:  torch.Size([3, 50, 50])
CatsVsDogsDataset/Cat/10830.jpg
RESIZED:  torch.Size([3, 50, 50])
CatsVsDogsDataset/Cat/10101.jpg
RESIZED:  torch.Size([3, 50, 50])
CatsVsDogsDataset/Cat/1061.jpg
RESIZED:  torch.Size([3, 50, 50])
CatsVsDogsDataset/Cat/1064.jpg
RESIZED:  torch.Size([3, 50, 50])
CatsVsDogsDataset/Cat/10184.jpg
RESIZED:  torch.Size([3, 50, 50])
CatsVsDogsDataset/Cat/10372.jpg
RESIZED:  torch.Size([3, 50, 50])
CatsVsDogsDataset/Cat/10415.jpg
RESIZED:  torch.Size([3, 50, 50])
CatsVsDogsDataset/Cat/10592.jpg
RESIZED:  torch.Size([3, 50, 50])
CatsVsDogsDataset/Cat/10606.jpg
RESIZED:  torch.Size([3, 50, 50])
CatsVsDogsDataset/Cat/10793.jpg
RESIZED:  torch.Size([3, 50, 50])
CatsVsDogsDataset/Cat/10208.jpg
RESIZED:  torch.Size([3, 50, 50])
CatsVsDogsDataset/Cat/10852.jpg
RESIZED:  torch.Size([3, 50, 50])
CatsVsDogsDataset/Cat/10221.jpg
RESIZED:  torch.Size([3, 50, 50])
CatsVsDogsDataset/Cat/10439.jpg
RESIZED:  torch.Size([3, 50, 50])
CatsVsDogsDataset/Cat/10587.jpg
RESIZED:  torch.Size([3, 50, 50])
CatsVsDogsDataset/Cat/1022.jpg
RESIZED:  torch.Size([3, 50, 50])
CatsVsDogsDataset/Cat/10482.jpg
RESIZED:  torch.Size([3, 50, 50])
CatsVsDogsDataset/Cat/10327.jpg
RESIZED:  torch.Size([3, 50, 50])
CatsVsDogsDataset/Cat/10631.jpg
RESIZED:  torch.Size([3, 50, 50])
CatsVsDogsDataset/Cat/10744.jpg
RESIZED:  torch.Size([3, 50, 50])
CatsVsDogsDataset/Cat/10392.jpg
RESIZED:  torch.Size([3, 50, 50])
CatsVsDogsDataset/Cat/10661.jpg
RESIZED:  torch.Size([3, 50, 50])
CatsVsDogsDataset/Cat/10461.jpg
RESIZED:  torch.Size([3, 50, 50])
CatsVsDogsDataset/Cat/10669.jpg
RESIZED:  torch.Size([3, 50, 50])
CatsVsDogsDataset/Cat/10539.jpg
RESIZED:  torch.Size([3, 50, 50])
tensor([[[0.4000, 0.4157, 0.4078,  ..., 0.4353, 0.4314, 0.4275],
         [0.4039, 0.4157, 0.4078,  ..., 0.4392, 0.4392, 0.4353],
         [0.4078, 0.4196, 0.4157,  ..., 0.4588, 0.4588, 0.4510],
         ...,
         [0.2824, 0.2667, 0.2275,  ..., 0.4078, 0.3922, 0.3765],
         [0.3333, 0.2902, 0.2667,  ..., 0.3843, 0.3608, 0.3490],
         [0.3412, 0.3176, 0.2902,  ..., 0.3843, 0.3529, 0.3255]],

        [[0.6078, 0.6196, 0.6118,  ..., 0.5961, 0.5922, 0.5882],
         [0.6118, 0.6196, 0.6118,  ..., 0.6000, 0.5961, 0.5961],
         [0.6157, 0.6275, 0.6196,  ..., 0.6000, 0.6000, 0.6000],
         ...,
         [0.2000, 0.1765, 0.1686,  ..., 0.4275, 0.4118, 0.4000],
         [0.3529, 0.3176, 0.3098,  ..., 0.4275, 0.4196, 0.4118],
         [0.4196, 0.4039, 0.3843,  ..., 0.4353, 0.4235, 0.4000]],

        [[0.6902, 0.7020, 0.6784,  ..., 0.6549, 0.6510, 0.6471],
         [0.6941, 0.7020, 0.6784,  ..., 0.6588, 0.6549, 0.6549],
         [0.6980, 0.7098, 0.6863,  ..., 0.6627, 0.6627, 0.6588],
         ...,
         [0.2706, 0.2471, 0.2235,  ..., 0.4706, 0.4549, 0.4392],
         [0.4314, 0.4039, 0.4118,  ..., 0.4667, 0.4510, 0.4431],
         [0.5098, 0.4980, 0.4863,  ..., 0.4706, 0.4549, 0.4314]]])
CatsVsDogsDataset/Cat/10759.jpg
RESIZED:  torch.Size([3, 50, 50])
CatsVsDogsDataset/Cat/10795.jpg
RESIZED:  torch.Size([3, 50, 50])
CatsVsDogsDataset/Cat/10107.jpg
RESIZED:  torch.Size([3, 50, 50])
CatsVsDogsDataset/Cat/10294.jpg
RESIZED:  torch.Size([3, 50, 50])
CatsVsDogsDataset/Cat/10800.jpg
RESIZED:  torch.Size([3, 50, 50])
CatsVsDogsDataset/Cat/1028.jpg
RESIZED:  torch.Size([3, 50, 50])
CatsVsDogsDataset/Cat/10513.jpg
RESIZED:  torch.Size([3, 50, 50])
CatsVsDogsDataset/Cat/10805.jpg
RESIZED:  torch.Size([3, 50, 50])
CatsVsDogsDataset/Cat/10655.jpg
RESIZED:  torch.Size([3, 50, 50])
CatsVsDogsDataset/Cat/1035.jpg
RESIZED:  torch.Size([3, 50, 50])
CatsVsDogsDataset/Cat/10036.jpg
RESIZED:  torch.Size([3, 50, 50])
CatsVsDogsDataset/Cat/1078.jpg
RESIZED:  torch.Size([3, 50, 50])
CatsVsDogsDataset/Cat/1081.jpg
RESIZED:  torch.Size([3, 50, 50])
CatsVsDogsDataset/Cat/10015.jpg
RESIZED:  torch.Size([3, 50, 50])
CatsVsDogsDataset/Cat/10050.jpg
RESIZED:  torch.Size([3, 50, 50])
CatsVsDogsDataset/Cat/10851.jpg
RESIZED:  torch.Size([3, 50, 50])
CatsVsDogsDataset/Cat/10888.jpg
RESIZED:  torch.Size([3, 50, 50])
CatsVsDogsDataset/Cat/10351.jpg
RESIZED:  torch.Size([3, 50, 50])
CatsVsDogsDataset/Cat/10078.jpg
RESIZED:  torch.Size([3, 50, 50])
CatsVsDogsDataset/Cat/10772.jpg
RESIZED:  torch.Size([3, 50, 50])
CatsVsDogsDataset/Cat/10195.jpg
RESIZED:  torch.Size([3, 50, 50])
CatsVsDogsDataset/Cat/10621.jpg
RESIZED:  torch.Size([3, 50, 50])
CatsVsDogsDataset/Cat/10087.jpg
RESIZED:  torch.Size([3, 50, 50])
CatsVsDogsDataset/Cat/10468.jpg
RESIZED:  torch.Size([3, 50, 50])
CatsVsDogsDataset/Cat/1008.jpg
RESIZED:  torch.Size([3, 50, 50])
CatsVsDogsDataset/Cat/10532.jpg
RESIZED:  torch.Size([3, 50, 50])
CatsVsDogsDataset/Cat/10827.jpg
RESIZED:  torch.Size([3, 50, 50])
CatsVsDogsDataset/Cat/10280.jpg
RESIZED:  torch.Size([3, 50, 50])
CatsVsDogsDataset/Cat/10430.jpg
RESIZED:  torch.Size([3, 50, 50])
CatsVsDogsDataset/Cat/10755.jpg
RESIZED:  torch.Size([3, 50, 50])
CatsVsDogsDataset/Cat/10474.jpg
RESIZED:  torch.Size([3, 50, 50])
CatsVsDogsDataset/Cat/10837.jpg
RESIZED:  torch.Size([3, 50, 50])
tensor([[[0.7412, 0.7451, 0.7529,  ..., 0.4431, 0.4980, 0.6431],
         [0.7216, 0.7294, 0.7373,  ..., 0.4392, 0.5529, 0.6549],
         [0.6980, 0.7098, 0.7216,  ..., 0.4510, 0.6235, 0.5882],
         ...,
         [0.4667, 0.4588, 0.4510,  ..., 0.8157, 0.7765, 0.7569],
         [0.5490, 0.5294, 0.5137,  ..., 0.6902, 0.7059, 0.7333],
         [0.6431, 0.6275, 0.6118,  ..., 0.5608, 0.5725, 0.5882]],

        [[0.6902, 0.6941, 0.6980,  ..., 0.5020, 0.5216, 0.6667],
         [0.6745, 0.6824, 0.6902,  ..., 0.4863, 0.5804, 0.6784],
         [0.6588, 0.6706, 0.6824,  ..., 0.4863, 0.6549, 0.6196],
         ...,
         [0.6078, 0.6039, 0.6039,  ..., 0.8863, 0.8706, 0.8549],
         [0.6627, 0.6510, 0.6392,  ..., 0.7961, 0.8157, 0.8392],
         [0.7333, 0.7255, 0.7176,  ..., 0.7373, 0.7451, 0.7569]],

        [[0.6667, 0.6706, 0.6745,  ..., 0.5176, 0.5333, 0.6549],
         [0.6549, 0.6627, 0.6706,  ..., 0.5098, 0.5765, 0.6510],
         [0.6431, 0.6549, 0.6667,  ..., 0.5098, 0.6275, 0.5647],
         ...,
         [0.6392, 0.6353, 0.6353,  ..., 0.9255, 0.9176, 0.9020],
         [0.6902, 0.6784, 0.6667,  ..., 0.8510, 0.8627, 0.8863],
         [0.7608, 0.7529, 0.7412,  ..., 0.8039, 0.8039, 0.8157]]])
CatsVsDogsDataset/Cat/106.jpg
RESIZED:  torch.Size([3, 50, 50])
CatsVsDogsDataset/Cat/10706.jpg
RESIZED:  torch.Size([3, 50, 50])
CatsVsDogsDataset/Cat/10236.jpg
RESIZED:  torch.Size([3, 50, 50])
CatsVsDogsDataset/Cat/10068.jpg
RESIZED:  torch.Size([3, 50, 50])
CatsVsDogsDataset/Cat/10599.jpg
RESIZED:  torch.Size([3, 50, 50])
CatsVsDogsDataset/Cat/10346.jpg
RESIZED:  torch.Size([3, 50, 50])
CatsVsDogsDataset/Cat/10509.jpg
RESIZED:  torch.Size([3, 50, 50])
CatsVsDogsDataset/Cat/10601.jpg
RESIZED:  torch.Size([3, 50, 50])
CatsVsDogsDataset/Cat/10577.jpg
RESIZED:  torch.Size([3, 50, 50])
CatsVsDogsDataset/Cat/10265.jpg
RESIZED:  torch.Size([3, 50, 50])
CatsVsDogsDataset/Cat/10711.jpg
RESIZED:  torch.Size([3, 50, 50])
CatsVsDogsDataset/Cat/10283.jpg
RESIZED:  torch.Size([3, 50, 50])
CatsVsDogsDataset/Cat/10648.jpg
RESIZED:  torch.Size([3, 50, 50])
CatsVsDogsDataset/Cat/10380.jpg
RESIZED:  torch.Size([3, 50, 50])
CatsVsDogsDataset/Cat/10605.jpg
RESIZED:  torch.Size([3, 50, 50])
CatsVsDogsDataset/Cat/10713.jpg
RESIZED:  torch.Size([3, 50, 50])
CatsVsDogsDataset/Cat/10712.jpg
RESIZED:  torch.Size([3, 50, 50])
CatsVsDogsDataset/Cat/10514.jpg
RESIZED:  torch.Size([3, 50, 50])
CatsVsDogsDataset/Cat/10634.jpg
RESIZED:  torch.Size([3, 50, 50])
CatsVsDogsDataset/Cat/10296.jpg
RESIZED:  torch.Size([3, 50, 50])
CatsVsDogsDataset/Cat/10443.jpg
RESIZED:  torch.Size([3, 50, 50])
CatsVsDogsDataset/Cat/1065.jpg
RESIZED:  torch.Size([3, 50, 50])
CatsVsDogsDataset/Cat/10848.jpg
RESIZED:  torch.Size([3, 50, 50])
CatsVsDogsDataset/Cat/10414.jpg
RESIZED:  torch.Size([3, 50, 50])
CatsVsDogsDataset/Cat/10710.jpg
RESIZED:  torch.Size([3, 50, 50])
CatsVsDogsDataset/Cat/1036.jpg
RESIZED:  torch.Size([3, 50, 50])
CatsVsDogsDataset/Cat/10347.jpg
RESIZED:  torch.Size([3, 50, 50])
CatsVsDogsDataset/Cat/10352.jpg
RESIZED:  torch.Size([3, 50, 50])
CatsVsDogsDataset/Cat/10511.jpg
RESIZED:  torch.Size([3, 50, 50])
CatsVsDogsDataset/Cat/10540.jpg
RESIZED:  torch.Size([3, 50, 50])
CatsVsDogsDataset/Cat/10249.jpg
RESIZED:  torch.Size([3, 50, 50])
CatsVsDogsDataset/Cat/10459.jpg
RESIZED:  torch.Size([3, 50, 50])
tensor([[[0.2000, 0.2039, 0.2039,  ..., 0.7961, 0.7922, 0.7725],
         [0.2157, 0.2157, 0.2118,  ..., 0.8118, 0.7882, 0.7569],
         [0.2275, 0.2275, 0.2275,  ..., 0.8549, 0.8431, 0.8392],
         ...,
         [0.2000, 0.2353, 0.1961,  ..., 0.7451, 0.6784, 0.7059],
         [0.1098, 0.1725, 0.1961,  ..., 0.7216, 0.6824, 0.7059],
         [0.0980, 0.1098, 0.1765,  ..., 0.7216, 0.6902, 0.7020]],

        [[0.2314, 0.2392, 0.2353,  ..., 0.7647, 0.7608, 0.7412],
         [0.2549, 0.2588, 0.2510,  ..., 0.7647, 0.7451, 0.7176],
         [0.2824, 0.2784, 0.2745,  ..., 0.8157, 0.8039, 0.7922],
         ...,
         [0.2549, 0.2667, 0.2314,  ..., 0.7412, 0.6784, 0.7059],
         [0.1529, 0.2275, 0.2275,  ..., 0.7216, 0.6784, 0.7020],
         [0.1373, 0.1569, 0.2275,  ..., 0.7216, 0.6863, 0.6980]],

        [[0.2627, 0.2627, 0.2588,  ..., 0.7294, 0.7255, 0.7137],
         [0.2902, 0.2863, 0.2784,  ..., 0.7294, 0.7137, 0.6902],
         [0.3098, 0.3098, 0.3020,  ..., 0.7765, 0.7647, 0.7529],
         ...,
         [0.2863, 0.2784, 0.2392,  ..., 0.7098, 0.6392, 0.6706],
         [0.1882, 0.2549, 0.2510,  ..., 0.6863, 0.6431, 0.6706],
         [0.1608, 0.1882, 0.2627,  ..., 0.6745, 0.6510, 0.6745]]])
CatsVsDogsDataset/Cat/10546.jpg
RESIZED:  torch.Size([3, 50, 50])
CatsVsDogsDataset/Cat/10227.jpg
RESIZED:  torch.Size([3, 50, 50])
CatsVsDogsDataset/Cat/10235.jpg
RESIZED:  torch.Size([3, 50, 50])
CatsVsDogsDataset/Cat/10607.jpg
RESIZED:  torch.Size([3, 50, 50])
CatsVsDogsDataset/Cat/10340.jpg
RESIZED:  torch.Size([3, 50, 50])
CatsVsDogsDataset/Cat/10878.jpg
RESIZED:  torch.Size([3, 50, 50])
CatsVsDogsDataset/Cat/1066.jpg
RESIZED:  torch.Size([3, 50, 50])
CatsVsDogsDataset/Cat/10519.jpg
RESIZED:  torch.Size([3, 50, 50])
CatsVsDogsDataset/Cat/10545.jpg
RESIZED:  torch.Size([3, 50, 50])
CatsVsDogsDataset/Cat/10584.jpg
RESIZED:  torch.Size([3, 50, 50])
CatsVsDogsDataset/Cat/10754.jpg
RESIZED:  torch.Size([3, 50, 50])
CatsVsDogsDataset/Cat/10858.jpg
RESIZED:  torch.Size([3, 50, 50])
CatsVsDogsDataset/Cat/10001.jpg
RESIZED:  torch.Size([3, 50, 50])
CatsVsDogsDataset/Cat/10051.jpg
RESIZED:  torch.Size([3, 50, 50])
CatsVsDogsDataset/Cat/10266.jpg
RESIZED:  torch.Size([3, 50, 50])
CatsVsDogsDataset/Cat/10216.jpg
RESIZED:  torch.Size([3, 50, 50])
CatsVsDogsDataset/Cat/10883.jpg
RESIZED:  torch.Size([3, 50, 50])
CatsVsDogsDataset/Cat/10257.jpg
RESIZED:  torch.Size([3, 50, 50])
CatsVsDogsDataset/Cat/10839.jpg
RESIZED:  torch.Size([3, 50, 50])
CatsVsDogsDataset/Cat/10278.jpg
RESIZED:  torch.Size([3, 50, 50])
CatsVsDogsDataset/Cat/10418.jpg
RESIZED:  torch.Size([3, 50, 50])
CatsVsDogsDataset/Cat/10792.jpg
RESIZED:  torch.Size([3, 50, 50])
CatsVsDogsDataset/Cat/10410.jpg
RESIZED:  torch.Size([3, 50, 50])
CatsVsDogsDataset/Cat/10522.jpg
RESIZED:  torch.Size([3, 50, 50])
CatsVsDogsDataset/Cat/10451.jpg
RESIZED:  torch.Size([3, 50, 50])
CatsVsDogsDataset/Cat/10019.jpg
RESIZED:  torch.Size([3, 50, 50])
CatsVsDogsDataset/Cat/10085.jpg
RESIZED:  torch.Size([3, 50, 50])
CatsVsDogsDataset/Cat/10488.jpg
RESIZED:  torch.Size([3, 50, 50])
CatsVsDogsDataset/Cat/10023.jpg
RESIZED:  torch.Size([3, 50, 50])
CatsVsDogsDataset/Cat/10400.jpg
RESIZED:  torch.Size([3, 50, 50])
CatsVsDogsDataset/Cat/10395.jpg
RESIZED:  torch.Size([3, 50, 50])
CatsVsDogsDataset/Cat/10376.jpg
RESIZED:  torch.Size([3, 50, 50])
tensor([[[0.3451, 0.3647, 0.3843,  ..., 0.4353, 0.2235, 0.1255],
         [0.2902, 0.3529, 0.4039,  ..., 0.2902, 0.1333, 0.1059],
         [0.2078, 0.3098, 0.3569,  ..., 0.2745, 0.1686, 0.1412],
         ...,
         [0.6824, 0.7020, 0.6275,  ..., 0.4275, 0.3804, 0.3176],
         [0.6392, 0.6941, 0.6627,  ..., 0.4627, 0.4157, 0.3529],
         [0.5961, 0.6784, 0.6784,  ..., 0.4588, 0.4078, 0.3686]],

        [[0.2706, 0.2784, 0.2902,  ..., 0.4235, 0.2118, 0.1216],
         [0.2431, 0.2980, 0.3137,  ..., 0.2471, 0.1216, 0.1020],
         [0.1843, 0.2745, 0.3059,  ..., 0.2196, 0.1490, 0.1373],
         ...,
         [0.7098, 0.7569, 0.6902,  ..., 0.4902, 0.4392, 0.3765],
         [0.6667, 0.7451, 0.7255,  ..., 0.5412, 0.4902, 0.4275],
         [0.6235, 0.7333, 0.7412,  ..., 0.5333, 0.4824, 0.4353]],

        [[0.5137, 0.5412, 0.4745,  ..., 0.4510, 0.2275, 0.1137],
         [0.4824, 0.6275, 0.5804,  ..., 0.3176, 0.1294, 0.0902],
         [0.2902, 0.5137, 0.5961,  ..., 0.2471, 0.1686, 0.1451],
         ...,
         [0.7490, 0.8000, 0.7255,  ..., 0.4980, 0.4431, 0.3843],
         [0.7020, 0.7882, 0.7608,  ..., 0.5608, 0.4980, 0.4314],
         [0.6549, 0.7725, 0.7725,  ..., 0.5451, 0.4863, 0.4353]]])
CatsVsDogsDataset/Cat/10272.jpg
RESIZED:  torch.Size([3, 50, 50])
CatsVsDogsDataset/Cat/10771.jpg
RESIZED:  torch.Size([3, 50, 50])
CatsVsDogsDataset/Cat/10025.jpg
RESIZED:  torch.Size([3, 50, 50])
CatsVsDogsDataset/Cat/10602.jpg
RESIZED:  torch.Size([3, 50, 50])
CatsVsDogsDataset/Cat/10032.jpg
RESIZED:  torch.Size([3, 50, 50])
CatsVsDogsDataset/Cat/1014.jpg
RESIZED:  torch.Size([3, 50, 50])
CatsVsDogsDataset/Cat/10165.jpg
RESIZED:  torch.Size([3, 50, 50])
CatsVsDogsDataset/Cat/10726.jpg
RESIZED:  torch.Size([3, 50, 50])
CatsVsDogsDataset/Cat/10273.jpg
RESIZED:  torch.Size([3, 50, 50])
CatsVsDogsDataset/Cat/1039.jpg
RESIZED:  torch.Size([3, 50, 50])
CatsVsDogsDataset/Cat/10885.jpg
RESIZED:  torch.Size([3, 50, 50])
CatsVsDogsDataset/Cat/1040.jpg
RESIZED:  torch.Size([3, 50, 50])
CatsVsDogsDataset/Cat/10373.jpg
RESIZED:  torch.Size([3, 50, 50])
CatsVsDogsDataset/Cat/10276.jpg
RESIZED:  torch.Size([3, 50, 50])
CatsVsDogsDataset/Cat/10683.jpg
RESIZED:  torch.Size([3, 50, 50])
CatsVsDogsDataset/Cat/10471.jpg
RESIZED:  torch.Size([3, 50, 50])
CatsVsDogsDataset/Cat/10717.jpg
RESIZED:  torch.Size([3, 50, 50])
CatsVsDogsDataset/Cat/10248.jpg
RESIZED:  torch.Size([3, 50, 50])
CatsVsDogsDataset/Cat/10767.jpg
RESIZED:  torch.Size([3, 50, 50])
CatsVsDogsDataset/Cat/10623.jpg
RESIZED:  torch.Size([3, 50, 50])
CatsVsDogsDataset/Cat/10225.jpg
RESIZED:  torch.Size([3, 50, 50])
CatsVsDogsDataset/Cat/10009.jpg
RESIZED:  torch.Size([3, 50, 50])
CatsVsDogsDataset/Cat/1007.jpg
RESIZED:  torch.Size([3, 50, 50])
CatsVsDogsDataset/Cat/10153.jpg
RESIZED:  torch.Size([3, 50, 50])
CatsVsDogsDataset/Cat/10314.jpg
RESIZED:  torch.Size([3, 50, 50])
CatsVsDogsDataset/Cat/10185.jpg
RESIZED:  torch.Size([3, 50, 50])
CatsVsDogsDataset/Cat/10391.jpg
RESIZED:  torch.Size([3, 50, 50])
CatsVsDogsDataset/Cat/10177.jpg
RESIZED:  torch.Size([3, 50, 50])
CatsVsDogsDataset/Cat/1045.jpg
RESIZED:  torch.Size([3, 50, 50])
CatsVsDogsDataset/Cat/10740.jpg
RESIZED:  torch.Size([3, 50, 50])
CatsVsDogsDataset/Cat/1082.jpg
RESIZED:  torch.Size([3, 50, 50])
CatsVsDogsDataset/Cat/10242.jpg
RESIZED:  torch.Size([3, 50, 50])
tensor([[[0.6549, 0.7059, 0.6235,  ..., 0.0275, 0.0941, 0.0980],
         [0.6471, 0.6863, 0.6078,  ..., 0.0235, 0.0941, 0.0902],
         [0.6196, 0.6824, 0.6078,  ..., 0.0196, 0.0784, 0.0980],
         ...,
         [0.5176, 0.5804, 0.6980,  ..., 0.2745, 0.2941, 0.2745],
         [0.5922, 0.5647, 0.5647,  ..., 0.2549, 0.2902, 0.2471],
         [0.6078, 0.6000, 0.6039,  ..., 0.2471, 0.2745, 0.2627]],

        [[0.7059, 0.7412, 0.6471,  ..., 0.0549, 0.1294, 0.1333],
         [0.7098, 0.7294, 0.6392,  ..., 0.0549, 0.1255, 0.1255],
         [0.6902, 0.7333, 0.6392,  ..., 0.0471, 0.1098, 0.1333],
         ...,
         [0.5412, 0.6000, 0.7216,  ..., 0.3882, 0.3843, 0.3333],
         [0.6078, 0.5804, 0.5804,  ..., 0.3765, 0.3922, 0.3216],
         [0.6157, 0.6078, 0.6118,  ..., 0.3843, 0.3922, 0.3216]],

        [[0.7373, 0.7451, 0.6392,  ..., 0.1059, 0.1843, 0.2000],
         [0.7373, 0.7333, 0.6275,  ..., 0.1020, 0.1804, 0.1882],
         [0.7176, 0.7333, 0.6275,  ..., 0.0902, 0.1608, 0.1882],
         ...,
         [0.5608, 0.6196, 0.7373,  ..., 0.5176, 0.4941, 0.4275],
         [0.6157, 0.5882, 0.5882,  ..., 0.5176, 0.5137, 0.4235],
         [0.6157, 0.6118, 0.6157,  ..., 0.5216, 0.5137, 0.4157]]])
CatsVsDogsDataset/Cat/10819.jpg
RESIZED:  torch.Size([3, 50, 50])
CatsVsDogsDataset/Cat/10645.jpg
RESIZED:  torch.Size([3, 50, 50])
CatsVsDogsDataset/Cat/10013.jpg
RESIZED:  torch.Size([3, 50, 50])
CatsVsDogsDataset/Cat/10059.jpg
RESIZED:  torch.Size([3, 50, 50])
CatsVsDogsDataset/Cat/10374.jpg
RESIZED:  torch.Size([3, 50, 50])
CatsVsDogsDataset/Cat/10360.jpg
RESIZED:  torch.Size([3, 50, 50])
CatsVsDogsDataset/Cat/10734.jpg
RESIZED:  torch.Size([3, 50, 50])
CatsVsDogsDataset/Cat/10533.jpg
RESIZED:  torch.Size([3, 50, 50])
CatsVsDogsDataset/Cat/10359.jpg
RESIZED:  torch.Size([3, 50, 50])
CatsVsDogsDataset/Cat/10876.jpg
RESIZED:  torch.Size([3, 50, 50])
CatsVsDogsDataset/Cat/10627.jpg
RESIZED:  torch.Size([3, 50, 50])
CatsVsDogsDataset/Cat/10770.jpg
RESIZED:  torch.Size([3, 50, 50])
CatsVsDogsDataset/Cat/10481.jpg
RESIZED:  torch.Size([3, 50, 50])
CatsVsDogsDataset/Cat/10802.jpg
RESIZED:  torch.Size([3, 50, 50])
CatsVsDogsDataset/Cat/10286.jpg
RESIZED:  torch.Size([3, 50, 50])
CatsVsDogsDataset/Cat/10137.jpg
RESIZED:  torch.Size([3, 50, 50])
CatsVsDogsDataset/Cat/1053.jpg
RESIZED:  torch.Size([3, 50, 50])
CatsVsDogsDataset/Cat/10406.jpg
RESIZED:  torch.Size([3, 50, 50])
CatsVsDogsDataset/Cat/10076.jpg
RESIZED:  torch.Size([3, 50, 50])
CatsVsDogsDataset/Cat/10398.jpg
RESIZED:  torch.Size([3, 50, 50])
CatsVsDogsDataset/Cat/1070.jpg
RESIZED:  torch.Size([3, 50, 50])
CatsVsDogsDataset/Cat/10353.jpg
RESIZED:  torch.Size([3, 50, 50])
CatsVsDogsDataset/Cat/100.jpg
RESIZED:  torch.Size([3, 50, 50])
CatsVsDogsDataset/Cat/10785.jpg
RESIZED:  torch.Size([3, 50, 50])
CatsVsDogsDataset/Cat/10433.jpg
RESIZED:  torch.Size([3, 50, 50])
CatsVsDogsDataset/Cat/10892.jpg
RESIZED:  torch.Size([3, 50, 50])
CatsVsDogsDataset/Cat/10134.jpg
RESIZED:  torch.Size([3, 50, 50])
CatsVsDogsDataset/Cat/10126.jpg
RESIZED:  torch.Size([3, 50, 50])
CatsVsDogsDataset/Cat/10020.jpg
RESIZED:  torch.Size([3, 50, 50])
CatsVsDogsDataset/Cat/10530.jpg
RESIZED:  torch.Size([3, 50, 50])
CatsVsDogsDataset/Cat/10544.jpg
RESIZED:  torch.Size([3, 50, 50])
CatsVsDogsDataset/Cat/10303.jpg
RESIZED:  torch.Size([3, 50, 50])
tensor([[[0.2980, 0.3137, 0.3216,  ..., 0.1294, 0.1490, 0.1686],
         [0.3020, 0.3098, 0.3216,  ..., 0.1412, 0.1529, 0.1686],
         [0.3020, 0.3098, 0.3216,  ..., 0.1490, 0.1608, 0.1804],
         ...,
         [0.0627, 0.0706, 0.0706,  ..., 0.4235, 0.4314, 0.4902],
         [0.0863, 0.1098, 0.1137,  ..., 0.4667, 0.4588, 0.4667],
         [0.0941, 0.1176, 0.1216,  ..., 0.4549, 0.4431, 0.4471]],

        [[0.4471, 0.4627, 0.4667,  ..., 0.2549, 0.2745, 0.2941],
         [0.4510, 0.4588, 0.4627,  ..., 0.2667, 0.2784, 0.2980],
         [0.4510, 0.4588, 0.4627,  ..., 0.2745, 0.2863, 0.3059],
         ...,
         [0.1137, 0.1216, 0.1098,  ..., 0.5373, 0.5255, 0.4706],
         [0.1255, 0.1490, 0.1412,  ..., 0.4627, 0.4627, 0.4588],
         [0.1255, 0.1490, 0.1529,  ..., 0.4588, 0.4471, 0.4392]],

        [[0.4000, 0.4157, 0.4196,  ..., 0.3059, 0.3216, 0.3333],
         [0.4039, 0.4118, 0.4157,  ..., 0.3176, 0.3255, 0.3373],
         [0.4039, 0.4118, 0.4157,  ..., 0.3255, 0.3333, 0.3451],
         ...,
         [0.1059, 0.1255, 0.1255,  ..., 0.5098, 0.4902, 0.4353],
         [0.1216, 0.1529, 0.1569,  ..., 0.4431, 0.4235, 0.4196],
         [0.1255, 0.1529, 0.1569,  ..., 0.4235, 0.4118, 0.4039]]])
CatsVsDogsDataset/Cat/10157.jpg
RESIZED:  torch.Size([3, 50, 50])
CatsVsDogsDataset/Cat/10609.jpg
RESIZED:  torch.Size([3, 50, 50])
CatsVsDogsDataset/Cat/10484.jpg
RESIZED:  torch.Size([3, 50, 50])
CatsVsDogsDataset/Cat/10421.jpg
RESIZED:  torch.Size([3, 50, 50])
CatsVsDogsDataset/Cat/1074.jpg
RESIZED:  torch.Size([3, 50, 50])
CatsVsDogsDataset/Cat/10790.jpg
RESIZED:  torch.Size([3, 50, 50])
CatsVsDogsDataset/Cat/10244.jpg
RESIZED:  torch.Size([3, 50, 50])
CatsVsDogsDataset/Cat/10040.jpg
RESIZED:  torch.Size([3, 50, 50])
CatsVsDogsDataset/Cat/10741.jpg
RESIZED:  torch.Size([3, 50, 50])
CatsVsDogsDataset/Cat/10279.jpg
RESIZED:  torch.Size([3, 50, 50])
CatsVsDogsDataset/Cat/1048.jpg
RESIZED:  torch.Size([3, 50, 50])
CatsVsDogsDataset/Cat/10000.jpg
RESIZED:  torch.Size([3, 50, 50])
CatsVsDogsDataset/Cat/10317.jpg
RESIZED:  torch.Size([3, 50, 50])
CatsVsDogsDataset/Cat/10742.jpg
RESIZED:  torch.Size([3, 50, 50])
CatsVsDogsDataset/Cat/10381.jpg
RESIZED:  torch.Size([3, 50, 50])
CatsVsDogsDataset/Cat/10030.jpg
RESIZED:  torch.Size([3, 50, 50])
CatsVsDogsDataset/Cat/10564.jpg
RESIZED:  torch.Size([3, 50, 50])
CatsVsDogsDataset/Cat/10689.jpg
RESIZED:  torch.Size([3, 50, 50])
CatsVsDogsDataset/Cat/10072.jpg
RESIZED:  torch.Size([3, 50, 50])
CatsVsDogsDataset/Cat/1011.jpg
RESIZED:  torch.Size([3, 50, 50])
CatsVsDogsDataset/Cat/10361.jpg
RESIZED:  torch.Size([3, 50, 50])
CatsVsDogsDataset/Cat/10230.jpg
RESIZED:  torch.Size([3, 50, 50])
CatsVsDogsDataset/Cat/10516.jpg
RESIZED:  torch.Size([3, 50, 50])
CatsVsDogsDataset/Cat/10130.jpg
RESIZED:  torch.Size([3, 50, 50])
CatsVsDogsDataset/Cat/10779.jpg
RESIZED:  torch.Size([3, 50, 50])
CatsVsDogsDataset/Cat/10737.jpg
RESIZED:  torch.Size([3, 50, 50])
CatsVsDogsDataset/Cat/10350.jpg
RESIZED:  torch.Size([3, 50, 50])
CatsVsDogsDataset/Cat/10145.jpg
RESIZED:  torch.Size([3, 50, 50])
CatsVsDogsDataset/Cat/10608.jpg
RESIZED:  torch.Size([3, 50, 50])
CatsVsDogsDataset/Cat/1021.jpg
RESIZED:  torch.Size([3, 50, 50])
CatsVsDogsDataset/Cat/10175.jpg
RESIZED:  torch.Size([3, 50, 50])
CatsVsDogsDataset/Cat/1034.jpg
RESIZED:  torch.Size([3, 50, 50])
tensor([[[0.5843, 0.5490, 0.5373,  ..., 0.1529, 0.1176, 0.0706],
         [0.4431, 0.4588, 0.4706,  ..., 0.0706, 0.1490, 0.0980],
         [0.3020, 0.2863, 0.2745,  ..., 0.1255, 0.2824, 0.1490],
         ...,
         [0.0235, 0.0392, 0.0784,  ..., 0.2275, 0.2392, 0.2588],
         [0.0863, 0.0902, 0.1137,  ..., 0.2745, 0.2863, 0.2863],
         [0.1451, 0.1451, 0.1490,  ..., 0.2902, 0.2980, 0.2784]],

        [[0.6706, 0.6431, 0.6431,  ..., 0.1882, 0.1373, 0.0706],
         [0.5922, 0.6118, 0.6235,  ..., 0.0784, 0.1529, 0.1020],
         [0.4627, 0.4471, 0.4353,  ..., 0.1333, 0.2824, 0.1529],
         ...,
         [0.0235, 0.0431, 0.0863,  ..., 0.1843, 0.1882, 0.2000],
         [0.0510, 0.0588, 0.0902,  ..., 0.2118, 0.2235, 0.2196],
         [0.1020, 0.0980, 0.1098,  ..., 0.2314, 0.2353, 0.2157]],

        [[0.7725, 0.7490, 0.7451,  ..., 0.2627, 0.1843, 0.1216],
         [0.7647, 0.7804, 0.7882,  ..., 0.1216, 0.2000, 0.1451],
         [0.6471, 0.6314, 0.6157,  ..., 0.1804, 0.3412, 0.2118],
         ...,
         [0.0431, 0.0784, 0.1294,  ..., 0.6549, 0.6627, 0.6745],
         [0.2824, 0.2863, 0.2784,  ..., 0.6980, 0.7098, 0.7059],
         [0.4824, 0.4784, 0.4824,  ..., 0.7216, 0.7255, 0.7059]]])
CatsVsDogsDataset/Cat/10118.jpg
RESIZED:  torch.Size([3, 50, 50])
CatsVsDogsDataset/Cat/1089.jpg
RESIZED:  torch.Size([3, 50, 50])
CatsVsDogsDataset/Cat/10499.jpg
RESIZED:  torch.Size([3, 50, 50])
CatsVsDogsDataset/Cat/10354.jpg
RESIZED:  torch.Size([3, 50, 50])
CatsVsDogsDataset/Cat/10510.jpg
RESIZED:  torch.Size([3, 50, 50])
CatsVsDogsDataset/Cat/10061.jpg
RESIZED:  torch.Size([3, 50, 50])
CatsVsDogsDataset/Cat/10258.jpg
RESIZED:  torch.Size([3, 50, 50])
CatsVsDogsDataset/Cat/10017.jpg
RESIZED:  torch.Size([3, 50, 50])
CatsVsDogsDataset/Cat/10316.jpg
RESIZED:  torch.Size([3, 50, 50])
CatsVsDogsDataset/Cat/10794.jpg
RESIZED:  torch.Size([3, 50, 50])
CatsVsDogsDataset/Cat/1050.jpg
RESIZED:  torch.Size([3, 50, 50])
CatsVsDogsDataset/Cat/10424.jpg
RESIZED:  torch.Size([3, 50, 50])
CatsVsDogsDataset/Cat/10090.jpg
RESIZED:  torch.Size([3, 50, 50])
CatsVsDogsDataset/Cat/10190.jpg
RESIZED:  torch.Size([3, 50, 50])
CatsVsDogsDataset/Cat/10630.jpg
RESIZED:  torch.Size([3, 50, 50])
CatsVsDogsDataset/Cat/10233.jpg
RESIZED:  torch.Size([3, 50, 50])
CatsVsDogsDataset/Cat/10394.jpg
RESIZED:  torch.Size([3, 50, 50])
CatsVsDogsDataset/Cat/10492.jpg
RESIZED:  torch.Size([3, 50, 50])
CatsVsDogsDataset/Cat/10154.jpg
RESIZED:  torch.Size([3, 50, 50])
CatsVsDogsDataset/Cat/10016.jpg
RESIZED:  torch.Size([3, 50, 50])
CatsVsDogsDataset/Cat/10116.jpg
RESIZED:  torch.Size([3, 50, 50])
CatsVsDogsDataset/Cat/1030.jpg
RESIZED:  torch.Size([3, 50, 50])
CatsVsDogsDataset/Cat/10849.jpg
RESIZED:  torch.Size([3, 50, 50])
CatsVsDogsDataset/Cat/10563.jpg
RESIZED:  torch.Size([3, 50, 50])
CatsVsDogsDataset/Cat/1051.jpg
RESIZED:  torch.Size([3, 50, 50])
CatsVsDogsDataset/Cat/10562.jpg
RESIZED:  torch.Size([3, 50, 50])
CatsVsDogsDataset/Cat/10498.jpg
RESIZED:  torch.Size([3, 50, 50])
CatsVsDogsDataset/Cat/10556.jpg
RESIZED:  torch.Size([3, 50, 50])
CatsVsDogsDataset/Cat/10110.jpg
RESIZED:  torch.Size([3, 50, 50])
CatsVsDogsDataset/Cat/10431.jpg
RESIZED:  torch.Size([3, 50, 50])
CatsVsDogsDataset/Cat/10274.jpg
RESIZED:  torch.Size([3, 50, 50])
CatsVsDogsDataset/Cat/10275.jpg
RESIZED:  torch.Size([3, 50, 50])
tensor([[[1., 1., 1.,  ..., 1., 1., 1.],
         [1., 1., 1.,  ..., 1., 1., 1.],
         [1., 1., 1.,  ..., 1., 1., 1.],
         ...,
         [1., 1., 1.,  ..., 1., 1., 1.],
         [1., 1., 1.,  ..., 1., 1., 1.],
         [1., 1., 1.,  ..., 1., 1., 1.]],

        [[1., 1., 1.,  ..., 1., 1., 1.],
         [1., 1., 1.,  ..., 1., 1., 1.],
         [1., 1., 1.,  ..., 1., 1., 1.],
         ...,
         [1., 1., 1.,  ..., 1., 1., 1.],
         [1., 1., 1.,  ..., 1., 1., 1.],
         [1., 1., 1.,  ..., 1., 1., 1.]],

        [[1., 1., 1.,  ..., 1., 1., 1.],
         [1., 1., 1.,  ..., 1., 1., 1.],
         [1., 1., 1.,  ..., 1., 1., 1.],
         ...,
         [1., 1., 1.,  ..., 1., 1., 1.],
         [1., 1., 1.,  ..., 1., 1., 1.],
         [1., 1., 1.,  ..., 1., 1., 1.]]])
CatsVsDogsDataset/Cat/10008.jpg
RESIZED:  torch.Size([3, 50, 50])
CatsVsDogsDataset/Cat/10319.jpg
RESIZED:  torch.Size([3, 50, 50])
CatsVsDogsDataset/Cat/10220.jpg
RESIZED:  torch.Size([3, 50, 50])
CatsVsDogsDataset/Cat/10388.jpg
RESIZED:  torch.Size([3, 50, 50])
CatsVsDogsDataset/Cat/10736.jpg
RESIZED:  torch.Size([3, 50, 50])
CatsVsDogsDataset/Cat/10466.jpg
RESIZED:  torch.Size([3, 50, 50])
CatsVsDogsDataset/Cat/10525.jpg
RESIZED:  torch.Size([3, 50, 50])
CatsVsDogsDataset/Cat/10477.jpg
RESIZED:  torch.Size([3, 50, 50])
CatsVsDogsDataset/Cat/10854.jpg
RESIZED:  torch.Size([3, 50, 50])
CatsVsDogsDataset/Cat/10796.jpg
RESIZED:  torch.Size([3, 50, 50])
CatsVsDogsDataset/Cat/10324.jpg
RESIZED:  torch.Size([3, 50, 50])
CatsVsDogsDataset/Cat/10633.jpg
RESIZED:  torch.Size([3, 50, 50])
CatsVsDogsDataset/Cat/10310.jpg
RESIZED:  torch.Size([3, 50, 50])
CatsVsDogsDataset/Cat/10480.jpg
RESIZED:  torch.Size([3, 50, 50])
CatsVsDogsDataset/Cat/10691.jpg
RESIZED:  torch.Size([3, 50, 50])
CatsVsDogsDataset/Cat/10483.jpg
RESIZED:  torch.Size([3, 50, 50])
CatsVsDogsDataset/Cat/10356.jpg
RESIZED:  torch.Size([3, 50, 50])
CatsVsDogsDataset/Cat/10255.jpg
RESIZED:  torch.Size([3, 50, 50])
CatsVsDogsDataset/Cat/10501.jpg
