here
Namespace(config_path='./config/train_config.yml', s3_bucket='movematch', prefix='CatsVsDogsDataset')
CatsVsDogsDataset/Cat/10098.jpg
(375, 500, 3)
RESIZED:  torch.Size([3, 50, 50])
CatsVsDogsDataset/Cat/10362.jpg
(375, 500, 3)
RESIZED:  torch.Size([3, 50, 50])
CatsVsDogsDataset/Cat/10555.jpg
(333, 500, 3)
RESIZED:  torch.Size([3, 50, 50])
CatsVsDogsDataset/Cat/10201.jpg
(479, 320, 3)
RESIZED:  torch.Size([3, 50, 50])
CatsVsDogsDataset/Cat/10507.jpg
(500, 294, 3)
RESIZED:  torch.Size([3, 50, 50])
CatsVsDogsDataset/Cat/10113.jpg
(498, 432, 3)
RESIZED:  torch.Size([3, 50, 50])
CatsVsDogsDataset/Cat/10354.jpg
(398, 372, 3)
RESIZED:  torch.Size([3, 50, 50])
CatsVsDogsDataset/Cat/10523.jpg
(400, 342, 3)
RESIZED:  torch.Size([3, 50, 50])
CatsVsDogsDataset/Cat/10727.jpg
(290, 360, 3)
RESIZED:  torch.Size([3, 50, 50])
CatsVsDogsDataset/Cat/10798.jpg
(300, 500, 3)
RESIZED:  torch.Size([3, 50, 50])
CatsVsDogsDataset/Cat/10081.jpg
(334, 500, 3)
RESIZED:  torch.Size([3, 50, 50])
CatsVsDogsDataset/Cat/10313.jpg
(263, 350, 3)
RESIZED:  torch.Size([3, 50, 50])
CatsVsDogsDataset/Cat/10024.jpg
(432, 325, 3)
RESIZED:  torch.Size([3, 50, 50])
CatsVsDogsDataset/Cat/10434.jpg
(265, 500, 3)
RESIZED:  torch.Size([3, 50, 50])
CatsVsDogsDataset/Cat/101.jpg
(200, 297, 3)
RESIZED:  torch.Size([3, 50, 50])
CatsVsDogsDataset/Cat/10832.jpg
(350, 244, 3)
RESIZED:  torch.Size([3, 50, 50])
CatsVsDogsDataset/Cat/10296.jpg
(375, 500, 3)
RESIZED:  torch.Size([3, 50, 50])
CatsVsDogsDataset/Cat/10557.jpg
(500, 257, 3)
RESIZED:  torch.Size([3, 50, 50])
CatsVsDogsDataset/Cat/10074.jpg
(438, 500, 3)
RESIZED:  torch.Size([3, 50, 50])
CatsVsDogsDataset/Cat/10216.jpg
(336, 353, 3)
RESIZED:  torch.Size([3, 50, 50])
CatsVsDogsDataset/Cat/10874.jpg
(241, 202, 3)
RESIZED:  torch.Size([3, 50, 50])
CatsVsDogsDataset/Cat/10351.jpg
(448, 300, 3)
RESIZED:  torch.Size([3, 50, 50])
CatsVsDogsDataset/Cat/10793.jpg
(500, 494, 3)
RESIZED:  torch.Size([3, 50, 50])
CatsVsDogsDataset/Cat/10676.jpg
(375, 500, 3)
RESIZED:  torch.Size([3, 50, 50])
CatsVsDogsDataset/Cat/10051.jpg
(450, 433, 3)
RESIZED:  torch.Size([3, 50, 50])
CatsVsDogsDataset/Cat/10344.jpg
(500, 375, 3)
RESIZED:  torch.Size([3, 50, 50])
CatsVsDogsDataset/Cat/10892.jpg
(375, 500, 3)
RESIZED:  torch.Size([3, 50, 50])
CatsVsDogsDataset/Cat/10055.jpg
(403, 500, 3)
RESIZED:  torch.Size([3, 50, 50])
CatsVsDogsDataset/Cat/10729.jpg
(375, 500, 3)
RESIZED:  torch.Size([3, 50, 50])
CatsVsDogsDataset/Cat/103.jpg
(387, 500, 3)
RESIZED:  torch.Size([3, 50, 50])
CatsVsDogsDataset/Cat/10477.jpg
(400, 463, 3)
RESIZED:  torch.Size([3, 50, 50])
CatsVsDogsDataset/Cat/10369.jpg
(185, 178, 3)
RESIZED:  torch.Size([3, 50, 50])
CatsVsDogsDataset/Cat/1052.jpg
(360, 400, 3)
RESIZED:  torch.Size([3, 50, 50])
CatsVsDogsDataset/Cat/10602.jpg
(204, 350, 3)
RESIZED:  torch.Size([3, 50, 50])
CatsVsDogsDataset/Cat/1063.jpg
(300, 500, 3)
RESIZED:  torch.Size([3, 50, 50])
CatsVsDogsDataset/Cat/10115.jpg
(360, 339, 3)
RESIZED:  torch.Size([3, 50, 50])
CatsVsDogsDataset/Cat/10386.jpg
(441, 500, 3)
RESIZED:  torch.Size([3, 50, 50])
CatsVsDogsDataset/Cat/10198.jpg
(500, 341, 3)
RESIZED:  torch.Size([3, 50, 50])
CatsVsDogsDataset/Cat/10534.jpg
(415, 467, 3)
RESIZED:  torch.Size([3, 50, 50])
CatsVsDogsDataset/Cat/10418.jpg
(190, 99, 3)
RESIZED:  torch.Size([3, 50, 50])
CatsVsDogsDataset/Cat/10860.jpg
(458, 500, 3)
RESIZED:  torch.Size([3, 50, 50])
CatsVsDogsDataset/Cat/10473.jpg
(322, 383, 3)
RESIZED:  torch.Size([3, 50, 50])
CatsVsDogsDataset/Cat/1033.jpg
(448, 336, 3)
RESIZED:  torch.Size([3, 50, 50])
CatsVsDogsDataset/Cat/10802.jpg
(500, 353, 3)
RESIZED:  torch.Size([3, 50, 50])
CatsVsDogsDataset/Cat/10373.jpg
(500, 375, 3)
RESIZED:  torch.Size([3, 50, 50])
CatsVsDogsDataset/Cat/10387.jpg
(450, 500, 3)
RESIZED:  torch.Size([3, 50, 50])
CatsVsDogsDataset/Cat/10594.jpg
(375, 500, 3)
RESIZED:  torch.Size([3, 50, 50])
CatsVsDogsDataset/Cat/10824.jpg
(375, 500, 3)
RESIZED:  torch.Size([3, 50, 50])
CatsVsDogsDataset/Cat/10716.jpg
(375, 500, 3)
RESIZED:  torch.Size([3, 50, 50])
CatsVsDogsDataset/Cat/10756.jpg
(259, 214, 3)
RESIZED:  torch.Size([3, 50, 50])
CatsVsDogsDataset/Cat/10003.jpg
(375, 500, 3)
RESIZED:  torch.Size([3, 50, 50])
CatsVsDogsDataset/Cat/10817.jpg
(500, 477, 3)
RESIZED:  torch.Size([3, 50, 50])
CatsVsDogsDataset/Cat/10580.jpg
(338, 450, 3)
RESIZED:  torch.Size([3, 50, 50])
CatsVsDogsDataset/Cat/10641.jpg
(374, 443, 3)
RESIZED:  torch.Size([3, 50, 50])
CatsVsDogsDataset/Cat/10720.jpg
(225, 299, 3)
RESIZED:  torch.Size([3, 50, 50])
CatsVsDogsDataset/Cat/10110.jpg
(448, 286, 3)
RESIZED:  torch.Size([3, 50, 50])
CatsVsDogsDataset/Cat/1006.jpg
(375, 500, 3)
RESIZED:  torch.Size([3, 50, 50])
CatsVsDogsDataset/Cat/1064.jpg
(159, 240, 3)
RESIZED:  torch.Size([3, 50, 50])
CatsVsDogsDataset/Cat/10338.jpg
(500, 355, 3)
RESIZED:  torch.Size([3, 50, 50])
CatsVsDogsDataset/Cat/10546.jpg
(375, 500, 3)
RESIZED:  torch.Size([3, 50, 50])
CatsVsDogsDataset/Cat/10889.jpg
(375, 500, 3)
RESIZED:  torch.Size([3, 50, 50])
CatsVsDogsDataset/Cat/10758.jpg
(375, 500, 3)
RESIZED:  torch.Size([3, 50, 50])
CatsVsDogsDataset/Cat/10588.jpg
(373, 500, 3)
RESIZED:  torch.Size([3, 50, 50])
CatsVsDogsDataset/Cat/10667.jpg
(467, 500, 3)
RESIZED:  torch.Size([3, 50, 50])
CatsVsDogsDataset/Cat/10597.jpg
(375, 500, 3)
RESIZED:  torch.Size([3, 50, 50])
CatsVsDogsDataset/Cat/10265.jpg
(500, 283, 3)
RESIZED:  torch.Size([3, 50, 50])
CatsVsDogsDataset/Cat/10829.jpg
(375, 500, 3)
RESIZED:  torch.Size([3, 50, 50])
CatsVsDogsDataset/Cat/10740.jpg
(500, 357, 3)
RESIZED:  torch.Size([3, 50, 50])
CatsVsDogsDataset/Cat/10855.jpg
(353, 318, 3)
RESIZED:  torch.Size([3, 50, 50])
CatsVsDogsDataset/Cat/10448.jpg
(262, 350, 3)
RESIZED:  torch.Size([3, 50, 50])
CatsVsDogsDataset/Cat/10795.jpg
(451, 500, 3)
RESIZED:  torch.Size([3, 50, 50])
CatsVsDogsDataset/Cat/10625.jpg
(375, 500, 3)
RESIZED:  torch.Size([3, 50, 50])
CatsVsDogsDataset/Cat/10870.jpg
(375, 500, 3)
RESIZED:  torch.Size([3, 50, 50])
CatsVsDogsDataset/Cat/10162.jpg
(470, 260, 3)
RESIZED:  torch.Size([3, 50, 50])
CatsVsDogsDataset/Cat/10211.jpg
(375, 500, 3)
RESIZED:  torch.Size([3, 50, 50])
CatsVsDogsDataset/Cat/10302.jpg
(375, 500, 3)
RESIZED:  torch.Size([3, 50, 50])
CatsVsDogsDataset/Cat/10180.jpg
(473, 500, 3)
RESIZED:  torch.Size([3, 50, 50])
CatsVsDogsDataset/Cat/10106.jpg
(375, 500, 3)
RESIZED:  torch.Size([3, 50, 50])
CatsVsDogsDataset/Cat/10361.jpg
(375, 490, 3)
RESIZED:  torch.Size([3, 50, 50])
CatsVsDogsDataset/Cat/10611.jpg
(375, 500, 3)
RESIZED:  torch.Size([3, 50, 50])
CatsVsDogsDataset/Cat/10253.jpg
(500, 398, 3)
RESIZED:  torch.Size([3, 50, 50])
CatsVsDogsDataset/Cat/10650.jpg
(375, 500, 3)
RESIZED:  torch.Size([3, 50, 50])
CatsVsDogsDataset/Cat/10686.jpg
(438, 450, 3)
RESIZED:  torch.Size([3, 50, 50])
CatsVsDogsDataset/Cat/10145.jpg
(376, 500, 3)
RESIZED:  torch.Size([3, 50, 50])
CatsVsDogsDataset/Cat/10044.jpg
(274, 378, 3)
RESIZED:  torch.Size([3, 50, 50])
CatsVsDogsDataset/Cat/10833.jpg
(375, 500, 3)
RESIZED:  torch.Size([3, 50, 50])
CatsVsDogsDataset/Cat/10274.jpg
(161, 240, 3)
RESIZED:  torch.Size([3, 50, 50])
CatsVsDogsDataset/Cat/10670.jpg
(261, 350, 3)
RESIZED:  torch.Size([3, 50, 50])
CatsVsDogsDataset/Cat/1078.jpg
(375, 500, 3)
RESIZED:  torch.Size([3, 50, 50])
CatsVsDogsDataset/Cat/10337.jpg
(375, 500, 3)
RESIZED:  torch.Size([3, 50, 50])
CatsVsDogsDataset/Cat/10831.jpg
(360, 480, 3)
RESIZED:  torch.Size([3, 50, 50])
CatsVsDogsDataset/Cat/10093.jpg
(375, 500, 3)
RESIZED:  torch.Size([3, 50, 50])
CatsVsDogsDataset/Cat/1039.jpg
(500, 374, 3)
RESIZED:  torch.Size([3, 50, 50])
CatsVsDogsDataset/Cat/10147.jpg
(500, 399, 3)
RESIZED:  torch.Size([3, 50, 50])
CatsVsDogsDataset/Cat/10810.jpg
(375, 500, 3)
RESIZED:  torch.Size([3, 50, 50])
CatsVsDogsDataset/Cat/10886.jpg
(500, 375, 3)
RESIZED:  torch.Size([3, 50, 50])
CatsVsDogsDataset/Cat/10821.jpg
(300, 294, 3)
RESIZED:  torch.Size([3, 50, 50])
CatsVsDogsDataset/Cat/10691.jpg
(466, 350, 3)
RESIZED:  torch.Size([3, 50, 50])
CatsVsDogsDataset/Cat/1076.jpg
(225, 300, 3)
RESIZED:  torch.Size([3, 50, 50])
CatsVsDogsDataset/Cat/10425.jpg
(500, 363, 3)
RESIZED:  torch.Size([3, 50, 50])
CatsVsDogsDataset/Cat/10867.jpg
(188, 379, 3)
RESIZED:  torch.Size([3, 50, 50])
CatsVsDogsDataset/Cat/10781.jpg
(375, 375, 3)
RESIZED:  torch.Size([3, 50, 50])
CatsVsDogsDataset/Cat/10171.jpg
(270, 360, 3)
RESIZED:  torch.Size([3, 50, 50])
CatsVsDogsDataset/Cat/10161.jpg
(349, 500, 3)
RESIZED:  torch.Size([3, 50, 50])
CatsVsDogsDataset/Cat/10277.jpg
(75, 56, 3)
RESIZED:  torch.Size([3, 50, 50])
CatsVsDogsDataset/Cat/10399.jpg
(405, 500, 3)
RESIZED:  torch.Size([3, 50, 50])
CatsVsDogsDataset/Cat/10040.jpg
(375, 500, 3)
RESIZED:  torch.Size([3, 50, 50])
CatsVsDogsDataset/Cat/10637.jpg
(375, 500, 3)
RESIZED:  torch.Size([3, 50, 50])
CatsVsDogsDataset/Cat/10446.jpg
(426, 500, 3)
RESIZED:  torch.Size([3, 50, 50])
CatsVsDogsDataset/Cat/10330.jpg
(375, 500, 3)
RESIZED:  torch.Size([3, 50, 50])
CatsVsDogsDataset/Cat/10636.jpg
(150, 193, 3)
RESIZED:  torch.Size([3, 50, 50])
CatsVsDogsDataset/Cat/10104.jpg
(375, 500, 3)
RESIZED:  torch.Size([3, 50, 50])
CatsVsDogsDataset/Cat/10554.jpg
(375, 500, 3)
RESIZED:  torch.Size([3, 50, 50])
CatsVsDogsDataset/Cat/10566.jpg
(500, 389, 3)
RESIZED:  torch.Size([3, 50, 50])
CatsVsDogsDataset/Cat/10362.jpg
(375, 500, 3)
RESIZED:  torch.Size([3, 50, 50])
CatsVsDogsDataset/Cat/10890.jpg
(333, 500, 3)
RESIZED:  torch.Size([3, 50, 50])
CatsVsDogsDataset/Cat/10023.jpg
(336, 350, 3)
RESIZED:  torch.Size([3, 50, 50])
CatsVsDogsDataset/Cat/10814.jpg
(454, 346, 3)
RESIZED:  torch.Size([3, 50, 50])
CatsVsDogsDataset/Cat/10241.jpg
(440, 500, 3)
RESIZED:  torch.Size([3, 50, 50])
CatsVsDogsDataset/Cat/10862.jpg
(375, 500, 3)
RESIZED:  torch.Size([3, 50, 50])
CatsVsDogsDataset/Cat/10455.jpg
(500, 469, 3)
RESIZED:  torch.Size([3, 50, 50])
CatsVsDogsDataset/Cat/10844.jpg
(220, 200, 3)
RESIZED:  torch.Size([3, 50, 50])
CatsVsDogsDataset/Cat/10049.jpg
(422, 232, 3)
RESIZED:  torch.Size([3, 50, 50])
CatsVsDogsDataset/Cat/10689.jpg
(344, 336, 3)
RESIZED:  torch.Size([3, 50, 50])
CatsVsDogsDataset/Cat/10236.jpg
(375, 500, 3)
RESIZED:  torch.Size([3, 50, 50])
CatsVsDogsDataset/Cat/10264.jpg
(315, 500, 3)
RESIZED:  torch.Size([3, 50, 50])
CatsVsDogsDataset/Cat/10754.jpg
(220, 500, 3)
RESIZED:  torch.Size([3, 50, 50])
CatsVsDogsDataset/Cat/10371.jpg
(375, 500, 3)
RESIZED:  torch.Size([3, 50, 50])
CatsVsDogsDataset/Cat/10187.jpg
(223, 300, 3)
RESIZED:  torch.Size([3, 50, 50])
CatsVsDogsDataset/Cat/1066.jpg
(225, 300, 3)
RESIZED:  torch.Size([3, 50, 50])
CatsVsDogsDataset/Cat/10500.jpg
(375, 500, 3)
RESIZED:  torch.Size([3, 50, 50])
CatsVsDogsDataset/Cat/10883.jpg
(314, 426, 3)
RESIZED:  torch.Size([3, 50, 50])
CatsVsDogsDataset/Cat/10172.jpg
(375, 500, 3)
RESIZED:  torch.Size([3, 50, 50])
CatsVsDogsDataset/Cat/10119.jpg
(463, 180, 3)
RESIZED:  torch.Size([3, 50, 50])
CatsVsDogsDataset/Cat/10651.jpg
(360, 480, 3)
RESIZED:  torch.Size([3, 50, 50])
CatsVsDogsDataset/Cat/10772.jpg
(200, 150, 3)
RESIZED:  torch.Size([3, 50, 50])
CatsVsDogsDataset/Cat/1085.jpg
(375, 500, 3)
RESIZED:  torch.Size([3, 50, 50])
CatsVsDogsDataset/Cat/10474.jpg
(500, 324, 3)
RESIZED:  torch.Size([3, 50, 50])
CatsVsDogsDataset/Cat/10642.jpg
(350, 383, 3)
RESIZED:  torch.Size([3, 50, 50])
CatsVsDogsDataset/Cat/10066.jpg
(250, 222, 3)
RESIZED:  torch.Size([3, 50, 50])
CatsVsDogsDataset/Cat/10345.jpg
(213, 365, 3)
RESIZED:  torch.Size([3, 50, 50])
CatsVsDogsDataset/Cat/10240.jpg
(375, 500, 3)
RESIZED:  torch.Size([3, 50, 50])
CatsVsDogsDataset/Cat/10517.jpg
(326, 500, 3)
RESIZED:  torch.Size([3, 50, 50])
CatsVsDogsDataset/Cat/10267.jpg
(375, 500, 3)
RESIZED:  torch.Size([3, 50, 50])
CatsVsDogsDataset/Cat/10668.jpg
(375, 500, 3)
RESIZED:  torch.Size([3, 50, 50])
CatsVsDogsDataset/Cat/10459.jpg
(375, 500, 3)
RESIZED:  torch.Size([3, 50, 50])
CatsVsDogsDataset/Cat/10090.jpg
(375, 500, 3)
RESIZED:  torch.Size([3, 50, 50])
CatsVsDogsDataset/Cat/106.jpg
(375, 400, 3)
RESIZED:  torch.Size([3, 50, 50])
CatsVsDogsDataset/Cat/10703.jpg
(375, 500, 3)
RESIZED:  torch.Size([3, 50, 50])
CatsVsDogsDataset/Cat/10627.jpg
(375, 500, 3)
RESIZED:  torch.Size([3, 50, 50])
CatsVsDogsDataset/Cat/10056.jpg
(300, 248, 3)
RESIZED:  torch.Size([3, 50, 50])
CatsVsDogsDataset/Cat/10875.jpg
(500, 418, 3)
RESIZED:  torch.Size([3, 50, 50])
CatsVsDogsDataset/Cat/10316.jpg
(500, 334, 3)
RESIZED:  torch.Size([3, 50, 50])
CatsVsDogsDataset/Cat/10112.jpg
(470, 300, 3)
RESIZED:  torch.Size([3, 50, 50])
CatsVsDogsDataset/Cat/10122.jpg
(198, 185, 3)
RESIZED:  torch.Size([3, 50, 50])
CatsVsDogsDataset/Cat/1003.jpg
(270, 259, 3)
RESIZED:  torch.Size([3, 50, 50])
CatsVsDogsDataset/Cat/10088.jpg
(500, 374, 3)
RESIZED:  torch.Size([3, 50, 50])
CatsVsDogsDataset/Cat/10124.jpg
(338, 450, 3)
RESIZED:  torch.Size([3, 50, 50])
CatsVsDogsDataset/Cat/1014.jpg
(336, 344, 3)
RESIZED:  torch.Size([3, 50, 50])
CatsVsDogsDataset/Cat/102.jpg
(343, 350, 3)
RESIZED:  torch.Size([3, 50, 50])
CatsVsDogsDataset/Cat/10488.jpg
(377, 500, 3)
RESIZED:  torch.Size([3, 50, 50])
CatsVsDogsDataset/Cat/10068.jpg
(500, 321, 3)
RESIZED:  torch.Size([3, 50, 50])
CatsVsDogsDataset/Cat/10624.jpg
(375, 500, 3)
RESIZED:  torch.Size([3, 50, 50])
CatsVsDogsDataset/Cat/1007.jpg
(375, 500, 3)
RESIZED:  torch.Size([3, 50, 50])
CatsVsDogsDataset/Cat/10826.jpg
(454, 500, 3)
RESIZED:  torch.Size([3, 50, 50])
CatsVsDogsDataset/Cat/10803.jpg
(375, 500, 3)
RESIZED:  torch.Size([3, 50, 50])
CatsVsDogsDataset/Cat/1012.jpg
(375, 500, 3)
RESIZED:  torch.Size([3, 50, 50])
CatsVsDogsDataset/Cat/10132.jpg
(338, 500, 3)
RESIZED:  torch.Size([3, 50, 50])
CatsVsDogsDataset/Cat/10168.jpg
(375, 500, 3)
RESIZED:  torch.Size([3, 50, 50])
CatsVsDogsDataset/Cat/10256.jpg
(375, 500, 3)
RESIZED:  torch.Size([3, 50, 50])
CatsVsDogsDataset/Cat/10055.jpg
(403, 500, 3)
RESIZED:  torch.Size([3, 50, 50])
CatsVsDogsDataset/Cat/10497.jpg
(396, 404, 3)
RESIZED:  torch.Size([3, 50, 50])
CatsVsDogsDataset/Cat/10536.jpg
(500, 375, 3)
RESIZED:  torch.Size([3, 50, 50])
CatsVsDogsDataset/Cat/10063.jpg
(500, 375, 3)
RESIZED:  torch.Size([3, 50, 50])
CatsVsDogsDataset/Cat/10848.jpg
(500, 455, 3)
RESIZED:  torch.Size([3, 50, 50])
CatsVsDogsDataset/Cat/10268.jpg
(374, 500, 3)
RESIZED:  torch.Size([3, 50, 50])
CatsVsDogsDataset/Cat/10311.jpg
(491, 500, 3)
RESIZED:  torch.Size([3, 50, 50])
CatsVsDogsDataset/Cat/1073.jpg
(250, 200, 3)
RESIZED:  torch.Size([3, 50, 50])
CatsVsDogsDataset/Cat/10186.jpg
(164, 200, 3)
RESIZED:  torch.Size([3, 50, 50])
CatsVsDogsDataset/Cat/10166.jpg
(262, 350, 3)
RESIZED:  torch.Size([3, 50, 50])
CatsVsDogsDataset/Cat/10480.jpg
(500, 339, 3)
RESIZED:  torch.Size([3, 50, 50])
CatsVsDogsDataset/Cat/10402.jpg
(360, 480, 3)
RESIZED:  torch.Size([3, 50, 50])
CatsVsDogsDataset/Cat/10687.jpg
(375, 500, 3)
RESIZED:  torch.Size([3, 50, 50])
CatsVsDogsDataset/Cat/10727.jpg
(290, 360, 3)
RESIZED:  torch.Size([3, 50, 50])
CatsVsDogsDataset/Cat/10749.jpg
(405, 500, 3)
RESIZED:  torch.Size([3, 50, 50])
CatsVsDogsDataset/Cat/10669.jpg
(146, 150, 3)
RESIZED:  torch.Size([3, 50, 50])
CatsVsDogsDataset/Cat/10232.jpg
(364, 500, 3)
RESIZED:  torch.Size([3, 50, 50])
CatsVsDogsDataset/Cat/10048.jpg
(385, 385, 3)
RESIZED:  torch.Size([3, 50, 50])
CatsVsDogsDataset/Cat/10144.jpg
(300, 400, 3)
RESIZED:  torch.Size([3, 50, 50])
CatsVsDogsDataset/Cat/10750.jpg
(375, 500, 3)
RESIZED:  torch.Size([3, 50, 50])
CatsVsDogsDataset/Cat/0.jpg
(375, 500, 3)
RESIZED:  torch.Size([3, 50, 50])
CatsVsDogsDataset/Cat/10416.jpg
(375, 500, 3)
RESIZED:  torch.Size([3, 50, 50])
CatsVsDogsDataset/Cat/10535.jpg
(375, 500, 3)
RESIZED:  torch.Size([3, 50, 50])
CatsVsDogsDataset/Cat/10638.jpg
(301, 250, 3)
RESIZED:  torch.Size([3, 50, 50])
CatsVsDogsDataset/Cat/10467.jpg
(216, 288, 3)
RESIZED:  torch.Size([3, 50, 50])
CatsVsDogsDataset/Cat/10736.jpg
(375, 500, 3)
RESIZED:  torch.Size([3, 50, 50])
CatsVsDogsDataset/Cat/10680.jpg
(378, 413, 3)
RESIZED:  torch.Size([3, 50, 50])
CatsVsDogsDataset/Cat/10789.jpg
(500, 379, 3)
RESIZED:  torch.Size([3, 50, 50])
CatsVsDogsDataset/Cat/10356.jpg
(424, 500, 3)
RESIZED:  torch.Size([3, 50, 50])
CatsVsDogsDataset/Cat/10879.jpg
(375, 500, 3)
RESIZED:  torch.Size([3, 50, 50])
CatsVsDogsDataset/Cat/1013.jpg
(481, 500, 3)
RESIZED:  torch.Size([3, 50, 50])
CatsVsDogsDataset/Cat/10117.jpg
(404, 447, 3)
RESIZED:  torch.Size([3, 50, 50])
CatsVsDogsDataset/Cat/10169.jpg
(334, 500, 3)
RESIZED:  torch.Size([3, 50, 50])
CatsVsDogsDataset/Cat/10403.jpg
(487, 500, 3)
RESIZED:  torch.Size([3, 50, 50])
CatsVsDogsDataset/Cat/1054.jpg
(311, 311, 3)
RESIZED:  torch.Size([3, 50, 50])
CatsVsDogsDataset/Cat/10796.jpg
(200, 415, 3)
RESIZED:  torch.Size([3, 50, 50])
CatsVsDogsDataset/Cat/10434.jpg
(265, 500, 3)
RESIZED:  torch.Size([3, 50, 50])
CatsVsDogsDataset/Cat/1044.jpg
(375, 500, 3)
RESIZED:  torch.Size([3, 50, 50])
CatsVsDogsDataset/Cat/101.jpg
(200, 297, 3)
RESIZED:  torch.Size([3, 50, 50])
CatsVsDogsDataset/Cat/10237.jpg
(500, 295, 3)
RESIZED:  torch.Size([3, 50, 50])
CatsVsDogsDataset/Cat/10419.jpg
(497, 500, 3)
RESIZED:  torch.Size([3, 50, 50])
CatsVsDogsDataset/Cat/10806.jpg
(358, 500, 3)
RESIZED:  torch.Size([3, 50, 50])
CatsVsDogsDataset/Cat/10559.jpg
(375, 500, 3)
RESIZED:  torch.Size([3, 50, 50])
CatsVsDogsDataset/Cat/10034.jpg
(391, 500, 3)
RESIZED:  torch.Size([3, 50, 50])
CatsVsDogsDataset/Cat/10612.jpg
(201, 300, 3)
RESIZED:  torch.Size([3, 50, 50])
CatsVsDogsDataset/Cat/1079.jpg
(322, 305, 3)
RESIZED:  torch.Size([3, 50, 50])
CatsVsDogsDataset/Cat/10262.jpg
(500, 478, 3)
RESIZED:  torch.Size([3, 50, 50])
CatsVsDogsDataset/Cat/10757.jpg
(375, 500, 3)
RESIZED:  torch.Size([3, 50, 50])
CatsVsDogsDataset/Cat/10417.jpg
(426, 500, 3)
RESIZED:  torch.Size([3, 50, 50])
CatsVsDogsDataset/Cat/10197.jpg
(200, 125, 3)
RESIZED:  torch.Size([3, 50, 50])
CatsVsDogsDataset/Cat/10866.jpg
(391, 500, 3)
RESIZED:  torch.Size([3, 50, 50])
CatsVsDogsDataset/Cat/10366.jpg
(375, 500, 3)
RESIZED:  torch.Size([3, 50, 50])
CatsVsDogsDataset/Cat/10868.jpg
(270, 360, 3)
RESIZED:  torch.Size([3, 50, 50])
CatsVsDogsDataset/Cat/10174.jpg
(375, 500, 3)
RESIZED:  torch.Size([3, 50, 50])
CatsVsDogsDataset/Cat/10440.jpg
(300, 400, 3)
RESIZED:  torch.Size([3, 50, 50])
CatsVsDogsDataset/Cat/1074.jpg
(327, 335, 3)
RESIZED:  torch.Size([3, 50, 50])
CatsVsDogsDataset/Cat/10150.jpg
(221, 148, 3)
RESIZED:  torch.Size([3, 50, 50])
CatsVsDogsDataset/Cat/10586.jpg
(149, 192, 3)
RESIZED:  torch.Size([3, 50, 50])
CatsVsDogsDataset/Cat/10468.jpg
(499, 500, 3)
RESIZED:  torch.Size([3, 50, 50])
CatsVsDogsDataset/Cat/10489.jpg
(334, 500, 3)
RESIZED:  torch.Size([3, 50, 50])
CatsVsDogsDataset/Cat/10725.jpg
(304, 500, 3)
RESIZED:  torch.Size([3, 50, 50])
CatsVsDogsDataset/Cat/10175.jpg
(104, 140, 3)
RESIZED:  torch.Size([3, 50, 50])
CatsVsDogsDataset/Cat/1020.jpg
(360, 272, 3)
RESIZED:  torch.Size([3, 50, 50])
CatsVsDogsDataset/Cat/10569.jpg
(375, 500, 3)
RESIZED:  torch.Size([3, 50, 50])
CatsVsDogsDataset/Cat/10223.jpg
(500, 436, 3)
RESIZED:  torch.Size([3, 50, 50])
CatsVsDogsDataset/Cat/10131.jpg
(375, 500, 3)
RESIZED:  torch.Size([3, 50, 50])
CatsVsDogsDataset/Cat/10082.jpg
(375, 500, 3)
RESIZED:  torch.Size([3, 50, 50])
CatsVsDogsDataset/Cat/1030.jpg
(375, 500, 3)
RESIZED:  torch.Size([3, 50, 50])
CatsVsDogsDataset/Cat/10045.jpg
(375, 500, 3)
RESIZED:  torch.Size([3, 50, 50])
CatsVsDogsDataset/Cat/10210.jpg
(282, 500, 3)
RESIZED:  torch.Size([3, 50, 50])
CatsVsDogsDataset/Cat/1070.jpg
(375, 500, 3)
RESIZED:  torch.Size([3, 50, 50])
CatsVsDogsDataset/Cat/10871.jpg
(375, 500, 3)
RESIZED:  torch.Size([3, 50, 50])
CatsVsDogsDataset/Cat/10238.jpg
(104, 140, 3)
RESIZED:  torch.Size([3, 50, 50])
CatsVsDogsDataset/Cat/1046.jpg
(375, 500, 3)
RESIZED:  torch.Size([3, 50, 50])
CatsVsDogsDataset/Cat/10380.jpg
(375, 500, 3)
RESIZED:  torch.Size([3, 50, 50])
CatsVsDogsDataset/Cat/10800.jpg
(260, 340, 3)
RESIZED:  torch.Size([3, 50, 50])
CatsVsDogsDataset/Cat/10010.jpg
(386, 500, 3)
RESIZED:  torch.Size([3, 50, 50])
CatsVsDogsDataset/Cat/10688.jpg
(375, 500, 3)
RESIZED:  torch.Size([3, 50, 50])
CatsVsDogsDataset/Cat/10613.jpg
(500, 441, 3)
RESIZED:  torch.Size([3, 50, 50])
CatsVsDogsDataset/Cat/10295.jpg
(377, 418, 3)
RESIZED:  torch.Size([3, 50, 50])
CatsVsDogsDataset/Cat/1001.jpg
(500, 336, 3)
RESIZED:  torch.Size([3, 50, 50])
CatsVsDogsDataset/Cat/10151.jpg
(375, 500, 3)
RESIZED:  torch.Size([3, 50, 50])
CatsVsDogsDataset/Cat/1080.jpg
(375, 500, 3)
RESIZED:  torch.Size([3, 50, 50])
CatsVsDogsDataset/Cat/10118.jpg
(424, 438, 3)
RESIZED:  torch.Size([3, 50, 50])
CatsVsDogsDataset/Cat/10808.jpg
(333, 500, 3)
RESIZED:  torch.Size([3, 50, 50])
CatsVsDogsDataset/Cat/10873.jpg
(375, 500, 3)
RESIZED:  torch.Size([3, 50, 50])
CatsVsDogsDataset/Cat/10269.jpg
(270, 202, 3)
RESIZED:  torch.Size([3, 50, 50])
CatsVsDogsDataset/Cat/10593.jpg
(381, 500, 3)
RESIZED:  torch.Size([3, 50, 50])
CatsVsDogsDataset/Cat/10312.jpg
(375, 500, 3)
RESIZED:  torch.Size([3, 50, 50])
CatsVsDogsDataset/Cat/10219.jpg
(300, 400, 3)
RESIZED:  torch.Size([3, 50, 50])
CatsVsDogsDataset/Cat/10788.jpg
(500, 359, 3)
RESIZED:  torch.Size([3, 50, 50])
CatsVsDogsDataset/Cat/10450.jpg
(375, 500, 3)
RESIZED:  torch.Size([3, 50, 50])
CatsVsDogsDataset/Cat/10690.jpg
(315, 500, 3)
RESIZED:  torch.Size([3, 50, 50])
CatsVsDogsDataset/Cat/10181.jpg
(386, 500, 3)
RESIZED:  torch.Size([3, 50, 50])
CatsVsDogsDataset/Cat/10881.jpg
(375, 500, 3)
RESIZED:  torch.Size([3, 50, 50])
CatsVsDogsDataset/Cat/10458.jpg
(200, 300, 3)
RESIZED:  torch.Size([3, 50, 50])
CatsVsDogsDataset/Cat/10271.jpg
(334, 500, 3)
RESIZED:  torch.Size([3, 50, 50])
CatsVsDogsDataset/Cat/10506.jpg
(374, 500, 3)
RESIZED:  torch.Size([3, 50, 50])
CatsVsDogsDataset/Cat/10384.jpg
(375, 500, 3)
RESIZED:  torch.Size([3, 50, 50])
CatsVsDogsDataset/Cat/10519.jpg
(270, 288, 3)
RESIZED:  torch.Size([3, 50, 50])
CatsVsDogsDataset/Cat/10194.jpg
(464, 500, 3)
RESIZED:  torch.Size([3, 50, 50])
CatsVsDogsDataset/Cat/10215.jpg
(375, 500, 3)
RESIZED:  torch.Size([3, 50, 50])
CatsVsDogsDataset/Cat/10426.jpg
(375, 500, 3)
RESIZED:  torch.Size([3, 50, 50])
CatsVsDogsDataset/Cat/10518.jpg
(500, 476, 3)
RESIZED:  torch.Size([3, 50, 50])
CatsVsDogsDataset/Cat/10663.jpg
(500, 357, 3)
RESIZED:  torch.Size([3, 50, 50])
CatsVsDogsDataset/Cat/10001.jpg
(375, 500, 3)
RESIZED:  torch.Size([3, 50, 50])
CatsVsDogsDataset/Cat/10243.jpg
(375, 500, 3)
RESIZED:  torch.Size([3, 50, 50])
CatsVsDogsDataset/Cat/10222.jpg
(324, 432, 3)
RESIZED:  torch.Size([3, 50, 50])
CatsVsDogsDataset/Cat/10002.jpg
(471, 500, 3)
RESIZED:  torch.Size([3, 50, 50])
CatsVsDogsDataset/Cat/1059.jpg
(375, 500, 3)
RESIZED:  torch.Size([3, 50, 50])
CatsVsDogsDataset/Cat/10213.jpg
(439, 461, 3)
RESIZED:  torch.Size([3, 50, 50])
CatsVsDogsDataset/Cat/10290.jpg
(500, 448, 3)
RESIZED:  torch.Size([3, 50, 50])
CatsVsDogsDataset/Cat/10020.jpg
(424, 320, 3)
RESIZED:  torch.Size([3, 50, 50])
CatsVsDogsDataset/Cat/10401.jpg
(283, 427, 3)
RESIZED:  torch.Size([3, 50, 50])
CatsVsDogsDataset/Cat/10348.jpg
(363, 432, 3)
RESIZED:  torch.Size([3, 50, 50])
CatsVsDogsDataset/Cat/10557.jpg
(500, 257, 3)
RESIZED:  torch.Size([3, 50, 50])
CatsVsDogsDataset/Cat/10482.jpg
(500, 462, 3)
RESIZED:  torch.Size([3, 50, 50])
CatsVsDogsDataset/Cat/10354.jpg
(398, 372, 3)
RESIZED:  torch.Size([3, 50, 50])
CatsVsDogsDataset/Cat/10428.jpg
(403, 480, 3)
RESIZED:  torch.Size([3, 50, 50])
CatsVsDogsDataset/Cat/10730.jpg
(320, 203, 3)
RESIZED:  torch.Size([3, 50, 50])
CatsVsDogsDataset/Cat/10552.jpg
(375, 500, 3)
RESIZED:  torch.Size([3, 50, 50])
CatsVsDogsDataset/Cat/10839.jpg
(375, 500, 3)
RESIZED:  torch.Size([3, 50, 50])
CatsVsDogsDataset/Cat/10570.jpg
(335, 500, 3)
RESIZED:  torch.Size([3, 50, 50])
CatsVsDogsDataset/Cat/1089.jpg
(333, 500, 3)
RESIZED:  torch.Size([3, 50, 50])
CatsVsDogsDataset/Cat/10520.jpg
(200, 185, 3)
RESIZED:  torch.Size([3, 50, 50])
CatsVsDogsDataset/Cat/10815.jpg
(375, 500, 3)
RESIZED:  torch.Size([3, 50, 50])
CatsVsDogsDataset/Cat/10261.jpg
(375, 500, 3)
RESIZED:  torch.Size([3, 50, 50])
CatsVsDogsDataset/Cat/10539.jpg
(402, 447, 3)
RESIZED:  torch.Size([3, 50, 50])
CatsVsDogsDataset/Cat/10167.jpg
(375, 500, 3)
RESIZED:  torch.Size([3, 50, 50])
CatsVsDogsDataset/Cat/10538.jpg
(375, 500, 3)
RESIZED:  torch.Size([3, 50, 50])
CatsVsDogsDataset/Cat/10114.jpg
(500, 302, 3)
RESIZED:  torch.Size([3, 50, 50])
CatsVsDogsDataset/Cat/10649.jpg
(375, 500, 3)
RESIZED:  torch.Size([3, 50, 50])
CatsVsDogsDataset/Cat/10548.jpg
(375, 500, 3)
RESIZED:  torch.Size([3, 50, 50])
CatsVsDogsDataset/Cat/10578.jpg
(360, 480, 3)
RESIZED:  torch.Size([3, 50, 50])
CatsVsDogsDataset/Cat/10807.jpg
(86, 144, 3)
RESIZED:  torch.Size([3, 50, 50])
CatsVsDogsDataset/Cat/10618.jpg
(341, 500, 3)
RESIZED:  torch.Size([3, 50, 50])
CatsVsDogsDataset/Cat/10016.jpg
(198, 180, 3)
RESIZED:  torch.Size([3, 50, 50])
CatsVsDogsDataset/Cat/10653.jpg
(375, 500, 3)
RESIZED:  torch.Size([3, 50, 50])
CatsVsDogsDataset/Cat/10203.jpg
(258, 175, 3)
RESIZED:  torch.Size([3, 50, 50])
CatsVsDogsDataset/Cat/10783.jpg
(225, 300, 3)
RESIZED:  torch.Size([3, 50, 50])
CatsVsDogsDataset/Cat/10700.jpg
(333, 500, 3)
RESIZED:  torch.Size([3, 50, 50])
CatsVsDogsDataset/Cat/10152.jpg
(375, 500, 3)
RESIZED:  torch.Size([3, 50, 50])
CatsVsDogsDataset/Cat/1017.jpg
(241, 238, 3)
RESIZED:  torch.Size([3, 50, 50])
CatsVsDogsDataset/Cat/1072.jpg
(442, 420, 3)
RESIZED:  torch.Size([3, 50, 50])
CatsVsDogsDataset/Cat/10096.jpg
(375, 500, 3)
RESIZED:  torch.Size([3, 50, 50])
CatsVsDogsDataset/Cat/10775.jpg
(375, 500, 3)
RESIZED:  torch.Size([3, 50, 50])
CatsVsDogsDataset/Cat/10153.jpg
(500, 375, 3)
RESIZED:  torch.Size([3, 50, 50])
CatsVsDogsDataset/Cat/10733.jpg
(400, 316, 3)
RESIZED:  torch.Size([3, 50, 50])
CatsVsDogsDataset/Cat/10058.jpg
(462, 500, 3)
RESIZED:  torch.Size([3, 50, 50])
CatsVsDogsDataset/Cat/10406.jpg
(270, 360, 3)
RESIZED:  torch.Size([3, 50, 50])
CatsVsDogsDataset/Cat/10359.jpg
(375, 500, 3)
RESIZED:  torch.Size([3, 50, 50])
CatsVsDogsDataset/Cat/10370.jpg
(375, 500, 3)
RESIZED:  torch.Size([3, 50, 50])
CatsVsDogsDataset/Cat/10291.jpg
(500, 428, 3)
RESIZED:  torch.Size([3, 50, 50])
CatsVsDogsDataset/Cat/10671.jpg
(486, 500, 3)
RESIZED:  torch.Size([3, 50, 50])
CatsVsDogsDataset/Cat/10779.jpg
(401, 500, 3)
RESIZED:  torch.Size([3, 50, 50])
CatsVsDogsDataset/Cat/10441.jpg
(375, 500, 3)
RESIZED:  torch.Size([3, 50, 50])
CatsVsDogsDataset/Cat/10894.jpg
(375, 500, 3)
RESIZED:  torch.Size([3, 50, 50])
CatsVsDogsDataset/Cat/10094.jpg
(216, 288, 3)
RESIZED:  torch.Size([3, 50, 50])
CatsVsDogsDataset/Cat/10581.jpg
(324, 350, 3)
RESIZED:  torch.Size([3, 50, 50])
CatsVsDogsDataset/Cat/10885.jpg
(324, 340, 3)
RESIZED:  torch.Size([3, 50, 50])
CatsVsDogsDataset/Cat/10325.jpg
(267, 400, 3)
RESIZED:  torch.Size([3, 50, 50])
CatsVsDogsDataset/Cat/10722.jpg
(183, 239, 3)
RESIZED:  torch.Size([3, 50, 50])
CatsVsDogsDataset/Cat/10744.jpg
(333, 500, 3)
RESIZED:  torch.Size([3, 50, 50])
CatsVsDogsDataset/Cat/10605.jpg
(216, 288, 3)
RESIZED:  torch.Size([3, 50, 50])
CatsVsDogsDataset/Cat/10018.jpg
(454, 500, 3)
RESIZED:  torch.Size([3, 50, 50])
CatsVsDogsDataset/Cat/10442.jpg
(375, 500, 3)
RESIZED:  torch.Size([3, 50, 50])
CatsVsDogsDataset/Cat/10158.jpg
(500, 442, 3)
RESIZED:  torch.Size([3, 50, 50])
CatsVsDogsDataset/Cat/10415.jpg
(500, 375, 3)
RESIZED:  torch.Size([3, 50, 50])
CatsVsDogsDataset/Cat/10697.jpg
(429, 500, 3)
RESIZED:  torch.Size([3, 50, 50])
CatsVsDogsDataset/Cat/10407.jpg
(375, 500, 3)
RESIZED:  torch.Size([3, 50, 50])
CatsVsDogsDataset/Cat/10493.jpg
(500, 481, 3)
RESIZED:  torch.Size([3, 50, 50])
CatsVsDogsDataset/Cat/10646.jpg
(336, 483, 3)
RESIZED:  torch.Size([3, 50, 50])
CatsVsDogsDataset/Cat/10701.jpg
(375, 500, 3)
RESIZED:  torch.Size([3, 50, 50])
CatsVsDogsDataset/Cat/10233.jpg
(375, 500, 3)
RESIZED:  torch.Size([3, 50, 50])
CatsVsDogsDataset/Cat/1062.jpg
(360, 480, 3)
RESIZED:  torch.Size([3, 50, 50])
CatsVsDogsDataset/Cat/1026.jpg
(316, 475, 3)
RESIZED:  torch.Size([3, 50, 50])
CatsVsDogsDataset/Cat/10011.jpg
(448, 358, 3)
RESIZED:  torch.Size([3, 50, 50])
CatsVsDogsDataset/Cat/10564.jpg
(283, 440, 3)
RESIZED:  torch.Size([3, 50, 50])
CatsVsDogsDataset/Cat/10341.jpg
(213, 240, 3)
RESIZED:  torch.Size([3, 50, 50])
CatsVsDogsDataset/Cat/10589.jpg
(424, 500, 3)
RESIZED:  torch.Size([3, 50, 50])
CatsVsDogsDataset/Cat/10080.jpg
(347, 500, 3)
RESIZED:  torch.Size([3, 50, 50])
CatsVsDogsDataset/Cat/10314.jpg
(453, 453, 3)
RESIZED:  torch.Size([3, 50, 50])
CatsVsDogsDataset/Cat/10842.jpg
(500, 423, 3)
RESIZED:  torch.Size([3, 50, 50])
CatsVsDogsDataset/Cat/10747.jpg
(375, 500, 3)
RESIZED:  torch.Size([3, 50, 50])
CatsVsDogsDataset/Cat/10184.jpg
(200, 250, 3)
RESIZED:  torch.Size([3, 50, 50])
CatsVsDogsDataset/Cat/10856.jpg
(375, 500, 3)
RESIZED:  torch.Size([3, 50, 50])
CatsVsDogsDataset/Cat/10225.jpg
(353, 500, 3)
RESIZED:  torch.Size([3, 50, 50])
CatsVsDogsDataset/Cat/10409.jpg
(375, 500, 3)
RESIZED:  torch.Size([3, 50, 50])
CatsVsDogsDataset/Cat/10193.jpg
(313, 500, 3)
RESIZED:  torch.Size([3, 50, 50])
CatsVsDogsDataset/Cat/1008.jpg
(368, 329, 3)
RESIZED:  torch.Size([3, 50, 50])
CatsVsDogsDataset/Cat/1028.jpg
(324, 500, 3)
RESIZED:  torch.Size([3, 50, 50])
CatsVsDogsDataset/Cat/10591.jpg
(240, 320, 3)
RESIZED:  torch.Size([3, 50, 50])
CatsVsDogsDataset/Cat/10057.jpg
(500, 332, 3)
RESIZED:  torch.Size([3, 50, 50])
CatsVsDogsDataset/Cat/10177.jpg
(477, 500, 3)
RESIZED:  torch.Size([3, 50, 50])
CatsVsDogsDataset/Cat/10136.jpg
(500, 375, 3)
RESIZED:  torch.Size([3, 50, 50])
CatsVsDogsDataset/Cat/10529.jpg
(319, 300, 3)
RESIZED:  torch.Size([3, 50, 50])
CatsVsDogsDataset/Cat/10433.jpg
(336, 353, 3)
RESIZED:  torch.Size([3, 50, 50])
CatsVsDogsDataset/Cat/10061.jpg
(262, 350, 3)
RESIZED:  torch.Size([3, 50, 50])
CatsVsDogsDataset/Cat/10891.jpg
(375, 500, 3)
RESIZED:  torch.Size([3, 50, 50])
CatsVsDogsDataset/Cat/10679.jpg
(375, 500, 3)
RESIZED:  torch.Size([3, 50, 50])
CatsVsDogsDataset/Cat/1010.jpg
(375, 500, 3)
RESIZED:  torch.Size([3, 50, 50])
CatsVsDogsDataset/Cat/10252.jpg
(300, 400, 3)
RESIZED:  torch.Size([3, 50, 50])
CatsVsDogsDataset/Cat/10734.jpg
(326, 358, 3)
RESIZED:  torch.Size([3, 50, 50])
CatsVsDogsDataset/Cat/10031.jpg
(375, 500, 3)
RESIZED:  torch.Size([3, 50, 50])
CatsVsDogsDataset/Cat/10027.jpg
(333, 500, 3)
RESIZED:  torch.Size([3, 50, 50])
CatsVsDogsDataset/Cat/10603.jpg
(420, 500, 3)
RESIZED:  torch.Size([3, 50, 50])
CatsVsDogsDataset/Cat/10509.jpg
(375, 500, 3)
RESIZED:  torch.Size([3, 50, 50])
CatsVsDogsDataset/Cat/1053.jpg
(375, 500, 3)
RESIZED:  torch.Size([3, 50, 50])
CatsVsDogsDataset/Cat/10675.jpg
(188, 141, 3)
RESIZED:  torch.Size([3, 50, 50])
CatsVsDogsDataset/Cat/10185.jpg
(419, 500, 3)
RESIZED:  torch.Size([3, 50, 50])
CatsVsDogsDataset/Cat/1048.jpg
(500, 351, 3)
RESIZED:  torch.Size([3, 50, 50])
CatsVsDogsDataset/Cat/10258.jpg
(375, 500, 3)
RESIZED:  torch.Size([3, 50, 50])
CatsVsDogsDataset/Cat/10208.jpg
(392, 500, 3)
RESIZED:  torch.Size([3, 50, 50])
CatsVsDogsDataset/Cat/10091.jpg
(182, 141, 3)
RESIZED:  torch.Size([3, 50, 50])
CatsVsDogsDataset/Cat/10381.jpg
(496, 500, 3)
RESIZED:  torch.Size([3, 50, 50])
CatsVsDogsDataset/Cat/10799.jpg
(500, 405, 3)
RESIZED:  torch.Size([3, 50, 50])
CatsVsDogsDataset/Cat/10084.jpg
(500, 468, 3)
RESIZED:  torch.Size([3, 50, 50])
CatsVsDogsDataset/Cat/10621.jpg
(500, 375, 3)
RESIZED:  torch.Size([3, 50, 50])
CatsVsDogsDataset/Cat/10360.jpg
(276, 416, 3)
RESIZED:  torch.Size([3, 50, 50])
CatsVsDogsDataset/Cat/10543.jpg
(328, 442, 3)
RESIZED:  torch.Size([3, 50, 50])
CatsVsDogsDataset/Cat/10596.jpg
(375, 500, 3)
RESIZED:  torch.Size([3, 50, 50])
CatsVsDogsDataset/Cat/10877.jpg
(462, 500, 3)
RESIZED:  torch.Size([3, 50, 50])
CatsVsDogsDataset/Cat/10078.jpg
(183, 250, 3)
RESIZED:  torch.Size([3, 50, 50])
CatsVsDogsDataset/Cat/1056.jpg
(375, 500, 3)
RESIZED:  torch.Size([3, 50, 50])
CatsVsDogsDataset/Cat/10447.jpg
(483, 500, 3)
RESIZED:  torch.Size([3, 50, 50])
CatsVsDogsDataset/Cat/10599.jpg
(270, 360, 3)
RESIZED:  torch.Size([3, 50, 50])
CatsVsDogsDataset/Cat/1075.jpg
(355, 500, 3)
RESIZED:  torch.Size([3, 50, 50])
CatsVsDogsDataset/Cat/1029.jpg
(375, 500, 3)
RESIZED:  torch.Size([3, 50, 50])
CatsVsDogsDataset/Cat/10382.jpg
(295, 419, 3)
RESIZED:  torch.Size([3, 50, 50])
CatsVsDogsDataset/Cat/10141.jpg
(500, 468, 3)
RESIZED:  torch.Size([3, 50, 50])
CatsVsDogsDataset/Cat/10437.jpg
(456, 304, 3)
RESIZED:  torch.Size([3, 50, 50])
CatsVsDogsDataset/Cat/10038.jpg
(300, 300, 3)
RESIZED:  torch.Size([3, 50, 50])
CatsVsDogsDataset/Cat/1002.jpg
(407, 380, 3)
RESIZED:  torch.Size([3, 50, 50])
CatsVsDogsDataset/Cat/1034.jpg
(255, 229, 3)
RESIZED:  torch.Size([3, 50, 50])
CatsVsDogsDataset/Cat/10622.jpg
(126, 252, 3)
RESIZED:  torch.Size([3, 50, 50])
CatsVsDogsDataset/Cat/10798.jpg
(300, 500, 3)
RESIZED:  torch.Size([3, 50, 50])
CatsVsDogsDataset/Cat/10324.jpg
(448, 319, 3)
RESIZED:  torch.Size([3, 50, 50])
CatsVsDogsDataset/Cat/10852.jpg
(500, 413, 3)
RESIZED:  torch.Size([3, 50, 50])
CatsVsDogsDataset/Cat/10501.jpg
