here
Namespace(config_path='./config/train_config.yml', s3_bucket='movematch', prefix='CatsVsDogsDataset')
CatsVsDogsDataset/Cat/10401.jpg
RESIZED:  torch.Size([3, 50, 50])
CatsVsDogsDataset/Cat/10515.jpg
RESIZED:  torch.Size([3, 50, 50])
CatsVsDogsDataset/Cat/10162.jpg
RESIZED:  torch.Size([3, 50, 50])
CatsVsDogsDataset/Cat/10743.jpg
RESIZED:  torch.Size([3, 50, 50])
CatsVsDogsDataset/Cat/10343.jpg
RESIZED:  torch.Size([3, 50, 50])
CatsVsDogsDataset/Cat/1037.jpg
RESIZED:  torch.Size([3, 50, 50])
CatsVsDogsDataset/Cat/10394.jpg
RESIZED:  torch.Size([3, 50, 50])
CatsVsDogsDataset/Cat/10046.jpg
RESIZED:  torch.Size([3, 50, 50])
CatsVsDogsDataset/Cat/10640.jpg
RESIZED:  torch.Size([3, 50, 50])
CatsVsDogsDataset/Cat/10841.jpg
RESIZED:  torch.Size([3, 50, 50])
CatsVsDogsDataset/Cat/10008.jpg
RESIZED:  torch.Size([3, 50, 50])
CatsVsDogsDataset/Cat/10611.jpg
RESIZED:  torch.Size([3, 50, 50])
CatsVsDogsDataset/Cat/10294.jpg
RESIZED:  torch.Size([3, 50, 50])
CatsVsDogsDataset/Cat/1069.jpg
RESIZED:  torch.Size([3, 50, 50])
CatsVsDogsDataset/Cat/10693.jpg
RESIZED:  torch.Size([3, 50, 50])
CatsVsDogsDataset/Cat/10062.jpg
RESIZED:  torch.Size([3, 50, 50])
CatsVsDogsDataset/Cat/10550.jpg
RESIZED:  torch.Size([3, 50, 50])
CatsVsDogsDataset/Cat/1049.jpg
RESIZED:  torch.Size([3, 50, 50])
CatsVsDogsDataset/Cat/10186.jpg
RESIZED:  torch.Size([3, 50, 50])
CatsVsDogsDataset/Cat/10886.jpg
RESIZED:  torch.Size([3, 50, 50])
CatsVsDogsDataset/Cat/10112.jpg
RESIZED:  torch.Size([3, 50, 50])
CatsVsDogsDataset/Cat/10446.jpg
RESIZED:  torch.Size([3, 50, 50])
CatsVsDogsDataset/Cat/10172.jpg
RESIZED:  torch.Size([3, 50, 50])
CatsVsDogsDataset/Cat/1047.jpg
RESIZED:  torch.Size([3, 50, 50])
CatsVsDogsDataset/Cat/10412.jpg
RESIZED:  torch.Size([3, 50, 50])
CatsVsDogsDataset/Cat/10199.jpg
RESIZED:  torch.Size([3, 50, 50])
CatsVsDogsDataset/Cat/10704.jpg
RESIZED:  torch.Size([3, 50, 50])
CatsVsDogsDataset/Cat/10746.jpg
RESIZED:  torch.Size([3, 50, 50])
CatsVsDogsDataset/Cat/10185.jpg
RESIZED:  torch.Size([3, 50, 50])
CatsVsDogsDataset/Cat/10304.jpg
RESIZED:  torch.Size([3, 50, 50])
CatsVsDogsDataset/Cat/10106.jpg
RESIZED:  torch.Size([3, 50, 50])
CatsVsDogsDataset/Cat/10626.jpg
RESIZED:  torch.Size([3, 50, 50])
tensor([[[[0.8471, 0.8431, 0.8667,  ..., 0.9569, 0.9608, 0.9725],
          [0.8510, 0.8588, 0.8706,  ..., 0.9529, 0.9529, 0.9686],
          [0.8549, 0.8549, 0.8706,  ..., 0.9412, 0.9451, 0.9294],
          ...,
          [0.3686, 0.4667, 0.4588,  ..., 0.9451, 0.9804, 0.9765],
          [0.3490, 0.3882, 0.2824,  ..., 0.9451, 0.9608, 0.9725],
          [0.3294, 0.3412, 0.2392,  ..., 0.9608, 0.9686, 0.9686]],

         [[0.8000, 0.7961, 0.8157,  ..., 0.9686, 0.9686, 0.9922],
          [0.8078, 0.8118, 0.8157,  ..., 0.9686, 0.9647, 0.9804],
          [0.8078, 0.8039, 0.8196,  ..., 0.9647, 0.9529, 0.9333],
          ...,
          [0.1765, 0.3725, 0.4431,  ..., 0.9373, 0.9647, 0.9569],
          [0.1216, 0.2667, 0.2549,  ..., 0.9333, 0.9490, 0.9608],
          [0.0902, 0.1922, 0.1529,  ..., 0.9490, 0.9569, 0.9569]],

         [[0.8196, 0.8039, 0.8275,  ..., 0.9882, 0.9961, 0.9961],
          [0.8157, 0.8235, 0.8314,  ..., 0.9843, 0.9961, 1.0000],
          [0.8196, 0.8235, 0.8353,  ..., 0.9843, 0.9961, 0.9804],
          ...,
          [0.5137, 0.5216, 0.5412,  ..., 0.9725, 0.9882, 0.9882],
          [0.6000, 0.5255, 0.3569,  ..., 0.9686, 0.9765, 0.9843],
          [0.6078, 0.5412, 0.2471,  ..., 0.9843, 0.9882, 0.9804]]],


        [[[0.3176, 0.3490, 0.3569,  ..., 0.0745, 0.0706, 0.0706],
          [0.3333, 0.3608, 0.3686,  ..., 0.0667, 0.0667, 0.0667],
          [0.3529, 0.3608, 0.3765,  ..., 0.0706, 0.0745, 0.0745],
          ...,
          [0.2627, 0.2745, 0.2902,  ..., 0.4431, 0.3804, 0.3020],
          [0.2431, 0.2667, 0.2784,  ..., 0.4627, 0.4627, 0.4471],
          [0.2392, 0.2627, 0.2627,  ..., 0.4392, 0.4431, 0.4431]],

         [[0.4627, 0.4745, 0.4784,  ..., 0.0039, 0.0039, 0.0000],
          [0.4784, 0.4863, 0.4902,  ..., 0.0039, 0.0000, 0.0000],
          [0.4784, 0.4824, 0.4980,  ..., 0.0000, 0.0000, 0.0000],
          ...,
          [0.4000, 0.4078, 0.4235,  ..., 0.5961, 0.5216, 0.4314],
          [0.3961, 0.4078, 0.4157,  ..., 0.6196, 0.6196, 0.6039],
          [0.3843, 0.4000, 0.4118,  ..., 0.6196, 0.6118, 0.6078]],

         [[0.5490, 0.5686, 0.5765,  ..., 0.3843, 0.3686, 0.3608],
          [0.5647, 0.5804, 0.5882,  ..., 0.4039, 0.3922, 0.3922],
          [0.5725, 0.5804, 0.5961,  ..., 0.4118, 0.4118, 0.4078],
          ...,
          [0.4941, 0.5059, 0.5216,  ..., 0.7020, 0.6588, 0.5922],
          [0.4902, 0.5020, 0.5098,  ..., 0.7176, 0.7137, 0.6980],
          [0.4784, 0.4941, 0.4980,  ..., 0.7059, 0.6941, 0.7020]]],


        [[[0.9412, 0.9373, 0.9294,  ..., 0.2431, 0.2118, 0.2157],
          [0.9569, 0.9529, 0.9451,  ..., 0.2314, 0.2157, 0.2000],
          [0.9529, 0.9451, 0.9373,  ..., 0.2784, 0.2549, 0.2118],
          ...,
          [0.3725, 0.3647, 0.3686,  ..., 0.1137, 0.2157, 0.3373],
          [0.3765, 0.3686, 0.3647,  ..., 0.3608, 0.4510, 0.4824],
          [0.3686, 0.3686, 0.3647,  ..., 0.5725, 0.5725, 0.5765]],

         [[0.9569, 0.9529, 0.9529,  ..., 0.4431, 0.4000, 0.4078],
          [0.9725, 0.9686, 0.9686,  ..., 0.4118, 0.3804, 0.3686],
          [0.9686, 0.9686, 0.9647,  ..., 0.4980, 0.4667, 0.3804],
          ...,
          [0.5137, 0.5137, 0.5294,  ..., 0.2039, 0.3216, 0.4471],
          [0.5333, 0.5216, 0.5255,  ..., 0.4980, 0.5725, 0.6078],
          [0.5216, 0.5216, 0.5137,  ..., 0.7137, 0.7176, 0.7216]],

         [[0.9725, 0.9725, 0.9686,  ..., 0.6314, 0.5647, 0.5882],
          [0.9882, 0.9843, 0.9765,  ..., 0.5725, 0.5412, 0.5176],
          [0.9882, 0.9843, 0.9765,  ..., 0.6863, 0.6510, 0.5216],
          ...,
          [0.6510, 0.6627, 0.6706,  ..., 0.3020, 0.4078, 0.5216],
          [0.6745, 0.6706, 0.6706,  ..., 0.5882, 0.6588, 0.6431],
          [0.6549, 0.6627, 0.6549,  ..., 0.7765, 0.7529, 0.7137]]],


        ...,


        [[[0.1137, 0.1216, 0.1412,  ..., 0.2706, 0.2627, 0.2588],
          [0.1098, 0.1137, 0.1333,  ..., 0.2588, 0.2392, 0.2314],
          [0.0980, 0.1098, 0.1333,  ..., 0.2471, 0.2353, 0.2275],
          ...,
          [0.5059, 0.3725, 0.2392,  ..., 0.1020, 0.1020, 0.1294],
          [0.5451, 0.3294, 0.1686,  ..., 0.1020, 0.1176, 0.2314],
          [0.5725, 0.3647, 0.1333,  ..., 0.1020, 0.1216, 0.2980]],

         [[0.1137, 0.1216, 0.1412,  ..., 0.2941, 0.2902, 0.2902],
          [0.1098, 0.1137, 0.1333,  ..., 0.2706, 0.2706, 0.2627],
          [0.0980, 0.1098, 0.1333,  ..., 0.2745, 0.2667, 0.2588],
          ...,
          [0.5647, 0.4980, 0.4000,  ..., 0.3098, 0.3059, 0.3020],
          [0.5882, 0.4549, 0.3176,  ..., 0.3098, 0.3137, 0.3647],
          [0.6000, 0.4549, 0.2706,  ..., 0.3059, 0.3137, 0.4039]],

         [[0.1137, 0.1216, 0.1412,  ..., 0.2902, 0.2863, 0.2863],
          [0.1098, 0.1137, 0.1333,  ..., 0.2706, 0.2667, 0.2588],
          [0.0980, 0.1098, 0.1333,  ..., 0.2667, 0.2627, 0.2549],
          ...,
          [0.6157, 0.6078, 0.5451,  ..., 0.5098, 0.5059, 0.4824],
          [0.6275, 0.5529, 0.4824,  ..., 0.5098, 0.5020, 0.5020],
          [0.6392, 0.5294, 0.4314,  ..., 0.5020, 0.4902, 0.5255]]],


        [[[0.4745, 0.6549, 0.7020,  ..., 0.6078, 0.6039, 0.5961],
          [0.4745, 0.6549, 0.7059,  ..., 0.6078, 0.6039, 0.5961],
          [0.4784, 0.6471, 0.7059,  ..., 0.5961, 0.4745, 0.5569],
          ...,
          [0.6588, 0.7373, 0.7647,  ..., 0.6745, 0.6980, 0.7059],
          [0.6471, 0.6745, 0.7373,  ..., 0.6549, 0.6863, 0.7020],
          [0.6824, 0.7255, 0.7882,  ..., 0.6510, 0.6471, 0.6784]],

         [[0.4863, 0.6941, 0.7255,  ..., 0.6039, 0.6000, 0.5922],
          [0.4863, 0.6941, 0.7333,  ..., 0.6039, 0.5961, 0.5922],
          [0.4902, 0.6902, 0.7373,  ..., 0.5882, 0.4706, 0.5529],
          ...,
          [0.6941, 0.7647, 0.7961,  ..., 0.6745, 0.6941, 0.7020],
          [0.6980, 0.7098, 0.7765,  ..., 0.6588, 0.6824, 0.6980],
          [0.7373, 0.7647, 0.8196,  ..., 0.6588, 0.6510, 0.6745]],

         [[0.5255, 0.7569, 0.7725,  ..., 0.6196, 0.6157, 0.6078],
          [0.5255, 0.7529, 0.7765,  ..., 0.6196, 0.6157, 0.6078],
          [0.5216, 0.7529, 0.7843,  ..., 0.6118, 0.4863, 0.5765],
          ...,
          [0.7961, 0.8353, 0.8706,  ..., 0.7137, 0.7333, 0.7412],
          [0.7882, 0.7922, 0.8588,  ..., 0.6980, 0.7216, 0.7373],
          [0.8275, 0.8353, 0.8902,  ..., 0.7098, 0.6980, 0.7137]]],


        [[[0.0745, 0.0314, 0.0314,  ..., 0.3294, 0.3216, 0.3020],
          [0.1098, 0.0392, 0.0863,  ..., 0.3294, 0.3216, 0.2902],
          [0.1294, 0.0392, 0.0902,  ..., 0.4706, 0.4784, 0.3765],
          ...,
          [0.0235, 0.0275, 0.0588,  ..., 0.3804, 0.3765, 0.3686],
          [0.0314, 0.0353, 0.0549,  ..., 0.3843, 0.3765, 0.3647],
          [0.0314, 0.0392, 0.0706,  ..., 0.3843, 0.3725, 0.3529]],

         [[0.2118, 0.3490, 0.3059,  ..., 0.3608, 0.3490, 0.3294],
          [0.2353, 0.3373, 0.2078,  ..., 0.3569, 0.3451, 0.3255],
          [0.2627, 0.3412, 0.1765,  ..., 0.4863, 0.4980, 0.3961],
          ...,
          [0.0314, 0.0353, 0.0549,  ..., 0.2431, 0.2353, 0.2275],
          [0.0392, 0.0431, 0.0510,  ..., 0.2471, 0.2353, 0.2235],
          [0.0392, 0.0471, 0.0667,  ..., 0.2510, 0.2392, 0.2235]],

         [[0.2353, 0.3882, 0.3529,  ..., 0.2941, 0.2902, 0.2627],
          [0.2431, 0.3608, 0.2392,  ..., 0.2980, 0.2941, 0.2706],
          [0.2745, 0.3686, 0.1922,  ..., 0.4745, 0.5020, 0.3765],
          ...,
          [0.0353, 0.0392, 0.0627,  ..., 0.1686, 0.1647, 0.1569],
          [0.0431, 0.0471, 0.0588,  ..., 0.1686, 0.1647, 0.1529],
          [0.0431, 0.0549, 0.0745,  ..., 0.1725, 0.1647, 0.1490]]]])
CatsVsDogsDataset/Cat/10420.jpg
RESIZED:  torch.Size([3, 50, 50])
CatsVsDogsDataset/Cat/1031.jpg
RESIZED:  torch.Size([3, 50, 50])
CatsVsDogsDataset/Cat/10795.jpg
RESIZED:  torch.Size([3, 50, 50])
CatsVsDogsDataset/Cat/10201.jpg
RESIZED:  torch.Size([3, 50, 50])
CatsVsDogsDataset/Cat/10829.jpg
RESIZED:  torch.Size([3, 50, 50])
CatsVsDogsDataset/Cat/10027.jpg
RESIZED:  torch.Size([3, 50, 50])
CatsVsDogsDataset/Cat/10009.jpg
RESIZED:  torch.Size([3, 50, 50])
CatsVsDogsDataset/Cat/10848.jpg
RESIZED:  torch.Size([3, 50, 50])
CatsVsDogsDataset/Cat/10173.jpg
RESIZED:  torch.Size([3, 50, 50])
CatsVsDogsDataset/Cat/10371.jpg
RESIZED:  torch.Size([3, 50, 50])
CatsVsDogsDataset/Cat/10648.jpg
RESIZED:  torch.Size([3, 50, 50])
CatsVsDogsDataset/Cat/10398.jpg
RESIZED:  torch.Size([3, 50, 50])
CatsVsDogsDataset/Cat/10588.jpg
RESIZED:  torch.Size([3, 50, 50])
CatsVsDogsDataset/Cat/10884.jpg
RESIZED:  torch.Size([3, 50, 50])
CatsVsDogsDataset/Cat/10718.jpg
RESIZED:  torch.Size([3, 50, 50])
CatsVsDogsDataset/Cat/10876.jpg
RESIZED:  torch.Size([3, 50, 50])
CatsVsDogsDataset/Cat/1076.jpg
RESIZED:  torch.Size([3, 50, 50])
CatsVsDogsDataset/Cat/10452.jpg
RESIZED:  torch.Size([3, 50, 50])
CatsVsDogsDataset/Cat/10249.jpg
RESIZED:  torch.Size([3, 50, 50])
CatsVsDogsDataset/Cat/10611.jpg
RESIZED:  torch.Size([3, 50, 50])
CatsVsDogsDataset/Cat/10309.jpg
RESIZED:  torch.Size([3, 50, 50])
CatsVsDogsDataset/Cat/10195.jpg
RESIZED:  torch.Size([3, 50, 50])
CatsVsDogsDataset/Cat/10608.jpg
RESIZED:  torch.Size([3, 50, 50])
CatsVsDogsDataset/Cat/10572.jpg
RESIZED:  torch.Size([3, 50, 50])
CatsVsDogsDataset/Cat/10757.jpg
RESIZED:  torch.Size([3, 50, 50])
CatsVsDogsDataset/Cat/1082.jpg
RESIZED:  torch.Size([3, 50, 50])
CatsVsDogsDataset/Cat/10000.jpg
RESIZED:  torch.Size([3, 50, 50])
CatsVsDogsDataset/Cat/104.jpg
RESIZED:  torch.Size([3, 50, 50])
CatsVsDogsDataset/Cat/10660.jpg
RESIZED:  torch.Size([3, 50, 50])
CatsVsDogsDataset/Cat/10502.jpg
RESIZED:  torch.Size([3, 50, 50])
CatsVsDogsDataset/Cat/10142.jpg
RESIZED:  torch.Size([3, 50, 50])
CatsVsDogsDataset/Cat/10680.jpg
RESIZED:  torch.Size([3, 50, 50])
tensor([[[0.3804, 0.3882, 0.4078,  ..., 0.2588, 0.2510, 0.2392],
         [0.3882, 0.3961, 0.4118,  ..., 0.2588, 0.2510, 0.2392],
         [0.4000, 0.4078, 0.4078,  ..., 0.2706, 0.2588, 0.2510],
         ...,
         [0.5176, 0.5216, 0.5255,  ..., 0.3451, 0.4471, 0.4588],
         [0.5255, 0.5255, 0.5216,  ..., 0.4196, 0.4667, 0.4745],
         [0.5294, 0.5333, 0.5333,  ..., 0.5059, 0.5137, 0.5059]],

        [[0.4549, 0.4667, 0.4784,  ..., 0.3922, 0.3843, 0.3765],
         [0.4588, 0.4706, 0.4824,  ..., 0.3961, 0.3882, 0.3804],
         [0.4667, 0.4745, 0.4784,  ..., 0.4039, 0.3961, 0.3882],
         ...,
         [0.5490, 0.5529, 0.5608,  ..., 0.4314, 0.5255, 0.5333],
         [0.5529, 0.5529, 0.5529,  ..., 0.4980, 0.5294, 0.5373],
         [0.5529, 0.5569, 0.5608,  ..., 0.5765, 0.5725, 0.5686]],

        [[0.4824, 0.4902, 0.4980,  ..., 0.4314, 0.4275, 0.4157],
         [0.4784, 0.4902, 0.5059,  ..., 0.4392, 0.4275, 0.4157],
         [0.4824, 0.4941, 0.4980,  ..., 0.4431, 0.4392, 0.4275],
         ...,
         [0.5490, 0.5529, 0.5647,  ..., 0.4706, 0.5373, 0.5490],
         [0.5490, 0.5490, 0.5490,  ..., 0.5176, 0.5373, 0.5451],
         [0.5490, 0.5529, 0.5569,  ..., 0.5843, 0.5804, 0.5765]]])
CatsVsDogsDataset/Cat/10426.jpg
RESIZED:  torch.Size([3, 50, 50])
CatsVsDogsDataset/Cat/10274.jpg
RESIZED:  torch.Size([3, 50, 50])
CatsVsDogsDataset/Cat/10649.jpg
RESIZED:  torch.Size([3, 50, 50])
CatsVsDogsDataset/Cat/10886.jpg
RESIZED:  torch.Size([3, 50, 50])
CatsVsDogsDataset/Cat/1085.jpg
RESIZED:  torch.Size([3, 50, 50])
CatsVsDogsDataset/Cat/10122.jpg
RESIZED:  torch.Size([3, 50, 50])
CatsVsDogsDataset/Cat/10894.jpg
RESIZED:  torch.Size([3, 50, 50])
CatsVsDogsDataset/Cat/10809.jpg
RESIZED:  torch.Size([3, 50, 50])
CatsVsDogsDataset/Cat/10635.jpg
RESIZED:  torch.Size([3, 50, 50])
CatsVsDogsDataset/Cat/10425.jpg
RESIZED:  torch.Size([3, 50, 50])
CatsVsDogsDataset/Cat/1044.jpg
RESIZED:  torch.Size([3, 50, 50])
CatsVsDogsDataset/Cat/10065.jpg
RESIZED:  torch.Size([3, 50, 50])
CatsVsDogsDataset/Cat/10488.jpg
RESIZED:  torch.Size([3, 50, 50])
CatsVsDogsDataset/Cat/10789.jpg
RESIZED:  torch.Size([3, 50, 50])
CatsVsDogsDataset/Cat/10818.jpg
RESIZED:  torch.Size([3, 50, 50])
CatsVsDogsDataset/Cat/10720.jpg
RESIZED:  torch.Size([3, 50, 50])
CatsVsDogsDataset/Cat/10892.jpg
RESIZED:  torch.Size([3, 50, 50])
CatsVsDogsDataset/Cat/10350.jpg
RESIZED:  torch.Size([3, 50, 50])
CatsVsDogsDataset/Cat/10514.jpg
RESIZED:  torch.Size([3, 50, 50])
CatsVsDogsDataset/Cat/10808.jpg
RESIZED:  torch.Size([3, 50, 50])
CatsVsDogsDataset/Cat/10079.jpg
RESIZED:  torch.Size([3, 50, 50])
CatsVsDogsDataset/Cat/10137.jpg
RESIZED:  torch.Size([3, 50, 50])
CatsVsDogsDataset/Cat/10313.jpg
RESIZED:  torch.Size([3, 50, 50])
CatsVsDogsDataset/Cat/10278.jpg
RESIZED:  torch.Size([3, 50, 50])
CatsVsDogsDataset/Cat/10716.jpg
RESIZED:  torch.Size([3, 50, 50])
CatsVsDogsDataset/Cat/10763.jpg
RESIZED:  torch.Size([3, 50, 50])
CatsVsDogsDataset/Cat/10710.jpg
RESIZED:  torch.Size([3, 50, 50])
CatsVsDogsDataset/Cat/10252.jpg
RESIZED:  torch.Size([3, 50, 50])
CatsVsDogsDataset/Cat/10855.jpg
RESIZED:  torch.Size([3, 50, 50])
CatsVsDogsDataset/Cat/10770.jpg
RESIZED:  torch.Size([3, 50, 50])
CatsVsDogsDataset/Cat/106.jpg
RESIZED:  torch.Size([3, 50, 50])
CatsVsDogsDataset/Cat/10756.jpg
RESIZED:  torch.Size([3, 50, 50])
tensor([[[0.9882, 0.9255, 0.9020,  ..., 0.9765, 1.0000, 1.0000],
         [0.9137, 0.7490, 0.6902,  ..., 0.9373, 0.9961, 1.0000],
         [0.7961, 0.6510, 0.6039,  ..., 0.9020, 0.9961, 1.0000],
         ...,
         [0.7569, 0.6275, 0.6000,  ..., 0.7294, 0.7843, 0.9373],
         [0.7255, 0.6588, 0.6078,  ..., 0.8000, 0.8118, 0.9255],
         [0.8667, 0.7490, 0.7882,  ..., 0.8980, 0.9059, 0.9882]],

        [[0.9922, 0.9412, 0.9176,  ..., 0.9843, 1.0000, 1.0000],
         [0.9294, 0.7882, 0.7098,  ..., 0.9529, 1.0000, 1.0000],
         [0.8196, 0.6824, 0.6275,  ..., 0.9255, 1.0000, 1.0000],
         ...,
         [0.7804, 0.6549, 0.6196,  ..., 0.7804, 0.8235, 0.9529],
         [0.7569, 0.6902, 0.6235,  ..., 0.8392, 0.8471, 0.9373],
         [0.8745, 0.7569, 0.7922,  ..., 0.9176, 0.9255, 0.9922]],

        [[0.9922, 0.9412, 0.9176,  ..., 0.9843, 1.0000, 1.0000],
         [0.9373, 0.7882, 0.7059,  ..., 0.9608, 1.0000, 1.0000],
         [0.8235, 0.6863, 0.6353,  ..., 0.9333, 1.0000, 1.0000],
         ...,
         [0.7765, 0.6549, 0.6353,  ..., 0.7961, 0.8431, 0.9569],
         [0.7529, 0.6941, 0.6353,  ..., 0.8510, 0.8588, 0.9373],
         [0.8745, 0.7608, 0.7961,  ..., 0.9216, 0.9255, 0.9922]]])
CatsVsDogsDataset/Cat/10543.jpg
RESIZED:  torch.Size([3, 50, 50])
CatsVsDogsDataset/Cat/10609.jpg
RESIZED:  torch.Size([3, 50, 50])
CatsVsDogsDataset/Cat/1017.jpg
RESIZED:  torch.Size([3, 50, 50])
CatsVsDogsDataset/Cat/10192.jpg
RESIZED:  torch.Size([3, 50, 50])
CatsVsDogsDataset/Cat/10865.jpg
RESIZED:  torch.Size([3, 50, 50])
CatsVsDogsDataset/Cat/10622.jpg
RESIZED:  torch.Size([3, 50, 50])
CatsVsDogsDataset/Cat/10486.jpg
RESIZED:  torch.Size([3, 50, 50])
CatsVsDogsDataset/Cat/10097.jpg
RESIZED:  torch.Size([3, 50, 50])
CatsVsDogsDataset/Cat/10324.jpg
RESIZED:  torch.Size([3, 50, 50])
CatsVsDogsDataset/Cat/10516.jpg
RESIZED:  torch.Size([3, 50, 50])
CatsVsDogsDataset/Cat/10322.jpg
RESIZED:  torch.Size([3, 50, 50])
CatsVsDogsDataset/Cat/10713.jpg
RESIZED:  torch.Size([3, 50, 50])
CatsVsDogsDataset/Cat/10399.jpg
RESIZED:  torch.Size([3, 50, 50])
CatsVsDogsDataset/Cat/1005.jpg
RESIZED:  torch.Size([3, 50, 50])
CatsVsDogsDataset/Cat/10819.jpg
RESIZED:  torch.Size([3, 50, 50])
CatsVsDogsDataset/Cat/10530.jpg
RESIZED:  torch.Size([3, 50, 50])
CatsVsDogsDataset/Cat/10861.jpg
RESIZED:  torch.Size([3, 50, 50])
CatsVsDogsDataset/Cat/10521.jpg
RESIZED:  torch.Size([3, 50, 50])
CatsVsDogsDataset/Cat/10796.jpg
RESIZED:  torch.Size([3, 50, 50])
CatsVsDogsDataset/Cat/10772.jpg
RESIZED:  torch.Size([3, 50, 50])
CatsVsDogsDataset/Cat/10755.jpg
RESIZED:  torch.Size([3, 50, 50])
CatsVsDogsDataset/Cat/1023.jpg
RESIZED:  torch.Size([3, 50, 50])
CatsVsDogsDataset/Cat/10533.jpg
RESIZED:  torch.Size([3, 50, 50])
CatsVsDogsDataset/Cat/10.jpg
RESIZED:  torch.Size([3, 50, 50])
CatsVsDogsDataset/Cat/10753.jpg
RESIZED:  torch.Size([3, 50, 50])
CatsVsDogsDataset/Cat/10461.jpg
RESIZED:  torch.Size([3, 50, 50])
CatsVsDogsDataset/Cat/10174.jpg
RESIZED:  torch.Size([3, 50, 50])
CatsVsDogsDataset/Cat/10504.jpg
RESIZED:  torch.Size([3, 50, 50])
CatsVsDogsDataset/Cat/10598.jpg
RESIZED:  torch.Size([3, 50, 50])
CatsVsDogsDataset/Cat/10737.jpg
RESIZED:  torch.Size([3, 50, 50])
CatsVsDogsDataset/Cat/10317.jpg
RESIZED:  torch.Size([3, 50, 50])
CatsVsDogsDataset/Cat/10081.jpg
RESIZED:  torch.Size([3, 50, 50])
tensor([[[0.5686, 0.5686, 0.5647,  ..., 0.7255, 0.7333, 0.7333],
         [0.5686, 0.5686, 0.5686,  ..., 0.7216, 0.7255, 0.7333],
         [0.5686, 0.5686, 0.5686,  ..., 0.7137, 0.7176, 0.7176],
         ...,
         [0.6784, 0.6784, 0.6784,  ..., 0.6588, 0.6627, 0.6627],
         [0.6745, 0.6745, 0.6745,  ..., 0.6784, 0.6745, 0.6706],
         [0.6941, 0.6863, 0.6863,  ..., 0.7059, 0.6941, 0.6863]],

        [[0.6510, 0.6510, 0.6471,  ..., 0.7137, 0.7216, 0.7216],
         [0.6510, 0.6510, 0.6510,  ..., 0.7098, 0.7137, 0.7216],
         [0.6510, 0.6510, 0.6510,  ..., 0.7059, 0.7098, 0.7098],
         ...,
         [0.7490, 0.7490, 0.7490,  ..., 0.7216, 0.7255, 0.7216],
         [0.7529, 0.7529, 0.7529,  ..., 0.7373, 0.7294, 0.7176],
         [0.7608, 0.7608, 0.7608,  ..., 0.7569, 0.7451, 0.7333]],

        [[0.6588, 0.6588, 0.6549,  ..., 0.6824, 0.6902, 0.6902],
         [0.6588, 0.6588, 0.6588,  ..., 0.6784, 0.6824, 0.6902],
         [0.6588, 0.6588, 0.6588,  ..., 0.6745, 0.6784, 0.6784],
         ...,
         [0.7686, 0.7686, 0.7686,  ..., 0.7451, 0.7490, 0.7451],
         [0.7686, 0.7725, 0.7725,  ..., 0.7608, 0.7529, 0.7412],
         [0.7765, 0.7765, 0.7765,  ..., 0.7765, 0.7569, 0.7490]]])
CatsVsDogsDataset/Cat/10126.jpg
RESIZED:  torch.Size([3, 50, 50])
CatsVsDogsDataset/Cat/10746.jpg
RESIZED:  torch.Size([3, 50, 50])
CatsVsDogsDataset/Cat/10860.jpg
RESIZED:  torch.Size([3, 50, 50])
CatsVsDogsDataset/Cat/10568.jpg
RESIZED:  torch.Size([3, 50, 50])
CatsVsDogsDataset/Cat/10367.jpg
RESIZED:  torch.Size([3, 50, 50])
CatsVsDogsDataset/Cat/10084.jpg
RESIZED:  torch.Size([3, 50, 50])
CatsVsDogsDataset/Cat/10327.jpg
RESIZED:  torch.Size([3, 50, 50])
CatsVsDogsDataset/Cat/10247.jpg
RESIZED:  torch.Size([3, 50, 50])
CatsVsDogsDataset/Cat/10674.jpg
RESIZED:  torch.Size([3, 50, 50])
CatsVsDogsDataset/Cat/1064.jpg
RESIZED:  torch.Size([3, 50, 50])
CatsVsDogsDataset/Cat/10748.jpg
RESIZED:  torch.Size([3, 50, 50])
CatsVsDogsDataset/Cat/10310.jpg
RESIZED:  torch.Size([3, 50, 50])
CatsVsDogsDataset/Cat/10490.jpg
RESIZED:  torch.Size([3, 50, 50])
CatsVsDogsDataset/Cat/1056.jpg
RESIZED:  torch.Size([3, 50, 50])
CatsVsDogsDataset/Cat/10547.jpg
RESIZED:  torch.Size([3, 50, 50])
CatsVsDogsDataset/Cat/10801.jpg
RESIZED:  torch.Size([3, 50, 50])
CatsVsDogsDataset/Cat/10172.jpg
RESIZED:  torch.Size([3, 50, 50])
CatsVsDogsDataset/Cat/10701.jpg
RESIZED:  torch.Size([3, 50, 50])
CatsVsDogsDataset/Cat/1041.jpg
RESIZED:  torch.Size([3, 50, 50])
CatsVsDogsDataset/Cat/10066.jpg
RESIZED:  torch.Size([3, 50, 50])
CatsVsDogsDataset/Cat/10234.jpg
RESIZED:  torch.Size([3, 50, 50])
CatsVsDogsDataset/Cat/10422.jpg
RESIZED:  torch.Size([3, 50, 50])
CatsVsDogsDataset/Cat/10652.jpg
RESIZED:  torch.Size([3, 50, 50])
CatsVsDogsDataset/Cat/10354.jpg
RESIZED:  torch.Size([3, 50, 50])
CatsVsDogsDataset/Cat/10474.jpg
RESIZED:  torch.Size([3, 50, 50])
CatsVsDogsDataset/Cat/10028.jpg
RESIZED:  torch.Size([3, 50, 50])
CatsVsDogsDataset/Cat/10320.jpg
RESIZED:  torch.Size([3, 50, 50])
CatsVsDogsDataset/Cat/10236.jpg
RESIZED:  torch.Size([3, 50, 50])
CatsVsDogsDataset/Cat/10750.jpg
RESIZED:  torch.Size([3, 50, 50])
CatsVsDogsDataset/Cat/10778.jpg
RESIZED:  torch.Size([3, 50, 50])
CatsVsDogsDataset/Cat/10219.jpg
RESIZED:  torch.Size([3, 50, 50])
CatsVsDogsDataset/Cat/10102.jpg
RESIZED:  torch.Size([3, 50, 50])
tensor([[[0.1569, 0.1647, 0.1725,  ..., 0.0902, 0.0824, 0.0706],
         [0.1608, 0.1725, 0.1843,  ..., 0.0941, 0.0902, 0.0745],
         [0.1686, 0.1765, 0.1843,  ..., 0.1020, 0.0902, 0.0784],
         ...,
         [0.1451, 0.1529, 0.1490,  ..., 0.5686, 0.5843, 0.6039],
         [0.1765, 0.1608, 0.1608,  ..., 0.5490, 0.5412, 0.5686],
         [0.1647, 0.1569, 0.1608,  ..., 0.4863, 0.4941, 0.5020]],

        [[0.1765, 0.1843, 0.1922,  ..., 0.1098, 0.0941, 0.0784],
         [0.1804, 0.1922, 0.2039,  ..., 0.1137, 0.0980, 0.0824],
         [0.1882, 0.1961, 0.2078,  ..., 0.1216, 0.0980, 0.0863],
         ...,
         [0.2000, 0.2157, 0.2000,  ..., 0.6314, 0.6510, 0.6706],
         [0.2471, 0.2627, 0.2588,  ..., 0.6157, 0.6118, 0.6314],
         [0.2431, 0.2627, 0.2824,  ..., 0.5843, 0.5686, 0.5804]],

        [[0.1725, 0.1804, 0.1843,  ..., 0.1059, 0.0941, 0.0784],
         [0.1765, 0.1882, 0.1961,  ..., 0.1098, 0.0980, 0.0824],
         [0.1843, 0.1922, 0.2039,  ..., 0.1176, 0.0980, 0.0863],
         ...,
         [0.2157, 0.2471, 0.2275,  ..., 0.6275, 0.6471, 0.6627],
         [0.2784, 0.3373, 0.3373,  ..., 0.6118, 0.6078, 0.6314],
         [0.2824, 0.3451, 0.3765,  ..., 0.5765, 0.5608, 0.5765]]])
CatsVsDogsDataset/Cat/10890.jpg
RESIZED:  torch.Size([3, 50, 50])
CatsVsDogsDataset/Cat/10850.jpg
RESIZED:  torch.Size([3, 50, 50])
CatsVsDogsDataset/Cat/10347.jpg
RESIZED:  torch.Size([3, 50, 50])
CatsVsDogsDataset/Cat/10004.jpg
RESIZED:  torch.Size([3, 50, 50])
CatsVsDogsDataset/Cat/10726.jpg
RESIZED:  torch.Size([3, 50, 50])
CatsVsDogsDataset/Cat/10761.jpg
RESIZED:  torch.Size([3, 50, 50])
CatsVsDogsDataset/Cat/10663.jpg
RESIZED:  torch.Size([3, 50, 50])
CatsVsDogsDataset/Cat/10003.jpg
RESIZED:  torch.Size([3, 50, 50])
CatsVsDogsDataset/Cat/10631.jpg
RESIZED:  torch.Size([3, 50, 50])
CatsVsDogsDataset/Cat/10863.jpg
RESIZED:  torch.Size([3, 50, 50])
CatsVsDogsDataset/Cat/10776.jpg
RESIZED:  torch.Size([3, 50, 50])
CatsVsDogsDataset/Cat/1029.jpg
RESIZED:  torch.Size([3, 50, 50])
CatsVsDogsDataset/Cat/10769.jpg
RESIZED:  torch.Size([3, 50, 50])
CatsVsDogsDataset/Cat/1019.jpg
RESIZED:  torch.Size([3, 50, 50])
CatsVsDogsDataset/Cat/10551.jpg
RESIZED:  torch.Size([3, 50, 50])
CatsVsDogsDataset/Cat/10477.jpg
RESIZED:  torch.Size([3, 50, 50])
CatsVsDogsDataset/Cat/10664.jpg
RESIZED:  torch.Size([3, 50, 50])
CatsVsDogsDataset/Cat/10893.jpg
RESIZED:  torch.Size([3, 50, 50])
CatsVsDogsDataset/Cat/10298.jpg
RESIZED:  torch.Size([3, 50, 50])
CatsVsDogsDataset/Cat/10050.jpg
RESIZED:  torch.Size([3, 50, 50])
CatsVsDogsDataset/Cat/10077.jpg
RESIZED:  torch.Size([3, 50, 50])
CatsVsDogsDataset/Cat/10094.jpg
RESIZED:  torch.Size([3, 50, 50])
CatsVsDogsDataset/Cat/10264.jpg
RESIZED:  torch.Size([3, 50, 50])
CatsVsDogsDataset/Cat/10038.jpg
RESIZED:  torch.Size([3, 50, 50])
CatsVsDogsDataset/Cat/10485.jpg
RESIZED:  torch.Size([3, 50, 50])
CatsVsDogsDataset/Cat/10017.jpg
RESIZED:  torch.Size([3, 50, 50])
CatsVsDogsDataset/Cat/10517.jpg
RESIZED:  torch.Size([3, 50, 50])
CatsVsDogsDataset/Cat/10348.jpg
RESIZED:  torch.Size([3, 50, 50])
CatsVsDogsDataset/Cat/10792.jpg
RESIZED:  torch.Size([3, 50, 50])
CatsVsDogsDataset/Cat/10842.jpg
RESIZED:  torch.Size([3, 50, 50])
CatsVsDogsDataset/Cat/10583.jpg
RESIZED:  torch.Size([3, 50, 50])
CatsVsDogsDataset/Cat/10481.jpg
RESIZED:  torch.Size([3, 50, 50])
tensor([[[0.3137, 0.3333, 0.3490,  ..., 0.7961, 0.9255, 0.9294],
         [0.3255, 0.4000, 0.3922,  ..., 0.8157, 0.9333, 0.9373],
         [0.4039, 0.4706, 0.4588,  ..., 0.9137, 0.9490, 0.9451],
         ...,
         [0.4118, 0.5373, 0.5961,  ..., 0.6706, 0.6392, 0.6667],
         [0.5412, 0.5412, 0.5725,  ..., 0.5373, 0.5882, 0.6824],
         [0.5686, 0.5686, 0.5373,  ..., 0.3725, 0.5529, 0.6941]],

        [[0.3490, 0.3569, 0.3569,  ..., 0.7882, 0.9255, 0.9255],
         [0.3608, 0.4353, 0.3961,  ..., 0.8039, 0.9333, 0.9373],
         [0.4392, 0.5098, 0.4784,  ..., 0.9059, 0.9451, 0.9451],
         ...,
         [0.4118, 0.5529, 0.6157,  ..., 0.6902, 0.6353, 0.6824],
         [0.5686, 0.5765, 0.5804,  ..., 0.5333, 0.6039, 0.7020],
         [0.5922, 0.5882, 0.5255,  ..., 0.3804, 0.5765, 0.7137]],

        [[0.3882, 0.3882, 0.3608,  ..., 0.9098, 0.9333, 0.9294],
         [0.4000, 0.4667, 0.3843,  ..., 0.9216, 0.9373, 0.9373],
         [0.4824, 0.5451, 0.4863,  ..., 0.9412, 0.9490, 0.9490],
         ...,
         [0.3686, 0.5490, 0.6275,  ..., 0.7333, 0.7373, 0.7569],
         [0.5647, 0.5843, 0.5804,  ..., 0.6980, 0.6863, 0.7569],
         [0.5961, 0.5804, 0.4824,  ..., 0.6078, 0.7020, 0.7569]]])
CatsVsDogsDataset/Cat/1008.jpg
RESIZED:  torch.Size([3, 50, 50])
CatsVsDogsDataset/Cat/10759.jpg
RESIZED:  torch.Size([3, 50, 50])
CatsVsDogsDataset/Cat/10390.jpg
RESIZED:  torch.Size([3, 50, 50])
CatsVsDogsDataset/Cat/10184.jpg
RESIZED:  torch.Size([3, 50, 50])
CatsVsDogsDataset/Cat/10636.jpg
RESIZED:  torch.Size([3, 50, 50])
CatsVsDogsDataset/Cat/10343.jpg
RESIZED:  torch.Size([3, 50, 50])
CatsVsDogsDataset/Cat/10429.jpg
RESIZED:  torch.Size([3, 50, 50])
CatsVsDogsDataset/Cat/10448.jpg
RESIZED:  torch.Size([3, 50, 50])
CatsVsDogsDataset/Cat/10059.jpg
RESIZED:  torch.Size([3, 50, 50])
CatsVsDogsDataset/Cat/10374.jpg
RESIZED:  torch.Size([3, 50, 50])
CatsVsDogsDataset/Cat/10895.jpg
RESIZED:  torch.Size([3, 50, 50])
CatsVsDogsDataset/Cat/10052.jpg
RESIZED:  torch.Size([3, 50, 50])
CatsVsDogsDataset/Cat/10868.jpg
RESIZED:  torch.Size([3, 50, 50])
CatsVsDogsDataset/Cat/10896.jpg
RESIZED:  torch.Size([3, 50, 50])
CatsVsDogsDataset/Cat/10074.jpg
RESIZED:  torch.Size([3, 50, 50])
CatsVsDogsDataset/Cat/10595.jpg
RESIZED:  torch.Size([3, 50, 50])
CatsVsDogsDataset/Cat/10699.jpg
RESIZED:  torch.Size([3, 50, 50])
CatsVsDogsDataset/Cat/10292.jpg
RESIZED:  torch.Size([3, 50, 50])
CatsVsDogsDataset/Cat/10321.jpg
RESIZED:  torch.Size([3, 50, 50])
CatsVsDogsDataset/Cat/10506.jpg
RESIZED:  torch.Size([3, 50, 50])
CatsVsDogsDataset/Cat/10689.jpg
RESIZED:  torch.Size([3, 50, 50])
CatsVsDogsDataset/Cat/1.jpg
RESIZED:  torch.Size([3, 50, 50])
CatsVsDogsDataset/Cat/1002.jpg
RESIZED:  torch.Size([3, 50, 50])
CatsVsDogsDataset/Cat/10185.jpg
RESIZED:  torch.Size([3, 50, 50])
CatsVsDogsDataset/Cat/1074.jpg
RESIZED:  torch.Size([3, 50, 50])
CatsVsDogsDataset/Cat/10807.jpg
RESIZED:  torch.Size([3, 50, 50])
CatsVsDogsDataset/Cat/1084.jpg
RESIZED:  torch.Size([3, 50, 50])
CatsVsDogsDataset/Cat/10379.jpg
RESIZED:  torch.Size([3, 50, 50])
CatsVsDogsDataset/Cat/10351.jpg
RESIZED:  torch.Size([3, 50, 50])
CatsVsDogsDataset/Cat/10451.jpg
RESIZED:  torch.Size([3, 50, 50])
CatsVsDogsDataset/Cat/1040.jpg
RESIZED:  torch.Size([3, 50, 50])
CatsVsDogsDataset/Cat/10764.jpg
RESIZED:  torch.Size([3, 50, 50])
tensor([[[0.0353, 0.0275, 0.1216,  ..., 0.8353, 0.8431, 0.9294],
         [0.0549, 0.1020, 0.2510,  ..., 0.7373, 0.8627, 0.9020],
         [0.1529, 0.3020, 0.4706,  ..., 0.7333, 0.7882, 0.7098],
         ...,
         [0.0549, 0.0431, 0.0314,  ..., 0.0745, 0.4824, 0.9333],
         [0.0863, 0.0431, 0.0353,  ..., 0.0980, 0.2667, 0.7843],
         [0.0392, 0.0392, 0.0392,  ..., 0.1255, 0.1490, 0.5373]],

        [[0.0353, 0.0353, 0.1059,  ..., 0.7647, 0.8353, 0.9451],
         [0.0588, 0.0941, 0.2235,  ..., 0.7412, 0.8706, 0.9137],
         [0.1490, 0.2824, 0.4667,  ..., 0.7451, 0.7843, 0.7098],
         ...,
         [0.0667, 0.0471, 0.0353,  ..., 0.0784, 0.4431, 0.9020],
         [0.0980, 0.0510, 0.0392,  ..., 0.1059, 0.2431, 0.7294],
         [0.0353, 0.0431, 0.0471,  ..., 0.1137, 0.1333, 0.4863]],

        [[0.0471, 0.0471, 0.1451,  ..., 0.8314, 0.8784, 0.9569],
         [0.0863, 0.1333, 0.2863,  ..., 0.8039, 0.8902, 0.9255],
         [0.2039, 0.3490, 0.5333,  ..., 0.8039, 0.7882, 0.7098],
         ...,
         [0.0667, 0.0471, 0.0353,  ..., 0.0784, 0.4314, 0.8863],
         [0.0980, 0.0471, 0.0392,  ..., 0.1020, 0.2353, 0.7098],
         [0.0353, 0.0392, 0.0471,  ..., 0.1098, 0.1333, 0.4745]]])
CatsVsDogsDataset/Cat/1063.jpg
RESIZED:  torch.Size([3, 50, 50])
CatsVsDogsDataset/Cat/10827.jpg
RESIZED:  torch.Size([3, 50, 50])
CatsVsDogsDataset/Cat/10093.jpg
RESIZED:  torch.Size([3, 50, 50])
CatsVsDogsDataset/Cat/10386.jpg
RESIZED:  torch.Size([3, 50, 50])
CatsVsDogsDataset/Cat/10735.jpg
RESIZED:  torch.Size([3, 50, 50])
CatsVsDogsDataset/Cat/10380.jpg
RESIZED:  torch.Size([3, 50, 50])
CatsVsDogsDataset/Cat/10742.jpg
RESIZED:  torch.Size([3, 50, 50])
CatsVsDogsDataset/Cat/10048.jpg
RESIZED:  torch.Size([3, 50, 50])
CatsVsDogsDataset/Cat/10887.jpg
RESIZED:  torch.Size([3, 50, 50])
CatsVsDogsDataset/Cat/10208.jpg
RESIZED:  torch.Size([3, 50, 50])
CatsVsDogsDataset/Cat/10765.jpg
RESIZED:  torch.Size([3, 50, 50])
CatsVsDogsDataset/Cat/1067.jpg
RESIZED:  torch.Size([3, 50, 50])
CatsVsDogsDataset/Cat/10630.jpg
RESIZED:  torch.Size([3, 50, 50])
CatsVsDogsDataset/Cat/1051.jpg
RESIZED:  torch.Size([3, 50, 50])
CatsVsDogsDataset/Cat/10671.jpg
RESIZED:  torch.Size([3, 50, 50])
CatsVsDogsDataset/Cat/10267.jpg
RESIZED:  torch.Size([3, 50, 50])
CatsVsDogsDataset/Cat/10304.jpg
RESIZED:  torch.Size([3, 50, 50])
CatsVsDogsDataset/Cat/10578.jpg
RESIZED:  torch.Size([3, 50, 50])
CatsVsDogsDataset/Cat/10150.jpg
RESIZED:  torch.Size([3, 50, 50])
CatsVsDogsDataset/Cat/10705.jpg
RESIZED:  torch.Size([3, 50, 50])
CatsVsDogsDataset/Cat/10606.jpg
RESIZED:  torch.Size([3, 50, 50])
CatsVsDogsDataset/Cat/10782.jpg
RESIZED:  torch.Size([3, 50, 50])
CatsVsDogsDataset/Cat/10560.jpg
RESIZED:  torch.Size([3, 50, 50])
CatsVsDogsDataset/Cat/10119.jpg
RESIZED:  torch.Size([3, 50, 50])
CatsVsDogsDataset/Cat/1071.jpg
RESIZED:  torch.Size([3, 50, 50])
CatsVsDogsDataset/Cat/10538.jpg
RESIZED:  torch.Size([3, 50, 50])
CatsVsDogsDataset/Cat/10120.jpg
RESIZED:  torch.Size([3, 50, 50])
CatsVsDogsDataset/Cat/10584.jpg
RESIZED:  torch.Size([3, 50, 50])
CatsVsDogsDataset/Cat/1001.jpg
RESIZED:  torch.Size([3, 50, 50])
CatsVsDogsDataset/Cat/10132.jpg
RESIZED:  torch.Size([3, 50, 50])
CatsVsDogsDataset/Cat/10413.jpg
RESIZED:  torch.Size([3, 50, 50])
CatsVsDogsDataset/Cat/10738.jpg
RESIZED:  torch.Size([3, 50, 50])
tensor([[[0.9922, 0.9922, 0.9922,  ..., 0.9922, 0.9922, 0.9922],
         [0.9922, 0.9922, 0.9922,  ..., 0.9922, 0.9922, 0.9922],
         [0.9882, 0.9176, 0.8980,  ..., 0.9451, 0.9647, 0.9922],
         ...,
         [0.9922, 0.9922, 0.9922,  ..., 0.9922, 0.9922, 0.9922],
         [0.9922, 0.9922, 0.9922,  ..., 0.9922, 0.9922, 0.9922],
         [0.9922, 0.9922, 0.9922,  ..., 0.9922, 0.9922, 0.9922]],

        [[0.9922, 0.9922, 0.9922,  ..., 0.9922, 0.9922, 0.9922],
         [0.9922, 0.9922, 0.9922,  ..., 0.9922, 0.9922, 0.9922],
         [0.9882, 0.9176, 0.9020,  ..., 0.9569, 0.9686, 0.9922],
         ...,
         [0.9922, 0.9922, 0.9922,  ..., 0.9922, 0.9922, 0.9922],
         [0.9922, 0.9922, 0.9922,  ..., 0.9922, 0.9922, 0.9922],
         [0.9922, 0.9922, 0.9922,  ..., 0.9922, 0.9922, 0.9922]],

        [[0.9922, 0.9922, 0.9922,  ..., 0.9922, 0.9922, 0.9922],
         [0.9922, 0.9922, 0.9922,  ..., 0.9922, 0.9922, 0.9922],
         [0.9882, 0.9255, 0.9137,  ..., 0.9765, 0.9804, 0.9922],
         ...,
         [0.9922, 0.9922, 0.9922,  ..., 0.9922, 0.9922, 0.9922],
         [0.9922, 0.9922, 0.9922,  ..., 0.9922, 0.9922, 0.9922],
         [0.9922, 0.9922, 0.9922,  ..., 0.9922, 0.9922, 0.9922]]])
CatsVsDogsDataset/Cat/10805.jpg
RESIZED:  torch.Size([3, 50, 50])
CatsVsDogsDataset/Cat/10432.jpg
RESIZED:  torch.Size([3, 50, 50])
CatsVsDogsDataset/Cat/10336.jpg
RESIZED:  torch.Size([3, 50, 50])
CatsVsDogsDataset/Cat/10039.jpg
RESIZED:  torch.Size([3, 50, 50])
CatsVsDogsDataset/Cat/10729.jpg
RESIZED:  torch.Size([3, 50, 50])
CatsVsDogsDataset/Cat/10067.jpg
RESIZED:  torch.Size([3, 50, 50])
CatsVsDogsDataset/Cat/10548.jpg
RESIZED:  torch.Size([3, 50, 50])
CatsVsDogsDataset/Cat/1057.jpg
RESIZED:  torch.Size([3, 50, 50])
CatsVsDogsDataset/Cat/10840.jpg
RESIZED:  torch.Size([3, 50, 50])
CatsVsDogsDataset/Cat/10364.jpg
RESIZED:  torch.Size([3, 50, 50])
CatsVsDogsDataset/Cat/10022.jpg
RESIZED:  torch.Size([3, 50, 50])
CatsVsDogsDataset/Cat/10534.jpg
RESIZED:  torch.Size([3, 50, 50])
CatsVsDogsDataset/Cat/10501.jpg
