here
Namespace(config_path='./config/train_config.yml', s3_bucket='movematch', prefix='CatsVsDogsDataset')
CatsVsDogsDataset/Cat/10314.jpg
RESIZED:  torch.Size([3, 50, 50])
CatsVsDogsDataset/Cat/10240.jpg
RESIZED:  torch.Size([3, 50, 50])
CatsVsDogsDataset/Cat/10560.jpg
RESIZED:  torch.Size([3, 50, 50])
CatsVsDogsDataset/Cat/10637.jpg
RESIZED:  torch.Size([3, 50, 50])
CatsVsDogsDataset/Cat/10370.jpg
RESIZED:  torch.Size([3, 50, 50])
CatsVsDogsDataset/Cat/10093.jpg
RESIZED:  torch.Size([3, 50, 50])
CatsVsDogsDataset/Cat/10884.jpg
RESIZED:  torch.Size([3, 50, 50])
CatsVsDogsDataset/Cat/10481.jpg
RESIZED:  torch.Size([3, 50, 50])
CatsVsDogsDataset/Cat/10657.jpg
RESIZED:  torch.Size([3, 50, 50])
CatsVsDogsDataset/Cat/10108.jpg
RESIZED:  torch.Size([3, 50, 50])
CatsVsDogsDataset/Cat/10552.jpg
RESIZED:  torch.Size([3, 50, 50])
CatsVsDogsDataset/Cat/10660.jpg
RESIZED:  torch.Size([3, 50, 50])
CatsVsDogsDataset/Cat/10672.jpg
RESIZED:  torch.Size([3, 50, 50])
CatsVsDogsDataset/Cat/108.jpg
RESIZED:  torch.Size([3, 50, 50])
CatsVsDogsDataset/Cat/10107.jpg
RESIZED:  torch.Size([3, 50, 50])
CatsVsDogsDataset/Cat/10752.jpg
RESIZED:  torch.Size([3, 50, 50])
CatsVsDogsDataset/Cat/10122.jpg
RESIZED:  torch.Size([3, 50, 50])
CatsVsDogsDataset/Cat/10360.jpg
RESIZED:  torch.Size([3, 50, 50])
CatsVsDogsDataset/Cat/10558.jpg
RESIZED:  torch.Size([3, 50, 50])
CatsVsDogsDataset/Cat/10600.jpg
RESIZED:  torch.Size([3, 50, 50])
CatsVsDogsDataset/Cat/10871.jpg
RESIZED:  torch.Size([3, 50, 50])
CatsVsDogsDataset/Cat/10507.jpg
RESIZED:  torch.Size([3, 50, 50])
CatsVsDogsDataset/Cat/10113.jpg
RESIZED:  torch.Size([3, 50, 50])
CatsVsDogsDataset/Cat/10418.jpg
RESIZED:  torch.Size([3, 50, 50])
CatsVsDogsDataset/Cat/1041.jpg
RESIZED:  torch.Size([3, 50, 50])
CatsVsDogsDataset/Cat/10675.jpg
RESIZED:  torch.Size([3, 50, 50])
CatsVsDogsDataset/Cat/10273.jpg
RESIZED:  torch.Size([3, 50, 50])
CatsVsDogsDataset/Cat/10877.jpg
RESIZED:  torch.Size([3, 50, 50])
CatsVsDogsDataset/Cat/10083.jpg
RESIZED:  torch.Size([3, 50, 50])
CatsVsDogsDataset/Cat/10813.jpg
RESIZED:  torch.Size([3, 50, 50])
CatsVsDogsDataset/Cat/10133.jpg
RESIZED:  torch.Size([3, 50, 50])
CatsVsDogsDataset/Cat/10493.jpg
RESIZED:  torch.Size([3, 50, 50])
tensor([[[[0.2745, 0.2706, 0.2667,  ..., 0.1647, 0.1647, 0.1569],
          [0.2667, 0.2667, 0.2627,  ..., 0.1608, 0.1608, 0.1569],
          [0.2667, 0.2627, 0.2627,  ..., 0.1569, 0.1608, 0.1176],
          ...,
          [0.0000, 0.0078, 0.0196,  ..., 0.3333, 0.3373, 0.3529],
          [0.0000, 0.0039, 0.0157,  ..., 0.3451, 0.3216, 0.3216],
          [0.0000, 0.0000, 0.0157,  ..., 0.3922, 0.3373, 0.3020]],

         [[0.2784, 0.2784, 0.2706,  ..., 0.1608, 0.1569, 0.1569],
          [0.2824, 0.2784, 0.2667,  ..., 0.1608, 0.1647, 0.1647],
          [0.2784, 0.2784, 0.2745,  ..., 0.1647, 0.1569, 0.1216],
          ...,
          [0.0000, 0.0078, 0.0196,  ..., 0.3059, 0.3137, 0.3294],
          [0.0000, 0.0039, 0.0157,  ..., 0.3098, 0.2980, 0.3020],
          [0.0000, 0.0000, 0.0157,  ..., 0.3647, 0.3176, 0.2863]],

         [[0.2471, 0.2471, 0.2510,  ..., 0.1373, 0.1333, 0.1333],
          [0.2549, 0.2510, 0.2471,  ..., 0.1333, 0.1333, 0.1294],
          [0.2471, 0.2392, 0.2392,  ..., 0.1294, 0.1255, 0.0902],
          ...,
          [0.0000, 0.0078, 0.0196,  ..., 0.2627, 0.2627, 0.2706],
          [0.0000, 0.0039, 0.0157,  ..., 0.2902, 0.2549, 0.2510],
          [0.0000, 0.0000, 0.0157,  ..., 0.3490, 0.2784, 0.2431]]],


        [[[0.0784, 0.0510, 0.0275,  ..., 0.2863, 0.2902, 0.2745],
          [0.0784, 0.0510, 0.0235,  ..., 0.3216, 0.3608, 0.3490],
          [0.0510, 0.0314, 0.0157,  ..., 0.3294, 0.3451, 0.3137],
          ...,
          [0.3843, 0.3922, 0.3961,  ..., 0.1922, 0.1412, 0.1490],
          [0.3961, 0.3882, 0.3922,  ..., 0.2196, 0.1765, 0.1647],
          [0.4000, 0.3922, 0.3843,  ..., 0.2275, 0.1922, 0.1804]],

         [[0.0588, 0.0431, 0.0314,  ..., 0.2980, 0.2941, 0.2784],
          [0.0588, 0.0471, 0.0314,  ..., 0.3529, 0.3882, 0.3647],
          [0.0510, 0.0392, 0.0314,  ..., 0.3647, 0.3686, 0.3294],
          ...,
          [0.4431, 0.4588, 0.4745,  ..., 0.2157, 0.1686, 0.1569],
          [0.4471, 0.4471, 0.4627,  ..., 0.2392, 0.2039, 0.1843],
          [0.4549, 0.4471, 0.4510,  ..., 0.2471, 0.2157, 0.1882]],

         [[0.0941, 0.0627, 0.0471,  ..., 0.2196, 0.2314, 0.2314],
          [0.0902, 0.0627, 0.0353,  ..., 0.2706, 0.3176, 0.3020],
          [0.0549, 0.0392, 0.0196,  ..., 0.2627, 0.2824, 0.2510],
          ...,
          [0.4196, 0.4275, 0.4275,  ..., 0.2157, 0.1765, 0.1686],
          [0.4157, 0.4157, 0.4314,  ..., 0.2431, 0.2000, 0.1961],
          [0.4235, 0.4157, 0.4157,  ..., 0.2431, 0.2078, 0.1961]]],


        [[[0.6902, 0.6863, 0.6941,  ..., 0.7098, 0.6941, 0.7725],
          [0.7765, 0.7765, 0.7804,  ..., 0.7451, 0.7608, 0.8235],
          [0.7725, 0.7725, 0.7765,  ..., 0.7922, 0.8157, 0.8078],
          ...,
          [0.3804, 0.1098, 0.1294,  ..., 0.2431, 0.1686, 0.1882],
          [0.3843, 0.1451, 0.1529,  ..., 0.2196, 0.1725, 0.2392],
          [0.3255, 0.1373, 0.1333,  ..., 0.2196, 0.1922, 0.2275]],

         [[0.6314, 0.6275, 0.6392,  ..., 0.6392, 0.6275, 0.6902],
          [0.7020, 0.7020, 0.7020,  ..., 0.6627, 0.6863, 0.7373],
          [0.7020, 0.7059, 0.7059,  ..., 0.7098, 0.7412, 0.7294],
          ...,
          [0.3412, 0.0745, 0.0667,  ..., 0.3333, 0.2471, 0.2667],
          [0.3490, 0.0902, 0.0863,  ..., 0.3020, 0.2353, 0.3137],
          [0.3098, 0.1020, 0.1020,  ..., 0.2902, 0.2510, 0.3020]],

         [[0.6196, 0.6157, 0.6275,  ..., 0.6000, 0.6078, 0.6706],
          [0.6745, 0.6745, 0.6784,  ..., 0.6353, 0.6588, 0.7098],
          [0.6706, 0.6706, 0.6745,  ..., 0.6784, 0.7098, 0.6980],
          ...,
          [0.3059, 0.0588, 0.0431,  ..., 0.4431, 0.3294, 0.3529],
          [0.3176, 0.0667, 0.0510,  ..., 0.3961, 0.3020, 0.4000],
          [0.2980, 0.0824, 0.0824,  ..., 0.3765, 0.3294, 0.4039]]],


        ...,


        [[[0.0706, 0.0588, 0.0314,  ..., 0.0039, 0.0039, 0.0039],
          [0.0549, 0.0392, 0.0118,  ..., 0.0039, 0.0157, 0.0039],
          [0.0549, 0.0353, 0.0039,  ..., 0.0039, 0.0118, 0.0078],
          ...,
          [0.0510, 0.1255, 0.2157,  ..., 0.5725, 0.5961, 0.6000],
          [0.1137, 0.2000, 0.2471,  ..., 0.6157, 0.6118, 0.5647],
          [0.1882, 0.2392, 0.2588,  ..., 0.6078, 0.5686, 0.5451]],

         [[0.0863, 0.0745, 0.0431,  ..., 0.0118, 0.0118, 0.0157],
          [0.0667, 0.0549, 0.0235,  ..., 0.0157, 0.0235, 0.0196],
          [0.0627, 0.0392, 0.0078,  ..., 0.0118, 0.0196, 0.0196],
          ...,
          [0.0588, 0.1294, 0.2118,  ..., 0.8275, 0.8549, 0.8549],
          [0.1176, 0.2000, 0.2431,  ..., 0.8784, 0.8706, 0.7961],
          [0.1843, 0.2353, 0.2510,  ..., 0.8784, 0.8078, 0.7569]],

         [[0.0902, 0.0784, 0.0431,  ..., 0.0118, 0.0118, 0.0196],
          [0.0706, 0.0588, 0.0235,  ..., 0.0157, 0.0235, 0.0235],
          [0.0667, 0.0392, 0.0078,  ..., 0.0157, 0.0235, 0.0235],
          ...,
          [0.0549, 0.1294, 0.2235,  ..., 0.9608, 0.9765, 0.9765],
          [0.1176, 0.2000, 0.2510,  ..., 0.9922, 0.9843, 0.9216],
          [0.1843, 0.2353, 0.2588,  ..., 0.9922, 0.9412, 0.8863]]],


        [[[0.1843, 0.1725, 0.5490,  ..., 0.1020, 0.0667, 0.0353],
          [0.1765, 0.1686, 0.5569,  ..., 0.0667, 0.0549, 0.0392],
          [0.2157, 0.1608, 0.5373,  ..., 0.0392, 0.0431, 0.0431],
          ...,
          [0.4941, 0.4745, 0.4627,  ..., 0.2588, 0.2431, 0.2431],
          [0.5216, 0.5137, 0.4863,  ..., 0.2353, 0.2353, 0.2431],
          [0.5725, 0.5490, 0.4902,  ..., 0.2784, 0.2588, 0.2588]],

         [[0.2118, 0.2000, 0.6039,  ..., 0.1255, 0.0824, 0.0510],
          [0.2078, 0.2000, 0.6118,  ..., 0.0784, 0.0667, 0.0510],
          [0.2510, 0.1882, 0.5961,  ..., 0.0549, 0.0588, 0.0627],
          ...,
          [0.5725, 0.5569, 0.5451,  ..., 0.3725, 0.3529, 0.3451],
          [0.5882, 0.5882, 0.5647,  ..., 0.3569, 0.3490, 0.3451],
          [0.6314, 0.6118, 0.5686,  ..., 0.3922, 0.3647, 0.3647]],

         [[0.2392, 0.2235, 0.6275,  ..., 0.1255, 0.0941, 0.0745],
          [0.2353, 0.2275, 0.6275,  ..., 0.0784, 0.0745, 0.0745],
          [0.2706, 0.2157, 0.6078,  ..., 0.0627, 0.0745, 0.0824],
          ...,
          [0.5804, 0.5686, 0.5647,  ..., 0.4196, 0.4039, 0.3922],
          [0.5922, 0.5922, 0.5804,  ..., 0.4157, 0.4039, 0.3961],
          [0.6275, 0.6157, 0.5804,  ..., 0.4431, 0.4235, 0.4196]]],


        [[[0.6863, 0.6902, 0.6902,  ..., 0.7490, 0.7294, 0.7412],
          [0.6863, 0.6902, 0.6902,  ..., 0.5647, 0.7216, 0.7412],
          [0.6863, 0.6863, 0.6902,  ..., 0.3608, 0.6588, 0.7373],
          ...,
          [0.1059, 0.1020, 0.1059,  ..., 0.3529, 0.3569, 0.3608],
          [0.1059, 0.1059, 0.1059,  ..., 0.3647, 0.3608, 0.3725],
          [0.1137, 0.1098, 0.1098,  ..., 0.3686, 0.3647, 0.3725]],

         [[0.7098, 0.7137, 0.7098,  ..., 0.7882, 0.7608, 0.7725],
          [0.7098, 0.7137, 0.7137,  ..., 0.6039, 0.7529, 0.7686],
          [0.7098, 0.7137, 0.7176,  ..., 0.4039, 0.6941, 0.7725],
          ...,
          [0.1569, 0.1569, 0.1608,  ..., 0.4157, 0.4118, 0.4157],
          [0.1608, 0.1608, 0.1608,  ..., 0.4275, 0.4275, 0.4431],
          [0.1647, 0.1647, 0.1647,  ..., 0.4314, 0.4275, 0.4431]],

         [[0.6902, 0.6980, 0.7020,  ..., 0.7804, 0.7569, 0.7686],
          [0.6902, 0.6980, 0.7020,  ..., 0.6000, 0.7529, 0.7647],
          [0.6902, 0.6902, 0.6941,  ..., 0.4118, 0.6941, 0.7725],
          ...,
          [0.0549, 0.0510, 0.0549,  ..., 0.4431, 0.4353, 0.4392],
          [0.0549, 0.0510, 0.0510,  ..., 0.4392, 0.4431, 0.4706],
          [0.0510, 0.0510, 0.0510,  ..., 0.4471, 0.4510, 0.4706]]]])
CatsVsDogsDataset/Cat/10575.jpg
RESIZED:  torch.Size([3, 50, 50])
CatsVsDogsDataset/Cat/10491.jpg
RESIZED:  torch.Size([3, 50, 50])
CatsVsDogsDataset/Cat/10087.jpg
RESIZED:  torch.Size([3, 50, 50])
CatsVsDogsDataset/Cat/10696.jpg
RESIZED:  torch.Size([3, 50, 50])
CatsVsDogsDataset/Cat/10473.jpg
RESIZED:  torch.Size([3, 50, 50])
CatsVsDogsDataset/Cat/1087.jpg
RESIZED:  torch.Size([3, 50, 50])
CatsVsDogsDataset/Cat/10599.jpg
RESIZED:  torch.Size([3, 50, 50])
CatsVsDogsDataset/Cat/10313.jpg
RESIZED:  torch.Size([3, 50, 50])
CatsVsDogsDataset/Cat/10218.jpg
RESIZED:  torch.Size([3, 50, 50])
CatsVsDogsDataset/Cat/10463.jpg
RESIZED:  torch.Size([3, 50, 50])
CatsVsDogsDataset/Cat/10509.jpg
RESIZED:  torch.Size([3, 50, 50])
CatsVsDogsDataset/Cat/10161.jpg
RESIZED:  torch.Size([3, 50, 50])
CatsVsDogsDataset/Cat/10560.jpg
RESIZED:  torch.Size([3, 50, 50])
CatsVsDogsDataset/Cat/1076.jpg
RESIZED:  torch.Size([3, 50, 50])
CatsVsDogsDataset/Cat/10748.jpg
RESIZED:  torch.Size([3, 50, 50])
CatsVsDogsDataset/Cat/10718.jpg
RESIZED:  torch.Size([3, 50, 50])
CatsVsDogsDataset/Cat/10273.jpg
RESIZED:  torch.Size([3, 50, 50])
CatsVsDogsDataset/Cat/10104.jpg
RESIZED:  torch.Size([3, 50, 50])
CatsVsDogsDataset/Cat/10627.jpg
RESIZED:  torch.Size([3, 50, 50])
CatsVsDogsDataset/Cat/1019.jpg
RESIZED:  torch.Size([3, 50, 50])
CatsVsDogsDataset/Cat/10172.jpg
RESIZED:  torch.Size([3, 50, 50])
CatsVsDogsDataset/Cat/10286.jpg
RESIZED:  torch.Size([3, 50, 50])
CatsVsDogsDataset/Cat/10574.jpg
RESIZED:  torch.Size([3, 50, 50])
CatsVsDogsDataset/Cat/10683.jpg
RESIZED:  torch.Size([3, 50, 50])
CatsVsDogsDataset/Cat/10474.jpg
RESIZED:  torch.Size([3, 50, 50])
CatsVsDogsDataset/Cat/10527.jpg
RESIZED:  torch.Size([3, 50, 50])
CatsVsDogsDataset/Cat/10350.jpg
RESIZED:  torch.Size([3, 50, 50])
CatsVsDogsDataset/Cat/10737.jpg
RESIZED:  torch.Size([3, 50, 50])
CatsVsDogsDataset/Cat/10769.jpg
RESIZED:  torch.Size([3, 50, 50])
CatsVsDogsDataset/Cat/1078.jpg
RESIZED:  torch.Size([3, 50, 50])
CatsVsDogsDataset/Cat/10099.jpg
RESIZED:  torch.Size([3, 50, 50])
CatsVsDogsDataset/Cat/10606.jpg
RESIZED:  torch.Size([3, 50, 50])
tensor([[[0.3490, 0.4314, 0.4431,  ..., 0.4039, 0.4157, 0.4353],
         [0.3569, 0.4431, 0.4588,  ..., 0.4471, 0.4471, 0.3843],
         [0.3529, 0.4471, 0.4706,  ..., 0.4549, 0.4471, 0.3608],
         ...,
         [0.4157, 0.4275, 0.4392,  ..., 0.5569, 0.5529, 0.5529],
         [0.4039, 0.4196, 0.4314,  ..., 0.6039, 0.6196, 0.6314],
         [0.3961, 0.4118, 0.4235,  ..., 0.6745, 0.6706, 0.6510]],

        [[0.4039, 0.4510, 0.4627,  ..., 0.4196, 0.4353, 0.4627],
         [0.4078, 0.4627, 0.4863,  ..., 0.4784, 0.4784, 0.4118],
         [0.4157, 0.4745, 0.4980,  ..., 0.4902, 0.4824, 0.3765],
         ...,
         [0.4471, 0.4627, 0.4745,  ..., 0.5608, 0.5608, 0.5529],
         [0.4353, 0.4510, 0.4667,  ..., 0.6000, 0.6157, 0.6157],
         [0.4196, 0.4392, 0.4588,  ..., 0.6392, 0.6314, 0.6235]],

        [[0.3098, 0.3412, 0.3529,  ..., 0.3647, 0.3804, 0.3843],
         [0.3176, 0.3490, 0.3569,  ..., 0.3961, 0.3961, 0.3490],
         [0.3216, 0.3608, 0.3686,  ..., 0.4078, 0.4000, 0.3294],
         ...,
         [0.3333, 0.3333, 0.3490,  ..., 0.3961, 0.3922, 0.3961],
         [0.3216, 0.3255, 0.3373,  ..., 0.4353, 0.4549, 0.4667],
         [0.3137, 0.3216, 0.3294,  ..., 0.4980, 0.4902, 0.4784]]])
CatsVsDogsDataset/Cat/10646.jpg
RESIZED:  torch.Size([3, 50, 50])
CatsVsDogsDataset/Cat/10701.jpg
RESIZED:  torch.Size([3, 50, 50])
CatsVsDogsDataset/Cat/10534.jpg
RESIZED:  torch.Size([3, 50, 50])
CatsVsDogsDataset/Cat/10129.jpg
RESIZED:  torch.Size([3, 50, 50])
CatsVsDogsDataset/Cat/10408.jpg
RESIZED:  torch.Size([3, 50, 50])
CatsVsDogsDataset/Cat/10122.jpg
RESIZED:  torch.Size([3, 50, 50])
CatsVsDogsDataset/Cat/10392.jpg
RESIZED:  torch.Size([3, 50, 50])
CatsVsDogsDataset/Cat/10196.jpg
RESIZED:  torch.Size([3, 50, 50])
CatsVsDogsDataset/Cat/10754.jpg
RESIZED:  torch.Size([3, 50, 50])
CatsVsDogsDataset/Cat/10855.jpg
RESIZED:  torch.Size([3, 50, 50])
CatsVsDogsDataset/Cat/10796.jpg
RESIZED:  torch.Size([3, 50, 50])
CatsVsDogsDataset/Cat/10602.jpg
RESIZED:  torch.Size([3, 50, 50])
CatsVsDogsDataset/Cat/10577.jpg
RESIZED:  torch.Size([3, 50, 50])
CatsVsDogsDataset/Cat/10082.jpg
RESIZED:  torch.Size([3, 50, 50])
CatsVsDogsDataset/Cat/10387.jpg
RESIZED:  torch.Size([3, 50, 50])
CatsVsDogsDataset/Cat/10092.jpg
RESIZED:  torch.Size([3, 50, 50])
CatsVsDogsDataset/Cat/10168.jpg
RESIZED:  torch.Size([3, 50, 50])
CatsVsDogsDataset/Cat/1038.jpg
RESIZED:  torch.Size([3, 50, 50])
CatsVsDogsDataset/Cat/10518.jpg
RESIZED:  torch.Size([3, 50, 50])
CatsVsDogsDataset/Cat/10700.jpg
RESIZED:  torch.Size([3, 50, 50])
CatsVsDogsDataset/Cat/10182.jpg
RESIZED:  torch.Size([3, 50, 50])
CatsVsDogsDataset/Cat/10232.jpg
RESIZED:  torch.Size([3, 50, 50])
CatsVsDogsDataset/Cat/10726.jpg
RESIZED:  torch.Size([3, 50, 50])
CatsVsDogsDataset/Cat/10404.jpg
