here
Namespace(config_path='./config/train_config.yml', s3_bucket='movematch', prefix='CatsVsDogsDataset')
[255 216 255 ...  99 255 217]
torch.Size([1, 2534150, 50])
[255 216 255 ...  63 255 217]
torch.Size([1, 1135150, 50])
[255 216 255 ... 175 255 217]
torch.Size([1, 937950, 50])
[255 216 255 ... 236 255 217]
torch.Size([1, 1184200, 50])
[255 216 255 ...  63 255 217]
torch.Size([1, 924450, 50])
[255 216 255 ...  63 255 217]
torch.Size([1, 1530850, 50])
[255 216 255 ...  51 255 217]
torch.Size([1, 1098100, 50])
[255 216 255 ... 217 255 217]
torch.Size([1, 753350, 50])
[255 216 255 ... 192 255 217]
torch.Size([1, 1273600, 50])
[255 216 255 ...   3 255 217]
torch.Size([1, 1108650, 50])
[255 216 255 ...  63 255 217]
torch.Size([1, 1314300, 50])
[255 216 255 ... 103 255 217]
torch.Size([1, 1187850, 50])
[255 216 255 ... 207 255 217]
torch.Size([1, 996750, 50])
[255 216 255 ... 191 255 217]
torch.Size([1, 1045500, 50])
[]
