here
Namespace(config_path='./config/train_config.yml', s3_bucket='movematch', prefix='CatsVsDogsDataset')
movematch
CatsVsDogsDataset
24991
CatsVsDogsDataset/Dog/9747.jpg
RESIZED:  torch.Size([3, 50, 50])
CatsVsDogsDataset/Dog/10571.jpg
RESIZED:  torch.Size([3, 50, 50])
CatsVsDogsDataset/Cat/9815.jpg
RESIZED:  torch.Size([3, 50, 50])
CatsVsDogsDataset/Cat/3617.jpg
RESIZED:  torch.Size([3, 50, 50])
CatsVsDogsDataset/Cat/9281.jpg
RESIZED:  torch.Size([3, 50, 50])
CatsVsDogsDataset/Cat/10235.jpg
RESIZED:  torch.Size([3, 50, 50])
CatsVsDogsDataset/Dog/12234.jpg
RESIZED:  torch.Size([3, 50, 50])
CatsVsDogsDataset/Dog/140.jpg
RESIZED:  torch.Size([3, 50, 50])
CatsVsDogsDataset/Dog/12364.jpg
RESIZED:  torch.Size([3, 50, 50])
CatsVsDogsDataset/Cat/6060.jpg
RESIZED:  torch.Size([3, 50, 50])
CatsVsDogsDataset/Cat/7369.jpg
RESIZED:  torch.Size([3, 50, 50])
CatsVsDogsDataset/Cat/8855.jpg
RESIZED:  torch.Size([3, 50, 50])
CatsVsDogsDataset/Cat/8260.jpg
RESIZED:  torch.Size([3, 50, 50])
CatsVsDogsDataset/Cat/9691.jpg
RESIZED:  torch.Size([3, 50, 50])
CatsVsDogsDataset/Dog/836.jpg
RESIZED:  torch.Size([3, 50, 50])
CatsVsDogsDataset/Dog/8469.jpg
RESIZED:  torch.Size([3, 50, 50])
CatsVsDogsDataset/Cat/4757.jpg
RESIZED:  torch.Size([3, 50, 50])
CatsVsDogsDataset/Dog/6194.jpg
RESIZED:  torch.Size([3, 50, 50])
CatsVsDogsDataset/Dog/8984.jpg
RESIZED:  torch.Size([3, 50, 50])
CatsVsDogsDataset/Cat/700.jpg
RESIZED:  torch.Size([3, 50, 50])
CatsVsDogsDataset/Cat/2062.jpg
RESIZED:  torch.Size([3, 50, 50])
CatsVsDogsDataset/Dog/3086.jpg
RESIZED:  torch.Size([3, 50, 50])
CatsVsDogsDataset/Dog/2686.jpg
RESIZED:  torch.Size([3, 50, 50])
CatsVsDogsDataset/Dog/546.jpg
RESIZED:  torch.Size([3, 50, 50])
CatsVsDogsDataset/Cat/5342.jpg
RESIZED:  torch.Size([3, 50, 50])
CatsVsDogsDataset/Cat/2318.jpg
RESIZED:  torch.Size([3, 50, 50])
CatsVsDogsDataset/Cat/4998.jpg
RESIZED:  torch.Size([3, 50, 50])
CatsVsDogsDataset/Dog/2185.jpg
RESIZED:  torch.Size([3, 50, 50])
CatsVsDogsDataset/Cat/9882.jpg
RESIZED:  torch.Size([3, 50, 50])
CatsVsDogsDataset/Dog/5094.jpg
RESIZED:  torch.Size([3, 50, 50])
CatsVsDogsDataset/Cat/1921.jpg
RESIZED:  torch.Size([3, 50, 50])
CatsVsDogsDataset/Cat/8163.jpg
RESIZED:  torch.Size([3, 50, 50])
CatsVsDogsDataset/Cat/785.jpg
RESIZED:  torch.Size([3, 50, 50])
CatsVsDogsDataset/Dog/11939.jpg
RESIZED:  torch.Size([3, 50, 50])
CatsVsDogsDataset/Dog/8846.jpg
RESIZED:  torch.Size([3, 50, 50])
CatsVsDogsDataset/Cat/11692.jpg
RESIZED:  torch.Size([3, 50, 50])
CatsVsDogsDataset/Dog/6843.jpg
RESIZED:  torch.Size([3, 50, 50])
CatsVsDogsDataset/Cat/11794.jpg
RESIZED:  torch.Size([3, 50, 50])
CatsVsDogsDataset/Cat/9696.jpg
RESIZED:  torch.Size([3, 50, 50])
CatsVsDogsDataset/Cat/6640.jpg
RESIZED:  torch.Size([3, 50, 50])
CatsVsDogsDataset/Cat/5303.jpg
RESIZED:  torch.Size([3, 50, 50])
CatsVsDogsDataset/Cat/1112.jpg
RESIZED:  torch.Size([3, 50, 50])
CatsVsDogsDataset/Cat/11947.jpg
RESIZED:  torch.Size([3, 50, 50])
CatsVsDogsDataset/Dog/9112.jpg
RESIZED:  torch.Size([3, 50, 50])
CatsVsDogsDataset/Cat/5931.jpg
RESIZED:  torch.Size([3, 50, 50])
CatsVsDogsDataset/Dog/6998.jpg
RESIZED:  torch.Size([3, 50, 50])
CatsVsDogsDataset/Dog/4371.jpg
RESIZED:  torch.Size([3, 50, 50])
CatsVsDogsDataset/Cat/1245.jpg
RESIZED:  torch.Size([3, 50, 50])
CatsVsDogsDataset/Dog/12199.jpg
RESIZED:  torch.Size([3, 50, 50])
CatsVsDogsDataset/Cat/6911.jpg
RESIZED:  torch.Size([3, 50, 50])
CatsVsDogsDataset/Dog/375.jpg
RESIZED:  torch.Size([3, 50, 50])
CatsVsDogsDataset/Dog/1821.jpg
RESIZED:  torch.Size([3, 50, 50])
CatsVsDogsDataset/Dog/2825.jpg
RESIZED:  torch.Size([3, 50, 50])
CatsVsDogsDataset/Cat/795.jpg
RESIZED:  torch.Size([3, 50, 50])
CatsVsDogsDataset/Dog/6558.jpg
RESIZED:  torch.Size([3, 50, 50])
CatsVsDogsDataset/Dog/1733.jpg
RESIZED:  torch.Size([3, 50, 50])
CatsVsDogsDataset/Cat/8339.jpg
RESIZED:  torch.Size([3, 50, 50])
CatsVsDogsDataset/Dog/1677.jpg
RESIZED:  torch.Size([3, 50, 50])
CatsVsDogsDataset/Dog/10744.jpg
RESIZED:  torch.Size([3, 50, 50])
CatsVsDogsDataset/Dog/10886.jpg
RESIZED:  torch.Size([3, 50, 50])
CatsVsDogsDataset/Cat/12384.jpg
RESIZED:  torch.Size([3, 50, 50])
CatsVsDogsDataset/Dog/4256.jpg
RESIZED:  torch.Size([3, 50, 50])
CatsVsDogsDataset/Dog/6029.jpg
RESIZED:  torch.Size([3, 50, 50])
CatsVsDogsDataset/Cat/650.jpg
RESIZED:  torch.Size([3, 50, 50])
CatsVsDogsDataset/Dog/1567.jpg
RESIZED:  torch.Size([3, 50, 50])
CatsVsDogsDataset/Dog/847.jpg
RESIZED:  torch.Size([3, 50, 50])
CatsVsDogsDataset/Dog/10662.jpg
RESIZED:  torch.Size([3, 50, 50])
CatsVsDogsDataset/Dog/4836.jpg
RESIZED:  torch.Size([3, 50, 50])
CatsVsDogsDataset/Dog/11211.jpg
RESIZED:  torch.Size([3, 50, 50])
CatsVsDogsDataset/Cat/6935.jpg
RESIZED:  torch.Size([3, 50, 50])
CatsVsDogsDataset/Dog/3252.jpg
RESIZED:  torch.Size([3, 50, 50])
CatsVsDogsDataset/Cat/5096.jpg
RESIZED:  torch.Size([3, 50, 50])
CatsVsDogsDataset/Cat/5533.jpg
RESIZED:  torch.Size([3, 50, 50])
CatsVsDogsDataset/Dog/6822.jpg
RESIZED:  torch.Size([3, 50, 50])
CatsVsDogsDataset/Dog/11625.jpg
RESIZED:  torch.Size([3, 50, 50])
CatsVsDogsDataset/Dog/2101.jpg
RESIZED:  torch.Size([3, 50, 50])
CatsVsDogsDataset/Cat/5736.jpg
RESIZED:  torch.Size([3, 50, 50])
CatsVsDogsDataset/Dog/228.jpg
RESIZED:  torch.Size([3, 50, 50])
CatsVsDogsDataset/Dog/273.jpg
RESIZED:  torch.Size([3, 50, 50])
CatsVsDogsDataset/Dog/8403.jpg
RESIZED:  torch.Size([3, 50, 50])
CatsVsDogsDataset/Dog/4722.jpg
RESIZED:  torch.Size([3, 50, 50])
CatsVsDogsDataset/Cat/10021.jpg
RESIZED:  torch.Size([3, 50, 50])
CatsVsDogsDataset/Dog/6701.jpg
RESIZED:  torch.Size([3, 50, 50])
CatsVsDogsDataset/Dog/10742.jpg
RESIZED:  torch.Size([3, 50, 50])
CatsVsDogsDataset/Dog/3308.jpg
RESIZED:  torch.Size([3, 50, 50])
CatsVsDogsDataset/Cat/4651.jpg
RESIZED:  torch.Size([3, 50, 50])
CatsVsDogsDataset/Cat/11953.jpg
RESIZED:  torch.Size([3, 50, 50])
CatsVsDogsDataset/Cat/8990.jpg
RESIZED:  torch.Size([3, 50, 50])
CatsVsDogsDataset/Cat/6595.jpg
RESIZED:  torch.Size([3, 50, 50])
CatsVsDogsDataset/Cat/6586.jpg
RESIZED:  torch.Size([3, 50, 50])
CatsVsDogsDataset/Dog/15.jpg
RESIZED:  torch.Size([3, 50, 50])
CatsVsDogsDataset/Cat/6918.jpg
RESIZED:  torch.Size([3, 50, 50])
CatsVsDogsDataset/Dog/1240.jpg
RESIZED:  torch.Size([3, 50, 50])
CatsVsDogsDataset/Dog/1742.jpg
RESIZED:  torch.Size([3, 50, 50])
CatsVsDogsDataset/Cat/11766.jpg
RESIZED:  torch.Size([3, 50, 50])
CatsVsDogsDataset/Dog/12050.jpg
RESIZED:  torch.Size([3, 50, 50])
CatsVsDogsDataset/Cat/7762.jpg
RESIZED:  torch.Size([3, 50, 50])
CatsVsDogsDataset/Dog/10779.jpg
RESIZED:  torch.Size([3, 50, 50])
CatsVsDogsDataset/Dog/12250.jpg
RESIZED:  torch.Size([3, 50, 50])
CatsVsDogsDataset/Cat/2914.jpg
RESIZED:  torch.Size([3, 50, 50])
CatsVsDogsDataset/Cat/3901.jpg
RESIZED:  torch.Size([3, 50, 50])
CatsVsDogsDataset/Cat/10983.jpg
RESIZED:  torch.Size([3, 50, 50])
CatsVsDogsDataset/Cat/7317.jpg
RESIZED:  torch.Size([3, 50, 50])
CatsVsDogsDataset/Dog/9053.jpg
RESIZED:  torch.Size([3, 50, 50])
CatsVsDogsDataset/Cat/7752.jpg
RESIZED:  torch.Size([3, 50, 50])
CatsVsDogsDataset/Dog/3371.jpg
RESIZED:  torch.Size([3, 50, 50])
CatsVsDogsDataset/Cat/1837.jpg
RESIZED:  torch.Size([3, 50, 50])
CatsVsDogsDataset/Cat/5449.jpg
RESIZED:  torch.Size([3, 50, 50])
CatsVsDogsDataset/Cat/6325.jpg
RESIZED:  torch.Size([3, 50, 50])
CatsVsDogsDataset/Cat/1074.jpg
RESIZED:  torch.Size([3, 50, 50])
CatsVsDogsDataset/Cat/7361.jpg
RESIZED:  torch.Size([3, 50, 50])
CatsVsDogsDataset/Dog/1734.jpg
RESIZED:  torch.Size([3, 50, 50])
CatsVsDogsDataset/Cat/4477.jpg
RESIZED:  torch.Size([3, 50, 50])
CatsVsDogsDataset/Cat/9031.jpg
RESIZED:  torch.Size([3, 50, 50])
CatsVsDogsDataset/Cat/2170.jpg
RESIZED:  torch.Size([3, 50, 50])
CatsVsDogsDataset/Dog/12100.jpg
RESIZED:  torch.Size([3, 50, 50])
CatsVsDogsDataset/Dog/4960.jpg
RESIZED:  torch.Size([3, 50, 50])
CatsVsDogsDataset/Cat/9413.jpg
RESIZED:  torch.Size([3, 50, 50])
CatsVsDogsDataset/Dog/3643.jpg
RESIZED:  torch.Size([3, 50, 50])
CatsVsDogsDataset/Dog/7698.jpg
RESIZED:  torch.Size([3, 50, 50])
CatsVsDogsDataset/Cat/2872.jpg
RESIZED:  torch.Size([3, 50, 50])
CatsVsDogsDataset/Cat/3783.jpg
RESIZED:  torch.Size([3, 50, 50])
CatsVsDogsDataset/Cat/12309.jpg
RESIZED:  torch.Size([3, 50, 50])
CatsVsDogsDataset/Dog/4057.jpg
RESIZED:  torch.Size([3, 50, 50])
CatsVsDogsDataset/Cat/6549.jpg
RESIZED:  torch.Size([3, 50, 50])
CatsVsDogsDataset/Dog/9188.jpg
CatsVsDogsDataset/Dog/11241.jpg
RESIZED:  torch.Size([3, 50, 50])
CatsVsDogsDataset/Dog/6359.jpg
RESIZED:  torch.Size([3, 50, 50])
